20:49:55 - [DEBUG] - initiating session with parameters: {'db_user': 'datacleanuser', 'db_pwd': 'abcd1234', 'db_host': 'localhost', 'db_name': 'holo', 'threads': 1, 'timeout': 180000, 'seed': 45, 'learning_rate': 0.001, 'optimizer': 'adam', 'epochs': 10, 'weight_decay': 0.01, 'momentum': 0.0, 'batch_size': 1, 'weak_label_thresh': 0.99, 'domain_thresh_1': 0, 'domain_thresh_2': 0, 'max_domain': 10000, 'cor_strength': 0.6, 'nb_cor_strength': 0.8, 'feature_norm': False, 'weight_norm': False, 'estimator_epochs': 3, 'estimator_batch_size': 32, 'verbose': True, 'bias': False, 'print_fw': True, 'debug_mode': False}
20:49:55 - [ INFO] - Loaded 1000 rows with 17000 cells
20:49:55 - [DEBUG] - Time to create index: 0.00 secs
20:49:55 - [DEBUG] - Time to create index: 0.00 secs
20:49:55 - [DEBUG] - Time to create index: 0.00 secs
20:49:55 - [DEBUG] - Time to create index: 0.00 secs
20:49:55 - [DEBUG] - Time to create index: 0.00 secs
20:49:55 - [DEBUG] - Time to create index: 0.00 secs
20:49:55 - [DEBUG] - Time to create index: 0.00 secs
20:49:55 - [DEBUG] - Time to create index: 0.00 secs
20:49:55 - [DEBUG] - Time to create index: 0.00 secs
20:49:55 - [DEBUG] - Time to create index: 0.00 secs
20:49:55 - [DEBUG] - Time to create index: 0.00 secs
20:49:55 - [DEBUG] - Time to create index: 0.00 secs
20:49:55 - [DEBUG] - Time to create index: 0.00 secs
20:49:55 - [DEBUG] - Time to create index: 0.00 secs
20:49:56 - [DEBUG] - Time to create index: 0.00 secs
20:49:56 - [DEBUG] - Time to create index: 0.00 secs
20:49:56 - [ INFO] - DONE Loading dirty_tax_mix_2_holoclean.csv
20:49:56 - [DEBUG] - Time to load dataset: 0.21 secs
20:49:56 - [DEBUG] - OPENED constraints file successfully
20:49:56 - [DEBUG] - DONE pre-processing constraint: t1&t2&EQ(t1.zip,t2.zip)&IQ(t1.city,t2.city)
20:49:56 - [DEBUG] - DONE extracting tuples from constraint: t1&t2&EQ(t1.zip,t2.zip)&IQ(t1.city,t2.city)
20:49:56 - [DEBUG] - DONE parsing predicate: EQ(t1.zip,t2.zip)
20:49:56 - [DEBUG] - DONE parsing predicate: IQ(t1.city,t2.city)
20:49:56 - [DEBUG] - DONE pre-processing constraint: t1&t2&EQ(t1.zip,t2.zip)&IQ(t1.state,t2.state)
20:49:56 - [DEBUG] - DONE extracting tuples from constraint: t1&t2&EQ(t1.zip,t2.zip)&IQ(t1.state,t2.state)
20:49:56 - [DEBUG] - DONE parsing predicate: EQ(t1.zip,t2.zip)
20:49:56 - [DEBUG] - DONE parsing predicate: IQ(t1.state,t2.state)
20:49:56 - [DEBUG] - DONE pre-processing constraint: t1&t2&EQ(t1.zip,t2.zip)&EQ(t1.haschild,t2.haschild)&IQ(t1.childexemp,t2.childexemp)
20:49:56 - [DEBUG] - DONE extracting tuples from constraint: t1&t2&EQ(t1.zip,t2.zip)&EQ(t1.haschild,t2.haschild)&IQ(t1.childexemp,t2.childexemp)
20:49:56 - [DEBUG] - DONE parsing predicate: EQ(t1.zip,t2.zip)
20:49:56 - [DEBUG] - DONE parsing predicate: EQ(t1.haschild,t2.haschild)
20:49:56 - [DEBUG] - DONE parsing predicate: IQ(t1.childexemp,t2.childexemp)
20:49:56 - [DEBUG] - DONE pre-processing constraint: t1&t2&EQ(t1.zip,t2.zip)&EQ(t1.maritalstatus,t2.maritalstatus)&IQ(t1.singleexemp,t2.singleexemp)
20:49:56 - [DEBUG] - DONE extracting tuples from constraint: t1&t2&EQ(t1.zip,t2.zip)&EQ(t1.maritalstatus,t2.maritalstatus)&IQ(t1.singleexemp,t2.singleexemp)
20:49:56 - [DEBUG] - DONE parsing predicate: EQ(t1.zip,t2.zip)
20:49:56 - [DEBUG] - DONE parsing predicate: EQ(t1.maritalstatus,t2.maritalstatus)
20:49:56 - [DEBUG] - DONE parsing predicate: IQ(t1.singleexemp,t2.singleexemp)
20:49:56 - [DEBUG] - DONE pre-processing constraint: t1&t2&EQ(t1.zip,t2.zip)&EQ(t1.maritalstatus,t2.maritalstatus)&IQ(t1.marriedexemp,t2.marriedexemp)
20:49:56 - [DEBUG] - DONE extracting tuples from constraint: t1&t2&EQ(t1.zip,t2.zip)&EQ(t1.maritalstatus,t2.maritalstatus)&IQ(t1.marriedexemp,t2.marriedexemp)
20:49:56 - [DEBUG] - DONE parsing predicate: EQ(t1.zip,t2.zip)
20:49:56 - [DEBUG] - DONE parsing predicate: EQ(t1.maritalstatus,t2.maritalstatus)
20:49:56 - [DEBUG] - DONE parsing predicate: IQ(t1.marriedexemp,t2.marriedexemp)
20:49:56 - [DEBUG] - DONE pre-processing constraint: t1&t2&EQ(t1.fname,t2.fname)&IQ(t1.gender,t2.gender)
20:49:56 - [DEBUG] - DONE extracting tuples from constraint: t1&t2&EQ(t1.fname,t2.fname)&IQ(t1.gender,t2.gender)
20:49:56 - [DEBUG] - DONE parsing predicate: EQ(t1.fname,t2.fname)
20:49:56 - [DEBUG] - DONE parsing predicate: IQ(t1.gender,t2.gender)
20:49:56 - [DEBUG] - DONE pre-processing constraint: t1&t2&EQ(t1.areacode,t2.areacode)&IQ(t1.state,t2.state)
20:49:56 - [DEBUG] - DONE extracting tuples from constraint: t1&t2&EQ(t1.areacode,t2.areacode)&IQ(t1.state,t2.state)
20:49:56 - [DEBUG] - DONE parsing predicate: EQ(t1.areacode,t2.areacode)
20:49:56 - [DEBUG] - DONE parsing predicate: IQ(t1.state,t2.state)
20:49:56 - [DEBUG] - DONE pre-processing constraint: t1&t2&EQ(t1.phone,t2.phone)&EQ(t1.zip,t2.zip)&IQ(t1.areacode,t2.areacode)
20:49:56 - [DEBUG] - DONE extracting tuples from constraint: t1&t2&EQ(t1.phone,t2.phone)&EQ(t1.zip,t2.zip)&IQ(t1.areacode,t2.areacode)
20:49:56 - [DEBUG] - DONE parsing predicate: EQ(t1.phone,t2.phone)
20:49:56 - [DEBUG] - DONE parsing predicate: EQ(t1.zip,t2.zip)
20:49:56 - [DEBUG] - DONE parsing predicate: IQ(t1.areacode,t2.areacode)
20:49:56 - [ INFO] - DONE Loading DCs from dc_rules_holoclean.txt
20:49:56 - [DEBUG] - Time to load dirty data: 0.00 secs
20:49:56 - [DEBUG] - DONE with Error Detector: NullDetector in 0.05 secs
20:49:56 - [DEBUG] - Preparing to execute 8 queries.
20:49:56 - [DEBUG] - Starting to execute query SELECT t1._tid_ FROM "tax_nwcpk_2" as t1 WHERE   EXISTS (SELECT t2._tid_ FROM "tax_nwcpk_2" as t2 WHERE t1."zip"=t2."zip" AND t1."city"<>t2."city") with id 0
20:49:56 - [DEBUG] - Time to execute query with id 0: 0.00 secs
20:49:56 - [DEBUG] - Starting to execute query SELECT t1._tid_ FROM "tax_nwcpk_2" as t1 WHERE   EXISTS (SELECT t2._tid_ FROM "tax_nwcpk_2" as t2 WHERE t1."zip"=t2."zip" AND t1."state"<>t2."state") with id 1
20:49:56 - [DEBUG] - Time to execute query with id 1: 0.00 secs
20:49:56 - [DEBUG] - Starting to execute query SELECT t1._tid_ FROM "tax_nwcpk_2" as t1 WHERE   EXISTS (SELECT t2._tid_ FROM "tax_nwcpk_2" as t2 WHERE t1."zip"=t2."zip" AND t1."haschild"=t2."haschild" AND t1."childexemp"<>t2."childexemp") with id 2
20:49:56 - [DEBUG] - Time to execute query with id 2: 0.00 secs
20:49:56 - [DEBUG] - Starting to execute query SELECT t1._tid_ FROM "tax_nwcpk_2" as t1 WHERE   EXISTS (SELECT t2._tid_ FROM "tax_nwcpk_2" as t2 WHERE t1."zip"=t2."zip" AND t1."maritalstatus"=t2."maritalstatus" AND t1."singleexemp"<>t2."singleexemp") with id 3
20:49:56 - [DEBUG] - Time to execute query with id 3: 0.00 secs
20:49:56 - [DEBUG] - Starting to execute query SELECT t1._tid_ FROM "tax_nwcpk_2" as t1 WHERE   EXISTS (SELECT t2._tid_ FROM "tax_nwcpk_2" as t2 WHERE t1."zip"=t2."zip" AND t1."maritalstatus"=t2."maritalstatus" AND t1."marriedexemp"<>t2."marriedexemp") with id 4
20:49:56 - [DEBUG] - Time to execute query with id 4: 0.00 secs
20:49:56 - [DEBUG] - Starting to execute query SELECT t1._tid_ FROM "tax_nwcpk_2" as t1 WHERE   EXISTS (SELECT t2._tid_ FROM "tax_nwcpk_2" as t2 WHERE t1."fname"=t2."fname" AND t1."gender"<>t2."gender") with id 5
20:49:56 - [DEBUG] - Time to execute query with id 5: 0.00 secs
20:49:56 - [DEBUG] - Starting to execute query SELECT t1._tid_ FROM "tax_nwcpk_2" as t1 WHERE   EXISTS (SELECT t2._tid_ FROM "tax_nwcpk_2" as t2 WHERE t1."areacode"=t2."areacode" AND t1."state"<>t2."state") with id 6
20:49:56 - [DEBUG] - Time to execute query with id 6: 0.00 secs
20:49:56 - [DEBUG] - Starting to execute query SELECT t1._tid_ FROM "tax_nwcpk_2" as t1 WHERE   EXISTS (SELECT t2._tid_ FROM "tax_nwcpk_2" as t2 WHERE t1."phone"=t2."phone" AND t1."zip"=t2."zip" AND t1."areacode"<>t2."areacode") with id 7
20:49:56 - [DEBUG] - Time to execute query with id 7: 0.00 secs
20:49:56 - [DEBUG] - Time to execute 8 queries: 0.01 secs
20:49:56 - [DEBUG] - DONE with Error Detector: ViolationDetector in 0.04 secs
20:49:56 - [ INFO] - detected 3481 potentially erroneous cells
20:49:56 - [DEBUG] - Time to create index: 0.00 secs
20:49:56 - [ INFO] - DONE with error detection.
20:49:56 - [DEBUG] - Time to detect errors: 0.41 secs
20:50:02 - [DEBUG] - Time to execute query: 0.00 secs
20:50:02 - [DEBUG] - computing frequency and co-occurrence statistics from raw data...
20:50:02 - [DEBUG] - Collecting single/pair-wise statistics...
20:50:06 - [DEBUG] - DONE computing statistics in 3.37s
20:50:06 - [DEBUG] - preparing pruned co-occurring statistics...

  0%|          | 0/16 [00:00<?, ?it/s]
 19%|â–ˆâ–‰        | 3/16 [00:00<00:01, 11.69it/s]
100%|â–ˆâ–ˆâ–ˆâ–ˆâ–ˆâ–ˆâ–ˆâ–ˆâ–ˆâ–ˆ| 16/16 [00:00<00:00, 45.45it/s]
20:50:06 - [DEBUG] - DONE with pruned co-occurring statistics in 0.35 secs
20:50:06 - [DEBUG] - generating initial set of un-pruned domain values...

  0%|          | 0/1000 [00:00<?, ?it/s]
  6%|â–Œ         | 58/1000 [00:00<00:01, 579.15it/s]
 11%|â–ˆâ–        | 114/1000 [00:00<00:01, 570.74it/s]
 17%|â–ˆâ–‹        | 172/1000 [00:00<00:01, 572.49it/s]
 23%|â–ˆâ–ˆâ–Ž       | 232/1000 [00:00<00:01, 580.46it/s]
 29%|â–ˆâ–ˆâ–‰       | 292/1000 [00:00<00:01, 582.91it/s]
 35%|â–ˆâ–ˆâ–ˆâ–      | 348/1000 [00:00<00:01, 573.69it/s]
 41%|â–ˆâ–ˆâ–ˆâ–ˆ      | 409/1000 [00:00<00:01, 581.27it/s]
 47%|â–ˆâ–ˆâ–ˆâ–ˆâ–‹     | 466/1000 [00:00<00:00, 573.97it/s]
 52%|â–ˆâ–ˆâ–ˆâ–ˆâ–ˆâ–Ž    | 525/1000 [00:00<00:00, 577.43it/s]
 58%|â–ˆâ–ˆâ–ˆâ–ˆâ–ˆâ–Š    | 581/1000 [00:01<00:00, 557.42it/s]
 64%|â–ˆâ–ˆâ–ˆâ–ˆâ–ˆâ–ˆâ–Ž   | 636/1000 [00:01<00:00, 542.73it/s]
 69%|â–ˆâ–ˆâ–ˆâ–ˆâ–ˆâ–ˆâ–‰   | 691/1000 [00:01<00:00, 541.65it/s]
 75%|â–ˆâ–ˆâ–ˆâ–ˆâ–ˆâ–ˆâ–ˆâ–Œ  | 751/1000 [00:01<00:00, 557.42it/s]
 81%|â–ˆâ–ˆâ–ˆâ–ˆâ–ˆâ–ˆâ–ˆâ–ˆ  | 809/1000 [00:01<00:00, 562.05it/s]
 86%|â–ˆâ–ˆâ–ˆâ–ˆâ–ˆâ–ˆâ–ˆâ–ˆâ–‹ | 865/1000 [00:01<00:00, 372.03it/s]
 92%|â–ˆâ–ˆâ–ˆâ–ˆâ–ˆâ–ˆâ–ˆâ–ˆâ–ˆâ–Ž| 925/1000 [00:01<00:00, 419.61it/s]
 99%|â–ˆâ–ˆâ–ˆâ–ˆâ–ˆâ–ˆâ–ˆâ–ˆâ–ˆâ–Š| 986/1000 [00:01<00:00, 461.41it/s]
100%|â–ˆâ–ˆâ–ˆâ–ˆâ–ˆâ–ˆâ–ˆâ–ˆâ–ˆâ–ˆ| 1000/1000 [00:01<00:00, 520.05it/s]
20:50:08 - [DEBUG] - DONE generating initial set of domain values in 2.03
20:50:08 - [DEBUG] - training posterior model for estimating domain value probabilities...
20:50:08 - [DEBUG] - DONE training posterior model in 0.01s
20:50:08 - [DEBUG] - predicting domain value probabilities from posterior model...
20:50:08 - [DEBUG] - DONE predictions in 0.00 secs, re-constructing cell domain...
20:50:08 - [DEBUG] - re-assembling final cell domain table...

0it [00:00, ?it/s]

  0%|          | 0/10995 [00:00<?, ?it/s][A
222it [00:00, 2214.67it/s]

  2%|â–         | 272/10995 [00:00<00:03, 2709.67it/s][A
481it [00:00, 2315.09it/s]

  5%|â–         | 525/10995 [00:00<00:03, 2650.00it/s][A
750it [00:00, 2415.95it/s]

  7%|â–‹         | 790/10995 [00:00<00:03, 2647.92it/s][A
1010it [00:00, 2466.56it/s]

 10%|â–‰         | 1058/10995 [00:00<00:03, 2654.53it/s][A
1270it [00:00, 2502.55it/s]

 12%|â–ˆâ–        | 1317/10995 [00:00<00:03, 2633.53it/s][A
1542it [00:00, 2561.42it/s]

 14%|â–ˆâ–        | 1591/10995 [00:00<00:03, 2664.43it/s][A
1798it [00:00, 2559.08it/s]

 17%|â–ˆâ–‹        | 1842/10995 [00:00<00:03, 2615.46it/s][A
2067it [00:00, 2596.46it/s]

 19%|â–ˆâ–‰        | 2109/10995 [00:00<00:03, 2626.83it/s][A
2330it [00:00, 2604.05it/s]

 22%|â–ˆâ–ˆâ–       | 2374/10995 [00:00<00:03, 2631.81it/s][A
2593it [00:01, 2608.61it/s]

 24%|â–ˆâ–ˆâ–       | 2637/10995 [00:01<00:03, 2626.64it/s][A
2874it [00:01, 2664.73it/s]

 27%|â–ˆâ–ˆâ–‹       | 2914/10995 [00:01<00:03, 2666.99it/s][A
3137it [00:01, 2576.20it/s]

 29%|â–ˆâ–ˆâ–‰       | 3176/10995 [00:01<00:03, 2603.87it/s][A
3408it [00:01, 2610.64it/s]

 31%|â–ˆâ–ˆâ–ˆâ–      | 3443/10995 [00:01<00:02, 2620.06it/s][A
3687it [00:01, 2661.87it/s]

 34%|â–ˆâ–ˆâ–ˆâ–      | 3724/10995 [00:01<00:02, 2671.15it/s][A
3953it [00:01, 2650.38it/s]

 36%|â–ˆâ–ˆâ–ˆâ–‹      | 3990/10995 [00:01<00:02, 2660.06it/s][A
4221it [00:01, 2656.80it/s]

 39%|â–ˆâ–ˆâ–ˆâ–Š      | 4256/10995 [00:01<00:02, 2651.95it/s][A
4487it [00:01, 2644.42it/s]

 41%|â–ˆâ–ˆâ–ˆâ–ˆ      | 4522/10995 [00:01<00:02, 2650.98it/s][A
4756it [00:01, 2656.07it/s]

 44%|â–ˆâ–ˆâ–ˆâ–ˆâ–Ž     | 4791/10995 [00:01<00:02, 2661.61it/s][A
5023it [00:01, 2658.57it/s]

 46%|â–ˆâ–ˆâ–ˆâ–ˆâ–Œ     | 5058/10995 [00:01<00:02, 2658.70it/s][A
5289it [00:02, 2657.72it/s]

 48%|â–ˆâ–ˆâ–ˆâ–ˆâ–Š     | 5324/10995 [00:02<00:02, 2642.95it/s][A
5555it [00:02, 2583.58it/s]

 51%|â–ˆâ–ˆâ–ˆâ–ˆâ–ˆ     | 5589/10995 [00:02<00:02, 2587.83it/s][A
5820it [00:02, 2600.05it/s]

 53%|â–ˆâ–ˆâ–ˆâ–ˆâ–ˆâ–Ž    | 5848/10995 [00:02<00:01, 2588.27it/s][A
6081it [00:02, 2577.04it/s]

 56%|â–ˆâ–ˆâ–ˆâ–ˆâ–ˆâ–Œ    | 6108/10995 [00:02<00:01, 2586.04it/s][A
6354it [00:02, 2620.66it/s]

 58%|â–ˆâ–ˆâ–ˆâ–ˆâ–ˆâ–Š    | 6380/10995 [00:02<00:01, 2624.11it/s][A
6619it [00:02, 2629.34it/s]

 60%|â–ˆâ–ˆâ–ˆâ–ˆâ–ˆâ–ˆ    | 6647/10995 [00:02<00:01, 2634.08it/s][A
6883it [00:02, 2590.85it/s]

 63%|â–ˆâ–ˆâ–ˆâ–ˆâ–ˆâ–ˆâ–Ž   | 6911/10995 [00:02<00:01, 2594.86it/s][A
7153it [00:02, 2618.91it/s]

 65%|â–ˆâ–ˆâ–ˆâ–ˆâ–ˆâ–ˆâ–Œ   | 7180/10995 [00:02<00:01, 2618.63it/s][A
7417it [00:02, 2620.87it/s]

 68%|â–ˆâ–ˆâ–ˆâ–ˆâ–ˆâ–ˆâ–Š   | 7443/10995 [00:02<00:01, 2620.19it/s][A
7682it [00:02, 2627.28it/s]

 70%|â–ˆâ–ˆâ–ˆâ–ˆâ–ˆâ–ˆâ–ˆ   | 7708/10995 [00:02<00:01, 2626.81it/s][A
7945it [00:03, 2619.25it/s]

 72%|â–ˆâ–ˆâ–ˆâ–ˆâ–ˆâ–ˆâ–ˆâ–  | 7971/10995 [00:03<00:01, 2623.28it/s][A
8222it [00:03, 2657.79it/s]

 75%|â–ˆâ–ˆâ–ˆâ–ˆâ–ˆâ–ˆâ–ˆâ–  | 8242/10995 [00:03<00:01, 2642.30it/s][A
8488it [00:03, 2641.08it/s]

 77%|â–ˆâ–ˆâ–ˆâ–ˆâ–ˆâ–ˆâ–ˆâ–‹  | 8507/10995 [00:03<00:00, 2642.74it/s][A
8753it [00:03, 2611.03it/s]

 80%|â–ˆâ–ˆâ–ˆâ–ˆâ–ˆâ–ˆâ–ˆâ–‰  | 8772/10995 [00:03<00:00, 2606.28it/s][A
9023it [00:03, 2636.34it/s]

 82%|â–ˆâ–ˆâ–ˆâ–ˆâ–ˆâ–ˆâ–ˆâ–ˆâ– | 9039/10995 [00:03<00:00, 2620.60it/s][A
9287it [00:03, 2618.01it/s]

 85%|â–ˆâ–ˆâ–ˆâ–ˆâ–ˆâ–ˆâ–ˆâ–ˆâ– | 9303/10995 [00:03<00:00, 2620.10it/s][A
9552it [00:03, 2627.38it/s]

 87%|â–ˆâ–ˆâ–ˆâ–ˆâ–ˆâ–ˆâ–ˆâ–ˆâ–‹ | 9573/10995 [00:03<00:00, 2639.95it/s][A
9815it [00:03, 2617.37it/s]

 89%|â–ˆâ–ˆâ–ˆâ–ˆâ–ˆâ–ˆâ–ˆâ–ˆâ–‰ | 9838/10995 [00:03<00:00, 2620.93it/s][A
10077it [00:03, 2614.70it/s]

 92%|â–ˆâ–ˆâ–ˆâ–ˆâ–ˆâ–ˆâ–ˆâ–ˆâ–ˆâ–| 10101/10995 [00:03<00:00, 2622.64it/s][A
10339it [00:03, 2592.81it/s]

 94%|â–ˆâ–ˆâ–ˆâ–ˆâ–ˆâ–ˆâ–ˆâ–ˆâ–ˆâ–| 10364/10995 [00:03<00:00, 2599.59it/s][A
10612it [00:04, 2626.44it/s]

 97%|â–ˆâ–ˆâ–ˆâ–ˆâ–ˆâ–ˆâ–ˆâ–ˆâ–ˆâ–‹| 10636/10995 [00:04<00:00, 2634.54it/s][A
10889it [00:04, 2667.61it/s]

 99%|â–ˆâ–ˆâ–ˆâ–ˆâ–ˆâ–ˆâ–ˆâ–ˆâ–ˆâ–‰| 10909/10995 [00:04<00:00, 2661.95it/s][A

100%|â–ˆâ–ˆâ–ˆâ–ˆâ–ˆâ–ˆâ–ˆâ–ˆâ–ˆâ–ˆ| 10995/10995 [00:04<00:00, 2633.05it/s][A
10995it [00:04, 2611.96it/s]
20:50:13 - [DEBUG] - DONE assembling cell domain table in 4.63s
20:50:13 - [ INFO] - number of (additional) weak labels assigned from posterior model: 318
20:50:13 - [DEBUG] - DONE generating domain and weak labels
20:50:15 - [DEBUG] - Time to create index: 0.00 secs
20:50:15 - [DEBUG] - Time to create index: 0.00 secs
20:50:15 - [DEBUG] - Time to create index: 0.00 secs
20:50:15 - [DEBUG] - Time to create table: 0.00 secs
20:50:17 - [DEBUG] - Time to create index: 0.00 secs
20:50:17 - [ INFO] - DONE with domain preparation.
20:50:17 - [DEBUG] - Time to setup the domain: 21.11 secs
20:50:17 - [DEBUG] - Time to execute query: 0.00 secs
20:50:17 - [DEBUG] - Time to execute query: 0.00 secs
20:50:17 - [DEBUG] - Time to execute query: 0.00 secs
20:50:17 - [DEBUG] - Time to execute query: 0.00 secs
20:50:17 - [DEBUG] - Time to execute query: 0.00 secs
20:50:17 - [DEBUG] - featurizing training data...
20:50:17 - [DEBUG] - Time to execute query: 0.02 secs

  0%|          | 0/10995 [00:00<?, ?it/s]
  0%|          | 38/10995 [00:00<00:29, 372.23it/s]
  1%|          | 77/10995 [00:00<00:28, 377.38it/s]
  1%|          | 118/10995 [00:00<00:28, 382.19it/s]
  1%|â–         | 156/10995 [00:00<00:28, 378.62it/s]
  2%|â–         | 196/10995 [00:00<00:28, 381.45it/s]
  2%|â–         | 236/10995 [00:00<00:27, 385.37it/s]
  3%|â–Ž         | 276/10995 [00:00<00:27, 389.49it/s]
  3%|â–Ž         | 313/10995 [00:00<00:27, 382.80it/s]
  3%|â–Ž         | 353/10995 [00:00<00:27, 387.30it/s]
  4%|â–Ž         | 391/10995 [00:01<00:28, 377.91it/s]
  4%|â–         | 431/10995 [00:01<00:27, 381.87it/s]
  4%|â–         | 469/10995 [00:01<00:29, 352.49it/s]
  5%|â–         | 510/10995 [00:01<00:28, 367.53it/s]
  5%|â–Œ         | 551/10995 [00:01<00:27, 378.71it/s]
  5%|â–Œ         | 591/10995 [00:01<00:27, 384.07it/s]
  6%|â–Œ         | 632/10995 [00:01<00:26, 390.94it/s]
  6%|â–Œ         | 674/10995 [00:01<00:25, 397.86it/s]
  6%|â–‹         | 714/10995 [00:01<00:25, 395.62it/s]
  7%|â–‹         | 754/10995 [00:01<00:27, 378.61it/s]
  7%|â–‹         | 793/10995 [00:02<00:26, 377.90it/s]
  8%|â–Š         | 833/10995 [00:02<00:26, 382.42it/s]
  8%|â–Š         | 872/10995 [00:02<00:26, 379.10it/s]
  8%|â–Š         | 912/10995 [00:02<00:26, 384.33it/s]
  9%|â–Š         | 951/10995 [00:02<00:26, 377.43it/s]
  9%|â–‰         | 992/10995 [00:02<00:26, 380.75it/s]
  9%|â–‰         | 1032/10995 [00:02<00:25, 385.81it/s]
 10%|â–‰         | 1071/10995 [00:02<00:26, 375.43it/s]
 10%|â–ˆ         | 1109/10995 [00:02<00:27, 364.86it/s]
 10%|â–ˆ         | 1148/10995 [00:03<00:26, 371.07it/s]
 11%|â–ˆ         | 1186/10995 [00:03<00:26, 364.60it/s]
 11%|â–ˆ         | 1229/10995 [00:03<00:25, 379.16it/s]
 12%|â–ˆâ–        | 1269/10995 [00:03<00:25, 384.77it/s]
 12%|â–ˆâ–        | 1310/10995 [00:03<00:24, 390.10it/s]
 12%|â–ˆâ–        | 1351/10995 [00:03<00:24, 393.58it/s]
 13%|â–ˆâ–Ž        | 1391/10995 [00:03<00:24, 388.86it/s]
 13%|â–ˆâ–Ž        | 1432/10995 [00:03<00:24, 390.66it/s]
 13%|â–ˆâ–Ž        | 1472/10995 [00:03<00:24, 392.85it/s]
 14%|â–ˆâ–        | 1512/10995 [00:03<00:24, 393.90it/s]
 14%|â–ˆâ–        | 1553/10995 [00:04<00:23, 395.32it/s]
 15%|â–ˆâ–        | 1597/10995 [00:04<00:23, 406.14it/s]
 15%|â–ˆâ–        | 1638/10995 [00:04<00:23, 404.28it/s]
 15%|â–ˆâ–Œ        | 1679/10995 [00:04<00:23, 388.29it/s]
 16%|â–ˆâ–Œ        | 1719/10995 [00:04<00:24, 385.31it/s]
 16%|â–ˆâ–Œ        | 1758/10995 [00:04<00:24, 374.18it/s]
 16%|â–ˆâ–‹        | 1796/10995 [00:04<00:26, 352.83it/s]
 17%|â–ˆâ–‹        | 1838/10995 [00:04<00:24, 369.94it/s]
 17%|â–ˆâ–‹        | 1878/10995 [00:04<00:24, 376.04it/s]
 17%|â–ˆâ–‹        | 1923/10995 [00:05<00:23, 392.99it/s]
 18%|â–ˆâ–Š        | 1966/10995 [00:05<00:22, 399.37it/s]
 18%|â–ˆâ–Š        | 2007/10995 [00:05<00:23, 380.14it/s]
 19%|â–ˆâ–Š        | 2050/10995 [00:05<00:22, 392.98it/s]
 19%|â–ˆâ–‰        | 2090/10995 [00:05<00:23, 379.24it/s]
 19%|â–ˆâ–‰        | 2132/10995 [00:05<00:22, 387.14it/s]
 20%|â–ˆâ–‰        | 2172/10995 [00:05<00:24, 367.19it/s]
 20%|â–ˆâ–ˆ        | 2210/10995 [00:05<00:24, 357.43it/s]
 20%|â–ˆâ–ˆ        | 2247/10995 [00:05<00:25, 338.51it/s]
 21%|â–ˆâ–ˆ        | 2283/10995 [00:06<00:25, 344.39it/s]
 21%|â–ˆâ–ˆ        | 2318/10995 [00:06<00:25, 340.22it/s]
 21%|â–ˆâ–ˆâ–       | 2356/10995 [00:06<00:24, 345.85it/s]
 22%|â–ˆâ–ˆâ–       | 2391/10995 [00:06<00:25, 338.71it/s]
 22%|â–ˆâ–ˆâ–       | 2426/10995 [00:06<00:25, 334.60it/s]
 22%|â–ˆâ–ˆâ–       | 2460/10995 [00:06<00:25, 330.56it/s]
 23%|â–ˆâ–ˆâ–Ž       | 2494/10995 [00:06<00:26, 318.06it/s]
 23%|â–ˆâ–ˆâ–Ž       | 2528/10995 [00:06<00:26, 321.84it/s]
 23%|â–ˆâ–ˆâ–Ž       | 2561/10995 [00:06<00:26, 322.80it/s]
 24%|â–ˆâ–ˆâ–Ž       | 2595/10995 [00:06<00:25, 326.37it/s]
 24%|â–ˆâ–ˆâ–       | 2631/10995 [00:07<00:25, 332.72it/s]
 24%|â–ˆâ–ˆâ–       | 2665/10995 [00:07<00:25, 329.16it/s]
 25%|â–ˆâ–ˆâ–       | 2700/10995 [00:07<00:24, 332.02it/s]
 25%|â–ˆâ–ˆâ–       | 2736/10995 [00:07<00:24, 335.31it/s]
 25%|â–ˆâ–ˆâ–Œ       | 2770/10995 [00:07<00:25, 319.18it/s]
 25%|â–ˆâ–ˆâ–Œ       | 2803/10995 [00:07<00:26, 311.25it/s]
 26%|â–ˆâ–ˆâ–Œ       | 2836/10995 [00:07<00:25, 316.21it/s]
 26%|â–ˆâ–ˆâ–Œ       | 2873/10995 [00:07<00:25, 324.12it/s]
 26%|â–ˆâ–ˆâ–‹       | 2906/10995 [00:07<00:25, 313.48it/s]
 27%|â–ˆâ–ˆâ–‹       | 2938/10995 [00:08<00:25, 312.85it/s]
 27%|â–ˆâ–ˆâ–‹       | 2972/10995 [00:08<00:25, 315.47it/s]
 27%|â–ˆâ–ˆâ–‹       | 3004/10995 [00:08<00:25, 312.88it/s]
 28%|â–ˆâ–ˆâ–Š       | 3036/10995 [00:08<00:25, 309.52it/s]
 28%|â–ˆâ–ˆâ–Š       | 3068/10995 [00:08<00:27, 292.07it/s]
 28%|â–ˆâ–ˆâ–Š       | 3100/10995 [00:08<00:26, 299.14it/s]
 29%|â–ˆâ–ˆâ–Š       | 3134/10995 [00:08<00:25, 309.92it/s]
 29%|â–ˆâ–ˆâ–‰       | 3169/10995 [00:08<00:24, 320.94it/s]
 29%|â–ˆâ–ˆâ–‰       | 3202/10995 [00:08<00:24, 320.87it/s]
 29%|â–ˆâ–ˆâ–‰       | 3236/10995 [00:08<00:24, 321.99it/s]
 30%|â–ˆâ–ˆâ–‰       | 3272/10995 [00:09<00:23, 328.89it/s]
 30%|â–ˆâ–ˆâ–ˆ       | 3309/10995 [00:09<00:22, 338.54it/s]
 30%|â–ˆâ–ˆâ–ˆ       | 3347/10995 [00:09<00:21, 347.77it/s]
 31%|â–ˆâ–ˆâ–ˆ       | 3383/10995 [00:09<00:21, 348.46it/s]
 31%|â–ˆâ–ˆâ–ˆ       | 3418/10995 [00:09<00:23, 326.00it/s]
 31%|â–ˆâ–ˆâ–ˆâ–      | 3451/10995 [00:09<00:23, 327.19it/s]
 32%|â–ˆâ–ˆâ–ˆâ–      | 3485/10995 [00:09<00:22, 330.32it/s]
 32%|â–ˆâ–ˆâ–ˆâ–      | 3519/10995 [00:09<00:22, 328.01it/s]
 32%|â–ˆâ–ˆâ–ˆâ–      | 3554/10995 [00:09<00:22, 332.77it/s]
 33%|â–ˆâ–ˆâ–ˆâ–Ž      | 3588/10995 [00:10<00:22, 329.09it/s]
 33%|â–ˆâ–ˆâ–ˆâ–Ž      | 3624/10995 [00:10<00:22, 333.19it/s]
 33%|â–ˆâ–ˆâ–ˆâ–Ž      | 3658/10995 [00:10<00:22, 329.58it/s]
 34%|â–ˆâ–ˆâ–ˆâ–Ž      | 3694/10995 [00:10<00:22, 331.01it/s]
 34%|â–ˆâ–ˆâ–ˆâ–      | 3728/10995 [00:10<00:22, 327.72it/s]
 34%|â–ˆâ–ˆâ–ˆâ–      | 3763/10995 [00:10<00:21, 332.85it/s]
 35%|â–ˆâ–ˆâ–ˆâ–      | 3798/10995 [00:10<00:21, 337.52it/s]
 35%|â–ˆâ–ˆâ–ˆâ–      | 3832/10995 [00:10<00:22, 317.73it/s]
 35%|â–ˆâ–ˆâ–ˆâ–Œ      | 3865/10995 [00:10<00:22, 311.81it/s]
 35%|â–ˆâ–ˆâ–ˆâ–Œ      | 3897/10995 [00:10<00:22, 313.62it/s]
 36%|â–ˆâ–ˆâ–ˆâ–Œ      | 3929/10995 [00:11<00:22, 315.48it/s]
 36%|â–ˆâ–ˆâ–ˆâ–Œ      | 3964/10995 [00:11<00:21, 319.98it/s]
 36%|â–ˆâ–ˆâ–ˆâ–‹      | 3998/10995 [00:11<00:21, 324.95it/s]
 37%|â–ˆâ–ˆâ–ˆâ–‹      | 4035/10995 [00:11<00:21, 330.66it/s]
 37%|â–ˆâ–ˆâ–ˆâ–‹      | 4069/10995 [00:11<00:20, 331.82it/s]
 37%|â–ˆâ–ˆâ–ˆâ–‹      | 4103/10995 [00:11<00:21, 324.58it/s]
 38%|â–ˆâ–ˆâ–ˆâ–Š      | 4137/10995 [00:11<00:21, 325.15it/s]
 38%|â–ˆâ–ˆâ–ˆâ–Š      | 4173/10995 [00:11<00:20, 330.96it/s]
 38%|â–ˆâ–ˆâ–ˆâ–Š      | 4207/10995 [00:11<00:20, 327.36it/s]
 39%|â–ˆâ–ˆâ–ˆâ–Š      | 4240/10995 [00:12<00:20, 323.39it/s]
 39%|â–ˆâ–ˆâ–ˆâ–‰      | 4280/10995 [00:12<00:19, 342.34it/s]
 39%|â–ˆâ–ˆâ–ˆâ–‰      | 4315/10995 [00:12<00:19, 337.95it/s]
 40%|â–ˆâ–ˆâ–ˆâ–‰      | 4350/10995 [00:12<00:20, 326.75it/s]
 40%|â–ˆâ–ˆâ–ˆâ–‰      | 4383/10995 [00:12<00:20, 318.02it/s]
 40%|â–ˆâ–ˆâ–ˆâ–ˆ      | 4416/10995 [00:12<00:20, 318.13it/s]
 40%|â–ˆâ–ˆâ–ˆâ–ˆ      | 4449/10995 [00:12<00:20, 319.69it/s]
 41%|â–ˆâ–ˆâ–ˆâ–ˆ      | 4485/10995 [00:12<00:19, 329.46it/s]
 41%|â–ˆâ–ˆâ–ˆâ–ˆ      | 4519/10995 [00:12<00:19, 325.29it/s]
 41%|â–ˆâ–ˆâ–ˆâ–ˆâ–     | 4554/10995 [00:12<00:19, 332.11it/s]
 42%|â–ˆâ–ˆâ–ˆâ–ˆâ–     | 4588/10995 [00:13<00:19, 331.62it/s]
 42%|â–ˆâ–ˆâ–ˆâ–ˆâ–     | 4624/10995 [00:13<00:18, 338.02it/s]
 42%|â–ˆâ–ˆâ–ˆâ–ˆâ–     | 4659/10995 [00:13<00:18, 337.63it/s]
 43%|â–ˆâ–ˆâ–ˆâ–ˆâ–Ž     | 4693/10995 [00:13<00:19, 331.03it/s]
 43%|â–ˆâ–ˆâ–ˆâ–ˆâ–Ž     | 4727/10995 [00:13<00:19, 315.23it/s]
 43%|â–ˆâ–ˆâ–ˆâ–ˆâ–Ž     | 4761/10995 [00:13<00:19, 316.94it/s]
 44%|â–ˆâ–ˆâ–ˆâ–ˆâ–Ž     | 4802/10995 [00:13<00:18, 338.10it/s]
 44%|â–ˆâ–ˆâ–ˆâ–ˆâ–     | 4841/10995 [00:13<00:17, 349.34it/s]
 44%|â–ˆâ–ˆâ–ˆâ–ˆâ–     | 4877/10995 [00:13<00:18, 328.45it/s]
 45%|â–ˆâ–ˆâ–ˆâ–ˆâ–     | 4911/10995 [00:14<00:18, 326.23it/s]
 45%|â–ˆâ–ˆâ–ˆâ–ˆâ–Œ     | 4948/10995 [00:14<00:18, 334.19it/s]
 45%|â–ˆâ–ˆâ–ˆâ–ˆâ–Œ     | 4983/10995 [00:14<00:18, 331.28it/s]
 46%|â–ˆâ–ˆâ–ˆâ–ˆâ–Œ     | 5017/10995 [00:14<00:18, 326.06it/s]
 46%|â–ˆâ–ˆâ–ˆâ–ˆâ–Œ     | 5054/10995 [00:14<00:17, 335.18it/s]
 46%|â–ˆâ–ˆâ–ˆâ–ˆâ–‹     | 5088/10995 [00:14<00:17, 330.42it/s]
 47%|â–ˆâ–ˆâ–ˆâ–ˆâ–‹     | 5122/10995 [00:14<00:17, 329.74it/s]
 47%|â–ˆâ–ˆâ–ˆâ–ˆâ–‹     | 5156/10995 [00:14<00:18, 315.55it/s]
 47%|â–ˆâ–ˆâ–ˆâ–ˆâ–‹     | 5188/10995 [00:14<00:19, 293.20it/s]
 47%|â–ˆâ–ˆâ–ˆâ–ˆâ–‹     | 5219/10995 [00:15<00:19, 297.70it/s]
 48%|â–ˆâ–ˆâ–ˆâ–ˆâ–Š     | 5253/10995 [00:15<00:18, 308.81it/s]
 48%|â–ˆâ–ˆâ–ˆâ–ˆâ–Š     | 5289/10995 [00:15<00:17, 319.04it/s]
 48%|â–ˆâ–ˆâ–ˆâ–ˆâ–Š     | 5322/10995 [00:15<00:18, 309.98it/s]
 49%|â–ˆâ–ˆâ–ˆâ–ˆâ–Š     | 5355/10995 [00:15<00:18, 310.28it/s]
 49%|â–ˆâ–ˆâ–ˆâ–ˆâ–‰     | 5394/10995 [00:15<00:16, 329.87it/s]
 49%|â–ˆâ–ˆâ–ˆâ–ˆâ–‰     | 5429/10995 [00:15<00:16, 331.90it/s]
 50%|â–ˆâ–ˆâ–ˆâ–ˆâ–‰     | 5463/10995 [00:15<00:17, 319.53it/s]
 50%|â–ˆâ–ˆâ–ˆâ–ˆâ–‰     | 5496/10995 [00:15<00:18, 304.22it/s]
 50%|â–ˆâ–ˆâ–ˆâ–ˆâ–ˆ     | 5528/10995 [00:16<00:17, 307.50it/s]
 51%|â–ˆâ–ˆâ–ˆâ–ˆâ–ˆ     | 5561/10995 [00:16<00:17, 313.04it/s]
 51%|â–ˆâ–ˆâ–ˆâ–ˆâ–ˆ     | 5594/10995 [00:16<00:17, 315.00it/s]
 51%|â–ˆâ–ˆâ–ˆâ–ˆâ–ˆ     | 5626/10995 [00:16<00:17, 311.30it/s]
 51%|â–ˆâ–ˆâ–ˆâ–ˆâ–ˆâ–    | 5658/10995 [00:16<00:17, 306.24it/s]
 52%|â–ˆâ–ˆâ–ˆâ–ˆâ–ˆâ–    | 5693/10995 [00:16<00:16, 316.71it/s]
 52%|â–ˆâ–ˆâ–ˆâ–ˆâ–ˆâ–    | 5726/10995 [00:16<00:16, 317.79it/s]
 52%|â–ˆâ–ˆâ–ˆâ–ˆâ–ˆâ–    | 5759/10995 [00:16<00:16, 321.19it/s]
 53%|â–ˆâ–ˆâ–ˆâ–ˆâ–ˆâ–Ž    | 5792/10995 [00:16<00:16, 320.83it/s]
 53%|â–ˆâ–ˆâ–ˆâ–ˆâ–ˆâ–Ž    | 5825/10995 [00:16<00:16, 322.09it/s]
 53%|â–ˆâ–ˆâ–ˆâ–ˆâ–ˆâ–Ž    | 5858/10995 [00:17<00:16, 308.26it/s]
 54%|â–ˆâ–ˆâ–ˆâ–ˆâ–ˆâ–Ž    | 5889/10995 [00:17<00:16, 305.64it/s]
 54%|â–ˆâ–ˆâ–ˆâ–ˆâ–ˆâ–    | 5920/10995 [00:17<00:17, 292.87it/s]
 54%|â–ˆâ–ˆâ–ˆâ–ˆâ–ˆâ–    | 5951/10995 [00:17<00:16, 296.92it/s]
 54%|â–ˆâ–ˆâ–ˆâ–ˆâ–ˆâ–    | 5982/10995 [00:17<00:16, 297.26it/s]
 55%|â–ˆâ–ˆâ–ˆâ–ˆâ–ˆâ–    | 6015/10995 [00:17<00:16, 303.02it/s]
 55%|â–ˆâ–ˆâ–ˆâ–ˆâ–ˆâ–Œ    | 6048/10995 [00:17<00:15, 310.56it/s]
 55%|â–ˆâ–ˆâ–ˆâ–ˆâ–ˆâ–Œ    | 6091/10995 [00:17<00:14, 334.23it/s]
 56%|â–ˆâ–ˆâ–ˆâ–ˆâ–ˆâ–Œ    | 6127/10995 [00:17<00:14, 339.42it/s]
 56%|â–ˆâ–ˆâ–ˆâ–ˆâ–ˆâ–Œ    | 6162/10995 [00:18<00:14, 334.88it/s]
 56%|â–ˆâ–ˆâ–ˆâ–ˆâ–ˆâ–‹    | 6196/10995 [00:18<00:14, 323.55it/s]
 57%|â–ˆâ–ˆâ–ˆâ–ˆâ–ˆâ–‹    | 6229/10995 [00:18<00:14, 319.51it/s]
 57%|â–ˆâ–ˆâ–ˆâ–ˆâ–ˆâ–‹    | 6262/10995 [00:18<00:14, 321.76it/s]
 57%|â–ˆâ–ˆâ–ˆâ–ˆâ–ˆâ–‹    | 6295/10995 [00:18<00:14, 322.36it/s]
 58%|â–ˆâ–ˆâ–ˆâ–ˆâ–ˆâ–Š    | 6328/10995 [00:18<00:14, 322.38it/s]
 58%|â–ˆâ–ˆâ–ˆâ–ˆâ–ˆâ–Š    | 6365/10995 [00:18<00:13, 334.94it/s]
 58%|â–ˆâ–ˆâ–ˆâ–ˆâ–ˆâ–Š    | 6399/10995 [00:18<00:14, 326.36it/s]
 58%|â–ˆâ–ˆâ–ˆâ–ˆâ–ˆâ–Š    | 6432/10995 [00:18<00:13, 327.37it/s]
 59%|â–ˆâ–ˆâ–ˆâ–ˆâ–ˆâ–‰    | 6465/10995 [00:18<00:14, 314.53it/s]
 59%|â–ˆâ–ˆâ–ˆâ–ˆâ–ˆâ–‰    | 6498/10995 [00:19<00:14, 318.92it/s]
 59%|â–ˆâ–ˆâ–ˆâ–ˆâ–ˆâ–‰    | 6531/10995 [00:19<00:14, 307.48it/s]
 60%|â–ˆâ–ˆâ–ˆâ–ˆâ–ˆâ–‰    | 6565/10995 [00:19<00:14, 316.32it/s]
 60%|â–ˆâ–ˆâ–ˆâ–ˆâ–ˆâ–ˆ    | 6597/10995 [00:19<00:13, 315.88it/s]
 60%|â–ˆâ–ˆâ–ˆâ–ˆâ–ˆâ–ˆ    | 6630/10995 [00:19<00:13, 319.77it/s]
 61%|â–ˆâ–ˆâ–ˆâ–ˆâ–ˆâ–ˆ    | 6666/10995 [00:19<00:13, 327.02it/s]
 61%|â–ˆâ–ˆâ–ˆâ–ˆâ–ˆâ–ˆ    | 6699/10995 [00:19<00:13, 326.26it/s]
 61%|â–ˆâ–ˆâ–ˆâ–ˆâ–ˆâ–ˆâ–   | 6735/10995 [00:19<00:12, 335.36it/s]
 62%|â–ˆâ–ˆâ–ˆâ–ˆâ–ˆâ–ˆâ–   | 6769/10995 [00:19<00:12, 336.53it/s]
 62%|â–ˆâ–ˆâ–ˆâ–ˆâ–ˆâ–ˆâ–   | 6803/10995 [00:19<00:12, 337.08it/s]
 62%|â–ˆâ–ˆâ–ˆâ–ˆâ–ˆâ–ˆâ–   | 6845/10995 [00:20<00:11, 354.77it/s]
 63%|â–ˆâ–ˆâ–ˆâ–ˆâ–ˆâ–ˆâ–Ž   | 6885/10995 [00:20<00:11, 367.23it/s]
 63%|â–ˆâ–ˆâ–ˆâ–ˆâ–ˆâ–ˆâ–Ž   | 6923/10995 [00:20<00:11, 362.71it/s]
 63%|â–ˆâ–ˆâ–ˆâ–ˆâ–ˆâ–ˆâ–Ž   | 6960/10995 [00:20<00:12, 336.19it/s]
 64%|â–ˆâ–ˆâ–ˆâ–ˆâ–ˆâ–ˆâ–Ž   | 6995/10995 [00:20<00:11, 338.20it/s]
 64%|â–ˆâ–ˆâ–ˆâ–ˆâ–ˆâ–ˆâ–   | 7030/10995 [00:20<00:11, 335.31it/s]
 64%|â–ˆâ–ˆâ–ˆâ–ˆâ–ˆâ–ˆâ–   | 7064/10995 [00:20<00:11, 329.50it/s]
 65%|â–ˆâ–ˆâ–ˆâ–ˆâ–ˆâ–ˆâ–   | 7098/10995 [00:20<00:11, 325.61it/s]
 65%|â–ˆâ–ˆâ–ˆâ–ˆâ–ˆâ–ˆâ–   | 7131/10995 [00:20<00:12, 321.20it/s]
 65%|â–ˆâ–ˆâ–ˆâ–ˆâ–ˆâ–ˆâ–Œ   | 7164/10995 [00:21<00:11, 323.43it/s]
 65%|â–ˆâ–ˆâ–ˆâ–ˆâ–ˆâ–ˆâ–Œ   | 7197/10995 [00:21<00:11, 321.71it/s]
 66%|â–ˆâ–ˆâ–ˆâ–ˆâ–ˆâ–ˆâ–Œ   | 7232/10995 [00:21<00:11, 328.09it/s]
 66%|â–ˆâ–ˆâ–ˆâ–ˆâ–ˆâ–ˆâ–Œ   | 7268/10995 [00:21<00:11, 331.70it/s]
 66%|â–ˆâ–ˆâ–ˆâ–ˆâ–ˆâ–ˆâ–‹   | 7303/10995 [00:21<00:11, 326.86it/s]
 67%|â–ˆâ–ˆâ–ˆâ–ˆâ–ˆâ–ˆâ–‹   | 7336/10995 [00:21<00:11, 323.19it/s]
 67%|â–ˆâ–ˆâ–ˆâ–ˆâ–ˆâ–ˆâ–‹   | 7369/10995 [00:21<00:11, 315.12it/s]
 67%|â–ˆâ–ˆâ–ˆâ–ˆâ–ˆâ–ˆâ–‹   | 7401/10995 [00:21<00:11, 314.15it/s]
 68%|â–ˆâ–ˆâ–ˆâ–ˆâ–ˆâ–ˆâ–Š   | 7433/10995 [00:21<00:11, 309.82it/s]
 68%|â–ˆâ–ˆâ–ˆâ–ˆâ–ˆâ–ˆâ–Š   | 7465/10995 [00:22<00:11, 306.91it/s]
 68%|â–ˆâ–ˆâ–ˆâ–ˆâ–ˆâ–ˆâ–Š   | 7500/10995 [00:22<00:10, 317.74it/s]
 69%|â–ˆâ–ˆâ–ˆâ–ˆâ–ˆâ–ˆâ–Š   | 7532/10995 [00:22<00:10, 317.80it/s]
 69%|â–ˆâ–ˆâ–ˆâ–ˆâ–ˆâ–ˆâ–‰   | 7567/10995 [00:22<00:10, 322.82it/s]
 69%|â–ˆâ–ˆâ–ˆâ–ˆâ–ˆâ–ˆâ–‰   | 7600/10995 [00:22<00:10, 320.12it/s]
 69%|â–ˆâ–ˆâ–ˆâ–ˆâ–ˆâ–ˆâ–‰   | 7633/10995 [00:22<00:10, 316.78it/s]
 70%|â–ˆâ–ˆâ–ˆâ–ˆâ–ˆâ–ˆâ–‰   | 7667/10995 [00:22<00:10, 323.06it/s]
 70%|â–ˆâ–ˆâ–ˆâ–ˆâ–ˆâ–ˆâ–ˆ   | 7714/10995 [00:22<00:09, 353.49it/s]
 71%|â–ˆâ–ˆâ–ˆâ–ˆâ–ˆâ–ˆâ–ˆ   | 7755/10995 [00:22<00:08, 368.39it/s]
 71%|â–ˆâ–ˆâ–ˆâ–ˆâ–ˆâ–ˆâ–ˆ   | 7793/10995 [00:22<00:09, 355.20it/s]
 71%|â–ˆâ–ˆâ–ˆâ–ˆâ–ˆâ–ˆâ–ˆ   | 7830/10995 [00:23<00:09, 337.10it/s]
 72%|â–ˆâ–ˆâ–ˆâ–ˆâ–ˆâ–ˆâ–ˆâ–  | 7865/10995 [00:23<00:09, 334.83it/s]
 72%|â–ˆâ–ˆâ–ˆâ–ˆâ–ˆâ–ˆâ–ˆâ–  | 7899/10995 [00:23<00:10, 308.78it/s]
 72%|â–ˆâ–ˆâ–ˆâ–ˆâ–ˆâ–ˆâ–ˆâ–  | 7931/10995 [00:23<00:09, 308.19it/s]
 72%|â–ˆâ–ˆâ–ˆâ–ˆâ–ˆâ–ˆâ–ˆâ–  | 7963/10995 [00:23<00:09, 306.77it/s]
 73%|â–ˆâ–ˆâ–ˆâ–ˆâ–ˆâ–ˆâ–ˆâ–Ž  | 7997/10995 [00:23<00:09, 313.89it/s]
 73%|â–ˆâ–ˆâ–ˆâ–ˆâ–ˆâ–ˆâ–ˆâ–Ž  | 8033/10995 [00:23<00:09, 321.95it/s]
 73%|â–ˆâ–ˆâ–ˆâ–ˆâ–ˆâ–ˆâ–ˆâ–Ž  | 8066/10995 [00:23<00:09, 320.10it/s]
 74%|â–ˆâ–ˆâ–ˆâ–ˆâ–ˆâ–ˆâ–ˆâ–Ž  | 8100/10995 [00:23<00:08, 324.66it/s]
 74%|â–ˆâ–ˆâ–ˆâ–ˆâ–ˆâ–ˆâ–ˆâ–  | 8137/10995 [00:24<00:08, 330.44it/s]
 74%|â–ˆâ–ˆâ–ˆâ–ˆâ–ˆâ–ˆâ–ˆâ–  | 8171/10995 [00:24<00:08, 325.75it/s]
 75%|â–ˆâ–ˆâ–ˆâ–ˆâ–ˆâ–ˆâ–ˆâ–  | 8206/10995 [00:24<00:08, 331.08it/s]
 75%|â–ˆâ–ˆâ–ˆâ–ˆâ–ˆâ–ˆâ–ˆâ–  | 8240/10995 [00:24<00:08, 306.21it/s]
 75%|â–ˆâ–ˆâ–ˆâ–ˆâ–ˆâ–ˆâ–ˆâ–Œ  | 8275/10995 [00:24<00:08, 313.22it/s]
 76%|â–ˆâ–ˆâ–ˆâ–ˆâ–ˆâ–ˆâ–ˆâ–Œ  | 8310/10995 [00:24<00:08, 323.08it/s]
 76%|â–ˆâ–ˆâ–ˆâ–ˆâ–ˆâ–ˆâ–ˆâ–Œ  | 8346/10995 [00:24<00:08, 329.81it/s]
 76%|â–ˆâ–ˆâ–ˆâ–ˆâ–ˆâ–ˆâ–ˆâ–Œ  | 8380/10995 [00:24<00:07, 331.88it/s]
 77%|â–ˆâ–ˆâ–ˆâ–ˆâ–ˆâ–ˆâ–ˆâ–‹  | 8414/10995 [00:24<00:07, 325.40it/s]
 77%|â–ˆâ–ˆâ–ˆâ–ˆâ–ˆâ–ˆâ–ˆâ–‹  | 8447/10995 [00:24<00:07, 321.41it/s]
 77%|â–ˆâ–ˆâ–ˆâ–ˆâ–ˆâ–ˆâ–ˆâ–‹  | 8480/10995 [00:25<00:07, 319.44it/s]
 77%|â–ˆâ–ˆâ–ˆâ–ˆâ–ˆâ–ˆâ–ˆâ–‹  | 8513/10995 [00:25<00:07, 322.29it/s]
 78%|â–ˆâ–ˆâ–ˆâ–ˆâ–ˆâ–ˆâ–ˆâ–Š  | 8547/10995 [00:25<00:07, 326.52it/s]
 78%|â–ˆâ–ˆâ–ˆâ–ˆâ–ˆâ–ˆâ–ˆâ–Š  | 8580/10995 [00:25<00:07, 318.22it/s]
 78%|â–ˆâ–ˆâ–ˆâ–ˆâ–ˆâ–ˆâ–ˆâ–Š  | 8612/10995 [00:25<00:07, 308.05it/s]
 79%|â–ˆâ–ˆâ–ˆâ–ˆâ–ˆâ–ˆâ–ˆâ–Š  | 8646/10995 [00:25<00:07, 314.08it/s]
 79%|â–ˆâ–ˆâ–ˆâ–ˆâ–ˆâ–ˆâ–ˆâ–‰  | 8684/10995 [00:25<00:07, 329.18it/s]
 79%|â–ˆâ–ˆâ–ˆâ–ˆâ–ˆâ–ˆâ–ˆâ–‰  | 8724/10995 [00:25<00:06, 347.26it/s]
 80%|â–ˆâ–ˆâ–ˆâ–ˆâ–ˆâ–ˆâ–ˆâ–‰  | 8764/10995 [00:25<00:06, 358.64it/s]
 80%|â–ˆâ–ˆâ–ˆâ–ˆâ–ˆâ–ˆâ–ˆâ–ˆ  | 8801/10995 [00:26<00:06, 343.11it/s]
 80%|â–ˆâ–ˆâ–ˆâ–ˆâ–ˆâ–ˆâ–ˆâ–ˆ  | 8836/10995 [00:26<00:06, 335.60it/s]
 81%|â–ˆâ–ˆâ–ˆâ–ˆâ–ˆâ–ˆâ–ˆâ–ˆ  | 8870/10995 [00:26<00:06, 320.34it/s]
 81%|â–ˆâ–ˆâ–ˆâ–ˆâ–ˆâ–ˆâ–ˆâ–ˆ  | 8904/10995 [00:26<00:06, 321.56it/s]
 81%|â–ˆâ–ˆâ–ˆâ–ˆâ–ˆâ–ˆâ–ˆâ–ˆâ– | 8937/10995 [00:26<00:06, 322.84it/s]
 82%|â–ˆâ–ˆâ–ˆâ–ˆâ–ˆâ–ˆâ–ˆâ–ˆâ– | 8970/10995 [00:26<00:06, 323.54it/s]
 82%|â–ˆâ–ˆâ–ˆâ–ˆâ–ˆâ–ˆâ–ˆâ–ˆâ– | 9003/10995 [00:26<00:06, 310.16it/s]
 82%|â–ˆâ–ˆâ–ˆâ–ˆâ–ˆâ–ˆâ–ˆâ–ˆâ– | 9035/10995 [00:26<00:06, 312.75it/s]
 82%|â–ˆâ–ˆâ–ˆâ–ˆâ–ˆâ–ˆâ–ˆâ–ˆâ– | 9067/10995 [00:26<00:06, 310.39it/s]
 83%|â–ˆâ–ˆâ–ˆâ–ˆâ–ˆâ–ˆâ–ˆâ–ˆâ–Ž | 9099/10995 [00:27<00:06, 301.83it/s]
 83%|â–ˆâ–ˆâ–ˆâ–ˆâ–ˆâ–ˆâ–ˆâ–ˆâ–Ž | 9133/10995 [00:27<00:06, 309.75it/s]
 83%|â–ˆâ–ˆâ–ˆâ–ˆâ–ˆâ–ˆâ–ˆâ–ˆâ–Ž | 9166/10995 [00:27<00:05, 314.20it/s]
 84%|â–ˆâ–ˆâ–ˆâ–ˆâ–ˆâ–ˆâ–ˆâ–ˆâ–Ž | 9199/10995 [00:27<00:05, 315.07it/s]
 84%|â–ˆâ–ˆâ–ˆâ–ˆâ–ˆâ–ˆâ–ˆâ–ˆâ– | 9232/10995 [00:27<00:05, 317.56it/s]
 84%|â–ˆâ–ˆâ–ˆâ–ˆâ–ˆâ–ˆâ–ˆâ–ˆâ– | 9267/10995 [00:27<00:05, 323.57it/s]
 85%|â–ˆâ–ˆâ–ˆâ–ˆâ–ˆâ–ˆâ–ˆâ–ˆâ– | 9300/10995 [00:27<00:05, 321.72it/s]
 85%|â–ˆâ–ˆâ–ˆâ–ˆâ–ˆâ–ˆâ–ˆâ–ˆâ– | 9335/10995 [00:27<00:05, 329.02it/s]
 85%|â–ˆâ–ˆâ–ˆâ–ˆâ–ˆâ–ˆâ–ˆâ–ˆâ–Œ | 9368/10995 [00:27<00:04, 326.71it/s]
 86%|â–ˆâ–ˆâ–ˆâ–ˆâ–ˆâ–ˆâ–ˆâ–ˆâ–Œ | 9401/10995 [00:27<00:04, 319.80it/s]
 86%|â–ˆâ–ˆâ–ˆâ–ˆâ–ˆâ–ˆâ–ˆâ–ˆâ–Œ | 9436/10995 [00:28<00:04, 327.34it/s]
 86%|â–ˆâ–ˆâ–ˆâ–ˆâ–ˆâ–ˆâ–ˆâ–ˆâ–Œ | 9469/10995 [00:28<00:04, 322.65it/s]
 86%|â–ˆâ–ˆâ–ˆâ–ˆâ–ˆâ–ˆâ–ˆâ–ˆâ–‹ | 9502/10995 [00:28<00:04, 320.47it/s]
 87%|â–ˆâ–ˆâ–ˆâ–ˆâ–ˆâ–ˆâ–ˆâ–ˆâ–‹ | 9535/10995 [00:28<00:04, 321.61it/s]
 87%|â–ˆâ–ˆâ–ˆâ–ˆâ–ˆâ–ˆâ–ˆâ–ˆâ–‹ | 9568/10995 [00:28<00:04, 323.63it/s]
 87%|â–ˆâ–ˆâ–ˆâ–ˆâ–ˆâ–ˆâ–ˆâ–ˆâ–‹ | 9601/10995 [00:28<00:04, 314.91it/s]
 88%|â–ˆâ–ˆâ–ˆâ–ˆâ–ˆâ–ˆâ–ˆâ–ˆâ–Š | 9633/10995 [00:28<00:04, 305.27it/s]
 88%|â–ˆâ–ˆâ–ˆâ–ˆâ–ˆâ–ˆâ–ˆâ–ˆâ–Š | 9668/10995 [00:28<00:04, 316.96it/s]
 88%|â–ˆâ–ˆâ–ˆâ–ˆâ–ˆâ–ˆâ–ˆâ–ˆâ–Š | 9702/10995 [00:28<00:04, 322.17it/s]
 89%|â–ˆâ–ˆâ–ˆâ–ˆâ–ˆâ–ˆâ–ˆâ–ˆâ–Š | 9735/10995 [00:28<00:03, 318.38it/s]
 89%|â–ˆâ–ˆâ–ˆâ–ˆâ–ˆâ–ˆâ–ˆâ–ˆâ–‰ | 9773/10995 [00:29<00:03, 331.87it/s]
 89%|â–ˆâ–ˆâ–ˆâ–ˆâ–ˆâ–ˆâ–ˆâ–ˆâ–‰ | 9815/10995 [00:29<00:03, 352.89it/s]
 90%|â–ˆâ–ˆâ–ˆâ–ˆâ–ˆâ–ˆâ–ˆâ–ˆâ–‰ | 9853/10995 [00:29<00:03, 354.17it/s]
 90%|â–ˆâ–ˆâ–ˆâ–ˆâ–ˆâ–ˆâ–ˆâ–ˆâ–‰ | 9889/10995 [00:29<00:03, 346.41it/s]
 90%|â–ˆâ–ˆâ–ˆâ–ˆâ–ˆâ–ˆâ–ˆâ–ˆâ–ˆ | 9924/10995 [00:29<00:03, 343.23it/s]
 91%|â–ˆâ–ˆâ–ˆâ–ˆâ–ˆâ–ˆâ–ˆâ–ˆâ–ˆ | 9959/10995 [00:29<00:03, 320.16it/s]
 91%|â–ˆâ–ˆâ–ˆâ–ˆâ–ˆâ–ˆâ–ˆâ–ˆâ–ˆ | 9992/10995 [00:29<00:03, 321.65it/s]
 91%|â–ˆâ–ˆâ–ˆâ–ˆâ–ˆâ–ˆâ–ˆâ–ˆâ–ˆ | 10025/10995 [00:29<00:03, 321.30it/s]
 91%|â–ˆâ–ˆâ–ˆâ–ˆâ–ˆâ–ˆâ–ˆâ–ˆâ–ˆâ–| 10058/10995 [00:29<00:02, 314.25it/s]
 92%|â–ˆâ–ˆâ–ˆâ–ˆâ–ˆâ–ˆâ–ˆâ–ˆâ–ˆâ–| 10090/10995 [00:30<00:02, 314.83it/s]
 92%|â–ˆâ–ˆâ–ˆâ–ˆâ–ˆâ–ˆâ–ˆâ–ˆâ–ˆâ–| 10124/10995 [00:30<00:02, 319.90it/s]
 92%|â–ˆâ–ˆâ–ˆâ–ˆâ–ˆâ–ˆâ–ˆâ–ˆâ–ˆâ–| 10157/10995 [00:30<00:02, 309.01it/s]
 93%|â–ˆâ–ˆâ–ˆâ–ˆâ–ˆâ–ˆâ–ˆâ–ˆâ–ˆâ–Ž| 10189/10995 [00:30<00:02, 312.10it/s]
 93%|â–ˆâ–ˆâ–ˆâ–ˆâ–ˆâ–ˆâ–ˆâ–ˆâ–ˆâ–Ž| 10221/10995 [00:30<00:02, 311.09it/s]
 93%|â–ˆâ–ˆâ–ˆâ–ˆâ–ˆâ–ˆâ–ˆâ–ˆâ–ˆâ–Ž| 10253/10995 [00:30<00:02, 309.19it/s]
 94%|â–ˆâ–ˆâ–ˆâ–ˆâ–ˆâ–ˆâ–ˆâ–ˆâ–ˆâ–Ž| 10285/10995 [00:30<00:02, 311.01it/s]
 94%|â–ˆâ–ˆâ–ˆâ–ˆâ–ˆâ–ˆâ–ˆâ–ˆâ–ˆâ–| 10318/10995 [00:30<00:02, 314.84it/s]
 94%|â–ˆâ–ˆâ–ˆâ–ˆâ–ˆâ–ˆâ–ˆâ–ˆâ–ˆâ–| 10351/10995 [00:30<00:02, 315.44it/s]
 94%|â–ˆâ–ˆâ–ˆâ–ˆâ–ˆâ–ˆâ–ˆâ–ˆâ–ˆâ–| 10383/10995 [00:30<00:01, 314.80it/s]
 95%|â–ˆâ–ˆâ–ˆâ–ˆâ–ˆâ–ˆâ–ˆâ–ˆâ–ˆâ–| 10417/10995 [00:31<00:01, 321.46it/s]
 95%|â–ˆâ–ˆâ–ˆâ–ˆâ–ˆâ–ˆâ–ˆâ–ˆâ–ˆâ–Œ| 10451/10995 [00:31<00:01, 326.74it/s]
 95%|â–ˆâ–ˆâ–ˆâ–ˆâ–ˆâ–ˆâ–ˆâ–ˆâ–ˆâ–Œ| 10484/10995 [00:31<00:01, 327.20it/s]
 96%|â–ˆâ–ˆâ–ˆâ–ˆâ–ˆâ–ˆâ–ˆâ–ˆâ–ˆâ–Œ| 10519/10995 [00:31<00:01, 328.83it/s]
 96%|â–ˆâ–ˆâ–ˆâ–ˆâ–ˆâ–ˆâ–ˆâ–ˆâ–ˆâ–Œ| 10553/10995 [00:31<00:01, 331.08it/s]
 96%|â–ˆâ–ˆâ–ˆâ–ˆâ–ˆâ–ˆâ–ˆâ–ˆâ–ˆâ–‹| 10587/10995 [00:31<00:01, 331.62it/s]
 97%|â–ˆâ–ˆâ–ˆâ–ˆâ–ˆâ–ˆâ–ˆâ–ˆâ–ˆâ–‹| 10621/10995 [00:31<00:01, 331.83it/s]
 97%|â–ˆâ–ˆâ–ˆâ–ˆâ–ˆâ–ˆâ–ˆâ–ˆâ–ˆâ–‹| 10655/10995 [00:31<00:01, 333.24it/s]
 97%|â–ˆâ–ˆâ–ˆâ–ˆâ–ˆâ–ˆâ–ˆâ–ˆâ–ˆâ–‹| 10689/10995 [00:31<00:00, 324.29it/s]
 98%|â–ˆâ–ˆâ–ˆâ–ˆâ–ˆâ–ˆâ–ˆâ–ˆâ–ˆâ–Š| 10722/10995 [00:32<00:00, 319.91it/s]
 98%|â–ˆâ–ˆâ–ˆâ–ˆâ–ˆâ–ˆâ–ˆâ–ˆâ–ˆâ–Š| 10759/10995 [00:32<00:00, 333.05it/s]
 98%|â–ˆâ–ˆâ–ˆâ–ˆâ–ˆâ–ˆâ–ˆâ–ˆâ–ˆâ–Š| 10793/10995 [00:32<00:00, 334.56it/s]
 98%|â–ˆâ–ˆâ–ˆâ–ˆâ–ˆâ–ˆâ–ˆâ–ˆâ–ˆâ–Š| 10827/10995 [00:32<00:00, 332.93it/s]
 99%|â–ˆâ–ˆâ–ˆâ–ˆâ–ˆâ–ˆâ–ˆâ–ˆâ–ˆâ–‰| 10861/10995 [00:32<00:00, 329.48it/s]
 99%|â–ˆâ–ˆâ–ˆâ–ˆâ–ˆâ–ˆâ–ˆâ–ˆâ–ˆâ–‰| 10895/10995 [00:32<00:00, 328.85it/s]
 99%|â–ˆâ–ˆâ–ˆâ–ˆâ–ˆâ–ˆâ–ˆâ–ˆâ–ˆâ–‰| 10931/10995 [00:32<00:00, 335.30it/s]
100%|â–ˆâ–ˆâ–ˆâ–ˆâ–ˆâ–ˆâ–ˆâ–ˆâ–ˆâ–‰| 10970/10995 [00:32<00:00, 345.67it/s]
100%|â–ˆâ–ˆâ–ˆâ–ˆâ–ˆâ–ˆâ–ˆâ–ˆâ–ˆâ–ˆ| 10995/10995 [00:32<00:00, 334.94it/s]
20:50:52 - [DEBUG] - Time to execute query: 0.02 secs
20:50:55 - [DEBUG] - Preparing to execute 20 queries.
20:50:55 - [DEBUG] - Starting to execute query SELECT _vid_, val_id, count(*) violations FROM   "tax_nwcpk_2" as t1, "tax_nwcpk_2" as t2, pos_values as t3 WHERE  t1._tid_ != t2._tid_   AND  t1._tid_ = t3._tid_   AND  t3.attribute = 'zip'   AND  t1."city"<>t2."city"   AND  t3.rv_val = t2."zip" GROUP BY _vid_, val_id with id 0
20:50:55 - [DEBUG] - Time to execute query with id 0: 0.01 secs
20:50:55 - [DEBUG] - Starting to execute query SELECT _vid_, val_id, count(*) violations FROM   "tax_nwcpk_2" as t1, "tax_nwcpk_2" as t2, pos_values as t3 WHERE  t1._tid_ != t2._tid_   AND  t1._tid_ = t3._tid_   AND  t3.attribute = 'city'   AND  t1."zip"=t2."zip"   AND  t3.rv_val <> t2."city" GROUP BY _vid_, val_id with id 1
20:50:55 - [DEBUG] - Time to execute query with id 1: 0.00 secs
20:50:55 - [DEBUG] - Starting to execute query SELECT _vid_, val_id, count(*) violations FROM   "tax_nwcpk_2" as t1, "tax_nwcpk_2" as t2, pos_values as t3 WHERE  t1._tid_ != t2._tid_   AND  t1._tid_ = t3._tid_   AND  t3.attribute = 'zip'   AND  t1."state"<>t2."state"   AND  t3.rv_val = t2."zip" GROUP BY _vid_, val_id with id 2
20:50:55 - [DEBUG] - Time to execute query with id 2: 0.00 secs
20:50:55 - [DEBUG] - Starting to execute query SELECT _vid_, val_id, count(*) violations FROM   "tax_nwcpk_2" as t1, "tax_nwcpk_2" as t2, pos_values as t3 WHERE  t1._tid_ != t2._tid_   AND  t1._tid_ = t3._tid_   AND  t3.attribute = 'state'   AND  t1."zip"=t2."zip"   AND  t3.rv_val <> t2."state" GROUP BY _vid_, val_id with id 3
20:50:55 - [DEBUG] - Time to execute query with id 3: 0.01 secs
20:50:55 - [DEBUG] - Starting to execute query SELECT _vid_, val_id, count(*) violations FROM   "tax_nwcpk_2" as t1, "tax_nwcpk_2" as t2, pos_values as t3 WHERE  t1._tid_ != t2._tid_   AND  t1._tid_ = t3._tid_   AND  t3.attribute = 'zip'   AND  t1."haschild"=t2."haschild" AND t1."childexemp"<>t2."childexemp"   AND  t3.rv_val = t2."zip" GROUP BY _vid_, val_id with id 4
20:50:55 - [DEBUG] - Time to execute query with id 4: 0.00 secs
20:50:55 - [DEBUG] - Starting to execute query SELECT _vid_, val_id, count(*) violations FROM   "tax_nwcpk_2" as t1, "tax_nwcpk_2" as t2, pos_values as t3 WHERE  t1._tid_ != t2._tid_   AND  t1._tid_ = t3._tid_   AND  t3.attribute = 'haschild'   AND  t1."zip"=t2."zip" AND t1."childexemp"<>t2."childexemp"   AND  t3.rv_val = t2."haschild" GROUP BY _vid_, val_id with id 5
20:50:55 - [DEBUG] - Time to execute query with id 5: 0.00 secs
20:50:55 - [DEBUG] - Starting to execute query SELECT _vid_, val_id, count(*) violations FROM   "tax_nwcpk_2" as t1, "tax_nwcpk_2" as t2, pos_values as t3 WHERE  t1._tid_ != t2._tid_   AND  t1._tid_ = t3._tid_   AND  t3.attribute = 'childexemp'   AND  t1."zip"=t2."zip" AND t1."haschild"=t2."haschild"   AND  t3.rv_val <> t2."childexemp" GROUP BY _vid_, val_id with id 6
20:50:55 - [DEBUG] - Time to execute query with id 6: 0.02 secs
20:50:55 - [DEBUG] - Starting to execute query SELECT _vid_, val_id, count(*) violations FROM   "tax_nwcpk_2" as t1, "tax_nwcpk_2" as t2, pos_values as t3 WHERE  t1._tid_ != t2._tid_   AND  t1._tid_ = t3._tid_   AND  t3.attribute = 'zip'   AND  t1."maritalstatus"=t2."maritalstatus" AND t1."singleexemp"<>t2."singleexemp"   AND  t3.rv_val = t2."zip" GROUP BY _vid_, val_id with id 7
20:50:55 - [DEBUG] - Time to execute query with id 7: 0.00 secs
20:50:55 - [DEBUG] - Starting to execute query SELECT _vid_, val_id, count(*) violations FROM   "tax_nwcpk_2" as t1, "tax_nwcpk_2" as t2, pos_values as t3 WHERE  t1._tid_ != t2._tid_   AND  t1._tid_ = t3._tid_   AND  t3.attribute = 'maritalstatus'   AND  t1."zip"=t2."zip" AND t1."singleexemp"<>t2."singleexemp"   AND  t3.rv_val = t2."maritalstatus" GROUP BY _vid_, val_id with id 8
20:50:55 - [DEBUG] - Time to execute query with id 8: 0.00 secs
20:50:55 - [DEBUG] - Starting to execute query SELECT _vid_, val_id, count(*) violations FROM   "tax_nwcpk_2" as t1, "tax_nwcpk_2" as t2, pos_values as t3 WHERE  t1._tid_ != t2._tid_   AND  t1._tid_ = t3._tid_   AND  t3.attribute = 'singleexemp'   AND  t1."zip"=t2."zip" AND t1."maritalstatus"=t2."maritalstatus"   AND  t3.rv_val <> t2."singleexemp" GROUP BY _vid_, val_id with id 9
20:50:55 - [DEBUG] - Time to execute query with id 9: 0.01 secs
20:50:55 - [DEBUG] - Starting to execute query SELECT _vid_, val_id, count(*) violations FROM   "tax_nwcpk_2" as t1, "tax_nwcpk_2" as t2, pos_values as t3 WHERE  t1._tid_ != t2._tid_   AND  t1._tid_ = t3._tid_   AND  t3.attribute = 'zip'   AND  t1."maritalstatus"=t2."maritalstatus" AND t1."marriedexemp"<>t2."marriedexemp"   AND  t3.rv_val = t2."zip" GROUP BY _vid_, val_id with id 10
20:50:55 - [DEBUG] - Time to execute query with id 10: 0.00 secs
20:50:55 - [DEBUG] - Starting to execute query SELECT _vid_, val_id, count(*) violations FROM   "tax_nwcpk_2" as t1, "tax_nwcpk_2" as t2, pos_values as t3 WHERE  t1._tid_ != t2._tid_   AND  t1._tid_ = t3._tid_   AND  t3.attribute = 'maritalstatus'   AND  t1."zip"=t2."zip" AND t1."marriedexemp"<>t2."marriedexemp"   AND  t3.rv_val = t2."maritalstatus" GROUP BY _vid_, val_id with id 11
20:50:55 - [DEBUG] - Time to execute query with id 11: 0.00 secs
20:50:55 - [DEBUG] - Starting to execute query SELECT _vid_, val_id, count(*) violations FROM   "tax_nwcpk_2" as t1, "tax_nwcpk_2" as t2, pos_values as t3 WHERE  t1._tid_ != t2._tid_   AND  t1._tid_ = t3._tid_   AND  t3.attribute = 'marriedexemp'   AND  t1."zip"=t2."zip" AND t1."maritalstatus"=t2."maritalstatus"   AND  t3.rv_val <> t2."marriedexemp" GROUP BY _vid_, val_id with id 12
20:50:56 - [DEBUG] - Time to execute query with id 12: 0.02 secs
20:50:56 - [DEBUG] - Starting to execute query SELECT _vid_, val_id, count(*) violations FROM   "tax_nwcpk_2" as t1, "tax_nwcpk_2" as t2, pos_values as t3 WHERE  t1._tid_ != t2._tid_   AND  t1._tid_ = t3._tid_   AND  t3.attribute = 'fname'   AND  t1."gender"<>t2."gender"   AND  t3.rv_val = t2."fname" GROUP BY _vid_, val_id with id 13
20:50:56 - [DEBUG] - Time to execute query with id 13: 0.01 secs
20:50:56 - [DEBUG] - Starting to execute query SELECT _vid_, val_id, count(*) violations FROM   "tax_nwcpk_2" as t1, "tax_nwcpk_2" as t2, pos_values as t3 WHERE  t1._tid_ != t2._tid_   AND  t1._tid_ = t3._tid_   AND  t3.attribute = 'gender'   AND  t1."fname"=t2."fname"   AND  t3.rv_val <> t2."gender" GROUP BY _vid_, val_id with id 14
20:50:56 - [DEBUG] - Time to execute query with id 14: 0.00 secs
20:50:56 - [DEBUG] - Starting to execute query SELECT _vid_, val_id, count(*) violations FROM   "tax_nwcpk_2" as t1, "tax_nwcpk_2" as t2, pos_values as t3 WHERE  t1._tid_ != t2._tid_   AND  t1._tid_ = t3._tid_   AND  t3.attribute = 'areacode'   AND  t1."state"<>t2."state"   AND  t3.rv_val = t2."areacode" GROUP BY _vid_, val_id with id 15
20:50:56 - [DEBUG] - Time to execute query with id 15: 0.01 secs
20:50:56 - [DEBUG] - Starting to execute query SELECT _vid_, val_id, count(*) violations FROM   "tax_nwcpk_2" as t1, "tax_nwcpk_2" as t2, pos_values as t3 WHERE  t1._tid_ != t2._tid_   AND  t1._tid_ = t3._tid_   AND  t3.attribute = 'state'   AND  t1."areacode"=t2."areacode"   AND  t3.rv_val <> t2."state" GROUP BY _vid_, val_id with id 16
20:50:57 - [DEBUG] - Time to execute query with id 16: 0.02 secs
20:50:57 - [DEBUG] - Starting to execute query SELECT _vid_, val_id, count(*) violations FROM   "tax_nwcpk_2" as t1, "tax_nwcpk_2" as t2, pos_values as t3 WHERE  t1._tid_ != t2._tid_   AND  t1._tid_ = t3._tid_   AND  t3.attribute = 'phone'   AND  t1."zip"=t2."zip" AND t1."areacode"<>t2."areacode"   AND  t3.rv_val = t2."phone" GROUP BY _vid_, val_id with id 17
20:50:57 - [DEBUG] - Time to execute query with id 17: 0.00 secs
20:50:57 - [DEBUG] - Starting to execute query SELECT _vid_, val_id, count(*) violations FROM   "tax_nwcpk_2" as t1, "tax_nwcpk_2" as t2, pos_values as t3 WHERE  t1._tid_ != t2._tid_   AND  t1._tid_ = t3._tid_   AND  t3.attribute = 'zip'   AND  t1."phone"=t2."phone" AND t1."areacode"<>t2."areacode"   AND  t3.rv_val = t2."zip" GROUP BY _vid_, val_id with id 18
20:50:57 - [DEBUG] - Time to execute query with id 18: 0.00 secs
20:50:57 - [DEBUG] - Starting to execute query SELECT _vid_, val_id, count(*) violations FROM   "tax_nwcpk_2" as t1, "tax_nwcpk_2" as t2, pos_values as t3 WHERE  t1._tid_ != t2._tid_   AND  t1._tid_ = t3._tid_   AND  t3.attribute = 'areacode'   AND  t1."phone"=t2."phone" AND t1."zip"=t2."zip"   AND  t3.rv_val <> t2."areacode" GROUP BY _vid_, val_id with id 19
20:50:57 - [DEBUG] - Time to execute query with id 19: 0.00 secs
20:50:57 - [DEBUG] - Time to execute 20 queries: 0.14 secs
20:51:00 - [DEBUG] - DONE featurization.
20:51:00 - [DEBUG] - generating weak labels...
20:51:00 - [DEBUG] - Time to execute query: 0.05 secs

  0%|          | 0/8486 [00:00<?, ?it/s]
 57%|â–ˆâ–ˆâ–ˆâ–ˆâ–ˆâ–‹    | 4802/8486 [00:00<00:00, 48019.47it/s]
100%|â–ˆâ–ˆâ–ˆâ–ˆâ–ˆâ–ˆâ–ˆâ–ˆâ–ˆâ–ˆ| 8486/8486 [00:00<00:00, 49539.53it/s]
20:51:00 - [DEBUG] - DONE generating weak labels.
20:51:00 - [DEBUG] - generating mask...
20:51:00 - [DEBUG] - Time to execute query: 0.01 secs

  0%|          | 0/10995 [00:00<?, ?it/s]
 69%|â–ˆâ–ˆâ–ˆâ–ˆâ–ˆâ–ˆâ–Š   | 7543/10995 [00:00<00:00, 75427.55it/s]
100%|â–ˆâ–ˆâ–ˆâ–ˆâ–ˆâ–ˆâ–ˆâ–ˆâ–ˆâ–ˆ| 10995/10995 [00:00<00:00, 75101.86it/s]
20:51:01 - [DEBUG] - DONE generating mask.
20:51:01 - [ INFO] - DONE setting up featurized dataset.
20:51:01 - [DEBUG] - Time to featurize data: 56.83 secs
20:51:01 - [ INFO] - DONE setting up repair model.
20:51:01 - [DEBUG] - Time to setup repair model: 56.83 secs
20:51:01 - [ INFO] - training with 8486 training examples (cells)

  0%|          | 0/10 [00:00<?, ?it/s]20:51:10 - [DEBUG] - Epoch 1, cost = 0.243135, acc = 98.83%

 10%|â–ˆ         | 1/10 [00:09<01:21,  9.04s/it]20:51:18 - [DEBUG] - Epoch 2, cost = 0.113205, acc = 98.82%

 20%|â–ˆâ–ˆ        | 2/10 [00:17<01:09,  8.72s/it]20:51:26 - [DEBUG] - Epoch 3, cost = 0.110982, acc = 98.80%

 30%|â–ˆâ–ˆâ–ˆ       | 3/10 [00:25<01:00,  8.65s/it]20:51:35 - [DEBUG] - Epoch 4, cost = 0.110659, acc = 98.80%

 40%|â–ˆâ–ˆâ–ˆâ–ˆ      | 4/10 [00:33<00:51,  8.54s/it]20:51:43 - [DEBUG] - Epoch 5, cost = 0.110602, acc = 98.80%

 50%|â–ˆâ–ˆâ–ˆâ–ˆâ–ˆ     | 5/10 [00:41<00:42,  8.44s/it]20:51:51 - [DEBUG] - Epoch 6, cost = 0.110590, acc = 98.80%

 60%|â–ˆâ–ˆâ–ˆâ–ˆâ–ˆâ–ˆ    | 6/10 [00:49<00:32,  8.22s/it]20:51:59 - [DEBUG] - Epoch 7, cost = 0.110587, acc = 98.80%

 70%|â–ˆâ–ˆâ–ˆâ–ˆâ–ˆâ–ˆâ–ˆ   | 7/10 [00:57<00:24,  8.20s/it]20:52:07 - [DEBUG] - Epoch 8, cost = 0.110586, acc = 98.80%

 80%|â–ˆâ–ˆâ–ˆâ–ˆâ–ˆâ–ˆâ–ˆâ–ˆ  | 8/10 [01:06<00:16,  8.23s/it]20:52:15 - [DEBUG] - Epoch 9, cost = 0.110585, acc = 98.80%

 90%|â–ˆâ–ˆâ–ˆâ–ˆâ–ˆâ–ˆâ–ˆâ–ˆâ–ˆ | 9/10 [01:14<00:08,  8.19s/it]20:52:23 - [DEBUG] - Epoch 10, cost = 0.110585, acc = 98.80%

100%|â–ˆâ–ˆâ–ˆâ–ˆâ–ˆâ–ˆâ–ˆâ–ˆâ–ˆâ–ˆ| 10/10 [01:22<00:00,  8.14s/it]
20:52:23 - [ INFO] - DONE training repair model.
20:52:23 - [DEBUG] - Time to fit repair model: 111.85 secs
20:52:24 - [ INFO] - inferring on 3476 examples (cells)
20:52:24 - [DEBUG] - Time to execute query: 0.38 secs
20:52:25 - [DEBUG] - Time to create index: 0.00 secs
20:52:26 - [DEBUG] - Time to create index: 0.00 secs
20:52:26 - [ INFO] - DONE inferring repairs.
20:52:26 - [DEBUG] - Time to infer correct cell values: 4.27 secs
20:52:26 - [DEBUG] - Time to create table: 0.00 secs
20:52:26 - [DEBUG] - Time to create index: 0.00 secs
20:52:26 - [DEBUG] - Time to create index: 0.00 secs
20:52:26 - [ INFO] - DONE collecting the inferred values.
20:52:26 - [DEBUG] - Time to collect inferred values: 0.05 secs
20:52:26 - [ INFO] - DONE generating repaired dataset
20:52:26 - [DEBUG] - Time to store repaired dataset: 0.18 secs
20:52:26 - [ INFO] - featurizer InitAttrFeaturizer,size 16,max 1.0000,min 1.0000,avg 1.0000,abs_avg 1.0000,weights:
tno 1.0
fname 1.0
lname 1.0
gender 1.0
areacode 1.0
phone 1.0
city 1.0
state 1.0
zip 1.0
maritalstatus 1.0
haschild 1.0
salary 1.0
rate 1.0
singleexemp 1.0
marriedexemp 1.0
childexemp 1.0
featurizer OccurAttrFeaturizer,size 256,max 0.8300,min -0.8026,avg 0.1157,abs_avg 0.1453,weights:
tno X tno 0.0
tno X fname 0.0
tno X lname -0.0
tno X gender 0.0
tno X areacode -0.0
tno X phone -0.0
tno X city -0.0
tno X state -0.0
tno X zip -0.0
tno X maritalstatus -0.0
tno X haschild -0.0
tno X salary -0.0
tno X rate 0.0
tno X singleexemp 0.0
tno X marriedexemp -0.0
tno X childexemp 0.0
fname X tno 0.83
fname X fname -0.0
fname X lname 0.755
fname X gender 0.014
fname X areacode 0.002
fname X phone 0.83
fname X city 0.123
fname X state 0.015
fname X zip 0.297
fname X maritalstatus 0.001
fname X haschild 0.001
fname X salary 0.01
fname X rate 0.0
fname X singleexemp 0.008
fname X marriedexemp 0.028
fname X childexemp 0.021
lname X tno 0.0
lname X fname -0.0
lname X lname 0.0
lname X gender -0.0
lname X areacode -0.0
lname X phone 0.0
lname X city 0.0
lname X state 0.0
lname X zip 0.0
lname X maritalstatus -0.0
lname X haschild -0.0
lname X salary 0.0
lname X rate -0.0
lname X singleexemp 0.0
lname X marriedexemp 0.0
lname X childexemp -0.0
gender X tno 0.623
gender X fname 0.623
gender X lname 0.589
gender X gender -0.0
gender X areacode 0.205
gender X phone 0.623
gender X city 0.372
gender X state 0.206
gender X zip 0.37
gender X maritalstatus 0.203
gender X haschild 0.203
gender X salary 0.205
gender X rate 0.203
gender X singleexemp 0.196
gender X marriedexemp 0.187
gender X childexemp 0.198
areacode X tno -0.184
areacode X fname -0.169
areacode X lname -0.162
areacode X gender -0.185
areacode X areacode 0.0
areacode X phone -0.184
areacode X city -0.17
areacode X state -0.803
areacode X zip -0.14
areacode X maritalstatus -0.211
areacode X haschild -0.21
areacode X salary -0.216
areacode X rate -0.319
areacode X singleexemp -0.247
areacode X marriedexemp -0.277
areacode X childexemp -0.28
phone X tno -0.0
phone X fname 0.0
phone X lname 0.0
phone X gender -0.0
phone X areacode 0.0
phone X phone -0.0
phone X city -0.0
phone X state 0.0
phone X zip -0.0
phone X maritalstatus -0.0
phone X haschild -0.0
phone X salary -0.0
phone X rate 0.0
phone X singleexemp -0.0
phone X marriedexemp 0.0
phone X childexemp 0.0
city X tno 0.351
city X fname 0.452
city X lname 0.434
city X gender 0.003
city X areacode -0.001
city X phone 0.351
city X city -0.0
city X state -0.003
city X zip 0.42
city X maritalstatus -0.001
city X haschild -0.002
city X salary 0.0
city X rate -0.003
city X singleexemp 0.016
city X marriedexemp -0.015
city X childexemp 0.002
state X tno 0.23
state X fname 0.222
state X lname 0.223
state X gender 0.076
state X areacode 0.23
state X phone 0.23
state X city 0.224
state X state 0.0
state X zip 0.23
state X maritalstatus 0.072
state X haschild 0.072
state X salary 0.072
state X rate 0.218
state X singleexemp 0.156
state X marriedexemp 0.093
state X childexemp 0.118
zip X tno 0.555
zip X fname 0.541
zip X lname 0.546
zip X gender 0.014
zip X areacode 0.007
zip X phone 0.555
zip X city 0.312
zip X state 0.022
zip X zip 0.0
zip X maritalstatus 0.001
zip X haschild 0.001
zip X salary 0.007
zip X rate 0.002
zip X singleexemp 0.013
zip X marriedexemp 0.008
zip X childexemp 0.008
maritalstatus X tno 0.359
maritalstatus X fname 0.326
maritalstatus X lname 0.323
maritalstatus X gender 0.019
maritalstatus X areacode 0.003
maritalstatus X phone 0.359
maritalstatus X city 0.14
maritalstatus X state 0.016
maritalstatus X zip 0.14
maritalstatus X maritalstatus 0.0
maritalstatus X haschild 0.002
maritalstatus X salary 0.0
maritalstatus X rate -0.002
maritalstatus X singleexemp 0.082
maritalstatus X marriedexemp 0.083
maritalstatus X childexemp 0.003
haschild X tno 0.349
haschild X fname 0.324
haschild X lname 0.327
haschild X gender 0.021
haschild X areacode -0.006
haschild X phone 0.349
haschild X city 0.131
haschild X state 0.017
haschild X zip 0.133
haschild X maritalstatus 0.003
haschild X haschild 0.0
haschild X salary 0.012
haschild X rate 0.002
haschild X singleexemp 0.003
haschild X marriedexemp 0.01
haschild X childexemp 0.088
salary X tno 0.0
salary X fname 0.0
salary X lname 0.0
salary X gender -0.0
salary X areacode -0.0
salary X phone -0.0
salary X city 0.0
salary X state -0.0
salary X zip -0.0
salary X maritalstatus 0.0
salary X haschild 0.0
salary X salary -0.0
salary X rate 0.0
salary X singleexemp 0.0
salary X marriedexemp 0.0
salary X childexemp 0.0
rate X tno 0.0
rate X fname -0.0
rate X lname 0.0
rate X gender 0.0
rate X areacode -0.0
rate X phone 0.0
rate X city 0.0
rate X state -0.0
rate X zip -0.0
rate X maritalstatus -0.0
rate X haschild -0.0
rate X salary 0.0
rate X rate 0.0
rate X singleexemp -0.0
rate X marriedexemp 0.0
rate X childexemp 0.0
singleexemp X tno 0.456
singleexemp X fname 0.437
singleexemp X lname 0.434
singleexemp X gender 0.178
singleexemp X areacode 0.28
singleexemp X phone 0.456
singleexemp X city 0.374
singleexemp X state 0.272
singleexemp X zip 0.402
singleexemp X maritalstatus 0.229
singleexemp X haschild 0.183
singleexemp X salary 0.187
singleexemp X rate 0.274
singleexemp X singleexemp 0.0
singleexemp X marriedexemp 0.192
singleexemp X childexemp 0.197
marriedexemp X tno 0.499
marriedexemp X fname 0.484
marriedexemp X lname 0.468
marriedexemp X gender 0.218
marriedexemp X areacode 0.291
marriedexemp X phone 0.499
marriedexemp X city 0.407
marriedexemp X state 0.285
marriedexemp X zip 0.43
marriedexemp X maritalstatus 0.286
marriedexemp X haschild 0.22
marriedexemp X salary 0.229
marriedexemp X rate 0.284
marriedexemp X singleexemp 0.241
marriedexemp X marriedexemp 0.0
marriedexemp X childexemp 0.221
childexemp X tno 0.516
childexemp X fname 0.501
childexemp X lname 0.487
childexemp X gender 0.204
childexemp X areacode 0.29
childexemp X phone 0.516
childexemp X city 0.406
childexemp X state 0.286
childexemp X zip 0.441
childexemp X maritalstatus 0.217
childexemp X haschild 0.298
childexemp X salary 0.226
childexemp X rate 0.29
childexemp X singleexemp 0.242
childexemp X marriedexemp 0.215
childexemp X childexemp -0.0
featurizer FreqFeaturizer,size 16,max 0.2199,min -0.2128,avg 0.0424,abs_avg 0.0696,weights:
tno 0.0
fname 0.0
lname 0.0
gender 0.203
areacode -0.213
phone -0.0
city -0.001
state 0.072
zip 0.0
maritalstatus -0.002
haschild -0.001
salary 0.0
rate -0.0
singleexemp 0.183
marriedexemp 0.22
childexemp 0.218
featurizer ConstraintFeaturizer,size 20,max 0.0000,min -0.8806,avg -0.0880,abs_avg 0.0880,weights:
fixed pred: t1."city"<>t2."city", violation pred: t1."zip"=t2."zip" -0.099
fixed pred: t1."zip"=t2."zip", violation pred: t1."city"<>t2."city" -0.114
fixed pred: t1."state"<>t2."state", violation pred: t1."zip"=t2."zip" -0.115
fixed pred: t1."zip"=t2."zip", violation pred: t1."state"<>t2."state" -0.021
fixed pred: t1."haschild"=t2."haschild" AND t1."childexemp"<>t2."childexemp", violation pred: t1."zip"=t2."zip" -0.009
fixed pred: t1."zip"=t2."zip" AND t1."childexemp"<>t2."childexemp", violation pred: t1."haschild"=t2."haschild" -0.043
fixed pred: t1."zip"=t2."zip" AND t1."haschild"=t2."haschild", violation pred: t1."childexemp"<>t2."childexemp" -0.026
fixed pred: t1."maritalstatus"=t2."maritalstatus" AND t1."singleexemp"<>t2."singleexemp", violation pred: t1."zip"=t2."zip" -0.049
fixed pred: t1."zip"=t2."zip" AND t1."singleexemp"<>t2."singleexemp", violation pred: t1."maritalstatus"=t2."maritalstatus" -0.028
fixed pred: t1."zip"=t2."zip" AND t1."maritalstatus"=t2."maritalstatus", violation pred: t1."singleexemp"<>t2."singleexemp" -0.049
fixed pred: t1."maritalstatus"=t2."maritalstatus" AND t1."marriedexemp"<>t2."marriedexemp", violation pred: t1."zip"=t2."zip" -0.018
fixed pred: t1."zip"=t2."zip" AND t1."marriedexemp"<>t2."marriedexemp", violation pred: t1."maritalstatus"=t2."maritalstatus" -0.025
fixed pred: t1."zip"=t2."zip" AND t1."maritalstatus"=t2."maritalstatus", violation pred: t1."marriedexemp"<>t2."marriedexemp" -0.046
fixed pred: t1."gender"<>t2."gender", violation pred: t1."fname"=t2."fname" -0.172
fixed pred: t1."fname"=t2."fname", violation pred: t1."gender"<>t2."gender" -0.013
fixed pred: t1."state"<>t2."state", violation pred: t1."areacode"=t2."areacode" -0.881
fixed pred: t1."areacode"=t2."areacode", violation pred: t1."state"<>t2."state" -0.053
fixed pred: t1."zip"=t2."zip" AND t1."areacode"<>t2."areacode", violation pred: t1."phone"=t2."phone" -0.0
fixed pred: t1."phone"=t2."phone" AND t1."areacode"<>t2."areacode", violation pred: t1."zip"=t2."zip" -0.0
fixed pred: t1."phone"=t2."phone" AND t1."zip"=t2."zip", violation pred: t1."areacode"<>t2."areacode" 0.0

20:52:26 - [DEBUG] - Time to store featurizer weights: 0.00 secs
20:52:28 - [DEBUG] - Time to create index: 0.00 secs
20:52:28 - [DEBUG] - Time to create index: 0.00 secs
20:52:28 - [ INFO] - DONE Loading subset_tax_1k_clean_index_holoclean.csv
20:52:28 - [DEBUG] - Time to evaluate repairs: 0.82 secs
20:52:28 - [DEBUG] - Time to execute query: 0.00 secs
20:52:28 - [DEBUG] - Time to execute query: 0.00 secs
20:52:28 - [DEBUG] - Preparing to execute 16 queries.
20:52:28 - [DEBUG] - Starting to execute query SELECT count(*) FROM  "tax_nwcpk_2" as t1, "tax_nwcpk_2_clean" as t2 WHERE t1._tid_ = t2._tid_   AND t2._attribute_ = 'tno'   AND t1."tno" != t2._value_ with id 0
20:52:28 - [DEBUG] - Time to execute query with id 0: 0.00 secs
20:52:28 - [DEBUG] - Starting to execute query SELECT count(*) FROM  "tax_nwcpk_2" as t1, "tax_nwcpk_2_clean" as t2 WHERE t1._tid_ = t2._tid_   AND t2._attribute_ = 'fname'   AND t1."fname" != t2._value_ with id 1
20:52:28 - [DEBUG] - Time to execute query with id 1: 0.00 secs
20:52:28 - [DEBUG] - Starting to execute query SELECT count(*) FROM  "tax_nwcpk_2" as t1, "tax_nwcpk_2_clean" as t2 WHERE t1._tid_ = t2._tid_   AND t2._attribute_ = 'lname'   AND t1."lname" != t2._value_ with id 2
20:52:28 - [DEBUG] - Time to execute query with id 2: 0.00 secs
20:52:28 - [DEBUG] - Starting to execute query SELECT count(*) FROM  "tax_nwcpk_2" as t1, "tax_nwcpk_2_clean" as t2 WHERE t1._tid_ = t2._tid_   AND t2._attribute_ = 'gender'   AND t1."gender" != t2._value_ with id 3
20:52:28 - [DEBUG] - Time to execute query with id 3: 0.00 secs
20:52:28 - [DEBUG] - Starting to execute query SELECT count(*) FROM  "tax_nwcpk_2" as t1, "tax_nwcpk_2_clean" as t2 WHERE t1._tid_ = t2._tid_   AND t2._attribute_ = 'areacode'   AND t1."areacode" != t2._value_ with id 4
20:52:28 - [DEBUG] - Time to execute query with id 4: 0.00 secs
20:52:28 - [DEBUG] - Starting to execute query SELECT count(*) FROM  "tax_nwcpk_2" as t1, "tax_nwcpk_2_clean" as t2 WHERE t1._tid_ = t2._tid_   AND t2._attribute_ = 'phone'   AND t1."phone" != t2._value_ with id 5
20:52:28 - [DEBUG] - Time to execute query with id 5: 0.00 secs
20:52:28 - [DEBUG] - Starting to execute query SELECT count(*) FROM  "tax_nwcpk_2" as t1, "tax_nwcpk_2_clean" as t2 WHERE t1._tid_ = t2._tid_   AND t2._attribute_ = 'city'   AND t1."city" != t2._value_ with id 6
20:52:28 - [DEBUG] - Time to execute query with id 6: 0.00 secs
20:52:28 - [DEBUG] - Starting to execute query SELECT count(*) FROM  "tax_nwcpk_2" as t1, "tax_nwcpk_2_clean" as t2 WHERE t1._tid_ = t2._tid_   AND t2._attribute_ = 'state'   AND t1."state" != t2._value_ with id 7
20:52:28 - [DEBUG] - Time to execute query with id 7: 0.00 secs
20:52:28 - [DEBUG] - Starting to execute query SELECT count(*) FROM  "tax_nwcpk_2" as t1, "tax_nwcpk_2_clean" as t2 WHERE t1._tid_ = t2._tid_   AND t2._attribute_ = 'zip'   AND t1."zip" != t2._value_ with id 8
20:52:28 - [DEBUG] - Time to execute query with id 8: 0.00 secs
20:52:28 - [DEBUG] - Starting to execute query SELECT count(*) FROM  "tax_nwcpk_2" as t1, "tax_nwcpk_2_clean" as t2 WHERE t1._tid_ = t2._tid_   AND t2._attribute_ = 'maritalstatus'   AND t1."maritalstatus" != t2._value_ with id 9
20:52:28 - [DEBUG] - Time to execute query with id 9: 0.00 secs
20:52:28 - [DEBUG] - Starting to execute query SELECT count(*) FROM  "tax_nwcpk_2" as t1, "tax_nwcpk_2_clean" as t2 WHERE t1._tid_ = t2._tid_   AND t2._attribute_ = 'haschild'   AND t1."haschild" != t2._value_ with id 10
20:52:28 - [DEBUG] - Time to execute query with id 10: 0.00 secs
20:52:28 - [DEBUG] - Starting to execute query SELECT count(*) FROM  "tax_nwcpk_2" as t1, "tax_nwcpk_2_clean" as t2 WHERE t1._tid_ = t2._tid_   AND t2._attribute_ = 'salary'   AND t1."salary" != t2._value_ with id 11
20:52:28 - [DEBUG] - Time to execute query with id 11: 0.00 secs
20:52:28 - [DEBUG] - Starting to execute query SELECT count(*) FROM  "tax_nwcpk_2" as t1, "tax_nwcpk_2_clean" as t2 WHERE t1._tid_ = t2._tid_   AND t2._attribute_ = 'rate'   AND t1."rate" != t2._value_ with id 12
20:52:28 - [DEBUG] - Time to execute query with id 12: 0.00 secs
20:52:28 - [DEBUG] - Starting to execute query SELECT count(*) FROM  "tax_nwcpk_2" as t1, "tax_nwcpk_2_clean" as t2 WHERE t1._tid_ = t2._tid_   AND t2._attribute_ = 'singleexemp'   AND t1."singleexemp" != t2._value_ with id 13
20:52:28 - [DEBUG] - Time to execute query with id 13: 0.00 secs
20:52:28 - [DEBUG] - Starting to execute query SELECT count(*) FROM  "tax_nwcpk_2" as t1, "tax_nwcpk_2_clean" as t2 WHERE t1._tid_ = t2._tid_   AND t2._attribute_ = 'marriedexemp'   AND t1."marriedexemp" != t2._value_ with id 14
20:52:28 - [DEBUG] - Time to execute query with id 14: 0.00 secs
20:52:28 - [DEBUG] - Starting to execute query SELECT count(*) FROM  "tax_nwcpk_2" as t1, "tax_nwcpk_2_clean" as t2 WHERE t1._tid_ = t2._tid_   AND t2._attribute_ = 'childexemp'   AND t1."childexemp" != t2._value_ with id 15
20:52:28 - [DEBUG] - Time to execute query with id 15: 0.00 secs
20:52:28 - [DEBUG] - Time to execute 16 queries: 0.02 secs
20:52:28 - [DEBUG] - Time to execute query: 0.00 secs
20:52:28 - [DEBUG] - Preparing to execute 16 queries.
20:52:28 - [DEBUG] - Starting to execute query SELECT COUNT(*) FROM   (SELECT t2._tid_, t2._attribute_, t2._value_      FROM "tax_nwcpk_2" as t1, "tax_nwcpk_2_clean" as t2     WHERE t1._tid_ = t2._tid_       AND t2._attribute_ = 'tno'       AND t1."tno" != t2._value_ ) as errors, inf_values_dom as repairs WHERE errors._tid_ = repairs._tid_   AND errors._attribute_ = repairs.attribute   AND errors._value_ = repairs.rv_value with id 0
20:52:28 - [DEBUG] - Time to execute query with id 0: 0.00 secs
20:52:28 - [DEBUG] - Starting to execute query SELECT COUNT(*) FROM   (SELECT t2._tid_, t2._attribute_, t2._value_      FROM "tax_nwcpk_2" as t1, "tax_nwcpk_2_clean" as t2     WHERE t1._tid_ = t2._tid_       AND t2._attribute_ = 'fname'       AND t1."fname" != t2._value_ ) as errors, inf_values_dom as repairs WHERE errors._tid_ = repairs._tid_   AND errors._attribute_ = repairs.attribute   AND errors._value_ = repairs.rv_value with id 1
20:52:28 - [DEBUG] - Time to execute query with id 1: 0.00 secs
20:52:28 - [DEBUG] - Starting to execute query SELECT COUNT(*) FROM   (SELECT t2._tid_, t2._attribute_, t2._value_      FROM "tax_nwcpk_2" as t1, "tax_nwcpk_2_clean" as t2     WHERE t1._tid_ = t2._tid_       AND t2._attribute_ = 'lname'       AND t1."lname" != t2._value_ ) as errors, inf_values_dom as repairs WHERE errors._tid_ = repairs._tid_   AND errors._attribute_ = repairs.attribute   AND errors._value_ = repairs.rv_value with id 2
20:52:28 - [DEBUG] - Time to execute query with id 2: 0.00 secs
20:52:28 - [DEBUG] - Starting to execute query SELECT COUNT(*) FROM   (SELECT t2._tid_, t2._attribute_, t2._value_      FROM "tax_nwcpk_2" as t1, "tax_nwcpk_2_clean" as t2     WHERE t1._tid_ = t2._tid_       AND t2._attribute_ = 'gender'       AND t1."gender" != t2._value_ ) as errors, inf_values_dom as repairs WHERE errors._tid_ = repairs._tid_   AND errors._attribute_ = repairs.attribute   AND errors._value_ = repairs.rv_value with id 3
20:52:28 - [DEBUG] - Time to execute query with id 3: 0.00 secs
20:52:28 - [DEBUG] - Starting to execute query SELECT COUNT(*) FROM   (SELECT t2._tid_, t2._attribute_, t2._value_      FROM "tax_nwcpk_2" as t1, "tax_nwcpk_2_clean" as t2     WHERE t1._tid_ = t2._tid_       AND t2._attribute_ = 'areacode'       AND t1."areacode" != t2._value_ ) as errors, inf_values_dom as repairs WHERE errors._tid_ = repairs._tid_   AND errors._attribute_ = repairs.attribute   AND errors._value_ = repairs.rv_value with id 4
20:52:28 - [DEBUG] - Time to execute query with id 4: 0.00 secs
20:52:28 - [DEBUG] - Starting to execute query SELECT COUNT(*) FROM   (SELECT t2._tid_, t2._attribute_, t2._value_      FROM "tax_nwcpk_2" as t1, "tax_nwcpk_2_clean" as t2     WHERE t1._tid_ = t2._tid_       AND t2._attribute_ = 'phone'       AND t1."phone" != t2._value_ ) as errors, inf_values_dom as repairs WHERE errors._tid_ = repairs._tid_   AND errors._attribute_ = repairs.attribute   AND errors._value_ = repairs.rv_value with id 5
20:52:28 - [DEBUG] - Time to execute query with id 5: 0.00 secs
20:52:28 - [DEBUG] - Starting to execute query SELECT COUNT(*) FROM   (SELECT t2._tid_, t2._attribute_, t2._value_      FROM "tax_nwcpk_2" as t1, "tax_nwcpk_2_clean" as t2     WHERE t1._tid_ = t2._tid_       AND t2._attribute_ = 'city'       AND t1."city" != t2._value_ ) as errors, inf_values_dom as repairs WHERE errors._tid_ = repairs._tid_   AND errors._attribute_ = repairs.attribute   AND errors._value_ = repairs.rv_value with id 6
20:52:28 - [DEBUG] - Time to execute query with id 6: 0.00 secs
20:52:28 - [DEBUG] - Starting to execute query SELECT COUNT(*) FROM   (SELECT t2._tid_, t2._attribute_, t2._value_      FROM "tax_nwcpk_2" as t1, "tax_nwcpk_2_clean" as t2     WHERE t1._tid_ = t2._tid_       AND t2._attribute_ = 'state'       AND t1."state" != t2._value_ ) as errors, inf_values_dom as repairs WHERE errors._tid_ = repairs._tid_   AND errors._attribute_ = repairs.attribute   AND errors._value_ = repairs.rv_value with id 7
20:52:28 - [DEBUG] - Time to execute query with id 7: 0.00 secs
20:52:28 - [DEBUG] - Starting to execute query SELECT COUNT(*) FROM   (SELECT t2._tid_, t2._attribute_, t2._value_      FROM "tax_nwcpk_2" as t1, "tax_nwcpk_2_clean" as t2     WHERE t1._tid_ = t2._tid_       AND t2._attribute_ = 'zip'       AND t1."zip" != t2._value_ ) as errors, inf_values_dom as repairs WHERE errors._tid_ = repairs._tid_   AND errors._attribute_ = repairs.attribute   AND errors._value_ = repairs.rv_value with id 8
20:52:28 - [DEBUG] - Time to execute query with id 8: 0.00 secs
20:52:28 - [DEBUG] - Starting to execute query SELECT COUNT(*) FROM   (SELECT t2._tid_, t2._attribute_, t2._value_      FROM "tax_nwcpk_2" as t1, "tax_nwcpk_2_clean" as t2     WHERE t1._tid_ = t2._tid_       AND t2._attribute_ = 'maritalstatus'       AND t1."maritalstatus" != t2._value_ ) as errors, inf_values_dom as repairs WHERE errors._tid_ = repairs._tid_   AND errors._attribute_ = repairs.attribute   AND errors._value_ = repairs.rv_value with id 9
20:52:28 - [DEBUG] - Time to execute query with id 9: 0.00 secs
20:52:28 - [DEBUG] - Starting to execute query SELECT COUNT(*) FROM   (SELECT t2._tid_, t2._attribute_, t2._value_      FROM "tax_nwcpk_2" as t1, "tax_nwcpk_2_clean" as t2     WHERE t1._tid_ = t2._tid_       AND t2._attribute_ = 'haschild'       AND t1."haschild" != t2._value_ ) as errors, inf_values_dom as repairs WHERE errors._tid_ = repairs._tid_   AND errors._attribute_ = repairs.attribute   AND errors._value_ = repairs.rv_value with id 10
20:52:28 - [DEBUG] - Time to execute query with id 10: 0.00 secs
20:52:28 - [DEBUG] - Starting to execute query SELECT COUNT(*) FROM   (SELECT t2._tid_, t2._attribute_, t2._value_      FROM "tax_nwcpk_2" as t1, "tax_nwcpk_2_clean" as t2     WHERE t1._tid_ = t2._tid_       AND t2._attribute_ = 'salary'       AND t1."salary" != t2._value_ ) as errors, inf_values_dom as repairs WHERE errors._tid_ = repairs._tid_   AND errors._attribute_ = repairs.attribute   AND errors._value_ = repairs.rv_value with id 11
20:52:28 - [DEBUG] - Time to execute query with id 11: 0.00 secs
20:52:28 - [DEBUG] - Starting to execute query SELECT COUNT(*) FROM   (SELECT t2._tid_, t2._attribute_, t2._value_      FROM "tax_nwcpk_2" as t1, "tax_nwcpk_2_clean" as t2     WHERE t1._tid_ = t2._tid_       AND t2._attribute_ = 'rate'       AND t1."rate" != t2._value_ ) as errors, inf_values_dom as repairs WHERE errors._tid_ = repairs._tid_   AND errors._attribute_ = repairs.attribute   AND errors._value_ = repairs.rv_value with id 12
20:52:28 - [DEBUG] - Time to execute query with id 12: 0.00 secs
20:52:28 - [DEBUG] - Starting to execute query SELECT COUNT(*) FROM   (SELECT t2._tid_, t2._attribute_, t2._value_      FROM "tax_nwcpk_2" as t1, "tax_nwcpk_2_clean" as t2     WHERE t1._tid_ = t2._tid_       AND t2._attribute_ = 'singleexemp'       AND t1."singleexemp" != t2._value_ ) as errors, inf_values_dom as repairs WHERE errors._tid_ = repairs._tid_   AND errors._attribute_ = repairs.attribute   AND errors._value_ = repairs.rv_value with id 13
20:52:28 - [DEBUG] - Time to execute query with id 13: 0.00 secs
20:52:28 - [DEBUG] - Starting to execute query SELECT COUNT(*) FROM   (SELECT t2._tid_, t2._attribute_, t2._value_      FROM "tax_nwcpk_2" as t1, "tax_nwcpk_2_clean" as t2     WHERE t1._tid_ = t2._tid_       AND t2._attribute_ = 'marriedexemp'       AND t1."marriedexemp" != t2._value_ ) as errors, inf_values_dom as repairs WHERE errors._tid_ = repairs._tid_   AND errors._attribute_ = repairs.attribute   AND errors._value_ = repairs.rv_value with id 14
20:52:28 - [DEBUG] - Time to execute query with id 14: 0.00 secs
20:52:28 - [DEBUG] - Starting to execute query SELECT COUNT(*) FROM   (SELECT t2._tid_, t2._attribute_, t2._value_      FROM "tax_nwcpk_2" as t1, "tax_nwcpk_2_clean" as t2     WHERE t1._tid_ = t2._tid_       AND t2._attribute_ = 'childexemp'       AND t1."childexemp" != t2._value_ ) as errors, inf_values_dom as repairs WHERE errors._tid_ = repairs._tid_   AND errors._attribute_ = repairs.attribute   AND errors._value_ = repairs.rv_value with id 15
20:52:28 - [DEBUG] - Time to execute query with id 15: 0.00 secs
20:52:28 - [DEBUG] - Time to execute 16 queries: 0.02 secs
20:52:28 - [DEBUG] - Time to execute query: 0.00 secs
20:52:28 - [DEBUG] - weak label statistics:
20:52:28 - [DEBUG] -     is_clean  cell_status  is_inferred  init = grdth init = inferred  \
0   False     0            True         False         False            
1   False     0            True         False         False            
2   False     0            True         False         True             
3   False     0            True         True          False            
4   False     0            True         True          True             
5   False     1            True         False         False            
6   False     1            True         True          False            
7   False     1            True         True          True             
8   False     2            True         False         False            
9   False     2            True         True          False            
10  False     2            True         True          True             
11  True      0            False        False         None             
12  True      0            False        True          None             
13  True      1            False        True          None             
14  True      2            False        False         None             
15  True      2            False        True          None             

    w. label = init  w. label = grdth w. label = inferred infer = grdth  count  
0   True             False             False               False         30     
1   True             False             False               True          168    
2   True             False             True                False         235    
3   True             True              False               False         5      
4   True             True              True                True          2060   
5   False            True              True                True          1      
6   False            False             True                False         228    
7   False            False             False               True          72     
8   True             False             False               True          11     
9   True             True              False               False         5      
10  True             True              True                True          661    
11  True             False             None                None          47     
12  True             True              None                None          4928   
13  False            False             None                None          17     
14  True             False             None                None          3      
15  True             True              None                None          2524   
20:52:28 - [ INFO] - Precision = 0.40, Recall = 0.36, Repairing Recall = 0.40, F1 = 0.38, Repairing F1 = 0.40, Detected Errors = 445, Total Errors = 501, Correct Repairs = 180, Total Repairs = 448, Total Repairs on correct cells (Grdth present) = 238, Total Repairs on incorrect cells (Grdth present) = 210
20:52:28 - [DEBUG] - Time to generate report: 0.07 secs
20:52:28 - [DEBUG] - Time to execute query: 0.02 secs
20:52:28 - [ INFO] - æ¸…æ´—åŽçš„æ•°æ®å·²æˆåŠŸä¿å­˜åˆ° results/holoclean/nwcpk/5_tax_nwcpk_2/5_tax_nwcpk_2_repaired.csv
æ²¡æœ‰æŒ‡å®šé”™è¯¯æ¯”ä¾‹ï¼Œä»…è¿›è¡ŒåŽŸæ•°æ®é›†çš„ç©ºå€¼æ›¿æ¢ï¼Œä¸æ·»åŠ é”™è¯¯
å·²å°†æ³¨å…¥é”™è¯¯çš„æ–‡ä»¶ä¿å­˜åˆ°: Data/5_tax/subset_tax_1k/subset_tax_1k_clean_index_ori_empty.csv
æ²¡æœ‰æŒ‡å®šé”™è¯¯æ¯”ä¾‹ï¼Œä»…è¿›è¡ŒåŽŸæ•°æ®é›†çš„ç©ºå€¼æ›¿æ¢ï¼Œä¸æ·»åŠ é”™è¯¯
å·²å°†æ³¨å…¥é”™è¯¯çš„æ–‡ä»¶ä¿å­˜åˆ°: Data/5_tax/subset_tax_1k/noise_with_correct_primary_key/dirty_mixed_2/dirty_tax_mix_2_ori_empty.csv
Running Holoclean with modified dirty file: Data/5_tax/subset_tax_1k/noise_with_correct_primary_key/dirty_mixed_2/dirty_tax_mix_2_holoclean.csv
è½¬æ¢å®Œæˆï¼Œç»“æžœå·²ä¿å­˜åˆ° Data/5_tax/subset_tax_1k/subset_tax_1k_clean_index_holoclean.csv
Results saved to results/holoclean/nwcpk/5_tax_nwcpk_2/5_tax_nwcpk_2_repaired.csv
Holoclean finished in 153.53073740005493 seconds.
æµ‹è¯„æ€§èƒ½å¼€å§‹ï¼š
æ²¡æœ‰æŒ‡å®šé”™è¯¯æ¯”ä¾‹ï¼Œä»…è¿›è¡ŒåŽŸæ•°æ®é›†çš„ç©ºå€¼æ›¿æ¢ï¼Œä¸æ·»åŠ é”™è¯¯
å·²å°†æ³¨å…¥é”™è¯¯çš„æ–‡ä»¶ä¿å­˜åˆ°: results/holoclean/nwcpk/5_tax_nwcpk_2/5_tax_nwcpk_2_repaired_ori_empty.csv
å·®å¼‚æ–‡ä»¶å·²ä¿å­˜åˆ°:
results/holoclean/nwcpk/5_tax_nwcpk_2/5_tax_nwcpk_2_clean_vs_dirty.csv
results/holoclean/nwcpk/5_tax_nwcpk_2/5_tax_nwcpk_2_dirty_vs_cleaned.csv
results/holoclean/nwcpk/5_tax_nwcpk_2/5_tax_nwcpk_2_clean_vs_cleaned.csv
ä¿®å¤é”™è¯¯æ•°æ®æ–‡ä»¶å·²ä¿å­˜åˆ°: results/holoclean/nwcpk/5_tax_nwcpk_2/5_tax_nwcpk_2_repair_errors.csv
æœªä¿®å¤ä½†æ˜¯åº”è¯¥ä¿®å¤æ•°æ®æ–‡ä»¶å·²ä¿å­˜åˆ°: results/holoclean/nwcpk/5_tax_nwcpk_2/5_tax_nwcpk_2_unrepaired.csv
ä¿®å¤å‡†ç¡®çŽ‡: 0.4017857142857143, ä¿®å¤å¬å›žçŽ‡: 0.36, F1å€¼: 0.37974683539318843
========================================
EDR ç»“æžœå·²ä¿å­˜åˆ°: results/holoclean/nwcpk/5_tax_nwcpk_2/5_tax_nwcpk_2_edr_evaluation.txt
é”™è¯¯å‡å°‘çŽ‡ (EDR): -0.116
========================================
æ··åˆè·ç¦»ç»“æžœå·²ä¿å­˜åˆ°: results/holoclean/nwcpk/5_tax_nwcpk_2/5_tax_nwcpk_2_hybrid_distance_evaluation.txt
æ··åˆè·ç¦» (Hybrid Distance): 0.11795273836806487
========================================
R-EDR ç»“æžœå·²ä¿å­˜åˆ°: results/holoclean/nwcpk/5_tax_nwcpk_2/5_tax_nwcpk_2_record_based_edr_evaluation.txt
åŸºäºŽæ¡ç›®çš„é”™è¯¯å‡å°‘çŽ‡ (R-EDR): -0.2520775623268698
========================================
æµ‹è¯•ç»“æžœ:
Accuracy: 0.4017857142857143
Recall: 0.36
F1 Score: 0.37974683539318843
EDR: -0.116
Hybrid Distance: 0.11795273836806487
R-EDR: -0.2520775623268698
Time: 153.53073740005493
Speed: 15.353073740005494 seconds/100 records
æµ‹è¯„ç»“æŸï¼Œè¯¦ç»†æµ‹è¯„æ—¥å¿—è§ï¼šresults/holoclean/nwcpk/5_tax_nwcpk_2
