没有指定错误比例，仅进行原数据集的空值替换，不添加错误
已将注入错误的文件保存到: Data/5_tax/subset_tax_5k/subset_tax_5k_clean_index_ori_empty.csv
Traceback (most recent call last):
  File "CleanerRunScript/run_holoclean/run_holoclean_base.py", line 200, in <module>
    main()
  File "CleanerRunScript/run_holoclean/run_holoclean_base.py", line 68, in main
    attributes_error_ratio=None
  File "/home/qzk/MDCBaseline/CleanerRunScript/run_holoclean/../../util/insert_null.py", line 21, in inject_missing_values
    df = pd.read_csv(csv_file)
  File "/home/qzk/MDCBaseline/baseline_env/lib/python3.6/site-packages/pandas/io/parsers.py", line 702, in parser_f
    return _read(filepath_or_buffer, kwds)
  File "/home/qzk/MDCBaseline/baseline_env/lib/python3.6/site-packages/pandas/io/parsers.py", line 429, in _read
    parser = TextFileReader(filepath_or_buffer, **kwds)
  File "/home/qzk/MDCBaseline/baseline_env/lib/python3.6/site-packages/pandas/io/parsers.py", line 895, in __init__
    self._make_engine(self.engine)
  File "/home/qzk/MDCBaseline/baseline_env/lib/python3.6/site-packages/pandas/io/parsers.py", line 1122, in _make_engine
    self._engine = CParserWrapper(self.f, **self.options)
  File "/home/qzk/MDCBaseline/baseline_env/lib/python3.6/site-packages/pandas/io/parsers.py", line 1853, in __init__
    self._reader = parsers.TextReader(src, **kwds)
  File "pandas/_libs/parsers.pyx", line 387, in pandas._libs.parsers.TextReader.__cinit__
  File "pandas/_libs/parsers.pyx", line 705, in pandas._libs.parsers.TextReader._setup_parser_source
FileNotFoundError: [Errno 2] File b'Data/5_tax/subset_tax_5k/noise_with_correct_primary_key/dirty_mixed_0.25/dirty_tax_10k_mix_0.25.csv' does not exist: b'Data/5_tax/subset_tax_5k/noise_with_correct_primary_key/dirty_mixed_0.25/dirty_tax_10k_mix_0.25.csv'
