20:36:59 - [DEBUG] - initiating session with parameters: {'db_user': 'datacleanuser', 'db_pwd': 'abcd1234', 'db_host': 'localhost', 'db_name': 'holo', 'threads': 1, 'timeout': 180000, 'seed': 45, 'learning_rate': 0.001, 'optimizer': 'adam', 'epochs': 10, 'weight_decay': 0.01, 'momentum': 0.0, 'batch_size': 1, 'weak_label_thresh': 0.99, 'domain_thresh_1': 0, 'domain_thresh_2': 0, 'max_domain': 10000, 'cor_strength': 0.6, 'nb_cor_strength': 0.8, 'feature_norm': False, 'weight_norm': False, 'estimator_epochs': 3, 'estimator_batch_size': 32, 'verbose': True, 'bias': False, 'print_fw': True, 'debug_mode': False}
20:36:59 - [ INFO] - Loaded 1000 rows with 17000 cells
20:37:00 - [DEBUG] - Time to create index: 0.00 secs
20:37:00 - [DEBUG] - Time to create index: 0.00 secs
20:37:00 - [DEBUG] - Time to create index: 0.00 secs
20:37:00 - [DEBUG] - Time to create index: 0.00 secs
20:37:00 - [DEBUG] - Time to create index: 0.00 secs
20:37:00 - [DEBUG] - Time to create index: 0.00 secs
20:37:00 - [DEBUG] - Time to create index: 0.00 secs
20:37:00 - [DEBUG] - Time to create index: 0.00 secs
20:37:00 - [DEBUG] - Time to create index: 0.00 secs
20:37:00 - [DEBUG] - Time to create index: 0.00 secs
20:37:00 - [DEBUG] - Time to create index: 0.00 secs
20:37:00 - [DEBUG] - Time to create index: 0.00 secs
20:37:00 - [DEBUG] - Time to create index: 0.00 secs
20:37:00 - [DEBUG] - Time to create index: 0.00 secs
20:37:00 - [DEBUG] - Time to create index: 0.00 secs
20:37:00 - [DEBUG] - Time to create index: 0.00 secs
20:37:00 - [ INFO] - DONE Loading dirty_tax_mix_0.75_holoclean.csv
20:37:00 - [DEBUG] - Time to load dataset: 0.21 secs
20:37:00 - [DEBUG] - OPENED constraints file successfully
20:37:00 - [DEBUG] - DONE pre-processing constraint: t1&t2&EQ(t1.zip,t2.zip)&IQ(t1.city,t2.city)
20:37:00 - [DEBUG] - DONE extracting tuples from constraint: t1&t2&EQ(t1.zip,t2.zip)&IQ(t1.city,t2.city)
20:37:00 - [DEBUG] - DONE parsing predicate: EQ(t1.zip,t2.zip)
20:37:00 - [DEBUG] - DONE parsing predicate: IQ(t1.city,t2.city)
20:37:00 - [DEBUG] - DONE pre-processing constraint: t1&t2&EQ(t1.zip,t2.zip)&IQ(t1.state,t2.state)
20:37:00 - [DEBUG] - DONE extracting tuples from constraint: t1&t2&EQ(t1.zip,t2.zip)&IQ(t1.state,t2.state)
20:37:00 - [DEBUG] - DONE parsing predicate: EQ(t1.zip,t2.zip)
20:37:00 - [DEBUG] - DONE parsing predicate: IQ(t1.state,t2.state)
20:37:00 - [DEBUG] - DONE pre-processing constraint: t1&t2&EQ(t1.zip,t2.zip)&EQ(t1.haschild,t2.haschild)&IQ(t1.childexemp,t2.childexemp)
20:37:00 - [DEBUG] - DONE extracting tuples from constraint: t1&t2&EQ(t1.zip,t2.zip)&EQ(t1.haschild,t2.haschild)&IQ(t1.childexemp,t2.childexemp)
20:37:00 - [DEBUG] - DONE parsing predicate: EQ(t1.zip,t2.zip)
20:37:00 - [DEBUG] - DONE parsing predicate: EQ(t1.haschild,t2.haschild)
20:37:00 - [DEBUG] - DONE parsing predicate: IQ(t1.childexemp,t2.childexemp)
20:37:00 - [DEBUG] - DONE pre-processing constraint: t1&t2&EQ(t1.zip,t2.zip)&EQ(t1.maritalstatus,t2.maritalstatus)&IQ(t1.singleexemp,t2.singleexemp)
20:37:00 - [DEBUG] - DONE extracting tuples from constraint: t1&t2&EQ(t1.zip,t2.zip)&EQ(t1.maritalstatus,t2.maritalstatus)&IQ(t1.singleexemp,t2.singleexemp)
20:37:00 - [DEBUG] - DONE parsing predicate: EQ(t1.zip,t2.zip)
20:37:00 - [DEBUG] - DONE parsing predicate: EQ(t1.maritalstatus,t2.maritalstatus)
20:37:00 - [DEBUG] - DONE parsing predicate: IQ(t1.singleexemp,t2.singleexemp)
20:37:00 - [DEBUG] - DONE pre-processing constraint: t1&t2&EQ(t1.zip,t2.zip)&EQ(t1.maritalstatus,t2.maritalstatus)&IQ(t1.marriedexemp,t2.marriedexemp)
20:37:00 - [DEBUG] - DONE extracting tuples from constraint: t1&t2&EQ(t1.zip,t2.zip)&EQ(t1.maritalstatus,t2.maritalstatus)&IQ(t1.marriedexemp,t2.marriedexemp)
20:37:00 - [DEBUG] - DONE parsing predicate: EQ(t1.zip,t2.zip)
20:37:00 - [DEBUG] - DONE parsing predicate: EQ(t1.maritalstatus,t2.maritalstatus)
20:37:00 - [DEBUG] - DONE parsing predicate: IQ(t1.marriedexemp,t2.marriedexemp)
20:37:00 - [DEBUG] - DONE pre-processing constraint: t1&t2&EQ(t1.fname,t2.fname)&IQ(t1.gender,t2.gender)
20:37:00 - [DEBUG] - DONE extracting tuples from constraint: t1&t2&EQ(t1.fname,t2.fname)&IQ(t1.gender,t2.gender)
20:37:00 - [DEBUG] - DONE parsing predicate: EQ(t1.fname,t2.fname)
20:37:00 - [DEBUG] - DONE parsing predicate: IQ(t1.gender,t2.gender)
20:37:00 - [DEBUG] - DONE pre-processing constraint: t1&t2&EQ(t1.areacode,t2.areacode)&IQ(t1.state,t2.state)
20:37:00 - [DEBUG] - DONE extracting tuples from constraint: t1&t2&EQ(t1.areacode,t2.areacode)&IQ(t1.state,t2.state)
20:37:00 - [DEBUG] - DONE parsing predicate: EQ(t1.areacode,t2.areacode)
20:37:00 - [DEBUG] - DONE parsing predicate: IQ(t1.state,t2.state)
20:37:00 - [DEBUG] - DONE pre-processing constraint: t1&t2&EQ(t1.phone,t2.phone)&EQ(t1.zip,t2.zip)&IQ(t1.areacode,t2.areacode)
20:37:00 - [DEBUG] - DONE extracting tuples from constraint: t1&t2&EQ(t1.phone,t2.phone)&EQ(t1.zip,t2.zip)&IQ(t1.areacode,t2.areacode)
20:37:00 - [DEBUG] - DONE parsing predicate: EQ(t1.phone,t2.phone)
20:37:00 - [DEBUG] - DONE parsing predicate: EQ(t1.zip,t2.zip)
20:37:00 - [DEBUG] - DONE parsing predicate: IQ(t1.areacode,t2.areacode)
20:37:00 - [ INFO] - DONE Loading DCs from dc_rules_holoclean.txt
20:37:00 - [DEBUG] - Time to load dirty data: 0.00 secs
20:37:00 - [DEBUG] - DONE with Error Detector: NullDetector in 0.06 secs
20:37:00 - [DEBUG] - Preparing to execute 8 queries.
20:37:00 - [DEBUG] - Starting to execute query SELECT t1._tid_ FROM "tax_nwcpk_075" as t1 WHERE   EXISTS (SELECT t2._tid_ FROM "tax_nwcpk_075" as t2 WHERE t1."zip"=t2."zip" AND t1."city"<>t2."city") with id 0
20:37:00 - [DEBUG] - Time to execute query with id 0: 0.00 secs
20:37:00 - [DEBUG] - Starting to execute query SELECT t1._tid_ FROM "tax_nwcpk_075" as t1 WHERE   EXISTS (SELECT t2._tid_ FROM "tax_nwcpk_075" as t2 WHERE t1."zip"=t2."zip" AND t1."state"<>t2."state") with id 1
20:37:00 - [DEBUG] - Time to execute query with id 1: 0.00 secs
20:37:00 - [DEBUG] - Starting to execute query SELECT t1._tid_ FROM "tax_nwcpk_075" as t1 WHERE   EXISTS (SELECT t2._tid_ FROM "tax_nwcpk_075" as t2 WHERE t1."zip"=t2."zip" AND t1."haschild"=t2."haschild" AND t1."childexemp"<>t2."childexemp") with id 2
20:37:00 - [DEBUG] - Time to execute query with id 2: 0.00 secs
20:37:00 - [DEBUG] - Starting to execute query SELECT t1._tid_ FROM "tax_nwcpk_075" as t1 WHERE   EXISTS (SELECT t2._tid_ FROM "tax_nwcpk_075" as t2 WHERE t1."zip"=t2."zip" AND t1."maritalstatus"=t2."maritalstatus" AND t1."singleexemp"<>t2."singleexemp") with id 3
20:37:00 - [DEBUG] - Time to execute query with id 3: 0.00 secs
20:37:00 - [DEBUG] - Starting to execute query SELECT t1._tid_ FROM "tax_nwcpk_075" as t1 WHERE   EXISTS (SELECT t2._tid_ FROM "tax_nwcpk_075" as t2 WHERE t1."zip"=t2."zip" AND t1."maritalstatus"=t2."maritalstatus" AND t1."marriedexemp"<>t2."marriedexemp") with id 4
20:37:00 - [DEBUG] - Time to execute query with id 4: 0.00 secs
20:37:00 - [DEBUG] - Starting to execute query SELECT t1._tid_ FROM "tax_nwcpk_075" as t1 WHERE   EXISTS (SELECT t2._tid_ FROM "tax_nwcpk_075" as t2 WHERE t1."fname"=t2."fname" AND t1."gender"<>t2."gender") with id 5
20:37:00 - [DEBUG] - Time to execute query with id 5: 0.00 secs
20:37:00 - [DEBUG] - Starting to execute query SELECT t1._tid_ FROM "tax_nwcpk_075" as t1 WHERE   EXISTS (SELECT t2._tid_ FROM "tax_nwcpk_075" as t2 WHERE t1."areacode"=t2."areacode" AND t1."state"<>t2."state") with id 6
20:37:00 - [DEBUG] - Time to execute query with id 6: 0.00 secs
20:37:00 - [DEBUG] - Starting to execute query SELECT t1._tid_ FROM "tax_nwcpk_075" as t1 WHERE   EXISTS (SELECT t2._tid_ FROM "tax_nwcpk_075" as t2 WHERE t1."phone"=t2."phone" AND t1."zip"=t2."zip" AND t1."areacode"<>t2."areacode") with id 7
20:37:00 - [DEBUG] - Time to execute query with id 7: 0.00 secs
20:37:00 - [DEBUG] - Time to execute 8 queries: 0.01 secs
20:37:00 - [DEBUG] - DONE with Error Detector: ViolationDetector in 0.04 secs
20:37:00 - [ INFO] - detected 2249 potentially erroneous cells
20:37:00 - [DEBUG] - Time to create index: 0.00 secs
20:37:00 - [ INFO] - DONE with error detection.
20:37:00 - [DEBUG] - Time to detect errors: 0.29 secs
20:37:06 - [DEBUG] - Time to execute query: 0.01 secs
20:37:06 - [DEBUG] - computing frequency and co-occurrence statistics from raw data...
20:37:06 - [DEBUG] - Collecting single/pair-wise statistics...
20:37:10 - [DEBUG] - DONE computing statistics in 3.44s
20:37:10 - [DEBUG] - preparing pruned co-occurring statistics...

  0%|          | 0/16 [00:00<?, ?it/s]
 12%|â–ˆâ–Ž        | 2/16 [00:00<00:02,  6.54it/s]
 50%|â–ˆâ–ˆâ–ˆâ–ˆâ–ˆ     | 8/16 [00:00<00:00,  8.91it/s]
100%|â–ˆâ–ˆâ–ˆâ–ˆâ–ˆâ–ˆâ–ˆâ–ˆâ–ˆâ–ˆ| 16/16 [00:00<00:00, 35.98it/s]
20:37:10 - [DEBUG] - DONE with pruned co-occurring statistics in 0.45 secs
20:37:10 - [DEBUG] - generating initial set of un-pruned domain values...

  0%|          | 0/1000 [00:00<?, ?it/s]
  5%|â–Œ         | 54/1000 [00:00<00:01, 531.18it/s]
 11%|â–ˆ         | 110/1000 [00:00<00:01, 536.56it/s]
 16%|â–ˆâ–‹        | 164/1000 [00:00<00:01, 535.21it/s]
 22%|â–ˆâ–ˆâ–       | 224/1000 [00:00<00:01, 549.97it/s]
 28%|â–ˆâ–ˆâ–Š       | 282/1000 [00:00<00:01, 555.76it/s]
 33%|â–ˆâ–ˆâ–ˆâ–Ž      | 333/1000 [00:00<00:01, 538.99it/s]
 39%|â–ˆâ–ˆâ–ˆâ–Š      | 387/1000 [00:00<00:01, 537.49it/s]
 44%|â–ˆâ–ˆâ–ˆâ–ˆâ–     | 443/1000 [00:00<00:01, 544.02it/s]
 50%|â–ˆâ–ˆâ–ˆâ–ˆâ–ˆ     | 500/1000 [00:00<00:00, 551.32it/s]
 55%|â–ˆâ–ˆâ–ˆâ–ˆâ–ˆâ–Œ    | 554/1000 [00:01<00:00, 541.45it/s]
 61%|â–ˆâ–ˆâ–ˆâ–ˆâ–ˆâ–ˆ    | 607/1000 [00:01<00:00, 527.74it/s]
 66%|â–ˆâ–ˆâ–ˆâ–ˆâ–ˆâ–ˆâ–Œ   | 662/1000 [00:01<00:00, 531.59it/s]
 72%|â–ˆâ–ˆâ–ˆâ–ˆâ–ˆâ–ˆâ–ˆâ–  | 719/1000 [00:01<00:00, 540.38it/s]
 78%|â–ˆâ–ˆâ–ˆâ–ˆâ–ˆâ–ˆâ–ˆâ–Š  | 777/1000 [00:01<00:00, 550.33it/s]
 83%|â–ˆâ–ˆâ–ˆâ–ˆâ–ˆâ–ˆâ–ˆâ–ˆâ–Ž | 832/1000 [00:01<00:00, 355.54it/s]
 89%|â–ˆâ–ˆâ–ˆâ–ˆâ–ˆâ–ˆâ–ˆâ–ˆâ–‰ | 892/1000 [00:01<00:00, 403.75it/s]
 95%|â–ˆâ–ˆâ–ˆâ–ˆâ–ˆâ–ˆâ–ˆâ–ˆâ–ˆâ–Œ| 951/1000 [00:01<00:00, 444.47it/s]
100%|â–ˆâ–ˆâ–ˆâ–ˆâ–ˆâ–ˆâ–ˆâ–ˆâ–ˆâ–ˆ| 1000/1000 [00:01<00:00, 500.94it/s]
20:37:12 - [DEBUG] - DONE generating initial set of domain values in 2.10
20:37:12 - [DEBUG] - training posterior model for estimating domain value probabilities...
20:37:12 - [DEBUG] - DONE training posterior model in 0.01s
20:37:12 - [DEBUG] - predicting domain value probabilities from posterior model...
20:37:12 - [DEBUG] - DONE predictions in 0.00 secs, re-constructing cell domain...
20:37:12 - [DEBUG] - re-assembling final cell domain table...

0it [00:00, ?it/s]

  0%|          | 0/10999 [00:00<?, ?it/s][A
225it [00:00, 2245.22it/s]

  2%|â–         | 273/10999 [00:00<00:03, 2725.04it/s][A
482it [00:00, 2332.30it/s]

  5%|â–         | 525/10999 [00:00<00:03, 2658.70it/s][A
746it [00:00, 2416.05it/s]

  7%|â–‹         | 785/10999 [00:00<00:03, 2639.37it/s][A
1009it [00:00, 2473.82it/s]

 10%|â–‰         | 1055/10999 [00:00<00:03, 2653.69it/s][A
1267it [00:00, 2500.98it/s]

 12%|â–ˆâ–        | 1311/10999 [00:00<00:03, 2623.12it/s][A
1540it [00:00, 2565.44it/s]

 14%|â–ˆâ–        | 1586/10999 [00:00<00:03, 2656.72it/s][A
1795it [00:00, 2558.64it/s]

 17%|â–ˆâ–‹        | 1839/10999 [00:00<00:03, 2615.70it/s][A
2065it [00:00, 2596.24it/s]

 19%|â–ˆâ–‰        | 2103/10999 [00:00<00:03, 2621.93it/s][A
2320it [00:00, 2581.54it/s]

 21%|â–ˆâ–ˆâ–       | 2364/10999 [00:00<00:03, 2614.50it/s][A
2584it [00:01, 2593.23it/s]

 24%|â–ˆâ–ˆâ–       | 2631/10999 [00:01<00:03, 2628.51it/s][A
2843it [00:01, 2591.85it/s]

 26%|â–ˆâ–ˆâ–Œ       | 2887/10999 [00:01<00:03, 2599.33it/s][A
3098it [00:01, 2532.41it/s]

 29%|â–ˆâ–ˆâ–Š       | 3142/10999 [00:01<00:03, 2549.08it/s][A
3374it [00:01, 2595.42it/s]

 31%|â–ˆâ–ˆâ–ˆ       | 3409/10999 [00:01<00:02, 2577.82it/s][A
3640it [00:01, 2612.06it/s]

 33%|â–ˆâ–ˆâ–ˆâ–Ž      | 3684/10999 [00:01<00:02, 2626.34it/s][A
3903it [00:01, 2615.84it/s]

 36%|â–ˆâ–ˆâ–ˆâ–Œ      | 3948/10999 [00:01<00:02, 2628.47it/s][A
4173it [00:01, 2639.54it/s]

 38%|â–ˆâ–ˆâ–ˆâ–Š      | 4212/10999 [00:01<00:02, 2630.82it/s][A
4437it [00:01, 2617.64it/s]

 41%|â–ˆâ–ˆâ–ˆâ–ˆ      | 4475/10999 [00:01<00:02, 2622.68it/s][A
4707it [00:01, 2636.71it/s]

 43%|â–ˆâ–ˆâ–ˆâ–ˆâ–Ž     | 4748/10999 [00:01<00:02, 2647.97it/s][A
4981it [00:01, 2665.14it/s]

 46%|â–ˆâ–ˆâ–ˆâ–ˆâ–Œ     | 5014/10999 [00:01<00:02, 2649.78it/s][A
5248it [00:02, 2632.81it/s]

 48%|â–ˆâ–ˆâ–ˆâ–ˆâ–Š     | 5279/10999 [00:02<00:02, 2648.38it/s][A
5512it [00:02, 2580.29it/s]

 50%|â–ˆâ–ˆâ–ˆâ–ˆâ–ˆ     | 5544/10999 [00:02<00:02, 2577.10it/s][A
5773it [00:02, 2588.93it/s]

 53%|â–ˆâ–ˆâ–ˆâ–ˆâ–ˆâ–Ž    | 5814/10999 [00:02<00:01, 2612.65it/s][A
6033it [00:02, 2569.14it/s]

 55%|â–ˆâ–ˆâ–ˆâ–ˆâ–ˆâ–Œ    | 6076/10999 [00:02<00:01, 2572.07it/s][A
6301it [00:02, 2597.82it/s]

 58%|â–ˆâ–ˆâ–ˆâ–ˆâ–ˆâ–Š    | 6345/10999 [00:02<00:01, 2604.05it/s][A
6568it [00:02, 2616.17it/s]

 60%|â–ˆâ–ˆâ–ˆâ–ˆâ–ˆâ–ˆ    | 6609/10999 [00:02<00:01, 2609.69it/s][A
6840it [00:02, 2642.47it/s]

 63%|â–ˆâ–ˆâ–ˆâ–ˆâ–ˆâ–ˆâ–Ž   | 6882/10999 [00:02<00:01, 2642.26it/s][A
7107it [00:02, 2646.34it/s]

 65%|â–ˆâ–ˆâ–ˆâ–ˆâ–ˆâ–ˆâ–   | 7149/10999 [00:02<00:01, 2649.60it/s][A
7373it [00:02, 2643.20it/s]

 67%|â–ˆâ–ˆâ–ˆâ–ˆâ–ˆâ–ˆâ–‹   | 7415/10999 [00:02<00:01, 2629.27it/s][A
7638it [00:02, 2624.42it/s]

 70%|â–ˆâ–ˆâ–ˆâ–ˆâ–ˆâ–ˆâ–‰   | 7679/10999 [00:02<00:01, 2618.58it/s][A
7901it [00:03, 2511.24it/s]

 72%|â–ˆâ–ˆâ–ˆâ–ˆâ–ˆâ–ˆâ–ˆâ–  | 7941/10999 [00:03<00:01, 2504.23it/s][A
8171it [00:03, 2564.84it/s]

 75%|â–ˆâ–ˆâ–ˆâ–ˆâ–ˆâ–ˆâ–ˆâ–  | 8219/10999 [00:03<00:01, 2580.88it/s][A
8449it [00:03, 2624.14it/s]

 77%|â–ˆâ–ˆâ–ˆâ–ˆâ–ˆâ–ˆâ–ˆâ–‹  | 8493/10999 [00:03<00:00, 2621.99it/s][A
8713it [00:03, 2614.95it/s]

 80%|â–ˆâ–ˆâ–ˆâ–ˆâ–ˆâ–ˆâ–ˆâ–‰  | 8757/10999 [00:03<00:00, 2622.95it/s][A
8994it [00:03, 2666.09it/s]

 82%|â–ˆâ–ˆâ–ˆâ–ˆâ–ˆâ–ˆâ–ˆâ–ˆâ– | 9034/10999 [00:03<00:00, 2660.27it/s][A
9262it [00:03, 2658.70it/s]

 85%|â–ˆâ–ˆâ–ˆâ–ˆâ–ˆâ–ˆâ–ˆâ–ˆâ– | 9303/10999 [00:03<00:00, 2668.97it/s][A
9538it [00:03, 2683.71it/s]

 87%|â–ˆâ–ˆâ–ˆâ–ˆâ–ˆâ–ˆâ–ˆâ–ˆâ–‹ | 9577/10999 [00:03<00:00, 2689.12it/s][A
9808it [00:03, 2685.08it/s]

 90%|â–ˆâ–ˆâ–ˆâ–ˆâ–ˆâ–ˆâ–ˆâ–ˆâ–‰ | 9847/10999 [00:03<00:00, 2678.92it/s][A
10077it [00:03, 2683.33it/s]

 92%|â–ˆâ–ˆâ–ˆâ–ˆâ–ˆâ–ˆâ–ˆâ–ˆâ–ˆâ–| 10118/10999 [00:03<00:00, 2687.17it/s][A
10346it [00:03, 2682.43it/s]

 94%|â–ˆâ–ˆâ–ˆâ–ˆâ–ˆâ–ˆâ–ˆâ–ˆâ–ˆâ–| 10387/10999 [00:03<00:00, 2681.52it/s][A
10624it [00:04, 2709.32it/s]

 97%|â–ˆâ–ˆâ–ˆâ–ˆâ–ˆâ–ˆâ–ˆâ–ˆâ–ˆâ–‹| 10668/10999 [00:04<00:00, 2713.74it/s][A
10908it [00:04, 2746.90it/s]

 99%|â–ˆâ–ˆâ–ˆâ–ˆâ–ˆâ–ˆâ–ˆâ–ˆâ–ˆâ–‰| 10941/10999 [00:04<00:00, 2706.60it/s][A

100%|â–ˆâ–ˆâ–ˆâ–ˆâ–ˆâ–ˆâ–ˆâ–ˆâ–ˆâ–ˆ| 10999/10999 [00:04<00:00, 2626.56it/s][A
10999it [00:04, 2604.77it/s]
20:37:17 - [DEBUG] - DONE assembling cell domain table in 4.65s
20:37:17 - [ INFO] - number of (additional) weak labels assigned from posterior model: 320
20:37:17 - [DEBUG] - DONE generating domain and weak labels
20:37:19 - [DEBUG] - Time to create index: 0.00 secs
20:37:19 - [DEBUG] - Time to create index: 0.00 secs
20:37:19 - [DEBUG] - Time to create index: 0.00 secs
20:37:19 - [DEBUG] - Time to create table: 0.00 secs
20:37:21 - [DEBUG] - Time to create index: 0.00 secs
20:37:21 - [ INFO] - DONE with domain preparation.
20:37:21 - [DEBUG] - Time to setup the domain: 20.45 secs
20:37:21 - [DEBUG] - Time to execute query: 0.00 secs
20:37:21 - [DEBUG] - Time to execute query: 0.00 secs
20:37:21 - [DEBUG] - Time to execute query: 0.00 secs
20:37:21 - [DEBUG] - Time to execute query: 0.00 secs
20:37:21 - [DEBUG] - Time to execute query: 0.00 secs
20:37:21 - [DEBUG] - featurizing training data...
20:37:21 - [DEBUG] - Time to execute query: 0.02 secs

  0%|          | 0/10999 [00:00<?, ?it/s]
  0%|          | 46/10999 [00:00<00:24, 452.26it/s]
  1%|          | 96/10999 [00:00<00:23, 461.42it/s]
  1%|â–         | 144/10999 [00:00<00:23, 464.36it/s]
  2%|â–         | 192/10999 [00:00<00:23, 467.72it/s]
  2%|â–         | 241/10999 [00:00<00:22, 470.26it/s]
  3%|â–Ž         | 293/10999 [00:00<00:22, 483.97it/s]
  3%|â–Ž         | 340/10999 [00:00<00:22, 478.76it/s]
  4%|â–Ž         | 385/10999 [00:00<00:22, 464.93it/s]
  4%|â–         | 433/10999 [00:00<00:22, 459.53it/s]
  4%|â–         | 478/10999 [00:01<00:23, 441.19it/s]
  5%|â–         | 527/10999 [00:01<00:23, 453.82it/s]
  5%|â–Œ         | 572/10999 [00:01<00:23, 445.72it/s]
  6%|â–Œ         | 619/10999 [00:01<00:22, 451.34it/s]
  6%|â–Œ         | 671/10999 [00:01<00:21, 469.80it/s]
  7%|â–‹         | 720/10999 [00:01<00:21, 474.06it/s]
  7%|â–‹         | 768/10999 [00:01<00:22, 462.14it/s]
  7%|â–‹         | 819/10999 [00:01<00:21, 473.52it/s]
  8%|â–Š         | 867/10999 [00:01<00:21, 474.38it/s]
  8%|â–Š         | 918/10999 [00:01<00:20, 482.88it/s]
  9%|â–‰         | 967/10999 [00:02<00:21, 468.18it/s]
  9%|â–‰         | 1020/10999 [00:02<00:20, 482.94it/s]
 10%|â–‰         | 1069/10999 [00:02<00:21, 458.88it/s]
 10%|â–ˆ         | 1116/10999 [00:02<00:21, 450.54it/s]
 11%|â–ˆ         | 1163/10999 [00:02<00:21, 455.94it/s]
 11%|â–ˆ         | 1209/10999 [00:02<00:22, 441.13it/s]
 11%|â–ˆâ–        | 1262/10999 [00:02<00:21, 462.21it/s]
 12%|â–ˆâ–        | 1313/10999 [00:02<00:20, 474.27it/s]
 12%|â–ˆâ–        | 1366/10999 [00:02<00:19, 487.62it/s]
 13%|â–ˆâ–Ž        | 1416/10999 [00:03<00:19, 482.31it/s]
 13%|â–ˆâ–Ž        | 1467/10999 [00:03<00:19, 485.65it/s]
 14%|â–ˆâ–        | 1516/10999 [00:03<00:19, 477.96it/s]
 14%|â–ˆâ–        | 1570/10999 [00:03<00:19, 491.57it/s]
 15%|â–ˆâ–        | 1621/10999 [00:03<00:18, 495.54it/s]
 15%|â–ˆâ–Œ        | 1671/10999 [00:03<00:19, 475.68it/s]
 16%|â–ˆâ–Œ        | 1719/10999 [00:03<00:19, 476.38it/s]
 16%|â–ˆâ–Œ        | 1767/10999 [00:03<00:20, 455.89it/s]
 16%|â–ˆâ–‹        | 1813/10999 [00:03<00:20, 453.44it/s]
 17%|â–ˆâ–‹        | 1862/10999 [00:03<00:19, 462.00it/s]
 17%|â–ˆâ–‹        | 1909/10999 [00:04<00:20, 452.23it/s]
 18%|â–ˆâ–Š        | 1955/10999 [00:04<00:20, 448.87it/s]
 18%|â–ˆâ–Š        | 2001/10999 [00:04<00:21, 419.66it/s]
 19%|â–ˆâ–Š        | 2044/10999 [00:04<00:21, 420.72it/s]
 19%|â–ˆâ–‰        | 2087/10999 [00:04<00:21, 409.01it/s]
 19%|â–ˆâ–‰        | 2131/10999 [00:04<00:21, 417.73it/s]
 20%|â–ˆâ–‰        | 2174/10999 [00:04<00:21, 416.06it/s]
 20%|â–ˆâ–ˆ        | 2216/10999 [00:04<00:22, 390.01it/s]
 21%|â–ˆâ–ˆ        | 2257/10999 [00:04<00:22, 393.62it/s]
 21%|â–ˆâ–ˆ        | 2301/10999 [00:05<00:21, 405.16it/s]
 21%|â–ˆâ–ˆâ–       | 2347/10999 [00:05<00:20, 415.40it/s]
 22%|â–ˆâ–ˆâ–       | 2391/10999 [00:05<00:20, 419.06it/s]
 22%|â–ˆâ–ˆâ–       | 2434/10999 [00:05<00:20, 414.23it/s]
 23%|â–ˆâ–ˆâ–Ž       | 2476/10999 [00:05<00:21, 402.68it/s]
 23%|â–ˆâ–ˆâ–Ž       | 2517/10999 [00:05<00:22, 374.89it/s]
 23%|â–ˆâ–ˆâ–Ž       | 2559/10999 [00:05<00:21, 387.02it/s]
 24%|â–ˆâ–ˆâ–Ž       | 2601/10999 [00:05<00:21, 393.26it/s]
 24%|â–ˆâ–ˆâ–       | 2641/10999 [00:05<00:21, 390.95it/s]
 24%|â–ˆâ–ˆâ–       | 2683/10999 [00:06<00:20, 398.17it/s]
 25%|â–ˆâ–ˆâ–       | 2727/10999 [00:06<00:20, 404.91it/s]
 25%|â–ˆâ–ˆâ–Œ       | 2768/10999 [00:06<00:20, 395.21it/s]
 26%|â–ˆâ–ˆâ–Œ       | 2808/10999 [00:06<00:21, 383.53it/s]
 26%|â–ˆâ–ˆâ–Œ       | 2851/10999 [00:06<00:20, 393.14it/s]
 26%|â–ˆâ–ˆâ–‹       | 2891/10999 [00:06<00:20, 391.63it/s]
 27%|â–ˆâ–ˆâ–‹       | 2931/10999 [00:06<00:20, 387.43it/s]
 27%|â–ˆâ–ˆâ–‹       | 2974/10999 [00:06<00:20, 388.91it/s]
 27%|â–ˆâ–ˆâ–‹       | 3013/10999 [00:06<00:21, 371.97it/s]
 28%|â–ˆâ–ˆâ–Š       | 3051/10999 [00:06<00:22, 353.58it/s]
 28%|â–ˆâ–ˆâ–Š       | 3087/10999 [00:07<00:23, 342.89it/s]
 28%|â–ˆâ–ˆâ–Š       | 3126/10999 [00:07<00:22, 353.66it/s]
 29%|â–ˆâ–ˆâ–‰       | 3166/10999 [00:07<00:21, 364.21it/s]
 29%|â–ˆâ–ˆâ–‰       | 3208/10999 [00:07<00:20, 378.71it/s]
 30%|â–ˆâ–ˆâ–‰       | 3247/10999 [00:07<00:20, 377.82it/s]
 30%|â–ˆâ–ˆâ–‰       | 3290/10999 [00:07<00:19, 390.25it/s]
 30%|â–ˆâ–ˆâ–ˆ       | 3332/10999 [00:07<00:19, 392.58it/s]
 31%|â–ˆâ–ˆâ–ˆ       | 3381/10999 [00:07<00:18, 414.33it/s]
 31%|â–ˆâ–ˆâ–ˆ       | 3423/10999 [00:07<00:19, 395.18it/s]
 31%|â–ˆâ–ˆâ–ˆâ–      | 3464/10999 [00:08<00:18, 399.28it/s]
 32%|â–ˆâ–ˆâ–ˆâ–      | 3507/10999 [00:08<00:18, 406.06it/s]
 32%|â–ˆâ–ˆâ–ˆâ–      | 3550/10999 [00:08<00:18, 409.48it/s]
 33%|â–ˆâ–ˆâ–ˆâ–Ž      | 3592/10999 [00:08<00:18, 401.78it/s]
 33%|â–ˆâ–ˆâ–ˆâ–Ž      | 3633/10999 [00:08<00:18, 399.13it/s]
 33%|â–ˆâ–ˆâ–ˆâ–Ž      | 3674/10999 [00:08<00:19, 381.63it/s]
 34%|â–ˆâ–ˆâ–ˆâ–      | 3715/10999 [00:08<00:18, 389.44it/s]
 34%|â–ˆâ–ˆâ–ˆâ–      | 3757/10999 [00:08<00:18, 397.93it/s]
 35%|â–ˆâ–ˆâ–ˆâ–      | 3800/10999 [00:08<00:17, 405.15it/s]
 35%|â–ˆâ–ˆâ–ˆâ–      | 3841/10999 [00:08<00:18, 387.30it/s]
 35%|â–ˆâ–ˆâ–ˆâ–Œ      | 3881/10999 [00:09<00:18, 379.73it/s]
 36%|â–ˆâ–ˆâ–ˆâ–Œ      | 3924/10999 [00:09<00:18, 389.06it/s]
 36%|â–ˆâ–ˆâ–ˆâ–Œ      | 3965/10999 [00:09<00:17, 394.54it/s]
 36%|â–ˆâ–ˆâ–ˆâ–‹      | 4005/10999 [00:09<00:17, 395.69it/s]
 37%|â–ˆâ–ˆâ–ˆâ–‹      | 4047/10999 [00:09<00:17, 399.43it/s]
 37%|â–ˆâ–ˆâ–ˆâ–‹      | 4088/10999 [00:09<00:17, 394.03it/s]
 38%|â–ˆâ–ˆâ–ˆâ–Š      | 4130/10999 [00:09<00:17, 398.53it/s]
 38%|â–ˆâ–ˆâ–ˆâ–Š      | 4171/10999 [00:09<00:17, 400.79it/s]
 38%|â–ˆâ–ˆâ–ˆâ–Š      | 4212/10999 [00:09<00:16, 399.99it/s]
 39%|â–ˆâ–ˆâ–ˆâ–Š      | 4254/10999 [00:10<00:16, 401.85it/s]
 39%|â–ˆâ–ˆâ–ˆâ–‰      | 4301/10999 [00:10<00:15, 418.97it/s]
 39%|â–ˆâ–ˆâ–ˆâ–‰      | 4344/10999 [00:10<00:16, 399.09it/s]
 40%|â–ˆâ–ˆâ–ˆâ–‰      | 4385/10999 [00:10<00:16, 394.27it/s]
 40%|â–ˆâ–ˆâ–ˆâ–ˆ      | 4425/10999 [00:10<00:16, 392.24it/s]
 41%|â–ˆâ–ˆâ–ˆâ–ˆ      | 4469/10999 [00:10<00:16, 403.20it/s]
 41%|â–ˆâ–ˆâ–ˆâ–ˆ      | 4511/10999 [00:10<00:16, 404.84it/s]
 41%|â–ˆâ–ˆâ–ˆâ–ˆâ–     | 4552/10999 [00:10<00:15, 406.14it/s]
 42%|â–ˆâ–ˆâ–ˆâ–ˆâ–     | 4594/10999 [00:10<00:15, 409.69it/s]
 42%|â–ˆâ–ˆâ–ˆâ–ˆâ–     | 4638/10999 [00:10<00:15, 415.25it/s]
 43%|â–ˆâ–ˆâ–ˆâ–ˆâ–Ž     | 4680/10999 [00:11<00:15, 409.00it/s]
 43%|â–ˆâ–ˆâ–ˆâ–ˆâ–Ž     | 4721/10999 [00:11<00:16, 382.84it/s]
 43%|â–ˆâ–ˆâ–ˆâ–ˆâ–Ž     | 4764/10999 [00:11<00:15, 392.30it/s]
 44%|â–ˆâ–ˆâ–ˆâ–ˆâ–     | 4816/10999 [00:11<00:14, 419.13it/s]
 44%|â–ˆâ–ˆâ–ˆâ–ˆâ–     | 4861/10999 [00:11<00:14, 427.65it/s]
 45%|â–ˆâ–ˆâ–ˆâ–ˆâ–     | 4905/10999 [00:11<00:15, 402.46it/s]
 45%|â–ˆâ–ˆâ–ˆâ–ˆâ–     | 4949/10999 [00:11<00:14, 411.80it/s]
 45%|â–ˆâ–ˆâ–ˆâ–ˆâ–Œ     | 4991/10999 [00:11<00:15, 394.65it/s]
 46%|â–ˆâ–ˆâ–ˆâ–ˆâ–Œ     | 5031/10999 [00:11<00:15, 385.65it/s]
 46%|â–ˆâ–ˆâ–ˆâ–ˆâ–Œ     | 5073/10999 [00:12<00:15, 394.20it/s]
 46%|â–ˆâ–ˆâ–ˆâ–ˆâ–‹     | 5113/10999 [00:12<00:14, 392.90it/s]
 47%|â–ˆâ–ˆâ–ˆâ–ˆâ–‹     | 5153/10999 [00:12<00:14, 392.31it/s]
 47%|â–ˆâ–ˆâ–ˆâ–ˆâ–‹     | 5193/10999 [00:12<00:15, 370.43it/s]
 48%|â–ˆâ–ˆâ–ˆâ–ˆâ–Š     | 5233/10999 [00:12<00:15, 376.31it/s]
 48%|â–ˆâ–ˆâ–ˆâ–ˆâ–Š     | 5273/10999 [00:12<00:14, 381.87it/s]
 48%|â–ˆâ–ˆâ–ˆâ–ˆâ–Š     | 5314/10999 [00:12<00:14, 388.77it/s]
 49%|â–ˆâ–ˆâ–ˆâ–ˆâ–Š     | 5354/10999 [00:12<00:15, 372.29it/s]
 49%|â–ˆâ–ˆâ–ˆâ–ˆâ–‰     | 5398/10999 [00:12<00:14, 390.14it/s]
 49%|â–ˆâ–ˆâ–ˆâ–ˆâ–‰     | 5441/10999 [00:13<00:14, 396.66it/s]
 50%|â–ˆâ–ˆâ–ˆâ–ˆâ–‰     | 5481/10999 [00:13<00:15, 358.44it/s]
 50%|â–ˆâ–ˆâ–ˆâ–ˆâ–ˆ     | 5523/10999 [00:13<00:14, 371.33it/s]
 51%|â–ˆâ–ˆâ–ˆâ–ˆâ–ˆ     | 5561/10999 [00:13<00:14, 371.10it/s]
 51%|â–ˆâ–ˆâ–ˆâ–ˆâ–ˆ     | 5605/10999 [00:13<00:13, 389.29it/s]
 51%|â–ˆâ–ˆâ–ˆâ–ˆâ–ˆâ–    | 5645/10999 [00:13<00:14, 381.53it/s]
 52%|â–ˆâ–ˆâ–ˆâ–ˆâ–ˆâ–    | 5684/10999 [00:13<00:23, 229.19it/s]
 52%|â–ˆâ–ˆâ–ˆâ–ˆâ–ˆâ–    | 5732/10999 [00:14<00:19, 270.60it/s]
 52%|â–ˆâ–ˆâ–ˆâ–ˆâ–ˆâ–    | 5772/10999 [00:14<00:17, 299.50it/s]
 53%|â–ˆâ–ˆâ–ˆâ–ˆâ–ˆâ–Ž    | 5815/10999 [00:14<00:15, 326.47it/s]
 53%|â–ˆâ–ˆâ–ˆâ–ˆâ–ˆâ–Ž    | 5854/10999 [00:14<00:15, 331.73it/s]
 54%|â–ˆâ–ˆâ–ˆâ–ˆâ–ˆâ–Ž    | 5892/10999 [00:14<00:15, 339.09it/s]
 54%|â–ˆâ–ˆâ–ˆâ–ˆâ–ˆâ–    | 5929/10999 [00:14<00:15, 325.44it/s]
 54%|â–ˆâ–ˆâ–ˆâ–ˆâ–ˆâ–    | 5970/10999 [00:14<00:14, 345.05it/s]
 55%|â–ˆâ–ˆâ–ˆâ–ˆâ–ˆâ–    | 6007/10999 [00:14<00:14, 343.11it/s]
 55%|â–ˆâ–ˆâ–ˆâ–ˆâ–ˆâ–Œ    | 6050/10999 [00:14<00:13, 364.60it/s]
 55%|â–ˆâ–ˆâ–ˆâ–ˆâ–ˆâ–Œ    | 6103/10999 [00:14<00:12, 401.48it/s]
 56%|â–ˆâ–ˆâ–ˆâ–ˆâ–ˆâ–Œ    | 6146/10999 [00:15<00:12, 398.33it/s]
 56%|â–ˆâ–ˆâ–ˆâ–ˆâ–ˆâ–‹    | 6188/10999 [00:15<00:12, 394.29it/s]
 57%|â–ˆâ–ˆâ–ˆâ–ˆâ–ˆâ–‹    | 6229/10999 [00:15<00:12, 381.42it/s]
 57%|â–ˆâ–ˆâ–ˆâ–ˆâ–ˆâ–‹    | 6271/10999 [00:15<00:12, 388.27it/s]
 57%|â–ˆâ–ˆâ–ˆâ–ˆâ–ˆâ–‹    | 6312/10999 [00:15<00:11, 390.94it/s]
 58%|â–ˆâ–ˆâ–ˆâ–ˆâ–ˆâ–Š    | 6355/10999 [00:15<00:11, 401.70it/s]
 58%|â–ˆâ–ˆâ–ˆâ–ˆâ–ˆâ–Š    | 6398/10999 [00:15<00:11, 405.72it/s]
 59%|â–ˆâ–ˆâ–ˆâ–ˆâ–ˆâ–Š    | 6439/10999 [00:15<00:11, 391.71it/s]
 59%|â–ˆâ–ˆâ–ˆâ–ˆâ–ˆâ–‰    | 6479/10999 [00:15<00:11, 388.65it/s]
 59%|â–ˆâ–ˆâ–ˆâ–ˆâ–ˆâ–‰    | 6519/10999 [00:16<00:12, 369.13it/s]
 60%|â–ˆâ–ˆâ–ˆâ–ˆâ–ˆâ–‰    | 6557/10999 [00:16<00:13, 325.77it/s]
 60%|â–ˆâ–ˆâ–ˆâ–ˆâ–ˆâ–‰    | 6598/10999 [00:16<00:12, 342.84it/s]
 60%|â–ˆâ–ˆâ–ˆâ–ˆâ–ˆâ–ˆ    | 6640/10999 [00:16<00:12, 360.69it/s]
 61%|â–ˆâ–ˆâ–ˆâ–ˆâ–ˆâ–ˆ    | 6684/10999 [00:16<00:11, 378.12it/s]
 61%|â–ˆâ–ˆâ–ˆâ–ˆâ–ˆâ–ˆ    | 6725/10999 [00:16<00:11, 384.76it/s]
 62%|â–ˆâ–ˆâ–ˆâ–ˆâ–ˆâ–ˆâ–   | 6767/10999 [00:16<00:10, 393.33it/s]
 62%|â–ˆâ–ˆâ–ˆâ–ˆâ–ˆâ–ˆâ–   | 6807/10999 [00:16<00:10, 393.57it/s]
 62%|â–ˆâ–ˆâ–ˆâ–ˆâ–ˆâ–ˆâ–   | 6856/10999 [00:16<00:09, 418.15it/s]
 63%|â–ˆâ–ˆâ–ˆâ–ˆâ–ˆâ–ˆâ–Ž   | 6901/10999 [00:17<00:09, 424.35it/s]
 63%|â–ˆâ–ˆâ–ˆâ–ˆâ–ˆâ–ˆâ–Ž   | 6944/10999 [00:17<00:09, 419.17it/s]
 64%|â–ˆâ–ˆâ–ˆâ–ˆâ–ˆâ–ˆâ–Ž   | 6987/10999 [00:17<00:09, 413.09it/s]
 64%|â–ˆâ–ˆâ–ˆâ–ˆâ–ˆâ–ˆâ–   | 7029/10999 [00:17<00:09, 411.33it/s]
 64%|â–ˆâ–ˆâ–ˆâ–ˆâ–ˆâ–ˆâ–   | 7071/10999 [00:17<00:09, 395.09it/s]
 65%|â–ˆâ–ˆâ–ˆâ–ˆâ–ˆâ–ˆâ–   | 7111/10999 [00:17<00:09, 392.73it/s]
 65%|â–ˆâ–ˆâ–ˆâ–ˆâ–ˆâ–ˆâ–Œ   | 7153/10999 [00:17<00:09, 393.12it/s]
 65%|â–ˆâ–ˆâ–ˆâ–ˆâ–ˆâ–ˆâ–Œ   | 7193/10999 [00:17<00:09, 392.85it/s]
 66%|â–ˆâ–ˆâ–ˆâ–ˆâ–ˆâ–ˆâ–Œ   | 7233/10999 [00:17<00:09, 394.47it/s]
 66%|â–ˆâ–ˆâ–ˆâ–ˆâ–ˆâ–ˆâ–Œ   | 7273/10999 [00:17<00:09, 394.92it/s]
 66%|â–ˆâ–ˆâ–ˆâ–ˆâ–ˆâ–ˆâ–‹   | 7313/10999 [00:18<00:09, 383.89it/s]
 67%|â–ˆâ–ˆâ–ˆâ–ˆâ–ˆâ–ˆâ–‹   | 7353/10999 [00:18<00:09, 387.80it/s]
 67%|â–ˆâ–ˆâ–ˆâ–ˆâ–ˆâ–ˆâ–‹   | 7392/10999 [00:18<00:09, 374.66it/s]
 68%|â–ˆâ–ˆâ–ˆâ–ˆâ–ˆâ–ˆâ–Š   | 7430/10999 [00:18<00:09, 362.72it/s]
 68%|â–ˆâ–ˆâ–ˆâ–ˆâ–ˆâ–ˆâ–Š   | 7467/10999 [00:18<00:09, 363.27it/s]
 68%|â–ˆâ–ˆâ–ˆâ–ˆâ–ˆâ–ˆâ–Š   | 7506/10999 [00:18<00:09, 367.92it/s]
 69%|â–ˆâ–ˆâ–ˆâ–ˆâ–ˆâ–ˆâ–Š   | 7547/10999 [00:18<00:09, 376.82it/s]
 69%|â–ˆâ–ˆâ–ˆâ–ˆâ–ˆâ–ˆâ–‰   | 7585/10999 [00:18<00:09, 375.08it/s]
 69%|â–ˆâ–ˆâ–ˆâ–ˆâ–ˆâ–ˆâ–‰   | 7624/10999 [00:18<00:08, 378.90it/s]
 70%|â–ˆâ–ˆâ–ˆâ–ˆâ–ˆâ–ˆâ–‰   | 7662/10999 [00:19<00:08, 376.96it/s]
 70%|â–ˆâ–ˆâ–ˆâ–ˆâ–ˆâ–ˆâ–ˆ   | 7709/10999 [00:19<00:08, 399.07it/s]
 71%|â–ˆâ–ˆâ–ˆâ–ˆâ–ˆâ–ˆâ–ˆ   | 7764/10999 [00:19<00:07, 430.46it/s]
 71%|â–ˆâ–ˆâ–ˆâ–ˆâ–ˆâ–ˆâ–ˆ   | 7809/10999 [00:19<00:07, 423.19it/s]
 71%|â–ˆâ–ˆâ–ˆâ–ˆâ–ˆâ–ˆâ–ˆâ–  | 7853/10999 [00:19<00:07, 401.86it/s]
 72%|â–ˆâ–ˆâ–ˆâ–ˆâ–ˆâ–ˆâ–ˆâ–  | 7894/10999 [00:19<00:07, 390.98it/s]
 72%|â–ˆâ–ˆâ–ˆâ–ˆâ–ˆâ–ˆâ–ˆâ–  | 7934/10999 [00:19<00:08, 373.52it/s]
 73%|â–ˆâ–ˆâ–ˆâ–ˆâ–ˆâ–ˆâ–ˆâ–Ž  | 7976/10999 [00:19<00:07, 385.57it/s]
 73%|â–ˆâ–ˆâ–ˆâ–ˆâ–ˆâ–ˆâ–ˆâ–Ž  | 8018/10999 [00:19<00:07, 395.26it/s]
 73%|â–ˆâ–ˆâ–ˆâ–ˆâ–ˆâ–ˆâ–ˆâ–Ž  | 8058/10999 [00:19<00:07, 395.52it/s]
 74%|â–ˆâ–ˆâ–ˆâ–ˆâ–ˆâ–ˆâ–ˆâ–Ž  | 8098/10999 [00:20<00:07, 390.44it/s]
 74%|â–ˆâ–ˆâ–ˆâ–ˆâ–ˆâ–ˆâ–ˆâ–  | 8141/10999 [00:20<00:07, 398.72it/s]
 74%|â–ˆâ–ˆâ–ˆâ–ˆâ–ˆâ–ˆâ–ˆâ–  | 8182/10999 [00:20<00:07, 386.60it/s]
 75%|â–ˆâ–ˆâ–ˆâ–ˆâ–ˆâ–ˆâ–ˆâ–  | 8225/10999 [00:20<00:06, 398.30it/s]
 75%|â–ˆâ–ˆâ–ˆâ–ˆâ–ˆâ–ˆâ–ˆâ–Œ  | 8266/10999 [00:20<00:07, 387.12it/s]
 76%|â–ˆâ–ˆâ–ˆâ–ˆâ–ˆâ–ˆâ–ˆâ–Œ  | 8309/10999 [00:20<00:06, 397.01it/s]
 76%|â–ˆâ–ˆâ–ˆâ–ˆâ–ˆâ–ˆâ–ˆâ–Œ  | 8350/10999 [00:20<00:06, 397.50it/s]
 76%|â–ˆâ–ˆâ–ˆâ–ˆâ–ˆâ–ˆâ–ˆâ–‹  | 8392/10999 [00:20<00:06, 403.24it/s]
 77%|â–ˆâ–ˆâ–ˆâ–ˆâ–ˆâ–ˆâ–ˆâ–‹  | 8433/10999 [00:20<00:06, 399.04it/s]
 77%|â–ˆâ–ˆâ–ˆâ–ˆâ–ˆâ–ˆâ–ˆâ–‹  | 8474/10999 [00:21<00:06, 385.01it/s]
 77%|â–ˆâ–ˆâ–ˆâ–ˆâ–ˆâ–ˆâ–ˆâ–‹  | 8513/10999 [00:21<00:06, 381.87it/s]
 78%|â–ˆâ–ˆâ–ˆâ–ˆâ–ˆâ–ˆâ–ˆâ–Š  | 8555/10999 [00:21<00:06, 392.36it/s]
 78%|â–ˆâ–ˆâ–ˆâ–ˆâ–ˆâ–ˆâ–ˆâ–Š  | 8595/10999 [00:21<00:06, 364.48it/s]
 79%|â–ˆâ–ˆâ–ˆâ–ˆâ–ˆâ–ˆâ–ˆâ–Š  | 8635/10999 [00:21<00:06, 372.81it/s]
 79%|â–ˆâ–ˆâ–ˆâ–ˆâ–ˆâ–ˆâ–ˆâ–‰  | 8678/10999 [00:21<00:06, 383.10it/s]
 79%|â–ˆâ–ˆâ–ˆâ–ˆâ–ˆâ–ˆâ–ˆâ–‰  | 8728/10999 [00:21<00:05, 411.69it/s]
 80%|â–ˆâ–ˆâ–ˆâ–ˆâ–ˆâ–ˆâ–ˆâ–‰  | 8771/10999 [00:21<00:05, 408.07it/s]
 80%|â–ˆâ–ˆâ–ˆâ–ˆâ–ˆâ–ˆâ–ˆâ–ˆ  | 8813/10999 [00:21<00:05, 407.45it/s]
 81%|â–ˆâ–ˆâ–ˆâ–ˆâ–ˆâ–ˆâ–ˆâ–ˆ  | 8855/10999 [00:22<00:05, 389.41it/s]
 81%|â–ˆâ–ˆâ–ˆâ–ˆâ–ˆâ–ˆâ–ˆâ–ˆ  | 8896/10999 [00:22<00:05, 394.12it/s]
 81%|â–ˆâ–ˆâ–ˆâ–ˆâ–ˆâ–ˆâ–ˆâ–ˆâ– | 8939/10999 [00:22<00:05, 403.29it/s]
 82%|â–ˆâ–ˆâ–ˆâ–ˆâ–ˆâ–ˆâ–ˆâ–ˆâ– | 8980/10999 [00:22<00:05, 401.25it/s]
 82%|â–ˆâ–ˆâ–ˆâ–ˆâ–ˆâ–ˆâ–ˆâ–ˆâ– | 9021/10999 [00:22<00:04, 397.24it/s]
 82%|â–ˆâ–ˆâ–ˆâ–ˆâ–ˆâ–ˆâ–ˆâ–ˆâ– | 9061/10999 [00:22<00:05, 387.33it/s]
 83%|â–ˆâ–ˆâ–ˆâ–ˆâ–ˆâ–ˆâ–ˆâ–ˆâ–Ž | 9100/10999 [00:22<00:05, 372.55it/s]
 83%|â–ˆâ–ˆâ–ˆâ–ˆâ–ˆâ–ˆâ–ˆâ–ˆâ–Ž | 9142/10999 [00:22<00:04, 384.66it/s]
 83%|â–ˆâ–ˆâ–ˆâ–ˆâ–ˆâ–ˆâ–ˆâ–ˆâ–Ž | 9181/10999 [00:22<00:04, 385.29it/s]
 84%|â–ˆâ–ˆâ–ˆâ–ˆâ–ˆâ–ˆâ–ˆâ–ˆâ– | 9220/10999 [00:22<00:04, 378.22it/s]
 84%|â–ˆâ–ˆâ–ˆâ–ˆâ–ˆâ–ˆâ–ˆâ–ˆâ– | 9260/10999 [00:23<00:04, 379.01it/s]
 85%|â–ˆâ–ˆâ–ˆâ–ˆâ–ˆâ–ˆâ–ˆâ–ˆâ– | 9301/10999 [00:23<00:04, 387.38it/s]
 85%|â–ˆâ–ˆâ–ˆâ–ˆâ–ˆâ–ˆâ–ˆâ–ˆâ– | 9340/10999 [00:23<00:04, 383.81it/s]
 85%|â–ˆâ–ˆâ–ˆâ–ˆâ–ˆâ–ˆâ–ˆâ–ˆâ–Œ | 9379/10999 [00:23<00:04, 375.45it/s]
 86%|â–ˆâ–ˆâ–ˆâ–ˆâ–ˆâ–ˆâ–ˆâ–ˆâ–Œ | 9417/10999 [00:23<00:04, 374.31it/s]
 86%|â–ˆâ–ˆâ–ˆâ–ˆâ–ˆâ–ˆâ–ˆâ–ˆâ–Œ | 9458/10999 [00:23<00:04, 381.98it/s]
 86%|â–ˆâ–ˆâ–ˆâ–ˆâ–ˆâ–ˆâ–ˆâ–ˆâ–‹ | 9500/10999 [00:23<00:03, 392.46it/s]
 87%|â–ˆâ–ˆâ–ˆâ–ˆâ–ˆâ–ˆâ–ˆâ–ˆâ–‹ | 9541/10999 [00:23<00:03, 395.37it/s]
 87%|â–ˆâ–ˆâ–ˆâ–ˆâ–ˆâ–ˆâ–ˆâ–ˆâ–‹ | 9582/10999 [00:23<00:03, 398.64it/s]
 87%|â–ˆâ–ˆâ–ˆâ–ˆâ–ˆâ–ˆâ–ˆâ–ˆâ–‹ | 9622/10999 [00:24<00:03, 370.17it/s]
 88%|â–ˆâ–ˆâ–ˆâ–ˆâ–ˆâ–ˆâ–ˆâ–ˆâ–Š | 9665/10999 [00:24<00:03, 384.48it/s]
 88%|â–ˆâ–ˆâ–ˆâ–ˆâ–ˆâ–ˆâ–ˆâ–ˆâ–Š | 9706/10999 [00:24<00:03, 390.96it/s]
 89%|â–ˆâ–ˆâ–ˆâ–ˆâ–ˆâ–ˆâ–ˆâ–ˆâ–Š | 9747/10999 [00:24<00:03, 394.94it/s]
 89%|â–ˆâ–ˆâ–ˆâ–ˆâ–ˆâ–ˆâ–ˆâ–ˆâ–‰ | 9797/10999 [00:24<00:02, 418.31it/s]
 90%|â–ˆâ–ˆâ–ˆâ–ˆâ–ˆâ–ˆâ–ˆâ–ˆâ–‰ | 9845/10999 [00:24<00:02, 434.39it/s]
 90%|â–ˆâ–ˆâ–ˆâ–ˆâ–ˆâ–ˆâ–ˆâ–ˆâ–‰ | 9889/10999 [00:24<00:02, 418.64it/s]
 90%|â–ˆâ–ˆâ–ˆâ–ˆâ–ˆâ–ˆâ–ˆâ–ˆâ–ˆ | 9932/10999 [00:24<00:02, 413.15it/s]
 91%|â–ˆâ–ˆâ–ˆâ–ˆâ–ˆâ–ˆâ–ˆâ–ˆâ–ˆ | 9974/10999 [00:24<00:02, 395.51it/s]
 91%|â–ˆâ–ˆâ–ˆâ–ˆâ–ˆâ–ˆâ–ˆâ–ˆâ–ˆ | 10017/10999 [00:24<00:02, 400.37it/s]
 91%|â–ˆâ–ˆâ–ˆâ–ˆâ–ˆâ–ˆâ–ˆâ–ˆâ–ˆâ–| 10058/10999 [00:25<00:02, 391.14it/s]
 92%|â–ˆâ–ˆâ–ˆâ–ˆâ–ˆâ–ˆâ–ˆâ–ˆâ–ˆâ–| 10098/10999 [00:25<00:02, 393.11it/s]
 92%|â–ˆâ–ˆâ–ˆâ–ˆâ–ˆâ–ˆâ–ˆâ–ˆâ–ˆâ–| 10138/10999 [00:25<00:02, 387.55it/s]
 93%|â–ˆâ–ˆâ–ˆâ–ˆâ–ˆâ–ˆâ–ˆâ–ˆâ–ˆâ–Ž| 10177/10999 [00:25<00:02, 379.03it/s]
 93%|â–ˆâ–ˆâ–ˆâ–ˆâ–ˆâ–ˆâ–ˆâ–ˆâ–ˆâ–Ž| 10216/10999 [00:25<00:02, 375.88it/s]
 93%|â–ˆâ–ˆâ–ˆâ–ˆâ–ˆâ–ˆâ–ˆâ–ˆâ–ˆâ–Ž| 10255/10999 [00:25<00:02, 371.87it/s]
 94%|â–ˆâ–ˆâ–ˆâ–ˆâ–ˆâ–ˆâ–ˆâ–ˆâ–ˆâ–Ž| 10296/10999 [00:25<00:01, 382.19it/s]
 94%|â–ˆâ–ˆâ–ˆâ–ˆâ–ˆâ–ˆâ–ˆâ–ˆâ–ˆâ–| 10335/10999 [00:25<00:01, 383.45it/s]
 94%|â–ˆâ–ˆâ–ˆâ–ˆâ–ˆâ–ˆâ–ˆâ–ˆâ–ˆâ–| 10374/10999 [00:25<00:01, 384.23it/s]
 95%|â–ˆâ–ˆâ–ˆâ–ˆâ–ˆâ–ˆâ–ˆâ–ˆâ–ˆâ–| 10413/10999 [00:25<00:01, 384.27it/s]
 95%|â–ˆâ–ˆâ–ˆâ–ˆâ–ˆâ–ˆâ–ˆâ–ˆâ–ˆâ–Œ| 10453/10999 [00:26<00:01, 379.76it/s]
 95%|â–ˆâ–ˆâ–ˆâ–ˆâ–ˆâ–ˆâ–ˆâ–ˆâ–ˆâ–Œ| 10492/10999 [00:26<00:01, 381.93it/s]
 96%|â–ˆâ–ˆâ–ˆâ–ˆâ–ˆâ–ˆâ–ˆâ–ˆâ–ˆâ–Œ| 10535/10999 [00:26<00:01, 394.22it/s]
 96%|â–ˆâ–ˆâ–ˆâ–ˆâ–ˆâ–ˆâ–ˆâ–ˆâ–ˆâ–Œ| 10578/10999 [00:26<00:01, 403.84it/s]
 97%|â–ˆâ–ˆâ–ˆâ–ˆâ–ˆâ–ˆâ–ˆâ–ˆâ–ˆâ–‹| 10623/10999 [00:26<00:00, 414.09it/s]
 97%|â–ˆâ–ˆâ–ˆâ–ˆâ–ˆâ–ˆâ–ˆâ–ˆâ–ˆâ–‹| 10665/10999 [00:26<00:00, 415.59it/s]
 97%|â–ˆâ–ˆâ–ˆâ–ˆâ–ˆâ–ˆâ–ˆâ–ˆâ–ˆâ–‹| 10707/10999 [00:26<00:00, 402.86it/s]
 98%|â–ˆâ–ˆâ–ˆâ–ˆâ–ˆâ–ˆâ–ˆâ–ˆâ–ˆâ–Š| 10748/10999 [00:26<00:00, 399.03it/s]
 98%|â–ˆâ–ˆâ–ˆâ–ˆâ–ˆâ–ˆâ–ˆâ–ˆâ–ˆâ–Š| 10793/10999 [00:26<00:00, 412.30it/s]
 99%|â–ˆâ–ˆâ–ˆâ–ˆâ–ˆâ–ˆâ–ˆâ–ˆâ–ˆâ–Š| 10835/10999 [00:27<00:00, 406.41it/s]
 99%|â–ˆâ–ˆâ–ˆâ–ˆâ–ˆâ–ˆâ–ˆâ–ˆâ–ˆâ–‰| 10877/10999 [00:27<00:00, 406.59it/s]
 99%|â–ˆâ–ˆâ–ˆâ–ˆâ–ˆâ–ˆâ–ˆâ–ˆâ–ˆâ–‰| 10919/10999 [00:27<00:00, 409.10it/s]
100%|â–ˆâ–ˆâ–ˆâ–ˆâ–ˆâ–ˆâ–ˆâ–ˆâ–ˆâ–‰| 10961/10999 [00:27<00:00, 412.29it/s]
100%|â–ˆâ–ˆâ–ˆâ–ˆâ–ˆâ–ˆâ–ˆâ–ˆâ–ˆâ–ˆ| 10999/10999 [00:27<00:00, 400.95it/s]
20:37:50 - [DEBUG] - Time to execute query: 0.03 secs
20:37:52 - [DEBUG] - Preparing to execute 20 queries.
20:37:52 - [DEBUG] - Starting to execute query SELECT _vid_, val_id, count(*) violations FROM   "tax_nwcpk_075" as t1, "tax_nwcpk_075" as t2, pos_values as t3 WHERE  t1._tid_ != t2._tid_   AND  t1._tid_ = t3._tid_   AND  t3.attribute = 'zip'   AND  t1."city"<>t2."city"   AND  t3.rv_val = t2."zip" GROUP BY _vid_, val_id with id 0
20:37:52 - [DEBUG] - Time to execute query with id 0: 0.00 secs
20:37:52 - [DEBUG] - Starting to execute query SELECT _vid_, val_id, count(*) violations FROM   "tax_nwcpk_075" as t1, "tax_nwcpk_075" as t2, pos_values as t3 WHERE  t1._tid_ != t2._tid_   AND  t1._tid_ = t3._tid_   AND  t3.attribute = 'city'   AND  t1."zip"=t2."zip"   AND  t3.rv_val <> t2."city" GROUP BY _vid_, val_id with id 1
20:37:52 - [DEBUG] - Time to execute query with id 1: 0.00 secs
20:37:52 - [DEBUG] - Starting to execute query SELECT _vid_, val_id, count(*) violations FROM   "tax_nwcpk_075" as t1, "tax_nwcpk_075" as t2, pos_values as t3 WHERE  t1._tid_ != t2._tid_   AND  t1._tid_ = t3._tid_   AND  t3.attribute = 'zip'   AND  t1."state"<>t2."state"   AND  t3.rv_val = t2."zip" GROUP BY _vid_, val_id with id 2
20:37:52 - [DEBUG] - Time to execute query with id 2: 0.00 secs
20:37:52 - [DEBUG] - Starting to execute query SELECT _vid_, val_id, count(*) violations FROM   "tax_nwcpk_075" as t1, "tax_nwcpk_075" as t2, pos_values as t3 WHERE  t1._tid_ != t2._tid_   AND  t1._tid_ = t3._tid_   AND  t3.attribute = 'state'   AND  t1."zip"=t2."zip"   AND  t3.rv_val <> t2."state" GROUP BY _vid_, val_id with id 3
20:37:52 - [DEBUG] - Time to execute query with id 3: 0.06 secs
20:37:52 - [DEBUG] - Starting to execute query SELECT _vid_, val_id, count(*) violations FROM   "tax_nwcpk_075" as t1, "tax_nwcpk_075" as t2, pos_values as t3 WHERE  t1._tid_ != t2._tid_   AND  t1._tid_ = t3._tid_   AND  t3.attribute = 'zip'   AND  t1."haschild"=t2."haschild" AND t1."childexemp"<>t2."childexemp"   AND  t3.rv_val = t2."zip" GROUP BY _vid_, val_id with id 4
20:37:52 - [DEBUG] - Time to execute query with id 4: 0.00 secs
20:37:52 - [DEBUG] - Starting to execute query SELECT _vid_, val_id, count(*) violations FROM   "tax_nwcpk_075" as t1, "tax_nwcpk_075" as t2, pos_values as t3 WHERE  t1._tid_ != t2._tid_   AND  t1._tid_ = t3._tid_   AND  t3.attribute = 'haschild'   AND  t1."zip"=t2."zip" AND t1."childexemp"<>t2."childexemp"   AND  t3.rv_val = t2."haschild" GROUP BY _vid_, val_id with id 5
20:37:52 - [DEBUG] - Time to execute query with id 5: 0.00 secs
20:37:52 - [DEBUG] - Starting to execute query SELECT _vid_, val_id, count(*) violations FROM   "tax_nwcpk_075" as t1, "tax_nwcpk_075" as t2, pos_values as t3 WHERE  t1._tid_ != t2._tid_   AND  t1._tid_ = t3._tid_   AND  t3.attribute = 'childexemp'   AND  t1."zip"=t2."zip" AND t1."haschild"=t2."haschild"   AND  t3.rv_val <> t2."childexemp" GROUP BY _vid_, val_id with id 6
20:37:52 - [DEBUG] - Time to execute query with id 6: 0.01 secs
20:37:52 - [DEBUG] - Starting to execute query SELECT _vid_, val_id, count(*) violations FROM   "tax_nwcpk_075" as t1, "tax_nwcpk_075" as t2, pos_values as t3 WHERE  t1._tid_ != t2._tid_   AND  t1._tid_ = t3._tid_   AND  t3.attribute = 'zip'   AND  t1."maritalstatus"=t2."maritalstatus" AND t1."singleexemp"<>t2."singleexemp"   AND  t3.rv_val = t2."zip" GROUP BY _vid_, val_id with id 7
20:37:52 - [DEBUG] - Time to execute query with id 7: 0.00 secs
20:37:52 - [DEBUG] - Starting to execute query SELECT _vid_, val_id, count(*) violations FROM   "tax_nwcpk_075" as t1, "tax_nwcpk_075" as t2, pos_values as t3 WHERE  t1._tid_ != t2._tid_   AND  t1._tid_ = t3._tid_   AND  t3.attribute = 'maritalstatus'   AND  t1."zip"=t2."zip" AND t1."singleexemp"<>t2."singleexemp"   AND  t3.rv_val = t2."maritalstatus" GROUP BY _vid_, val_id with id 8
20:37:52 - [DEBUG] - Time to execute query with id 8: 0.00 secs
20:37:52 - [DEBUG] - Starting to execute query SELECT _vid_, val_id, count(*) violations FROM   "tax_nwcpk_075" as t1, "tax_nwcpk_075" as t2, pos_values as t3 WHERE  t1._tid_ != t2._tid_   AND  t1._tid_ = t3._tid_   AND  t3.attribute = 'singleexemp'   AND  t1."zip"=t2."zip" AND t1."maritalstatus"=t2."maritalstatus"   AND  t3.rv_val <> t2."singleexemp" GROUP BY _vid_, val_id with id 9
20:37:52 - [DEBUG] - Time to execute query with id 9: 0.00 secs
20:37:52 - [DEBUG] - Starting to execute query SELECT _vid_, val_id, count(*) violations FROM   "tax_nwcpk_075" as t1, "tax_nwcpk_075" as t2, pos_values as t3 WHERE  t1._tid_ != t2._tid_   AND  t1._tid_ = t3._tid_   AND  t3.attribute = 'zip'   AND  t1."maritalstatus"=t2."maritalstatus" AND t1."marriedexemp"<>t2."marriedexemp"   AND  t3.rv_val = t2."zip" GROUP BY _vid_, val_id with id 10
20:37:52 - [DEBUG] - Time to execute query with id 10: 0.00 secs
20:37:52 - [DEBUG] - Starting to execute query SELECT _vid_, val_id, count(*) violations FROM   "tax_nwcpk_075" as t1, "tax_nwcpk_075" as t2, pos_values as t3 WHERE  t1._tid_ != t2._tid_   AND  t1._tid_ = t3._tid_   AND  t3.attribute = 'maritalstatus'   AND  t1."zip"=t2."zip" AND t1."marriedexemp"<>t2."marriedexemp"   AND  t3.rv_val = t2."maritalstatus" GROUP BY _vid_, val_id with id 11
20:37:53 - [DEBUG] - Time to execute query with id 11: 0.00 secs
20:37:53 - [DEBUG] - Starting to execute query SELECT _vid_, val_id, count(*) violations FROM   "tax_nwcpk_075" as t1, "tax_nwcpk_075" as t2, pos_values as t3 WHERE  t1._tid_ != t2._tid_   AND  t1._tid_ = t3._tid_   AND  t3.attribute = 'marriedexemp'   AND  t1."zip"=t2."zip" AND t1."maritalstatus"=t2."maritalstatus"   AND  t3.rv_val <> t2."marriedexemp" GROUP BY _vid_, val_id with id 12
20:37:53 - [DEBUG] - Time to execute query with id 12: 0.01 secs
20:37:53 - [DEBUG] - Starting to execute query SELECT _vid_, val_id, count(*) violations FROM   "tax_nwcpk_075" as t1, "tax_nwcpk_075" as t2, pos_values as t3 WHERE  t1._tid_ != t2._tid_   AND  t1._tid_ = t3._tid_   AND  t3.attribute = 'fname'   AND  t1."gender"<>t2."gender"   AND  t3.rv_val = t2."fname" GROUP BY _vid_, val_id with id 13
20:37:53 - [DEBUG] - Time to execute query with id 13: 0.01 secs
20:37:53 - [DEBUG] - Starting to execute query SELECT _vid_, val_id, count(*) violations FROM   "tax_nwcpk_075" as t1, "tax_nwcpk_075" as t2, pos_values as t3 WHERE  t1._tid_ != t2._tid_   AND  t1._tid_ = t3._tid_   AND  t3.attribute = 'gender'   AND  t1."fname"=t2."fname"   AND  t3.rv_val <> t2."gender" GROUP BY _vid_, val_id with id 14
20:37:53 - [DEBUG] - Time to execute query with id 14: 0.00 secs
20:37:53 - [DEBUG] - Starting to execute query SELECT _vid_, val_id, count(*) violations FROM   "tax_nwcpk_075" as t1, "tax_nwcpk_075" as t2, pos_values as t3 WHERE  t1._tid_ != t2._tid_   AND  t1._tid_ = t3._tid_   AND  t3.attribute = 'areacode'   AND  t1."state"<>t2."state"   AND  t3.rv_val = t2."areacode" GROUP BY _vid_, val_id with id 15
20:37:53 - [DEBUG] - Time to execute query with id 15: 0.00 secs
20:37:53 - [DEBUG] - Starting to execute query SELECT _vid_, val_id, count(*) violations FROM   "tax_nwcpk_075" as t1, "tax_nwcpk_075" as t2, pos_values as t3 WHERE  t1._tid_ != t2._tid_   AND  t1._tid_ = t3._tid_   AND  t3.attribute = 'state'   AND  t1."areacode"=t2."areacode"   AND  t3.rv_val <> t2."state" GROUP BY _vid_, val_id with id 16
20:37:54 - [DEBUG] - Time to execute query with id 16: 0.02 secs
20:37:54 - [DEBUG] - Starting to execute query SELECT _vid_, val_id, count(*) violations FROM   "tax_nwcpk_075" as t1, "tax_nwcpk_075" as t2, pos_values as t3 WHERE  t1._tid_ != t2._tid_   AND  t1._tid_ = t3._tid_   AND  t3.attribute = 'phone'   AND  t1."zip"=t2."zip" AND t1."areacode"<>t2."areacode"   AND  t3.rv_val = t2."phone" GROUP BY _vid_, val_id with id 17
20:37:54 - [DEBUG] - Time to execute query with id 17: 0.00 secs
20:37:54 - [DEBUG] - Starting to execute query SELECT _vid_, val_id, count(*) violations FROM   "tax_nwcpk_075" as t1, "tax_nwcpk_075" as t2, pos_values as t3 WHERE  t1._tid_ != t2._tid_   AND  t1._tid_ = t3._tid_   AND  t3.attribute = 'zip'   AND  t1."phone"=t2."phone" AND t1."areacode"<>t2."areacode"   AND  t3.rv_val = t2."zip" GROUP BY _vid_, val_id with id 18
20:37:54 - [DEBUG] - Time to execute query with id 18: 0.00 secs
20:37:54 - [DEBUG] - Starting to execute query SELECT _vid_, val_id, count(*) violations FROM   "tax_nwcpk_075" as t1, "tax_nwcpk_075" as t2, pos_values as t3 WHERE  t1._tid_ != t2._tid_   AND  t1._tid_ = t3._tid_   AND  t3.attribute = 'areacode'   AND  t1."phone"=t2."phone" AND t1."zip"=t2."zip"   AND  t3.rv_val <> t2."areacode" GROUP BY _vid_, val_id with id 19
20:37:54 - [DEBUG] - Time to execute query with id 19: 0.00 secs
20:37:54 - [DEBUG] - Time to execute 20 queries: 0.15 secs
20:37:57 - [DEBUG] - DONE featurization.
20:37:57 - [DEBUG] - generating weak labels...
20:37:57 - [DEBUG] - Time to execute query: 0.12 secs

  0%|          | 0/9267 [00:00<?, ?it/s]
 47%|â–ˆâ–ˆâ–ˆâ–ˆâ–‹     | 4326/9267 [00:00<00:00, 43258.60it/s]
100%|â–ˆâ–ˆâ–ˆâ–ˆâ–ˆâ–ˆâ–ˆâ–ˆâ–ˆâ–‰| 9229/9267 [00:00<00:00, 44841.70it/s]
100%|â–ˆâ–ˆâ–ˆâ–ˆâ–ˆâ–ˆâ–ˆâ–ˆâ–ˆâ–ˆ| 9267/9267 [00:00<00:00, 46042.06it/s]
20:37:57 - [DEBUG] - DONE generating weak labels.
20:37:57 - [DEBUG] - generating mask...
20:37:57 - [DEBUG] - Time to execute query: 0.02 secs

  0%|          | 0/10999 [00:00<?, ?it/s]
 67%|â–ˆâ–ˆâ–ˆâ–ˆâ–ˆâ–ˆâ–‹   | 7355/10999 [00:00<00:00, 73543.23it/s]
100%|â–ˆâ–ˆâ–ˆâ–ˆâ–ˆâ–ˆâ–ˆâ–ˆâ–ˆâ–ˆ| 10999/10999 [00:00<00:00, 73410.75it/s]
20:37:57 - [DEBUG] - DONE generating mask.
20:37:58 - [ INFO] - DONE setting up featurized dataset.
20:37:58 - [DEBUG] - Time to featurize data: 48.29 secs
20:37:58 - [ INFO] - DONE setting up repair model.
20:37:58 - [DEBUG] - Time to setup repair model: 48.29 secs
20:37:58 - [ INFO] - training with 9267 training examples (cells)

  0%|          | 0/10 [00:00<?, ?it/s]20:38:06 - [DEBUG] - Epoch 1, cost = 0.220396, acc = 98.69%

 10%|â–ˆ         | 1/10 [00:08<01:16,  8.56s/it]20:38:15 - [DEBUG] - Epoch 2, cost = 0.111936, acc = 98.72%

 20%|â–ˆâ–ˆ        | 2/10 [00:16<01:08,  8.51s/it]20:38:23 - [DEBUG] - Epoch 3, cost = 0.109748, acc = 98.79%

 30%|â–ˆâ–ˆâ–ˆ       | 3/10 [00:25<00:58,  8.41s/it]20:38:31 - [DEBUG] - Epoch 4, cost = 0.109445, acc = 98.81%

 40%|â–ˆâ–ˆâ–ˆâ–ˆ      | 4/10 [00:33<00:50,  8.34s/it]20:38:39 - [DEBUG] - Epoch 5, cost = 0.109391, acc = 98.81%

 50%|â–ˆâ–ˆâ–ˆâ–ˆâ–ˆ     | 5/10 [00:41<00:41,  8.22s/it]20:38:49 - [DEBUG] - Epoch 6, cost = 0.109378, acc = 98.82%

 60%|â–ˆâ–ˆâ–ˆâ–ˆâ–ˆâ–ˆ    | 6/10 [00:51<00:34,  8.72s/it]20:38:57 - [DEBUG] - Epoch 7, cost = 0.109375, acc = 98.82%

 70%|â–ˆâ–ˆâ–ˆâ–ˆâ–ˆâ–ˆâ–ˆ   | 7/10 [00:59<00:25,  8.51s/it]20:39:05 - [DEBUG] - Epoch 8, cost = 0.109374, acc = 98.82%

 80%|â–ˆâ–ˆâ–ˆâ–ˆâ–ˆâ–ˆâ–ˆâ–ˆ  | 8/10 [01:07<00:16,  8.34s/it]20:39:13 - [DEBUG] - Epoch 9, cost = 0.109373, acc = 98.82%

 90%|â–ˆâ–ˆâ–ˆâ–ˆâ–ˆâ–ˆâ–ˆâ–ˆâ–ˆ | 9/10 [01:15<00:08,  8.31s/it]20:39:21 - [DEBUG] - Epoch 10, cost = 0.109373, acc = 98.82%

100%|â–ˆâ–ˆâ–ˆâ–ˆâ–ˆâ–ˆâ–ˆâ–ˆâ–ˆâ–ˆ| 10/10 [01:23<00:00,  8.23s/it]
20:39:21 - [ INFO] - DONE training repair model.
20:39:21 - [DEBUG] - Time to fit repair model: 112.79 secs
20:39:21 - [ INFO] - inferring on 2248 examples (cells)
20:39:22 - [DEBUG] - Time to execute query: 0.29 secs
20:39:22 - [DEBUG] - Time to create index: 0.00 secs
20:39:23 - [DEBUG] - Time to create index: 0.00 secs
20:39:23 - [ INFO] - DONE inferring repairs.
20:39:23 - [DEBUG] - Time to infer correct cell values: 2.88 secs
20:39:23 - [DEBUG] - Time to create table: 0.00 secs
20:39:23 - [DEBUG] - Time to create index: 0.00 secs
20:39:23 - [DEBUG] - Time to create index: 0.00 secs
20:39:23 - [ INFO] - DONE collecting the inferred values.
20:39:23 - [DEBUG] - Time to collect inferred values: 0.03 secs
20:39:23 - [ INFO] - DONE generating repaired dataset
20:39:23 - [DEBUG] - Time to store repaired dataset: 0.14 secs
20:39:23 - [ INFO] - featurizer InitAttrFeaturizer,size 16,max 1.0000,min 1.0000,avg 1.0000,abs_avg 1.0000,weights:
tno 1.0
fname 1.0
lname 1.0
gender 1.0
areacode 1.0
phone 1.0
city 1.0
state 1.0
zip 1.0
maritalstatus 1.0
haschild 1.0
salary 1.0
rate 1.0
singleexemp 1.0
marriedexemp 1.0
childexemp 1.0
featurizer OccurAttrFeaturizer,size 256,max 0.8375,min -0.8481,avg 0.1073,abs_avg 0.1365,weights:
tno X tno 0.0
tno X fname 0.0
tno X lname -0.0
tno X gender 0.0
tno X areacode -0.0
tno X phone -0.0
tno X city -0.0
tno X state -0.0
tno X zip -0.0
tno X maritalstatus -0.0
tno X haschild -0.0
tno X salary -0.0
tno X rate 0.0
tno X singleexemp 0.0
tno X marriedexemp -0.0
tno X childexemp 0.0
fname X tno 0.837
fname X fname -0.0
fname X lname 0.758
fname X gender 0.001
fname X areacode 0.002
fname X phone 0.837
fname X city 0.066
fname X state 0.006
fname X zip 0.295
fname X maritalstatus 0.001
fname X haschild 0.0
fname X salary 0.01
fname X rate 0.0
fname X singleexemp 0.001
fname X marriedexemp 0.038
fname X childexemp 0.008
lname X tno 0.0
lname X fname -0.0
lname X lname 0.0
lname X gender -0.0
lname X areacode -0.0
lname X phone 0.0
lname X city 0.0
lname X state 0.0
lname X zip 0.0
lname X maritalstatus -0.0
lname X haschild -0.0
lname X salary 0.0
lname X rate -0.0
lname X singleexemp 0.0
lname X marriedexemp 0.0
lname X childexemp -0.0
gender X tno 0.537
gender X fname 0.537
gender X lname 0.504
gender X gender -0.0
gender X areacode 0.193
gender X phone 0.537
gender X city 0.293
gender X state 0.197
gender X zip 0.33
gender X maritalstatus 0.192
gender X haschild 0.193
gender X salary 0.197
gender X rate 0.193
gender X singleexemp 0.192
gender X marriedexemp 0.193
gender X childexemp 0.193
areacode X tno -0.121
areacode X fname -0.135
areacode X lname -0.11
areacode X gender -0.21
areacode X areacode 0.0
areacode X phone -0.121
areacode X city -0.105
areacode X state -0.848
areacode X zip -0.062
areacode X maritalstatus -0.236
areacode X haschild -0.23
areacode X salary -0.237
areacode X rate -0.373
areacode X singleexemp -0.283
areacode X marriedexemp -0.293
areacode X childexemp -0.275
phone X tno -0.0
phone X fname 0.0
phone X lname 0.0
phone X gender -0.0
phone X areacode 0.0
phone X phone -0.0
phone X city -0.0
phone X state 0.0
phone X zip -0.0
phone X maritalstatus -0.0
phone X haschild -0.0
phone X salary -0.0
phone X rate 0.0
phone X singleexemp -0.0
phone X marriedexemp 0.0
phone X childexemp 0.0
city X tno 0.354
city X fname 0.444
city X lname 0.47
city X gender -0.003
city X areacode -0.005
city X phone 0.354
city X city -0.0
city X state -0.0
city X zip 0.38
city X maritalstatus -0.001
city X haschild -0.003
city X salary -0.001
city X rate -0.004
city X singleexemp -0.016
city X marriedexemp -0.05
city X childexemp 0.017
state X tno 0.283
state X fname 0.272
state X lname 0.26
state X gender 0.102
state X areacode 0.283
state X phone 0.283
state X city 0.277
state X state 0.0
state X zip 0.283
state X maritalstatus 0.1
state X haschild 0.1
state X salary 0.099
state X rate 0.278
state X singleexemp 0.169
state X marriedexemp 0.161
state X childexemp 0.134
zip X tno 0.556
zip X fname 0.543
zip X lname 0.533
zip X gender 0.001
zip X areacode 0.006
zip X phone 0.556
zip X city 0.25
zip X state 0.007
zip X zip 0.0
zip X maritalstatus 0.001
zip X haschild 0.0
zip X salary 0.007
zip X rate 0.001
zip X singleexemp 0.001
zip X marriedexemp 0.001
zip X childexemp 0.02
maritalstatus X tno 0.349
maritalstatus X fname 0.313
maritalstatus X lname 0.314
maritalstatus X gender 0.001
maritalstatus X areacode 0.004
maritalstatus X phone 0.349
maritalstatus X city 0.103
maritalstatus X state 0.001
maritalstatus X zip 0.137
maritalstatus X maritalstatus 0.0
maritalstatus X haschild 0.002
maritalstatus X salary 0.001
maritalstatus X rate -0.002
maritalstatus X singleexemp 0.066
maritalstatus X marriedexemp 0.049
maritalstatus X childexemp 0.013
haschild X tno 0.348
haschild X fname 0.322
haschild X lname 0.312
haschild X gender -0.0
haschild X areacode -0.008
haschild X phone 0.348
haschild X city 0.11
haschild X state 0.002
haschild X zip 0.136
haschild X maritalstatus 0.002
haschild X haschild 0.0
haschild X salary 0.01
haschild X rate 0.002
haschild X singleexemp -0.001
haschild X marriedexemp 0.005
haschild X childexemp 0.045
salary X tno 0.0
salary X fname 0.0
salary X lname 0.0
salary X gender -0.0
salary X areacode -0.0
salary X phone -0.0
salary X city 0.0
salary X state -0.0
salary X zip -0.0
salary X maritalstatus 0.0
salary X haschild 0.0
salary X salary -0.0
salary X rate 0.0
salary X singleexemp 0.0
salary X marriedexemp 0.0
salary X childexemp 0.0
rate X tno 0.0
rate X fname -0.0
rate X lname 0.0
rate X gender 0.0
rate X areacode -0.0
rate X phone 0.0
rate X city 0.0
rate X state -0.0
rate X zip -0.0
rate X maritalstatus -0.0
rate X haschild -0.0
rate X salary 0.0
rate X rate 0.0
rate X singleexemp -0.0
rate X marriedexemp 0.0
rate X childexemp 0.0
singleexemp X tno 0.392
singleexemp X fname 0.373
singleexemp X lname 0.37
singleexemp X gender 0.151
singleexemp X areacode 0.248
singleexemp X phone 0.392
singleexemp X city 0.325
singleexemp X state 0.237
singleexemp X zip 0.348
singleexemp X maritalstatus 0.201
singleexemp X haschild 0.151
singleexemp X salary 0.153
singleexemp X rate 0.242
singleexemp X singleexemp 0.0
singleexemp X marriedexemp 0.161
singleexemp X childexemp 0.188
marriedexemp X tno 0.432
marriedexemp X fname 0.424
marriedexemp X lname 0.411
marriedexemp X gender 0.209
marriedexemp X areacode 0.28
marriedexemp X phone 0.432
marriedexemp X city 0.359
marriedexemp X state 0.272
marriedexemp X zip 0.381
marriedexemp X maritalstatus 0.259
marriedexemp X haschild 0.209
marriedexemp X salary 0.216
marriedexemp X rate 0.276
marriedexemp X singleexemp 0.224
marriedexemp X marriedexemp 0.0
marriedexemp X childexemp 0.216
childexemp X tno 0.428
childexemp X fname 0.418
childexemp X lname 0.408
childexemp X gender 0.189
childexemp X areacode 0.261
childexemp X phone 0.428
childexemp X city 0.346
childexemp X state 0.253
childexemp X zip 0.374
childexemp X maritalstatus 0.189
childexemp X haschild 0.233
childexemp X salary 0.198
childexemp X rate 0.257
childexemp X singleexemp 0.224
childexemp X marriedexemp 0.199
childexemp X childexemp -0.0
featurizer FreqFeaturizer,size 16,max 0.2088,min -0.2352,avg 0.0376,abs_avg 0.0676,weights:
tno 0.0
fname 0.0
lname 0.0
gender 0.193
areacode -0.235
phone -0.0
city -0.002
state 0.1
zip 0.0
maritalstatus -0.002
haschild -0.001
salary 0.0
rate -0.0
singleexemp 0.151
marriedexemp 0.209
childexemp 0.19
featurizer ConstraintFeaturizer,size 20,max 0.0000,min -0.8713,avg -0.0857,abs_avg 0.0857,weights:
fixed pred: t1."city"<>t2."city", violation pred: t1."zip"=t2."zip" -0.142
fixed pred: t1."zip"=t2."zip", violation pred: t1."city"<>t2."city" -0.014
fixed pred: t1."state"<>t2."state", violation pred: t1."zip"=t2."zip" -0.077
fixed pred: t1."zip"=t2."zip", violation pred: t1."state"<>t2."state" -0.04
fixed pred: t1."haschild"=t2."haschild" AND t1."childexemp"<>t2."childexemp", violation pred: t1."zip"=t2."zip" -0.019
fixed pred: t1."zip"=t2."zip" AND t1."childexemp"<>t2."childexemp", violation pred: t1."haschild"=t2."haschild" -0.03
fixed pred: t1."zip"=t2."zip" AND t1."haschild"=t2."haschild", violation pred: t1."childexemp"<>t2."childexemp" -0.045
fixed pred: t1."maritalstatus"=t2."maritalstatus" AND t1."singleexemp"<>t2."singleexemp", violation pred: t1."zip"=t2."zip" -0.052
fixed pred: t1."zip"=t2."zip" AND t1."singleexemp"<>t2."singleexemp", violation pred: t1."maritalstatus"=t2."maritalstatus" -0.021
fixed pred: t1."zip"=t2."zip" AND t1."maritalstatus"=t2."maritalstatus", violation pred: t1."singleexemp"<>t2."singleexemp" -0.06
fixed pred: t1."maritalstatus"=t2."maritalstatus" AND t1."marriedexemp"<>t2."marriedexemp", violation pred: t1."zip"=t2."zip" -0.037
fixed pred: t1."zip"=t2."zip" AND t1."marriedexemp"<>t2."marriedexemp", violation pred: t1."maritalstatus"=t2."maritalstatus" -0.022
fixed pred: t1."zip"=t2."zip" AND t1."maritalstatus"=t2."maritalstatus", violation pred: t1."marriedexemp"<>t2."marriedexemp" -0.058
fixed pred: t1."gender"<>t2."gender", violation pred: t1."fname"=t2."fname" -0.147
fixed pred: t1."fname"=t2."fname", violation pred: t1."gender"<>t2."gender" -0.016
fixed pred: t1."state"<>t2."state", violation pred: t1."areacode"=t2."areacode" -0.871
fixed pred: t1."areacode"=t2."areacode", violation pred: t1."state"<>t2."state" -0.063
fixed pred: t1."zip"=t2."zip" AND t1."areacode"<>t2."areacode", violation pred: t1."phone"=t2."phone" -0.0
fixed pred: t1."phone"=t2."phone" AND t1."areacode"<>t2."areacode", violation pred: t1."zip"=t2."zip" -0.0
fixed pred: t1."phone"=t2."phone" AND t1."zip"=t2."zip", violation pred: t1."areacode"<>t2."areacode" 0.0

20:39:23 - [DEBUG] - Time to store featurizer weights: 0.00 secs
20:39:25 - [DEBUG] - Time to create index: 0.00 secs
20:39:25 - [DEBUG] - Time to create index: 0.00 secs
20:39:25 - [ INFO] - DONE Loading subset_tax_1k_clean_index_holoclean.csv
20:39:25 - [DEBUG] - Time to evaluate repairs: 0.76 secs
20:39:25 - [DEBUG] - Time to execute query: 0.00 secs
20:39:25 - [DEBUG] - Time to execute query: 0.00 secs
20:39:25 - [DEBUG] - Preparing to execute 16 queries.
20:39:25 - [DEBUG] - Starting to execute query SELECT count(*) FROM  "tax_nwcpk_075" as t1, "tax_nwcpk_075_clean" as t2 WHERE t1._tid_ = t2._tid_   AND t2._attribute_ = 'tno'   AND t1."tno" != t2._value_ with id 0
20:39:25 - [DEBUG] - Time to execute query with id 0: 0.00 secs
20:39:25 - [DEBUG] - Starting to execute query SELECT count(*) FROM  "tax_nwcpk_075" as t1, "tax_nwcpk_075_clean" as t2 WHERE t1._tid_ = t2._tid_   AND t2._attribute_ = 'fname'   AND t1."fname" != t2._value_ with id 1
20:39:25 - [DEBUG] - Time to execute query with id 1: 0.00 secs
20:39:25 - [DEBUG] - Starting to execute query SELECT count(*) FROM  "tax_nwcpk_075" as t1, "tax_nwcpk_075_clean" as t2 WHERE t1._tid_ = t2._tid_   AND t2._attribute_ = 'lname'   AND t1."lname" != t2._value_ with id 2
20:39:25 - [DEBUG] - Time to execute query with id 2: 0.00 secs
20:39:25 - [DEBUG] - Starting to execute query SELECT count(*) FROM  "tax_nwcpk_075" as t1, "tax_nwcpk_075_clean" as t2 WHERE t1._tid_ = t2._tid_   AND t2._attribute_ = 'gender'   AND t1."gender" != t2._value_ with id 3
20:39:25 - [DEBUG] - Time to execute query with id 3: 0.00 secs
20:39:25 - [DEBUG] - Starting to execute query SELECT count(*) FROM  "tax_nwcpk_075" as t1, "tax_nwcpk_075_clean" as t2 WHERE t1._tid_ = t2._tid_   AND t2._attribute_ = 'areacode'   AND t1."areacode" != t2._value_ with id 4
20:39:25 - [DEBUG] - Time to execute query with id 4: 0.00 secs
20:39:25 - [DEBUG] - Starting to execute query SELECT count(*) FROM  "tax_nwcpk_075" as t1, "tax_nwcpk_075_clean" as t2 WHERE t1._tid_ = t2._tid_   AND t2._attribute_ = 'phone'   AND t1."phone" != t2._value_ with id 5
20:39:25 - [DEBUG] - Time to execute query with id 5: 0.00 secs
20:39:25 - [DEBUG] - Starting to execute query SELECT count(*) FROM  "tax_nwcpk_075" as t1, "tax_nwcpk_075_clean" as t2 WHERE t1._tid_ = t2._tid_   AND t2._attribute_ = 'city'   AND t1."city" != t2._value_ with id 6
20:39:25 - [DEBUG] - Time to execute query with id 6: 0.00 secs
20:39:25 - [DEBUG] - Starting to execute query SELECT count(*) FROM  "tax_nwcpk_075" as t1, "tax_nwcpk_075_clean" as t2 WHERE t1._tid_ = t2._tid_   AND t2._attribute_ = 'state'   AND t1."state" != t2._value_ with id 7
20:39:25 - [DEBUG] - Time to execute query with id 7: 0.00 secs
20:39:25 - [DEBUG] - Starting to execute query SELECT count(*) FROM  "tax_nwcpk_075" as t1, "tax_nwcpk_075_clean" as t2 WHERE t1._tid_ = t2._tid_   AND t2._attribute_ = 'zip'   AND t1."zip" != t2._value_ with id 8
20:39:25 - [DEBUG] - Time to execute query with id 8: 0.00 secs
20:39:25 - [DEBUG] - Starting to execute query SELECT count(*) FROM  "tax_nwcpk_075" as t1, "tax_nwcpk_075_clean" as t2 WHERE t1._tid_ = t2._tid_   AND t2._attribute_ = 'maritalstatus'   AND t1."maritalstatus" != t2._value_ with id 9
20:39:25 - [DEBUG] - Time to execute query with id 9: 0.00 secs
20:39:25 - [DEBUG] - Starting to execute query SELECT count(*) FROM  "tax_nwcpk_075" as t1, "tax_nwcpk_075_clean" as t2 WHERE t1._tid_ = t2._tid_   AND t2._attribute_ = 'haschild'   AND t1."haschild" != t2._value_ with id 10
20:39:25 - [DEBUG] - Time to execute query with id 10: 0.00 secs
20:39:25 - [DEBUG] - Starting to execute query SELECT count(*) FROM  "tax_nwcpk_075" as t1, "tax_nwcpk_075_clean" as t2 WHERE t1._tid_ = t2._tid_   AND t2._attribute_ = 'salary'   AND t1."salary" != t2._value_ with id 11
20:39:25 - [DEBUG] - Time to execute query with id 11: 0.00 secs
20:39:25 - [DEBUG] - Starting to execute query SELECT count(*) FROM  "tax_nwcpk_075" as t1, "tax_nwcpk_075_clean" as t2 WHERE t1._tid_ = t2._tid_   AND t2._attribute_ = 'rate'   AND t1."rate" != t2._value_ with id 12
20:39:25 - [DEBUG] - Time to execute query with id 12: 0.00 secs
20:39:25 - [DEBUG] - Starting to execute query SELECT count(*) FROM  "tax_nwcpk_075" as t1, "tax_nwcpk_075_clean" as t2 WHERE t1._tid_ = t2._tid_   AND t2._attribute_ = 'singleexemp'   AND t1."singleexemp" != t2._value_ with id 13
20:39:25 - [DEBUG] - Time to execute query with id 13: 0.00 secs
20:39:25 - [DEBUG] - Starting to execute query SELECT count(*) FROM  "tax_nwcpk_075" as t1, "tax_nwcpk_075_clean" as t2 WHERE t1._tid_ = t2._tid_   AND t2._attribute_ = 'marriedexemp'   AND t1."marriedexemp" != t2._value_ with id 14
20:39:25 - [DEBUG] - Time to execute query with id 14: 0.00 secs
20:39:25 - [DEBUG] - Starting to execute query SELECT count(*) FROM  "tax_nwcpk_075" as t1, "tax_nwcpk_075_clean" as t2 WHERE t1._tid_ = t2._tid_   AND t2._attribute_ = 'childexemp'   AND t1."childexemp" != t2._value_ with id 15
20:39:25 - [DEBUG] - Time to execute query with id 15: 0.00 secs
20:39:25 - [DEBUG] - Time to execute 16 queries: 0.02 secs
20:39:25 - [DEBUG] - Time to execute query: 0.00 secs
20:39:25 - [DEBUG] - Preparing to execute 16 queries.
20:39:25 - [DEBUG] - Starting to execute query SELECT COUNT(*) FROM   (SELECT t2._tid_, t2._attribute_, t2._value_      FROM "tax_nwcpk_075" as t1, "tax_nwcpk_075_clean" as t2     WHERE t1._tid_ = t2._tid_       AND t2._attribute_ = 'tno'       AND t1."tno" != t2._value_ ) as errors, inf_values_dom as repairs WHERE errors._tid_ = repairs._tid_   AND errors._attribute_ = repairs.attribute   AND errors._value_ = repairs.rv_value with id 0
20:39:25 - [DEBUG] - Time to execute query with id 0: 0.00 secs
20:39:25 - [DEBUG] - Starting to execute query SELECT COUNT(*) FROM   (SELECT t2._tid_, t2._attribute_, t2._value_      FROM "tax_nwcpk_075" as t1, "tax_nwcpk_075_clean" as t2     WHERE t1._tid_ = t2._tid_       AND t2._attribute_ = 'fname'       AND t1."fname" != t2._value_ ) as errors, inf_values_dom as repairs WHERE errors._tid_ = repairs._tid_   AND errors._attribute_ = repairs.attribute   AND errors._value_ = repairs.rv_value with id 1
20:39:25 - [DEBUG] - Time to execute query with id 1: 0.00 secs
20:39:25 - [DEBUG] - Starting to execute query SELECT COUNT(*) FROM   (SELECT t2._tid_, t2._attribute_, t2._value_      FROM "tax_nwcpk_075" as t1, "tax_nwcpk_075_clean" as t2     WHERE t1._tid_ = t2._tid_       AND t2._attribute_ = 'lname'       AND t1."lname" != t2._value_ ) as errors, inf_values_dom as repairs WHERE errors._tid_ = repairs._tid_   AND errors._attribute_ = repairs.attribute   AND errors._value_ = repairs.rv_value with id 2
20:39:25 - [DEBUG] - Time to execute query with id 2: 0.00 secs
20:39:25 - [DEBUG] - Starting to execute query SELECT COUNT(*) FROM   (SELECT t2._tid_, t2._attribute_, t2._value_      FROM "tax_nwcpk_075" as t1, "tax_nwcpk_075_clean" as t2     WHERE t1._tid_ = t2._tid_       AND t2._attribute_ = 'gender'       AND t1."gender" != t2._value_ ) as errors, inf_values_dom as repairs WHERE errors._tid_ = repairs._tid_   AND errors._attribute_ = repairs.attribute   AND errors._value_ = repairs.rv_value with id 3
20:39:25 - [DEBUG] - Time to execute query with id 3: 0.00 secs
20:39:25 - [DEBUG] - Starting to execute query SELECT COUNT(*) FROM   (SELECT t2._tid_, t2._attribute_, t2._value_      FROM "tax_nwcpk_075" as t1, "tax_nwcpk_075_clean" as t2     WHERE t1._tid_ = t2._tid_       AND t2._attribute_ = 'areacode'       AND t1."areacode" != t2._value_ ) as errors, inf_values_dom as repairs WHERE errors._tid_ = repairs._tid_   AND errors._attribute_ = repairs.attribute   AND errors._value_ = repairs.rv_value with id 4
20:39:25 - [DEBUG] - Time to execute query with id 4: 0.00 secs
20:39:25 - [DEBUG] - Starting to execute query SELECT COUNT(*) FROM   (SELECT t2._tid_, t2._attribute_, t2._value_      FROM "tax_nwcpk_075" as t1, "tax_nwcpk_075_clean" as t2     WHERE t1._tid_ = t2._tid_       AND t2._attribute_ = 'phone'       AND t1."phone" != t2._value_ ) as errors, inf_values_dom as repairs WHERE errors._tid_ = repairs._tid_   AND errors._attribute_ = repairs.attribute   AND errors._value_ = repairs.rv_value with id 5
20:39:25 - [DEBUG] - Time to execute query with id 5: 0.00 secs
20:39:25 - [DEBUG] - Starting to execute query SELECT COUNT(*) FROM   (SELECT t2._tid_, t2._attribute_, t2._value_      FROM "tax_nwcpk_075" as t1, "tax_nwcpk_075_clean" as t2     WHERE t1._tid_ = t2._tid_       AND t2._attribute_ = 'city'       AND t1."city" != t2._value_ ) as errors, inf_values_dom as repairs WHERE errors._tid_ = repairs._tid_   AND errors._attribute_ = repairs.attribute   AND errors._value_ = repairs.rv_value with id 6
20:39:25 - [DEBUG] - Time to execute query with id 6: 0.00 secs
20:39:25 - [DEBUG] - Starting to execute query SELECT COUNT(*) FROM   (SELECT t2._tid_, t2._attribute_, t2._value_      FROM "tax_nwcpk_075" as t1, "tax_nwcpk_075_clean" as t2     WHERE t1._tid_ = t2._tid_       AND t2._attribute_ = 'state'       AND t1."state" != t2._value_ ) as errors, inf_values_dom as repairs WHERE errors._tid_ = repairs._tid_   AND errors._attribute_ = repairs.attribute   AND errors._value_ = repairs.rv_value with id 7
20:39:25 - [DEBUG] - Time to execute query with id 7: 0.00 secs
20:39:25 - [DEBUG] - Starting to execute query SELECT COUNT(*) FROM   (SELECT t2._tid_, t2._attribute_, t2._value_      FROM "tax_nwcpk_075" as t1, "tax_nwcpk_075_clean" as t2     WHERE t1._tid_ = t2._tid_       AND t2._attribute_ = 'zip'       AND t1."zip" != t2._value_ ) as errors, inf_values_dom as repairs WHERE errors._tid_ = repairs._tid_   AND errors._attribute_ = repairs.attribute   AND errors._value_ = repairs.rv_value with id 8
20:39:25 - [DEBUG] - Time to execute query with id 8: 0.00 secs
20:39:25 - [DEBUG] - Starting to execute query SELECT COUNT(*) FROM   (SELECT t2._tid_, t2._attribute_, t2._value_      FROM "tax_nwcpk_075" as t1, "tax_nwcpk_075_clean" as t2     WHERE t1._tid_ = t2._tid_       AND t2._attribute_ = 'maritalstatus'       AND t1."maritalstatus" != t2._value_ ) as errors, inf_values_dom as repairs WHERE errors._tid_ = repairs._tid_   AND errors._attribute_ = repairs.attribute   AND errors._value_ = repairs.rv_value with id 9
20:39:25 - [DEBUG] - Time to execute query with id 9: 0.00 secs
20:39:25 - [DEBUG] - Starting to execute query SELECT COUNT(*) FROM   (SELECT t2._tid_, t2._attribute_, t2._value_      FROM "tax_nwcpk_075" as t1, "tax_nwcpk_075_clean" as t2     WHERE t1._tid_ = t2._tid_       AND t2._attribute_ = 'haschild'       AND t1."haschild" != t2._value_ ) as errors, inf_values_dom as repairs WHERE errors._tid_ = repairs._tid_   AND errors._attribute_ = repairs.attribute   AND errors._value_ = repairs.rv_value with id 10
20:39:25 - [DEBUG] - Time to execute query with id 10: 0.00 secs
20:39:25 - [DEBUG] - Starting to execute query SELECT COUNT(*) FROM   (SELECT t2._tid_, t2._attribute_, t2._value_      FROM "tax_nwcpk_075" as t1, "tax_nwcpk_075_clean" as t2     WHERE t1._tid_ = t2._tid_       AND t2._attribute_ = 'salary'       AND t1."salary" != t2._value_ ) as errors, inf_values_dom as repairs WHERE errors._tid_ = repairs._tid_   AND errors._attribute_ = repairs.attribute   AND errors._value_ = repairs.rv_value with id 11
20:39:25 - [DEBUG] - Time to execute query with id 11: 0.00 secs
20:39:25 - [DEBUG] - Starting to execute query SELECT COUNT(*) FROM   (SELECT t2._tid_, t2._attribute_, t2._value_      FROM "tax_nwcpk_075" as t1, "tax_nwcpk_075_clean" as t2     WHERE t1._tid_ = t2._tid_       AND t2._attribute_ = 'rate'       AND t1."rate" != t2._value_ ) as errors, inf_values_dom as repairs WHERE errors._tid_ = repairs._tid_   AND errors._attribute_ = repairs.attribute   AND errors._value_ = repairs.rv_value with id 12
20:39:25 - [DEBUG] - Time to execute query with id 12: 0.00 secs
20:39:25 - [DEBUG] - Starting to execute query SELECT COUNT(*) FROM   (SELECT t2._tid_, t2._attribute_, t2._value_      FROM "tax_nwcpk_075" as t1, "tax_nwcpk_075_clean" as t2     WHERE t1._tid_ = t2._tid_       AND t2._attribute_ = 'singleexemp'       AND t1."singleexemp" != t2._value_ ) as errors, inf_values_dom as repairs WHERE errors._tid_ = repairs._tid_   AND errors._attribute_ = repairs.attribute   AND errors._value_ = repairs.rv_value with id 13
20:39:25 - [DEBUG] - Time to execute query with id 13: 0.00 secs
20:39:25 - [DEBUG] - Starting to execute query SELECT COUNT(*) FROM   (SELECT t2._tid_, t2._attribute_, t2._value_      FROM "tax_nwcpk_075" as t1, "tax_nwcpk_075_clean" as t2     WHERE t1._tid_ = t2._tid_       AND t2._attribute_ = 'marriedexemp'       AND t1."marriedexemp" != t2._value_ ) as errors, inf_values_dom as repairs WHERE errors._tid_ = repairs._tid_   AND errors._attribute_ = repairs.attribute   AND errors._value_ = repairs.rv_value with id 14
20:39:25 - [DEBUG] - Time to execute query with id 14: 0.00 secs
20:39:25 - [DEBUG] - Starting to execute query SELECT COUNT(*) FROM   (SELECT t2._tid_, t2._attribute_, t2._value_      FROM "tax_nwcpk_075" as t1, "tax_nwcpk_075_clean" as t2     WHERE t1._tid_ = t2._tid_       AND t2._attribute_ = 'childexemp'       AND t1."childexemp" != t2._value_ ) as errors, inf_values_dom as repairs WHERE errors._tid_ = repairs._tid_   AND errors._attribute_ = repairs.attribute   AND errors._value_ = repairs.rv_value with id 15
20:39:25 - [DEBUG] - Time to execute query with id 15: 0.00 secs
20:39:25 - [DEBUG] - Time to execute 16 queries: 0.02 secs
20:39:25 - [DEBUG] - Time to execute query: 0.00 secs
20:39:25 - [DEBUG] - weak label statistics:
20:39:25 - [DEBUG] -     is_clean  cell_status  is_inferred  init = grdth init = inferred  \
0   False     0            True         False         False            
1   False     0            True         False         False            
2   False     0            True         False         True             
3   False     0            True         True          False            
4   False     0            True         True          True             
5   False     1            True         False         False            
6   False     1            True         True          False            
7   False     1            True         True          True             
8   False     2            True         False         False            
9   False     2            True         True          False            
10  False     2            True         True          True             
11  True      0            False        False         None             
12  True      0            False        True          None             
13  True      1            False        True          None             
14  True      2            False        False         None             
15  True      2            False        True          None             

    w. label = init  w. label = grdth w. label = inferred infer = grdth  count  
0   True             False             False               False         13     
1   True             False             False               True          53     
2   True             False             True                False         48     
3   True             True              False               False         7      
4   True             True              True                True          1608   
5   False            False             False               True          1      
6   False            False             True                False         225    
7   False            False             False               True          71     
8   True             False             False               True          3      
9   True             True              False               False         5      
10  True             True              True                True          214    
11  True             False             None                None          23     
12  True             True              None                None          5678   
13  False            False             None                None          23     
14  True             False             None                None          2      
15  True             True              None                None          3025   
20:39:25 - [ INFO] - Precision = 0.19, Recall = 0.39, Repairing Recall = 0.48, F1 = 0.25, Repairing F1 = 0.27, Detected Errors = 118, Total Errors = 145, Correct Repairs = 57, Total Repairs = 307, Total Repairs on correct cells (Grdth present) = 237, Total Repairs on incorrect cells (Grdth present) = 70
20:39:25 - [DEBUG] - Time to generate report: 0.07 secs
20:39:25 - [DEBUG] - Time to execute query: 0.01 secs
20:39:25 - [ INFO] - æ¸…æ´—åŽçš„æ•°æ®å·²æˆåŠŸä¿å­˜åˆ° results/holoclean/nwcpk/5_tax_nwcpk_075/5_tax_nwcpk_075_repaired.csv
æ²¡æœ‰æŒ‡å®šé”™è¯¯æ¯”ä¾‹ï¼Œä»…è¿›è¡ŒåŽŸæ•°æ®é›†çš„ç©ºå€¼æ›¿æ¢ï¼Œä¸æ·»åŠ é”™è¯¯
å·²å°†æ³¨å…¥é”™è¯¯çš„æ–‡ä»¶ä¿å­˜åˆ°: Data/5_tax/subset_tax_1k/subset_tax_1k_clean_index_ori_empty.csv
æ²¡æœ‰æŒ‡å®šé”™è¯¯æ¯”ä¾‹ï¼Œä»…è¿›è¡ŒåŽŸæ•°æ®é›†çš„ç©ºå€¼æ›¿æ¢ï¼Œä¸æ·»åŠ é”™è¯¯
å·²å°†æ³¨å…¥é”™è¯¯çš„æ–‡ä»¶ä¿å­˜åˆ°: Data/5_tax/subset_tax_1k/noise_with_correct_primary_key/dirty_mixed_0.75/dirty_tax_mix_0.75_ori_empty.csv
Running Holoclean with modified dirty file: Data/5_tax/subset_tax_1k/noise_with_correct_primary_key/dirty_mixed_0.75/dirty_tax_mix_0.75_holoclean.csv
è½¬æ¢å®Œæˆï¼Œç»“æžœå·²ä¿å­˜åˆ° Data/5_tax/subset_tax_1k/subset_tax_1k_clean_index_holoclean.csv
Results saved to results/holoclean/nwcpk/5_tax_nwcpk_075/5_tax_nwcpk_075_repaired.csv
Holoclean finished in 145.9615364074707 seconds.
æµ‹è¯„æ€§èƒ½å¼€å§‹ï¼š
æ²¡æœ‰æŒ‡å®šé”™è¯¯æ¯”ä¾‹ï¼Œä»…è¿›è¡ŒåŽŸæ•°æ®é›†çš„ç©ºå€¼æ›¿æ¢ï¼Œä¸æ·»åŠ é”™è¯¯
å·²å°†æ³¨å…¥é”™è¯¯çš„æ–‡ä»¶ä¿å­˜åˆ°: results/holoclean/nwcpk/5_tax_nwcpk_075/5_tax_nwcpk_075_repaired_ori_empty.csv
å·®å¼‚æ–‡ä»¶å·²ä¿å­˜åˆ°:
results/holoclean/nwcpk/5_tax_nwcpk_075/5_tax_nwcpk_075_clean_vs_dirty.csv
results/holoclean/nwcpk/5_tax_nwcpk_075/5_tax_nwcpk_075_dirty_vs_cleaned.csv
results/holoclean/nwcpk/5_tax_nwcpk_075/5_tax_nwcpk_075_clean_vs_cleaned.csv
ä¿®å¤é”™è¯¯æ•°æ®æ–‡ä»¶å·²ä¿å­˜åˆ°: results/holoclean/nwcpk/5_tax_nwcpk_075/5_tax_nwcpk_075_repair_errors.csv
æœªä¿®å¤ä½†æ˜¯åº”è¯¥ä¿®å¤æ•°æ®æ–‡ä»¶å·²ä¿å­˜åˆ°: results/holoclean/nwcpk/5_tax_nwcpk_075/5_tax_nwcpk_075_unrepaired.csv
ä¿®å¤å‡†ç¡®çŽ‡: 0.18566775244299674, ä¿®å¤å¬å›žçŽ‡: 0.3958333333333333, F1å€¼: 0.2527716185818083
========================================
EDR ç»“æžœå·²ä¿å­˜åˆ°: results/holoclean/nwcpk/5_tax_nwcpk_075/5_tax_nwcpk_075_edr_evaluation.txt
é”™è¯¯å‡å°‘çŽ‡ (EDR): -1.25
========================================
æ··åˆè·ç¦»ç»“æžœå·²ä¿å­˜åˆ°: results/holoclean/nwcpk/5_tax_nwcpk_075/5_tax_nwcpk_075_hybrid_distance_evaluation.txt
æ··åˆè·ç¦» (Hybrid Distance): 0.08997587587911537
========================================
R-EDR ç»“æžœå·²ä¿å­˜åˆ°: results/holoclean/nwcpk/5_tax_nwcpk_075/5_tax_nwcpk_075_record_based_edr_evaluation.txt
åŸºäºŽæ¡ç›®çš„é”™è¯¯å‡å°‘çŽ‡ (R-EDR): -1.4365079365079365
========================================
æµ‹è¯•ç»“æžœ:
Accuracy: 0.18566775244299674
Recall: 0.3958333333333333
F1 Score: 0.2527716185818083
EDR: -1.25
Hybrid Distance: 0.08997587587911537
R-EDR: -1.4365079365079365
Time: 145.9615364074707
Speed: 14.59615364074707 seconds/100 records
æµ‹è¯„ç»“æŸï¼Œè¯¦ç»†æµ‹è¯„æ—¥å¿—è§ï¼šresults/holoclean/nwcpk/5_tax_nwcpk_075
