21:01:01 - [DEBUG] - initiating session with parameters: {'db_user': 'datacleanuser', 'db_pwd': 'abcd1234', 'db_host': 'localhost', 'db_name': 'holo', 'threads': 1, 'timeout': 180000, 'seed': 45, 'learning_rate': 0.001, 'optimizer': 'adam', 'epochs': 10, 'weight_decay': 0.01, 'momentum': 0.0, 'batch_size': 1, 'weak_label_thresh': 0.99, 'domain_thresh_1': 0, 'domain_thresh_2': 0, 'max_domain': 10000, 'cor_strength': 0.6, 'nb_cor_strength': 0.8, 'feature_norm': False, 'weight_norm': False, 'estimator_epochs': 3, 'estimator_batch_size': 32, 'verbose': True, 'bias': False, 'print_fw': True, 'debug_mode': False}
21:01:01 - [ INFO] - Loaded 1000 rows with 11000 cells
21:01:01 - [DEBUG] - Time to create index: 0.00 secs
21:01:01 - [DEBUG] - Time to create index: 0.00 secs
21:01:01 - [DEBUG] - Time to create index: 0.00 secs
21:01:01 - [DEBUG] - Time to create index: 0.00 secs
21:01:01 - [DEBUG] - Time to create index: 0.00 secs
21:01:01 - [DEBUG] - Time to create index: 0.00 secs
21:01:01 - [DEBUG] - Time to create index: 0.00 secs
21:01:01 - [DEBUG] - Time to create index: 0.00 secs
21:01:01 - [DEBUG] - Time to create index: 0.00 secs
21:01:01 - [DEBUG] - Time to create index: 0.00 secs
21:01:01 - [ INFO] - DONE Loading dirty_soccer_mix_0.25_holoclean.csv
21:01:01 - [DEBUG] - Time to load dataset: 0.17 secs
21:01:01 - [DEBUG] - OPENED constraints file successfully
21:01:01 - [DEBUG] - DONE pre-processing constraint: t1&t2&EQ(t1.name,t2.name)&IQ(t1.surname,t2.surname)
21:01:01 - [DEBUG] - DONE extracting tuples from constraint: t1&t2&EQ(t1.name,t2.name)&IQ(t1.surname,t2.surname)
21:01:01 - [DEBUG] - DONE parsing predicate: EQ(t1.name,t2.name)
21:01:01 - [DEBUG] - DONE parsing predicate: IQ(t1.surname,t2.surname)
21:01:01 - [DEBUG] - DONE pre-processing constraint: t1&t2&EQ(t1.name,t2.name)&IQ(t1.birthyear,t2.birthyear)
21:01:01 - [DEBUG] - DONE extracting tuples from constraint: t1&t2&EQ(t1.name,t2.name)&IQ(t1.birthyear,t2.birthyear)
21:01:01 - [DEBUG] - DONE parsing predicate: EQ(t1.name,t2.name)
21:01:01 - [DEBUG] - DONE parsing predicate: IQ(t1.birthyear,t2.birthyear)
21:01:01 - [DEBUG] - DONE pre-processing constraint: t1&t2&EQ(t1.name,t2.name)&IQ(t1.birthplace,t2.birthplace)
21:01:01 - [DEBUG] - DONE extracting tuples from constraint: t1&t2&EQ(t1.name,t2.name)&IQ(t1.birthplace,t2.birthplace)
21:01:01 - [DEBUG] - DONE parsing predicate: EQ(t1.name,t2.name)
21:01:01 - [DEBUG] - DONE parsing predicate: IQ(t1.birthplace,t2.birthplace)
21:01:01 - [DEBUG] - DONE pre-processing constraint: t1&t2&EQ(t1.name,t2.name)&EQ(t1.season,t2.season)&IQ(t1.position,t2.position)
21:01:01 - [DEBUG] - DONE extracting tuples from constraint: t1&t2&EQ(t1.name,t2.name)&EQ(t1.season,t2.season)&IQ(t1.position,t2.position)
21:01:01 - [DEBUG] - DONE parsing predicate: EQ(t1.name,t2.name)
21:01:01 - [DEBUG] - DONE parsing predicate: EQ(t1.season,t2.season)
21:01:01 - [DEBUG] - DONE parsing predicate: IQ(t1.position,t2.position)
21:01:01 - [DEBUG] - DONE pre-processing constraint: t1&t2&EQ(t1.team,t2.team)&EQ(t1.city,t2.city)&EQ(t1.season,t2.season)&IQ(t1.stadium,t2.stadium)
21:01:01 - [DEBUG] - DONE extracting tuples from constraint: t1&t2&EQ(t1.team,t2.team)&EQ(t1.city,t2.city)&EQ(t1.season,t2.season)&IQ(t1.stadium,t2.stadium)
21:01:01 - [DEBUG] - DONE parsing predicate: EQ(t1.team,t2.team)
21:01:01 - [DEBUG] - DONE parsing predicate: EQ(t1.city,t2.city)
21:01:01 - [DEBUG] - DONE parsing predicate: EQ(t1.season,t2.season)
21:01:01 - [DEBUG] - DONE parsing predicate: IQ(t1.stadium,t2.stadium)
21:01:01 - [DEBUG] - DONE pre-processing constraint: t1&t2&EQ(t1.manager,t2.manager)&EQ(t1.season,t2.season)&IQ(t1.team,t2.team)
21:01:01 - [DEBUG] - DONE extracting tuples from constraint: t1&t2&EQ(t1.manager,t2.manager)&EQ(t1.season,t2.season)&IQ(t1.team,t2.team)
21:01:01 - [DEBUG] - DONE parsing predicate: EQ(t1.manager,t2.manager)
21:01:01 - [DEBUG] - DONE parsing predicate: EQ(t1.season,t2.season)
21:01:01 - [DEBUG] - DONE parsing predicate: IQ(t1.team,t2.team)
21:01:01 - [ INFO] - DONE Loading DCs from dc_rules_holoclean.txt
21:01:01 - [DEBUG] - Time to load dirty data: 0.00 secs
21:01:01 - [DEBUG] - DONE with Error Detector: NullDetector in 0.04 secs
21:01:01 - [DEBUG] - Preparing to execute 6 queries.
21:01:01 - [DEBUG] - Starting to execute query SELECT t1._tid_ FROM "soccer_nwcpk_025" as t1 WHERE   EXISTS (SELECT t2._tid_ FROM "soccer_nwcpk_025" as t2 WHERE t1."name"=t2."name" AND t1."surname"<>t2."surname") with id 0
21:01:01 - [DEBUG] - Time to execute query with id 0: 0.00 secs
21:01:01 - [DEBUG] - Starting to execute query SELECT t1._tid_ FROM "soccer_nwcpk_025" as t1 WHERE   EXISTS (SELECT t2._tid_ FROM "soccer_nwcpk_025" as t2 WHERE t1."name"=t2."name" AND t1."birthyear"<>t2."birthyear") with id 1
21:01:01 - [DEBUG] - Time to execute query with id 1: 0.00 secs
21:01:01 - [DEBUG] - Starting to execute query SELECT t1._tid_ FROM "soccer_nwcpk_025" as t1 WHERE   EXISTS (SELECT t2._tid_ FROM "soccer_nwcpk_025" as t2 WHERE t1."name"=t2."name" AND t1."birthplace"<>t2."birthplace") with id 2
21:01:01 - [DEBUG] - Time to execute query with id 2: 0.00 secs
21:01:01 - [DEBUG] - Starting to execute query SELECT t1._tid_ FROM "soccer_nwcpk_025" as t1 WHERE   EXISTS (SELECT t2._tid_ FROM "soccer_nwcpk_025" as t2 WHERE t1."name"=t2."name" AND t1."season"=t2."season" AND t1."position"<>t2."position") with id 3
21:01:01 - [DEBUG] - Time to execute query with id 3: 0.00 secs
21:01:01 - [DEBUG] - Starting to execute query SELECT t1._tid_ FROM "soccer_nwcpk_025" as t1 WHERE   EXISTS (SELECT t2._tid_ FROM "soccer_nwcpk_025" as t2 WHERE t1."team"=t2."team" AND t1."city"=t2."city" AND t1."season"=t2."season" AND t1."stadium"<>t2."stadium") with id 4
21:01:01 - [DEBUG] - Time to execute query with id 4: 0.00 secs
21:01:01 - [DEBUG] - Starting to execute query SELECT t1._tid_ FROM "soccer_nwcpk_025" as t1 WHERE   EXISTS (SELECT t2._tid_ FROM "soccer_nwcpk_025" as t2 WHERE t1."manager"=t2."manager" AND t1."season"=t2."season" AND t1."team"<>t2."team") with id 5
21:01:01 - [DEBUG] - Time to execute query with id 5: 0.00 secs
21:01:01 - [DEBUG] - Time to execute 6 queries: 0.01 secs
21:01:01 - [DEBUG] - DONE with Error Detector: ViolationDetector in 0.09 secs
21:01:02 - [ INFO] - detected 9944 potentially erroneous cells
21:01:03 - [DEBUG] - Time to create index: 0.00 secs
21:01:03 - [ INFO] - DONE with error detection.
21:01:03 - [DEBUG] - Time to detect errors: 0.87 secs
21:01:04 - [DEBUG] - Time to execute query: 0.00 secs
21:01:04 - [DEBUG] - computing frequency and co-occurrence statistics from raw data...
21:01:04 - [DEBUG] - Collecting single/pair-wise statistics...
21:01:05 - [DEBUG] - DONE computing statistics in 1.11s
21:01:05 - [DEBUG] - preparing pruned co-occurring statistics...

  0%|          | 0/10 [00:00<?, ?it/s]
100%|â–ˆâ–ˆâ–ˆâ–ˆâ–ˆâ–ˆâ–ˆâ–ˆâ–ˆâ–ˆ| 10/10 [00:00<00:00, 925.49it/s]
21:01:05 - [DEBUG] - DONE with pruned co-occurring statistics in 0.02 secs
21:01:05 - [DEBUG] - generating initial set of un-pruned domain values...

  0%|          | 0/1000 [00:00<?, ?it/s]
 11%|â–ˆ         | 108/1000 [00:00<00:00, 1066.75it/s]
 22%|â–ˆâ–ˆâ–       | 216/1000 [00:00<00:00, 1070.44it/s]
 32%|â–ˆâ–ˆâ–ˆâ–      | 324/1000 [00:00<00:00, 1072.73it/s]
 44%|â–ˆâ–ˆâ–ˆâ–ˆâ–Ž     | 435/1000 [00:00<00:00, 1082.76it/s]
 55%|â–ˆâ–ˆâ–ˆâ–ˆâ–ˆâ–    | 545/1000 [00:00<00:00, 1087.27it/s]
 66%|â–ˆâ–ˆâ–ˆâ–ˆâ–ˆâ–ˆâ–Œ   | 655/1000 [00:00<00:00, 1089.68it/s]
 76%|â–ˆâ–ˆâ–ˆâ–ˆâ–ˆâ–ˆâ–ˆâ–Œ  | 762/1000 [00:00<00:00, 1082.73it/s]
 87%|â–ˆâ–ˆâ–ˆâ–ˆâ–ˆâ–ˆâ–ˆâ–ˆâ–‹ | 872/1000 [00:00<00:00, 1085.22it/s]
 98%|â–ˆâ–ˆâ–ˆâ–ˆâ–ˆâ–ˆâ–ˆâ–ˆâ–ˆâ–Š| 981/1000 [00:00<00:00, 1085.64it/s]
100%|â–ˆâ–ˆâ–ˆâ–ˆâ–ˆâ–ˆâ–ˆâ–ˆâ–ˆâ–ˆ| 1000/1000 [00:00<00:00, 1085.46it/s]
21:01:06 - [DEBUG] - DONE generating initial set of domain values in 1.02
21:01:06 - [DEBUG] - training posterior model for estimating domain value probabilities...
21:01:06 - [DEBUG] - DONE training posterior model in 0.01s
21:01:06 - [DEBUG] - predicting domain value probabilities from posterior model...
21:01:06 - [DEBUG] - DONE predictions in 0.00 secs, re-constructing cell domain...
21:01:06 - [DEBUG] - re-assembling final cell domain table...

0it [00:00, ?it/s]

  0%|          | 0/10000 [00:00<?, ?it/s][A
608it [00:00, 6072.19it/s]

  7%|â–‹         | 716/10000 [00:00<00:01, 7142.96it/s][A
1352it [00:00, 6422.80it/s]

 15%|â–ˆâ–        | 1469/10000 [00:00<00:01, 7251.29it/s][A
2142it [00:00, 6802.45it/s]

 23%|â–ˆâ–ˆâ–Ž       | 2270/10000 [00:00<00:01, 7460.63it/s][A
3026it [00:00, 7301.26it/s]

 32%|â–ˆâ–ˆâ–ˆâ–      | 3159/10000 [00:00<00:00, 7838.71it/s][A
3908it [00:00, 7698.83it/s]

 40%|â–ˆâ–ˆâ–ˆâ–ˆ      | 4038/10000 [00:00<00:00, 8100.70it/s][A
4779it [00:00, 7975.92it/s]

 49%|â–ˆâ–ˆâ–ˆâ–ˆâ–‰     | 4909/10000 [00:00<00:00, 8273.82it/s][A
5648it [00:00, 8174.84it/s]

 58%|â–ˆâ–ˆâ–ˆâ–ˆâ–ˆâ–Š    | 5776/10000 [00:00<00:00, 8387.86it/s][A
6493it [00:00, 8255.08it/s]

 66%|â–ˆâ–ˆâ–ˆâ–ˆâ–ˆâ–ˆâ–Œ   | 6616/10000 [00:00<00:00, 8388.67it/s][A
7292it [00:00, 8158.85it/s]

 74%|â–ˆâ–ˆâ–ˆâ–ˆâ–ˆâ–ˆâ–ˆâ–  | 7417/10000 [00:00<00:00, 8205.60it/s][A
8090it [00:01, 7860.02it/s]

 82%|â–ˆâ–ˆâ–ˆâ–ˆâ–ˆâ–ˆâ–ˆâ–ˆâ– | 8212/10000 [00:01<00:00, 7875.40it/s][A
8866it [00:01, 7646.43it/s]

 90%|â–ˆâ–ˆâ–ˆâ–ˆâ–ˆâ–ˆâ–ˆâ–ˆâ–‰ | 8985/10000 [00:01<00:00, 7658.62it/s][A
9629it [00:01, 7639.03it/s]

 97%|â–ˆâ–ˆâ–ˆâ–ˆâ–ˆâ–ˆâ–ˆâ–ˆâ–ˆâ–‹| 9746/10000 [00:01<00:00, 7642.99it/s][A

100%|â–ˆâ–ˆâ–ˆâ–ˆâ–ˆâ–ˆâ–ˆâ–ˆâ–ˆâ–ˆ| 10000/10000 [00:01<00:00, 7955.91it/s][A
10000it [00:01, 7765.90it/s]
21:01:08 - [DEBUG] - DONE assembling cell domain table in 1.89s
21:01:08 - [ INFO] - number of (additional) weak labels assigned from posterior model: 23
21:01:08 - [DEBUG] - DONE generating domain and weak labels
21:01:10 - [DEBUG] - Time to create index: 0.00 secs
21:01:10 - [DEBUG] - Time to create index: 0.00 secs
21:01:10 - [DEBUG] - Time to create index: 0.00 secs
21:01:11 - [DEBUG] - Time to create table: 0.00 secs
21:01:13 - [DEBUG] - Time to create index: 0.00 secs
21:01:13 - [ INFO] - DONE with domain preparation.
21:01:13 - [DEBUG] - Time to setup the domain: 9.92 secs
21:01:13 - [DEBUG] - Time to execute query: 0.00 secs
21:01:13 - [DEBUG] - Time to execute query: 0.00 secs
21:01:13 - [DEBUG] - Time to execute query: 0.00 secs
21:01:13 - [DEBUG] - Time to execute query: 0.00 secs
21:01:13 - [DEBUG] - Time to execute query: 0.00 secs
21:01:13 - [DEBUG] - featurizing training data...
21:01:13 - [DEBUG] - Time to execute query: 0.02 secs

  0%|          | 0/10000 [00:00<?, ?it/s]
  0%|          | 38/10000 [00:00<00:26, 379.35it/s]
  1%|          | 76/10000 [00:00<00:26, 372.82it/s]
  1%|          | 116/10000 [00:00<00:26, 372.59it/s]
  2%|â–         | 156/10000 [00:00<00:26, 375.08it/s]
  2%|â–         | 196/10000 [00:00<00:25, 377.20it/s]
  2%|â–         | 236/10000 [00:00<00:26, 372.30it/s]
  3%|â–Ž         | 275/10000 [00:00<00:25, 377.26it/s]
  3%|â–Ž         | 312/10000 [00:00<00:26, 366.77it/s]
  4%|â–Ž         | 352/10000 [00:00<00:26, 368.78it/s]
  4%|â–         | 392/10000 [00:01<00:25, 375.06it/s]
  4%|â–         | 432/10000 [00:01<00:25, 378.47it/s]
  5%|â–         | 471/10000 [00:01<00:25, 380.99it/s]
  5%|â–Œ         | 510/10000 [00:01<00:24, 383.51it/s]
  5%|â–Œ         | 549/10000 [00:01<00:25, 368.51it/s]
  6%|â–Œ         | 586/10000 [00:01<00:25, 362.87it/s]
  6%|â–‹         | 626/10000 [00:01<00:25, 369.87it/s]
  7%|â–‹         | 666/10000 [00:01<00:25, 371.61it/s]
  7%|â–‹         | 706/10000 [00:01<00:24, 373.47it/s]
  7%|â–‹         | 746/10000 [00:01<00:24, 374.70it/s]
  8%|â–Š         | 786/10000 [00:02<00:24, 376.33it/s]
  8%|â–Š         | 827/10000 [00:02<00:23, 385.66it/s]
  9%|â–Š         | 871/10000 [00:02<00:22, 398.05it/s]
  9%|â–‰         | 912/10000 [00:02<00:22, 398.53it/s]
 10%|â–‰         | 956/10000 [00:02<00:22, 406.60it/s]
 10%|â–ˆ         | 1002/10000 [00:02<00:21, 413.46it/s]
 10%|â–ˆ         | 1046/10000 [00:02<00:21, 416.76it/s]
 11%|â–ˆ         | 1088/10000 [00:02<00:21, 410.91it/s]
 11%|â–ˆâ–        | 1132/10000 [00:02<00:21, 414.18it/s]
 12%|â–ˆâ–        | 1176/10000 [00:03<00:21, 411.62it/s]
 12%|â–ˆâ–        | 1222/10000 [00:03<00:20, 423.82it/s]
 13%|â–ˆâ–Ž        | 1265/10000 [00:03<00:20, 418.10it/s]
 13%|â–ˆâ–Ž        | 1307/10000 [00:03<00:21, 408.25it/s]
 14%|â–ˆâ–Ž        | 1351/10000 [00:03<00:20, 417.25it/s]
 14%|â–ˆâ–        | 1393/10000 [00:03<00:21, 407.47it/s]
 14%|â–ˆâ–        | 1436/10000 [00:03<00:21, 399.43it/s]
 15%|â–ˆâ–        | 1477/10000 [00:03<00:21, 400.32it/s]
 15%|â–ˆâ–Œ        | 1518/10000 [00:03<00:21, 392.64it/s]
 16%|â–ˆâ–Œ        | 1561/10000 [00:03<00:21, 400.66it/s]
 16%|â–ˆâ–Œ        | 1602/10000 [00:04<00:21, 393.49it/s]
 16%|â–ˆâ–‹        | 1642/10000 [00:04<00:21, 389.95it/s]
 17%|â–ˆâ–‹        | 1686/10000 [00:04<00:21, 395.39it/s]
 17%|â–ˆâ–‹        | 1726/10000 [00:04<00:21, 391.26it/s]
 18%|â–ˆâ–Š        | 1772/10000 [00:04<00:20, 400.53it/s]
 18%|â–ˆâ–Š        | 1818/10000 [00:04<00:19, 416.05it/s]
 19%|â–ˆâ–Š        | 1861/10000 [00:04<00:19, 416.63it/s]
 19%|â–ˆâ–‰        | 1903/10000 [00:04<00:19, 408.94it/s]
 20%|â–ˆâ–‰        | 1956/10000 [00:04<00:18, 431.71it/s]
 20%|â–ˆâ–ˆ        | 2017/10000 [00:05<00:16, 473.14it/s]
 21%|â–ˆâ–ˆ        | 2076/10000 [00:05<00:16, 480.16it/s]
 21%|â–ˆâ–ˆâ–       | 2132/10000 [00:05<00:15, 500.48it/s]
 22%|â–ˆâ–ˆâ–       | 2186/10000 [00:05<00:15, 505.44it/s]
 22%|â–ˆâ–ˆâ–       | 2244/10000 [00:05<00:14, 525.27it/s]
 23%|â–ˆâ–ˆâ–Ž       | 2298/10000 [00:05<00:14, 528.94it/s]
 24%|â–ˆâ–ˆâ–Ž       | 2353/10000 [00:05<00:14, 534.91it/s]
 24%|â–ˆâ–ˆâ–       | 2412/10000 [00:05<00:13, 549.55it/s]
 25%|â–ˆâ–ˆâ–       | 2478/10000 [00:05<00:13, 578.57it/s]
 25%|â–ˆâ–ˆâ–Œ       | 2538/10000 [00:05<00:12, 584.36it/s]
 26%|â–ˆâ–ˆâ–Œ       | 2597/10000 [00:06<00:13, 562.94it/s]
 27%|â–ˆâ–ˆâ–‹       | 2654/10000 [00:06<00:13, 543.78it/s]
 27%|â–ˆâ–ˆâ–‹       | 2711/10000 [00:06<00:13, 551.01it/s]
 28%|â–ˆâ–ˆâ–Š       | 2767/10000 [00:06<00:13, 547.58it/s]
 28%|â–ˆâ–ˆâ–Š       | 2826/10000 [00:06<00:13, 541.41it/s]
 29%|â–ˆâ–ˆâ–‰       | 2882/10000 [00:06<00:13, 540.03it/s]
 29%|â–ˆâ–ˆâ–‰       | 2941/10000 [00:06<00:12, 552.28it/s]
 30%|â–ˆâ–ˆâ–‰       | 2997/10000 [00:06<00:12, 543.20it/s]
 31%|â–ˆâ–ˆâ–ˆ       | 3052/10000 [00:06<00:13, 515.52it/s]
 31%|â–ˆâ–ˆâ–ˆ       | 3112/10000 [00:07<00:12, 534.48it/s]
 32%|â–ˆâ–ˆâ–ˆâ–      | 3172/10000 [00:07<00:12, 552.40it/s]
 32%|â–ˆâ–ˆâ–ˆâ–      | 3240/10000 [00:07<00:11, 584.72it/s]
 33%|â–ˆâ–ˆâ–ˆâ–Ž      | 3300/10000 [00:07<00:11, 577.88it/s]
 34%|â–ˆâ–ˆâ–ˆâ–Ž      | 3359/10000 [00:07<00:11, 565.49it/s]
 34%|â–ˆâ–ˆâ–ˆâ–      | 3420/10000 [00:07<00:11, 577.66it/s]
 35%|â–ˆâ–ˆâ–ˆâ–      | 3479/10000 [00:07<00:11, 563.61it/s]
 35%|â–ˆâ–ˆâ–ˆâ–Œ      | 3536/10000 [00:07<00:11, 560.54it/s]
 36%|â–ˆâ–ˆâ–ˆâ–Œ      | 3593/10000 [00:07<00:11, 562.19it/s]
 37%|â–ˆâ–ˆâ–ˆâ–‹      | 3655/10000 [00:07<00:10, 578.21it/s]
 37%|â–ˆâ–ˆâ–ˆâ–‹      | 3714/10000 [00:08<00:11, 569.39it/s]
 38%|â–ˆâ–ˆâ–ˆâ–Š      | 3772/10000 [00:08<00:11, 546.13it/s]
 38%|â–ˆâ–ˆâ–ˆâ–Š      | 3827/10000 [00:08<00:11, 542.42it/s]
 39%|â–ˆâ–ˆâ–ˆâ–‰      | 3892/10000 [00:08<00:10, 569.80it/s]
 40%|â–ˆâ–ˆâ–ˆâ–‰      | 3950/10000 [00:08<00:10, 556.15it/s]
 40%|â–ˆâ–ˆâ–ˆâ–ˆ      | 4007/10000 [00:08<00:10, 550.00it/s]
 41%|â–ˆâ–ˆâ–ˆâ–ˆ      | 4066/10000 [00:08<00:10, 551.92it/s]
 41%|â–ˆâ–ˆâ–ˆâ–ˆ      | 4122/10000 [00:08<00:10, 541.55it/s]
 42%|â–ˆâ–ˆâ–ˆâ–ˆâ–     | 4186/10000 [00:08<00:10, 556.62it/s]
 42%|â–ˆâ–ˆâ–ˆâ–ˆâ–     | 4246/10000 [00:09<00:10, 551.46it/s]
 43%|â–ˆâ–ˆâ–ˆâ–ˆâ–Ž     | 4306/10000 [00:09<00:10, 558.35it/s]
 44%|â–ˆâ–ˆâ–ˆâ–ˆâ–Ž     | 4366/10000 [00:09<00:10, 561.95it/s]
 44%|â–ˆâ–ˆâ–ˆâ–ˆâ–     | 4426/10000 [00:09<00:10, 556.35it/s]
 45%|â–ˆâ–ˆâ–ˆâ–ˆâ–     | 4483/10000 [00:09<00:09, 559.99it/s]
 45%|â–ˆâ–ˆâ–ˆâ–ˆâ–Œ     | 4540/10000 [00:09<00:10, 542.08it/s]
 46%|â–ˆâ–ˆâ–ˆâ–ˆâ–Œ     | 4595/10000 [00:09<00:10, 533.52it/s]
 47%|â–ˆâ–ˆâ–ˆâ–ˆâ–‹     | 4652/10000 [00:09<00:09, 543.69it/s]
 47%|â–ˆâ–ˆâ–ˆâ–ˆâ–‹     | 4712/10000 [00:09<00:09, 555.53it/s]
 48%|â–ˆâ–ˆâ–ˆâ–ˆâ–Š     | 4768/10000 [00:09<00:09, 555.20it/s]
 48%|â–ˆâ–ˆâ–ˆâ–ˆâ–Š     | 4826/10000 [00:10<00:09, 542.94it/s]
 49%|â–ˆâ–ˆâ–ˆâ–ˆâ–‰     | 4881/10000 [00:10<00:09, 545.00it/s]
 49%|â–ˆâ–ˆâ–ˆâ–ˆâ–‰     | 4946/10000 [00:10<00:09, 557.60it/s]
 50%|â–ˆâ–ˆâ–ˆâ–ˆâ–ˆ     | 5002/10000 [00:10<00:09, 551.31it/s]
 51%|â–ˆâ–ˆâ–ˆâ–ˆâ–ˆ     | 5062/10000 [00:10<00:08, 563.13it/s]
 51%|â–ˆâ–ˆâ–ˆâ–ˆâ–ˆ     | 5119/10000 [00:10<00:08, 564.64it/s]
 52%|â–ˆâ–ˆâ–ˆâ–ˆâ–ˆâ–    | 5176/10000 [00:10<00:08, 553.22it/s]
 52%|â–ˆâ–ˆâ–ˆâ–ˆâ–ˆâ–    | 5236/10000 [00:10<00:08, 547.82it/s]
 53%|â–ˆâ–ˆâ–ˆâ–ˆâ–ˆâ–Ž    | 5300/10000 [00:10<00:08, 572.06it/s]
 54%|â–ˆâ–ˆâ–ˆâ–ˆâ–ˆâ–Ž    | 5358/10000 [00:11<00:08, 566.10it/s]
 54%|â–ˆâ–ˆâ–ˆâ–ˆâ–ˆâ–    | 5415/10000 [00:11<00:08, 564.87it/s]
 55%|â–ˆâ–ˆâ–ˆâ–ˆâ–ˆâ–    | 5472/10000 [00:11<00:08, 564.91it/s]
 55%|â–ˆâ–ˆâ–ˆâ–ˆâ–ˆâ–Œ    | 5532/10000 [00:11<00:07, 572.72it/s]
 56%|â–ˆâ–ˆâ–ˆâ–ˆâ–ˆâ–Œ    | 5592/10000 [00:11<00:07, 578.26it/s]
 57%|â–ˆâ–ˆâ–ˆâ–ˆâ–ˆâ–‹    | 5656/10000 [00:11<00:07, 581.90it/s]
 57%|â–ˆâ–ˆâ–ˆâ–ˆâ–ˆâ–‹    | 5716/10000 [00:11<00:07, 583.25it/s]
 58%|â–ˆâ–ˆâ–ˆâ–ˆâ–ˆâ–Š    | 5776/10000 [00:11<00:07, 577.38it/s]
 58%|â–ˆâ–ˆâ–ˆâ–ˆâ–ˆâ–Š    | 5834/10000 [00:11<00:07, 570.20it/s]
 59%|â–ˆâ–ˆâ–ˆâ–ˆâ–ˆâ–‰    | 5892/10000 [00:12<00:07, 513.82it/s]
 59%|â–ˆâ–ˆâ–ˆâ–ˆâ–ˆâ–‰    | 5945/10000 [00:12<00:07, 517.29it/s]
 60%|â–ˆâ–ˆâ–ˆâ–ˆâ–ˆâ–ˆ    | 6001/10000 [00:12<00:07, 522.05it/s]
 61%|â–ˆâ–ˆâ–ˆâ–ˆâ–ˆâ–ˆ    | 6054/10000 [00:12<00:07, 510.57it/s]
 61%|â–ˆâ–ˆâ–ˆâ–ˆâ–ˆâ–ˆ    | 6106/10000 [00:12<00:07, 493.81it/s]
 62%|â–ˆâ–ˆâ–ˆâ–ˆâ–ˆâ–ˆâ–   | 6156/10000 [00:12<00:07, 488.75it/s]
 62%|â–ˆâ–ˆâ–ˆâ–ˆâ–ˆâ–ˆâ–   | 6211/10000 [00:12<00:07, 501.03it/s]
 63%|â–ˆâ–ˆâ–ˆâ–ˆâ–ˆâ–ˆâ–Ž   | 6266/10000 [00:12<00:07, 499.57it/s]
 63%|â–ˆâ–ˆâ–ˆâ–ˆâ–ˆâ–ˆâ–Ž   | 6322/10000 [00:12<00:07, 514.49it/s]
 64%|â–ˆâ–ˆâ–ˆâ–ˆâ–ˆâ–ˆâ–Ž   | 6374/10000 [00:12<00:07, 511.49it/s]
 64%|â–ˆâ–ˆâ–ˆâ–ˆâ–ˆâ–ˆâ–   | 6426/10000 [00:13<00:07, 508.42it/s]
 65%|â–ˆâ–ˆâ–ˆâ–ˆâ–ˆâ–ˆâ–   | 6477/10000 [00:13<00:06, 505.64it/s]
 65%|â–ˆâ–ˆâ–ˆâ–ˆâ–ˆâ–ˆâ–Œ   | 6528/10000 [00:13<00:06, 497.57it/s]
 66%|â–ˆâ–ˆâ–ˆâ–ˆâ–ˆâ–ˆâ–Œ   | 6578/10000 [00:13<00:06, 494.95it/s]
 66%|â–ˆâ–ˆâ–ˆâ–ˆâ–ˆâ–ˆâ–‹   | 6628/10000 [00:13<00:06, 483.33it/s]
 67%|â–ˆâ–ˆâ–ˆâ–ˆâ–ˆâ–ˆâ–‹   | 6687/10000 [00:13<00:06, 510.58it/s]
 67%|â–ˆâ–ˆâ–ˆâ–ˆâ–ˆâ–ˆâ–‹   | 6741/10000 [00:13<00:06, 516.55it/s]
 68%|â–ˆâ–ˆâ–ˆâ–ˆâ–ˆâ–ˆâ–Š   | 6794/10000 [00:13<00:06, 499.15it/s]
 68%|â–ˆâ–ˆâ–ˆâ–ˆâ–ˆâ–ˆâ–Š   | 6845/10000 [00:13<00:06, 490.80it/s]
 69%|â–ˆâ–ˆâ–ˆâ–ˆâ–ˆâ–ˆâ–‰   | 6895/10000 [00:14<00:06, 485.06it/s]
 69%|â–ˆâ–ˆâ–ˆâ–ˆâ–ˆâ–ˆâ–‰   | 6944/10000 [00:14<00:06, 480.87it/s]
 70%|â–ˆâ–ˆâ–ˆâ–ˆâ–ˆâ–ˆâ–‰   | 6993/10000 [00:14<00:06, 438.56it/s]
 70%|â–ˆâ–ˆâ–ˆâ–ˆâ–ˆâ–ˆâ–ˆ   | 7038/10000 [00:14<00:07, 421.92it/s]
 71%|â–ˆâ–ˆâ–ˆâ–ˆâ–ˆâ–ˆâ–ˆ   | 7086/10000 [00:14<00:06, 426.10it/s]
 71%|â–ˆâ–ˆâ–ˆâ–ˆâ–ˆâ–ˆâ–ˆâ–  | 7131/10000 [00:14<00:06, 431.94it/s]
 72%|â–ˆâ–ˆâ–ˆâ–ˆâ–ˆâ–ˆâ–ˆâ–  | 7175/10000 [00:14<00:06, 420.18it/s]
 72%|â–ˆâ–ˆâ–ˆâ–ˆâ–ˆâ–ˆâ–ˆâ–  | 7218/10000 [00:14<00:06, 401.51it/s]
 73%|â–ˆâ–ˆâ–ˆâ–ˆâ–ˆâ–ˆâ–ˆâ–Ž  | 7259/10000 [00:14<00:06, 397.40it/s]
 73%|â–ˆâ–ˆâ–ˆâ–ˆâ–ˆâ–ˆâ–ˆâ–Ž  | 7300/10000 [00:15<00:06, 393.72it/s]
 73%|â–ˆâ–ˆâ–ˆâ–ˆâ–ˆâ–ˆâ–ˆâ–Ž  | 7340/10000 [00:15<00:06, 390.11it/s]
 74%|â–ˆâ–ˆâ–ˆâ–ˆâ–ˆâ–ˆâ–ˆâ–  | 7380/10000 [00:15<00:06, 386.68it/s]
 74%|â–ˆâ–ˆâ–ˆâ–ˆâ–ˆâ–ˆâ–ˆâ–  | 7419/10000 [00:15<00:06, 382.87it/s]
 75%|â–ˆâ–ˆâ–ˆâ–ˆâ–ˆâ–ˆâ–ˆâ–  | 7458/10000 [00:15<00:06, 379.84it/s]
 75%|â–ˆâ–ˆâ–ˆâ–ˆâ–ˆâ–ˆâ–ˆâ–Œ  | 7501/10000 [00:15<00:06, 388.81it/s]
 75%|â–ˆâ–ˆâ–ˆâ–ˆâ–ˆâ–ˆâ–ˆâ–Œ  | 7541/10000 [00:15<00:06, 389.26it/s]
 76%|â–ˆâ–ˆâ–ˆâ–ˆâ–ˆâ–ˆâ–ˆâ–Œ  | 7581/10000 [00:15<00:06, 387.55it/s]
 76%|â–ˆâ–ˆâ–ˆâ–ˆâ–ˆâ–ˆâ–ˆâ–Œ  | 7621/10000 [00:15<00:06, 388.36it/s]
 77%|â–ˆâ–ˆâ–ˆâ–ˆâ–ˆâ–ˆâ–ˆâ–‹  | 7660/10000 [00:15<00:06, 388.75it/s]
 77%|â–ˆâ–ˆâ–ˆâ–ˆâ–ˆâ–ˆâ–ˆâ–‹  | 7699/10000 [00:16<00:05, 384.45it/s]
 77%|â–ˆâ–ˆâ–ˆâ–ˆâ–ˆâ–ˆâ–ˆâ–‹  | 7738/10000 [00:16<00:06, 373.18it/s]
 78%|â–ˆâ–ˆâ–ˆâ–ˆâ–ˆâ–ˆâ–ˆâ–Š  | 7776/10000 [00:16<00:06, 370.63it/s]
 78%|â–ˆâ–ˆâ–ˆâ–ˆâ–ˆâ–ˆâ–ˆâ–Š  | 7816/10000 [00:16<00:05, 373.14it/s]
 79%|â–ˆâ–ˆâ–ˆâ–ˆâ–ˆâ–ˆâ–ˆâ–Š  | 7856/10000 [00:16<00:05, 375.69it/s]
 79%|â–ˆâ–ˆâ–ˆâ–ˆâ–ˆâ–ˆâ–ˆâ–‰  | 7896/10000 [00:16<00:05, 377.66it/s]
 79%|â–ˆâ–ˆâ–ˆâ–ˆâ–ˆâ–ˆâ–ˆâ–‰  | 7936/10000 [00:16<00:05, 378.98it/s]
 80%|â–ˆâ–ˆâ–ˆâ–ˆâ–ˆâ–ˆâ–ˆâ–‰  | 7976/10000 [00:16<00:05, 379.45it/s]
 80%|â–ˆâ–ˆâ–ˆâ–ˆâ–ˆâ–ˆâ–ˆâ–ˆ  | 8016/10000 [00:16<00:05, 379.64it/s]
 81%|â–ˆâ–ˆâ–ˆâ–ˆâ–ˆâ–ˆâ–ˆâ–ˆ  | 8056/10000 [00:17<00:05, 379.12it/s]
 81%|â–ˆâ–ˆâ–ˆâ–ˆâ–ˆâ–ˆâ–ˆâ–ˆ  | 8096/10000 [00:17<00:05, 379.18it/s]
 81%|â–ˆâ–ˆâ–ˆâ–ˆâ–ˆâ–ˆâ–ˆâ–ˆâ– | 8136/10000 [00:17<00:04, 379.72it/s]
 82%|â–ˆâ–ˆâ–ˆâ–ˆâ–ˆâ–ˆâ–ˆâ–ˆâ– | 8176/10000 [00:17<00:04, 379.17it/s]
 82%|â–ˆâ–ˆâ–ˆâ–ˆâ–ˆâ–ˆâ–ˆâ–ˆâ– | 8216/10000 [00:17<00:04, 379.52it/s]
 83%|â–ˆâ–ˆâ–ˆâ–ˆâ–ˆâ–ˆâ–ˆâ–ˆâ–Ž | 8256/10000 [00:17<00:04, 379.59it/s]
 83%|â–ˆâ–ˆâ–ˆâ–ˆâ–ˆâ–ˆâ–ˆâ–ˆâ–Ž | 8296/10000 [00:17<00:04, 380.03it/s]
 83%|â–ˆâ–ˆâ–ˆâ–ˆâ–ˆâ–ˆâ–ˆâ–ˆâ–Ž | 8336/10000 [00:17<00:04, 380.10it/s]
 84%|â–ˆâ–ˆâ–ˆâ–ˆâ–ˆâ–ˆâ–ˆâ–ˆâ– | 8376/10000 [00:17<00:04, 380.83it/s]
 84%|â–ˆâ–ˆâ–ˆâ–ˆâ–ˆâ–ˆâ–ˆâ–ˆâ– | 8416/10000 [00:17<00:04, 383.49it/s]
 85%|â–ˆâ–ˆâ–ˆâ–ˆâ–ˆâ–ˆâ–ˆâ–ˆâ– | 8456/10000 [00:18<00:04, 383.23it/s]
 85%|â–ˆâ–ˆâ–ˆâ–ˆâ–ˆâ–ˆâ–ˆâ–ˆâ– | 8496/10000 [00:18<00:03, 381.87it/s]
 85%|â–ˆâ–ˆâ–ˆâ–ˆâ–ˆâ–ˆâ–ˆâ–ˆâ–Œ | 8535/10000 [00:18<00:03, 377.38it/s]
 86%|â–ˆâ–ˆâ–ˆâ–ˆâ–ˆâ–ˆâ–ˆâ–ˆâ–Œ | 8573/10000 [00:18<00:03, 375.91it/s]
 86%|â–ˆâ–ˆâ–ˆâ–ˆâ–ˆâ–ˆâ–ˆâ–ˆâ–Œ | 8612/10000 [00:18<00:03, 374.84it/s]
 87%|â–ˆâ–ˆâ–ˆâ–ˆâ–ˆâ–ˆâ–ˆâ–ˆâ–‹ | 8652/10000 [00:18<00:03, 380.88it/s]
 87%|â–ˆâ–ˆâ–ˆâ–ˆâ–ˆâ–ˆâ–ˆâ–ˆâ–‹ | 8691/10000 [00:18<00:03, 383.18it/s]
 87%|â–ˆâ–ˆâ–ˆâ–ˆâ–ˆâ–ˆâ–ˆâ–ˆâ–‹ | 8730/10000 [00:18<00:03, 384.37it/s]
 88%|â–ˆâ–ˆâ–ˆâ–ˆâ–ˆâ–ˆâ–ˆâ–ˆâ–Š | 8769/10000 [00:18<00:03, 366.31it/s]
 88%|â–ˆâ–ˆâ–ˆâ–ˆâ–ˆâ–ˆâ–ˆâ–ˆâ–Š | 8806/10000 [00:19<00:03, 364.38it/s]
 88%|â–ˆâ–ˆâ–ˆâ–ˆâ–ˆâ–ˆâ–ˆâ–ˆâ–Š | 8846/10000 [00:19<00:03, 368.58it/s]
 89%|â–ˆâ–ˆâ–ˆâ–ˆâ–ˆâ–ˆâ–ˆâ–ˆâ–‰ | 8886/10000 [00:19<00:02, 371.66it/s]
 89%|â–ˆâ–ˆâ–ˆâ–ˆâ–ˆâ–ˆâ–ˆâ–ˆâ–‰ | 8926/10000 [00:19<00:02, 373.91it/s]
 90%|â–ˆâ–ˆâ–ˆâ–ˆâ–ˆâ–ˆâ–ˆâ–ˆâ–‰ | 8966/10000 [00:19<00:02, 375.45it/s]
 90%|â–ˆâ–ˆâ–ˆâ–ˆâ–ˆâ–ˆâ–ˆâ–ˆâ–ˆ | 9006/10000 [00:19<00:02, 377.31it/s]
 90%|â–ˆâ–ˆâ–ˆâ–ˆâ–ˆâ–ˆâ–ˆâ–ˆâ–ˆ | 9046/10000 [00:19<00:02, 378.61it/s]
 91%|â–ˆâ–ˆâ–ˆâ–ˆâ–ˆâ–ˆâ–ˆâ–ˆâ–ˆ | 9086/10000 [00:19<00:02, 378.32it/s]
 91%|â–ˆâ–ˆâ–ˆâ–ˆâ–ˆâ–ˆâ–ˆâ–ˆâ–ˆâ–| 9126/10000 [00:19<00:02, 379.20it/s]
 92%|â–ˆâ–ˆâ–ˆâ–ˆâ–ˆâ–ˆâ–ˆâ–ˆâ–ˆâ–| 9166/10000 [00:19<00:02, 379.81it/s]
 92%|â–ˆâ–ˆâ–ˆâ–ˆâ–ˆâ–ˆâ–ˆâ–ˆâ–ˆâ–| 9206/10000 [00:20<00:02, 385.34it/s]
 92%|â–ˆâ–ˆâ–ˆâ–ˆâ–ˆâ–ˆâ–ˆâ–ˆâ–ˆâ–| 9246/10000 [00:20<00:01, 389.07it/s]
 93%|â–ˆâ–ˆâ–ˆâ–ˆâ–ˆâ–ˆâ–ˆâ–ˆâ–ˆâ–Ž| 9286/10000 [00:20<00:01, 390.20it/s]
 93%|â–ˆâ–ˆâ–ˆâ–ˆâ–ˆâ–ˆâ–ˆâ–ˆâ–ˆâ–Ž| 9326/10000 [00:20<00:01, 384.39it/s]
 94%|â–ˆâ–ˆâ–ˆâ–ˆâ–ˆâ–ˆâ–ˆâ–ˆâ–ˆâ–Ž| 9366/10000 [00:20<00:01, 382.94it/s]
 94%|â–ˆâ–ˆâ–ˆâ–ˆâ–ˆâ–ˆâ–ˆâ–ˆâ–ˆâ–| 9406/10000 [00:20<00:01, 381.17it/s]
 94%|â–ˆâ–ˆâ–ˆâ–ˆâ–ˆâ–ˆâ–ˆâ–ˆâ–ˆâ–| 9445/10000 [00:20<00:02, 270.47it/s]
 95%|â–ˆâ–ˆâ–ˆâ–ˆâ–ˆâ–ˆâ–ˆâ–ˆâ–ˆâ–| 9482/10000 [00:20<00:01, 291.88it/s]
 95%|â–ˆâ–ˆâ–ˆâ–ˆâ–ˆâ–ˆâ–ˆâ–ˆâ–ˆâ–Œ| 9521/10000 [00:21<00:01, 314.67it/s]
 96%|â–ˆâ–ˆâ–ˆâ–ˆâ–ˆâ–ˆâ–ˆâ–ˆâ–ˆâ–Œ| 9560/10000 [00:21<00:01, 333.26it/s]
 96%|â–ˆâ–ˆâ–ˆâ–ˆâ–ˆâ–ˆâ–ˆâ–ˆâ–ˆâ–Œ| 9596/10000 [00:21<00:01, 338.19it/s]
 96%|â–ˆâ–ˆâ–ˆâ–ˆâ–ˆâ–ˆâ–ˆâ–ˆâ–ˆâ–‹| 9636/10000 [00:21<00:01, 349.12it/s]
 97%|â–ˆâ–ˆâ–ˆâ–ˆâ–ˆâ–ˆâ–ˆâ–ˆâ–ˆâ–‹| 9676/10000 [00:21<00:00, 357.48it/s]
 97%|â–ˆâ–ˆâ–ˆâ–ˆâ–ˆâ–ˆâ–ˆâ–ˆâ–ˆâ–‹| 9716/10000 [00:21<00:00, 364.22it/s]
 98%|â–ˆâ–ˆâ–ˆâ–ˆâ–ˆâ–ˆâ–ˆâ–ˆâ–ˆâ–Š| 9756/10000 [00:21<00:00, 367.77it/s]
 98%|â–ˆâ–ˆâ–ˆâ–ˆâ–ˆâ–ˆâ–ˆâ–ˆâ–ˆâ–Š| 9796/10000 [00:21<00:00, 371.66it/s]
 98%|â–ˆâ–ˆâ–ˆâ–ˆâ–ˆâ–ˆâ–ˆâ–ˆâ–ˆâ–Š| 9836/10000 [00:21<00:00, 373.73it/s]
 99%|â–ˆâ–ˆâ–ˆâ–ˆâ–ˆâ–ˆâ–ˆâ–ˆâ–ˆâ–‰| 9876/10000 [00:21<00:00, 375.91it/s]
 99%|â–ˆâ–ˆâ–ˆâ–ˆâ–ˆâ–ˆâ–ˆâ–ˆâ–ˆâ–‰| 9916/10000 [00:22<00:00, 378.01it/s]
100%|â–ˆâ–ˆâ–ˆâ–ˆâ–ˆâ–ˆâ–ˆâ–ˆâ–ˆâ–‰| 9956/10000 [00:22<00:00, 378.94it/s]
100%|â–ˆâ–ˆâ–ˆâ–ˆâ–ˆâ–ˆâ–ˆâ–ˆâ–ˆâ–‰| 9996/10000 [00:22<00:00, 379.27it/s]
100%|â–ˆâ–ˆâ–ˆâ–ˆâ–ˆâ–ˆâ–ˆâ–ˆâ–ˆâ–ˆ| 10000/10000 [00:22<00:00, 448.78it/s]
21:01:36 - [DEBUG] - Time to execute query: 0.02 secs
21:01:39 - [DEBUG] - Preparing to execute 16 queries.
21:01:39 - [DEBUG] - Starting to execute query SELECT _vid_, val_id, count(*) violations FROM   "soccer_nwcpk_025" as t1, "soccer_nwcpk_025" as t2, pos_values as t3 WHERE  t1._tid_ != t2._tid_   AND  t1._tid_ = t3._tid_   AND  t3.attribute = 'name'   AND  t1."surname"<>t2."surname"   AND  t3.rv_val = t2."name" GROUP BY _vid_, val_id with id 0
21:01:39 - [DEBUG] - Time to execute query with id 0: 0.00 secs
21:01:39 - [DEBUG] - Starting to execute query SELECT _vid_, val_id, count(*) violations FROM   "soccer_nwcpk_025" as t1, "soccer_nwcpk_025" as t2, pos_values as t3 WHERE  t1._tid_ != t2._tid_   AND  t1._tid_ = t3._tid_   AND  t3.attribute = 'surname'   AND  t1."name"=t2."name"   AND  t3.rv_val <> t2."surname" GROUP BY _vid_, val_id with id 1
21:01:42 - [DEBUG] - Time to execute query with id 1: 0.01 secs
21:01:42 - [DEBUG] - Starting to execute query SELECT _vid_, val_id, count(*) violations FROM   "soccer_nwcpk_025" as t1, "soccer_nwcpk_025" as t2, pos_values as t3 WHERE  t1._tid_ != t2._tid_   AND  t1._tid_ = t3._tid_   AND  t3.attribute = 'name'   AND  t1."birthyear"<>t2."birthyear"   AND  t3.rv_val = t2."name" GROUP BY _vid_, val_id with id 2
21:01:43 - [DEBUG] - Time to execute query with id 2: 0.00 secs
21:01:43 - [DEBUG] - Starting to execute query SELECT _vid_, val_id, count(*) violations FROM   "soccer_nwcpk_025" as t1, "soccer_nwcpk_025" as t2, pos_values as t3 WHERE  t1._tid_ != t2._tid_   AND  t1._tid_ = t3._tid_   AND  t3.attribute = 'birthyear'   AND  t1."name"=t2."name"   AND  t3.rv_val <> t2."birthyear" GROUP BY _vid_, val_id with id 3
21:02:03 - [DEBUG] - Time to execute query with id 3: 0.05 secs
21:02:03 - [DEBUG] - Starting to execute query SELECT _vid_, val_id, count(*) violations FROM   "soccer_nwcpk_025" as t1, "soccer_nwcpk_025" as t2, pos_values as t3 WHERE  t1._tid_ != t2._tid_   AND  t1._tid_ = t3._tid_   AND  t3.attribute = 'name'   AND  t1."birthplace"<>t2."birthplace"   AND  t3.rv_val = t2."name" GROUP BY _vid_, val_id with id 4
21:02:04 - [DEBUG] - Time to execute query with id 4: 0.00 secs
21:02:04 - [DEBUG] - Starting to execute query SELECT _vid_, val_id, count(*) violations FROM   "soccer_nwcpk_025" as t1, "soccer_nwcpk_025" as t2, pos_values as t3 WHERE  t1._tid_ != t2._tid_   AND  t1._tid_ = t3._tid_   AND  t3.attribute = 'birthplace'   AND  t1."name"=t2."name"   AND  t3.rv_val <> t2."birthplace" GROUP BY _vid_, val_id with id 5
21:02:18 - [DEBUG] - Time to execute query with id 5: 0.03 secs
21:02:18 - [DEBUG] - Starting to execute query SELECT _vid_, val_id, count(*) violations FROM   "soccer_nwcpk_025" as t1, "soccer_nwcpk_025" as t2, pos_values as t3 WHERE  t1._tid_ != t2._tid_   AND  t1._tid_ = t3._tid_   AND  t3.attribute = 'name'   AND  t1."season"=t2."season" AND t1."position"<>t2."position"   AND  t3.rv_val = t2."name" GROUP BY _vid_, val_id with id 6
21:02:18 - [DEBUG] - Time to execute query with id 6: 0.00 secs
21:02:18 - [DEBUG] - Starting to execute query SELECT _vid_, val_id, count(*) violations FROM   "soccer_nwcpk_025" as t1, "soccer_nwcpk_025" as t2, pos_values as t3 WHERE  t1._tid_ != t2._tid_   AND  t1._tid_ = t3._tid_   AND  t3.attribute = 'season'   AND  t1."name"=t2."name" AND t1."position"<>t2."position"   AND  t3.rv_val = t2."season" GROUP BY _vid_, val_id with id 7
21:02:19 - [DEBUG] - Time to execute query with id 7: 0.00 secs
21:02:19 - [DEBUG] - Starting to execute query SELECT _vid_, val_id, count(*) violations FROM   "soccer_nwcpk_025" as t1, "soccer_nwcpk_025" as t2, pos_values as t3 WHERE  t1._tid_ != t2._tid_   AND  t1._tid_ = t3._tid_   AND  t3.attribute = 'position'   AND  t1."name"=t2."name" AND t1."season"=t2."season"   AND  t3.rv_val <> t2."position" GROUP BY _vid_, val_id with id 8
21:02:35 - [DEBUG] - Time to execute query with id 8: 0.08 secs
21:02:35 - [DEBUG] - Starting to execute query SELECT _vid_, val_id, count(*) violations FROM   "soccer_nwcpk_025" as t1, "soccer_nwcpk_025" as t2, pos_values as t3 WHERE  t1._tid_ != t2._tid_   AND  t1._tid_ = t3._tid_   AND  t3.attribute = 'team'   AND  t1."city"=t2."city" AND t1."season"=t2."season" AND t1."stadium"<>t2."stadium"   AND  t3.rv_val = t2."team" GROUP BY _vid_, val_id with id 9
21:02:35 - [DEBUG] - Time to execute query with id 9: 0.00 secs
21:02:35 - [DEBUG] - Starting to execute query SELECT _vid_, val_id, count(*) violations FROM   "soccer_nwcpk_025" as t1, "soccer_nwcpk_025" as t2, pos_values as t3 WHERE  t1._tid_ != t2._tid_   AND  t1._tid_ = t3._tid_   AND  t3.attribute = 'city'   AND  t1."team"=t2."team" AND t1."season"=t2."season" AND t1."stadium"<>t2."stadium"   AND  t3.rv_val = t2."city" GROUP BY _vid_, val_id with id 10
21:02:36 - [DEBUG] - Time to execute query with id 10: 0.00 secs
21:02:36 - [DEBUG] - Starting to execute query SELECT _vid_, val_id, count(*) violations FROM   "soccer_nwcpk_025" as t1, "soccer_nwcpk_025" as t2, pos_values as t3 WHERE  t1._tid_ != t2._tid_   AND  t1._tid_ = t3._tid_   AND  t3.attribute = 'season'   AND  t1."team"=t2."team" AND t1."city"=t2."city" AND t1."stadium"<>t2."stadium"   AND  t3.rv_val = t2."season" GROUP BY _vid_, val_id with id 11
21:02:36 - [DEBUG] - Time to execute query with id 11: 0.00 secs
21:02:36 - [DEBUG] - Starting to execute query SELECT _vid_, val_id, count(*) violations FROM   "soccer_nwcpk_025" as t1, "soccer_nwcpk_025" as t2, pos_values as t3 WHERE  t1._tid_ != t2._tid_   AND  t1._tid_ = t3._tid_   AND  t3.attribute = 'stadium'   AND  t1."team"=t2."team" AND t1."city"=t2."city" AND t1."season"=t2."season"   AND  t3.rv_val <> t2."stadium" GROUP BY _vid_, val_id with id 12
21:02:37 - [DEBUG] - Time to execute query with id 12: 0.00 secs
21:02:37 - [DEBUG] - Starting to execute query SELECT _vid_, val_id, count(*) violations FROM   "soccer_nwcpk_025" as t1, "soccer_nwcpk_025" as t2, pos_values as t3 WHERE  t1._tid_ != t2._tid_   AND  t1._tid_ = t3._tid_   AND  t3.attribute = 'manager'   AND  t1."season"=t2."season" AND t1."team"<>t2."team"   AND  t3.rv_val = t2."manager" GROUP BY _vid_, val_id with id 13
21:02:37 - [DEBUG] - Time to execute query with id 13: 0.00 secs
21:02:37 - [DEBUG] - Starting to execute query SELECT _vid_, val_id, count(*) violations FROM   "soccer_nwcpk_025" as t1, "soccer_nwcpk_025" as t2, pos_values as t3 WHERE  t1._tid_ != t2._tid_   AND  t1._tid_ = t3._tid_   AND  t3.attribute = 'season'   AND  t1."manager"=t2."manager" AND t1."team"<>t2."team"   AND  t3.rv_val = t2."season" GROUP BY _vid_, val_id with id 14
21:02:38 - [DEBUG] - Time to execute query with id 14: 0.00 secs
21:02:38 - [DEBUG] - Starting to execute query SELECT _vid_, val_id, count(*) violations FROM   "soccer_nwcpk_025" as t1, "soccer_nwcpk_025" as t2, pos_values as t3 WHERE  t1._tid_ != t2._tid_   AND  t1._tid_ = t3._tid_   AND  t3.attribute = 'team'   AND  t1."manager"=t2."manager" AND t1."season"=t2."season"   AND  t3.rv_val <> t2."team" GROUP BY _vid_, val_id with id 15
21:02:40 - [DEBUG] - Time to execute query with id 15: 0.01 secs
21:02:40 - [DEBUG] - Time to execute 16 queries: 0.22 secs
21:02:43 - [DEBUG] - DONE featurization.
21:02:43 - [DEBUG] - generating weak labels...
21:02:43 - [DEBUG] - Time to execute query: 0.13 secs

  0%|          | 0/4130 [00:00<?, ?it/s]
100%|â–ˆâ–ˆâ–ˆâ–ˆâ–ˆâ–ˆâ–ˆâ–ˆâ–ˆâ–ˆ| 4130/4130 [00:00<00:00, 48832.30it/s]
21:02:43 - [DEBUG] - DONE generating weak labels.
21:02:43 - [DEBUG] - generating mask...
21:02:43 - [DEBUG] - Time to execute query: 0.01 secs

  0%|          | 0/10000 [00:00<?, ?it/s]
 73%|â–ˆâ–ˆâ–ˆâ–ˆâ–ˆâ–ˆâ–ˆâ–Ž  | 7269/10000 [00:00<00:00, 72684.18it/s]
100%|â–ˆâ–ˆâ–ˆâ–ˆâ–ˆâ–ˆâ–ˆâ–ˆâ–ˆâ–ˆ| 10000/10000 [00:00<00:00, 72996.09it/s]
21:02:43 - [DEBUG] - DONE generating mask.
21:02:44 - [ INFO] - DONE setting up featurized dataset.
21:02:44 - [DEBUG] - Time to featurize data: 41.48 secs
21:02:44 - [ INFO] - DONE setting up repair model.
21:02:44 - [DEBUG] - Time to setup repair model: 41.48 secs
21:02:44 - [ INFO] - training with 4130 training examples (cells)

  0%|          | 0/10 [00:00<?, ?it/s]21:02:47 - [DEBUG] - Epoch 1, cost = 0.081269, acc = 99.64%

 10%|â–ˆ         | 1/10 [00:03<00:28,  3.14s/it]21:02:50 - [DEBUG] - Epoch 2, cost = 0.030278, acc = 99.64%

 20%|â–ˆâ–ˆ        | 2/10 [00:06<00:25,  3.17s/it]21:02:53 - [DEBUG] - Epoch 3, cost = 0.029861, acc = 99.64%

 30%|â–ˆâ–ˆâ–ˆ       | 3/10 [00:09<00:22,  3.18s/it]21:02:58 - [DEBUG] - Epoch 4, cost = 0.029853, acc = 99.64%

 40%|â–ˆâ–ˆâ–ˆâ–ˆ      | 4/10 [00:13<00:21,  3.53s/it]21:03:00 - [DEBUG] - Epoch 5, cost = 0.029853, acc = 99.64%

 50%|â–ˆâ–ˆâ–ˆâ–ˆâ–ˆ     | 5/10 [00:16<00:16,  3.32s/it]21:03:03 - [DEBUG] - Epoch 6, cost = 0.029853, acc = 99.64%

 60%|â–ˆâ–ˆâ–ˆâ–ˆâ–ˆâ–ˆ    | 6/10 [00:19<00:12,  3.12s/it]21:03:06 - [DEBUG] - Epoch 7, cost = 0.029853, acc = 99.64%

 70%|â–ˆâ–ˆâ–ˆâ–ˆâ–ˆâ–ˆâ–ˆ   | 7/10 [00:22<00:09,  3.13s/it]21:03:09 - [DEBUG] - Epoch 8, cost = 0.029853, acc = 99.64%

 80%|â–ˆâ–ˆâ–ˆâ–ˆâ–ˆâ–ˆâ–ˆâ–ˆ  | 8/10 [00:25<00:06,  3.16s/it]21:03:13 - [DEBUG] - Epoch 9, cost = 0.029853, acc = 99.64%

 90%|â–ˆâ–ˆâ–ˆâ–ˆâ–ˆâ–ˆâ–ˆâ–ˆâ–ˆ | 9/10 [00:28<00:03,  3.13s/it]21:03:16 - [DEBUG] - Epoch 10, cost = 0.029853, acc = 99.64%

100%|â–ˆâ–ˆâ–ˆâ–ˆâ–ˆâ–ˆâ–ˆâ–ˆâ–ˆâ–ˆ| 10/10 [00:31<00:00,  3.12s/it]
21:03:16 - [ INFO] - DONE training repair model.
21:03:16 - [DEBUG] - Time to fit repair model: 43.43 secs
21:03:16 - [ INFO] - inferring on 9944 examples (cells)
21:03:16 - [DEBUG] - Time to execute query: 0.30 secs
21:03:19 - [DEBUG] - Time to create index: 0.00 secs
21:03:21 - [DEBUG] - Time to create index: 0.00 secs
21:03:21 - [ INFO] - DONE inferring repairs.
21:03:21 - [DEBUG] - Time to infer correct cell values: 6.87 secs
21:03:21 - [DEBUG] - Time to create table: 0.00 secs
21:03:21 - [DEBUG] - Time to create index: 0.00 secs
21:03:21 - [DEBUG] - Time to create index: 0.00 secs
21:03:21 - [ INFO] - DONE collecting the inferred values.
21:03:21 - [DEBUG] - Time to collect inferred values: 0.08 secs
21:03:21 - [ INFO] - DONE generating repaired dataset
21:03:21 - [DEBUG] - Time to store repaired dataset: 0.19 secs
21:03:21 - [ INFO] - featurizer InitAttrFeaturizer,size 10,max 1.0000,min 1.0000,avg 1.0000,abs_avg 1.0000,weights:
name 1.0
surname 1.0
birthyear 1.0
birthplace 1.0
position 1.0
team 1.0
city 1.0
stadium 1.0
season 1.0
manager 1.0
featurizer OccurAttrFeaturizer,size 100,max 0.4362,min -0.0000,avg 0.1322,abs_avg 0.1322,weights:
name X name 0.0
name X surname 0.211
name X birthyear 0.21
name X birthplace 0.211
name X position 0.211
name X team 0.21
name X city 0.211
name X stadium 0.211
name X season 0.211
name X manager 0.211
surname X name 0.086
surname X surname -0.0
surname X birthyear 0.085
surname X birthplace 0.082
surname X position 0.071
surname X team 0.086
surname X city 0.086
surname X stadium 0.086
surname X season 0.086
surname X manager 0.086
birthyear X name 0.034
birthyear X surname 0.034
birthyear X birthyear 0.0
birthyear X birthplace 0.024
birthyear X position 0.041
birthyear X team 0.034
birthyear X city 0.034
birthyear X stadium 0.034
birthyear X season 0.034
birthyear X manager 0.034
birthplace X name 0.07
birthplace X surname 0.07
birthplace X birthyear 0.175
birthplace X birthplace -0.0
birthplace X position 0.096
birthplace X team 0.071
birthplace X city 0.07
birthplace X stadium 0.07
birthplace X season 0.07
birthplace X manager 0.07
position X name 0.02
position X surname 0.02
position X birthyear 0.02
position X birthplace 0.02
position X position -0.0
position X team 0.02
position X city 0.02
position X stadium 0.02
position X season 0.02
position X manager 0.02
team X name 0.079
team X surname 0.079
team X birthyear 0.076
team X birthplace 0.079
team X position 0.136
team X team 0.0
team X city 0.143
team X stadium 0.142
team X season 0.143
team X manager 0.143
city X name 0.095
city X surname 0.1
city X birthyear 0.095
city X birthplace 0.097
city X position 0.436
city X team 0.431
city X city -0.0
city X stadium 0.436
city X season 0.436
city X manager 0.436
stadium X name 0.046
stadium X surname 0.047
stadium X birthyear 0.051
stadium X birthplace 0.095
stadium X position 0.128
stadium X team 0.117
stadium X city 0.132
stadium X stadium 0.0
stadium X season 0.132
stadium X manager 0.132
season X name 0.088
season X surname 0.093
season X birthyear 0.088
season X birthplace 0.089
season X position 0.39
season X team 0.386
season X city 0.39
season X stadium 0.39
season X season -0.0
season X manager 0.39
manager X name 0.095
manager X surname 0.1
manager X birthyear 0.095
manager X birthplace 0.096
manager X position 0.434
manager X team 0.431
manager X city 0.434
manager X stadium 0.434
manager X season 0.434
manager X manager -0.0
featurizer FreqFeaturizer,size 10,max 0.2082,min -0.0000,avg 0.0712,abs_avg 0.0712,weights:
name 0.208
surname 0.06
birthyear 0.012
birthplace 0.056
position -0.0
team 0.06
city 0.094
stadium 0.042
season 0.087
manager 0.094
featurizer ConstraintFeaturizer,size 16,max 0.4331,min -0.0675,avg 0.1347,abs_avg 0.1707,weights:
fixed pred: t1."surname"<>t2."surname", violation pred: t1."name"=t2."name" 0.061
fixed pred: t1."name"=t2."name", violation pred: t1."surname"<>t2."surname" -0.052
fixed pred: t1."birthyear"<>t2."birthyear", violation pred: t1."name"=t2."name" 0.208
fixed pred: t1."name"=t2."name", violation pred: t1."birthyear"<>t2."birthyear" -0.012
fixed pred: t1."birthplace"<>t2."birthplace", violation pred: t1."name"=t2."name" 0.208
fixed pred: t1."name"=t2."name", violation pred: t1."birthplace"<>t2."birthplace" -0.034
fixed pred: t1."season"=t2."season" AND t1."position"<>t2."position", violation pred: t1."name"=t2."name" 0.211
fixed pred: t1."name"=t2."name" AND t1."position"<>t2."position", violation pred: t1."season"=t2."season" -0.056
fixed pred: t1."name"=t2."name" AND t1."season"=t2."season", violation pred: t1."position"<>t2."position" -0.004
fixed pred: t1."city"=t2."city" AND t1."season"=t2."season" AND t1."stadium"<>t2."stadium", violation pred: t1."team"=t2."team" 0.125
fixed pred: t1."team"=t2."team" AND t1."season"=t2."season" AND t1."stadium"<>t2."stadium", violation pred: t1."city"=t2."city" 0.427
fixed pred: t1."team"=t2."team" AND t1."city"=t2."city" AND t1."stadium"<>t2."stadium", violation pred: t1."season"=t2."season" 0.381
fixed pred: t1."team"=t2."team" AND t1."city"=t2."city" AND t1."season"=t2."season", violation pred: t1."stadium"<>t2."stadium" -0.063
fixed pred: t1."season"=t2."season" AND t1."team"<>t2."team", violation pred: t1."manager"=t2."manager" 0.433
fixed pred: t1."manager"=t2."manager" AND t1."team"<>t2."team", violation pred: t1."season"=t2."season" 0.389
fixed pred: t1."manager"=t2."manager" AND t1."season"=t2."season", violation pred: t1."team"<>t2."team" -0.067

21:03:21 - [DEBUG] - Time to store featurizer weights: 0.00 secs
21:03:23 - [DEBUG] - Time to create index: 0.00 secs
21:03:23 - [DEBUG] - Time to create index: 0.00 secs
21:03:23 - [ INFO] - DONE Loading subset_clean_index_1k_holoclean.csv
21:03:23 - [DEBUG] - Time to evaluate repairs: 0.74 secs
21:03:23 - [DEBUG] - Time to execute query: 0.00 secs
21:03:23 - [DEBUG] - Time to execute query: 0.00 secs
21:03:23 - [DEBUG] - Preparing to execute 10 queries.
21:03:23 - [DEBUG] - Starting to execute query SELECT count(*) FROM  "soccer_nwcpk_025" as t1, "soccer_nwcpk_025_clean" as t2 WHERE t1._tid_ = t2._tid_   AND t2._attribute_ = 'name'   AND t1."name" != t2._value_ with id 0
21:03:23 - [DEBUG] - Time to execute query with id 0: 0.00 secs
21:03:23 - [DEBUG] - Starting to execute query SELECT count(*) FROM  "soccer_nwcpk_025" as t1, "soccer_nwcpk_025_clean" as t2 WHERE t1._tid_ = t2._tid_   AND t2._attribute_ = 'surname'   AND t1."surname" != t2._value_ with id 1
21:03:23 - [DEBUG] - Time to execute query with id 1: 0.00 secs
21:03:23 - [DEBUG] - Starting to execute query SELECT count(*) FROM  "soccer_nwcpk_025" as t1, "soccer_nwcpk_025_clean" as t2 WHERE t1._tid_ = t2._tid_   AND t2._attribute_ = 'birthyear'   AND t1."birthyear" != t2._value_ with id 2
21:03:23 - [DEBUG] - Time to execute query with id 2: 0.00 secs
21:03:23 - [DEBUG] - Starting to execute query SELECT count(*) FROM  "soccer_nwcpk_025" as t1, "soccer_nwcpk_025_clean" as t2 WHERE t1._tid_ = t2._tid_   AND t2._attribute_ = 'birthplace'   AND t1."birthplace" != t2._value_ with id 3
21:03:23 - [DEBUG] - Time to execute query with id 3: 0.00 secs
21:03:23 - [DEBUG] - Starting to execute query SELECT count(*) FROM  "soccer_nwcpk_025" as t1, "soccer_nwcpk_025_clean" as t2 WHERE t1._tid_ = t2._tid_   AND t2._attribute_ = 'position'   AND t1."position" != t2._value_ with id 4
21:03:23 - [DEBUG] - Time to execute query with id 4: 0.00 secs
21:03:23 - [DEBUG] - Starting to execute query SELECT count(*) FROM  "soccer_nwcpk_025" as t1, "soccer_nwcpk_025_clean" as t2 WHERE t1._tid_ = t2._tid_   AND t2._attribute_ = 'team'   AND t1."team" != t2._value_ with id 5
21:03:23 - [DEBUG] - Time to execute query with id 5: 0.00 secs
21:03:23 - [DEBUG] - Starting to execute query SELECT count(*) FROM  "soccer_nwcpk_025" as t1, "soccer_nwcpk_025_clean" as t2 WHERE t1._tid_ = t2._tid_   AND t2._attribute_ = 'city'   AND t1."city" != t2._value_ with id 6
21:03:23 - [DEBUG] - Time to execute query with id 6: 0.00 secs
21:03:23 - [DEBUG] - Starting to execute query SELECT count(*) FROM  "soccer_nwcpk_025" as t1, "soccer_nwcpk_025_clean" as t2 WHERE t1._tid_ = t2._tid_   AND t2._attribute_ = 'stadium'   AND t1."stadium" != t2._value_ with id 7
21:03:23 - [DEBUG] - Time to execute query with id 7: 0.00 secs
21:03:23 - [DEBUG] - Starting to execute query SELECT count(*) FROM  "soccer_nwcpk_025" as t1, "soccer_nwcpk_025_clean" as t2 WHERE t1._tid_ = t2._tid_   AND t2._attribute_ = 'season'   AND t1."season" != t2._value_ with id 8
21:03:23 - [DEBUG] - Time to execute query with id 8: 0.00 secs
21:03:23 - [DEBUG] - Starting to execute query SELECT count(*) FROM  "soccer_nwcpk_025" as t1, "soccer_nwcpk_025_clean" as t2 WHERE t1._tid_ = t2._tid_   AND t2._attribute_ = 'manager'   AND t1."manager" != t2._value_ with id 9
21:03:23 - [DEBUG] - Time to execute query with id 9: 0.00 secs
21:03:23 - [DEBUG] - Time to execute 10 queries: 0.01 secs
21:03:23 - [DEBUG] - Time to execute query: 0.00 secs
21:03:23 - [DEBUG] - Preparing to execute 10 queries.
21:03:23 - [DEBUG] - Starting to execute query SELECT COUNT(*) FROM   (SELECT t2._tid_, t2._attribute_, t2._value_      FROM "soccer_nwcpk_025" as t1, "soccer_nwcpk_025_clean" as t2     WHERE t1._tid_ = t2._tid_       AND t2._attribute_ = 'name'       AND t1."name" != t2._value_ ) as errors, inf_values_dom as repairs WHERE errors._tid_ = repairs._tid_   AND errors._attribute_ = repairs.attribute   AND errors._value_ = repairs.rv_value with id 0
21:03:23 - [DEBUG] - Time to execute query with id 0: 0.00 secs
21:03:23 - [DEBUG] - Starting to execute query SELECT COUNT(*) FROM   (SELECT t2._tid_, t2._attribute_, t2._value_      FROM "soccer_nwcpk_025" as t1, "soccer_nwcpk_025_clean" as t2     WHERE t1._tid_ = t2._tid_       AND t2._attribute_ = 'surname'       AND t1."surname" != t2._value_ ) as errors, inf_values_dom as repairs WHERE errors._tid_ = repairs._tid_   AND errors._attribute_ = repairs.attribute   AND errors._value_ = repairs.rv_value with id 1
21:03:23 - [DEBUG] - Time to execute query with id 1: 0.00 secs
21:03:23 - [DEBUG] - Starting to execute query SELECT COUNT(*) FROM   (SELECT t2._tid_, t2._attribute_, t2._value_      FROM "soccer_nwcpk_025" as t1, "soccer_nwcpk_025_clean" as t2     WHERE t1._tid_ = t2._tid_       AND t2._attribute_ = 'birthyear'       AND t1."birthyear" != t2._value_ ) as errors, inf_values_dom as repairs WHERE errors._tid_ = repairs._tid_   AND errors._attribute_ = repairs.attribute   AND errors._value_ = repairs.rv_value with id 2
21:03:23 - [DEBUG] - Time to execute query with id 2: 0.00 secs
21:03:23 - [DEBUG] - Starting to execute query SELECT COUNT(*) FROM   (SELECT t2._tid_, t2._attribute_, t2._value_      FROM "soccer_nwcpk_025" as t1, "soccer_nwcpk_025_clean" as t2     WHERE t1._tid_ = t2._tid_       AND t2._attribute_ = 'birthplace'       AND t1."birthplace" != t2._value_ ) as errors, inf_values_dom as repairs WHERE errors._tid_ = repairs._tid_   AND errors._attribute_ = repairs.attribute   AND errors._value_ = repairs.rv_value with id 3
21:03:23 - [DEBUG] - Time to execute query with id 3: 0.00 secs
21:03:23 - [DEBUG] - Starting to execute query SELECT COUNT(*) FROM   (SELECT t2._tid_, t2._attribute_, t2._value_      FROM "soccer_nwcpk_025" as t1, "soccer_nwcpk_025_clean" as t2     WHERE t1._tid_ = t2._tid_       AND t2._attribute_ = 'position'       AND t1."position" != t2._value_ ) as errors, inf_values_dom as repairs WHERE errors._tid_ = repairs._tid_   AND errors._attribute_ = repairs.attribute   AND errors._value_ = repairs.rv_value with id 4
21:03:23 - [DEBUG] - Time to execute query with id 4: 0.00 secs
21:03:23 - [DEBUG] - Starting to execute query SELECT COUNT(*) FROM   (SELECT t2._tid_, t2._attribute_, t2._value_      FROM "soccer_nwcpk_025" as t1, "soccer_nwcpk_025_clean" as t2     WHERE t1._tid_ = t2._tid_       AND t2._attribute_ = 'team'       AND t1."team" != t2._value_ ) as errors, inf_values_dom as repairs WHERE errors._tid_ = repairs._tid_   AND errors._attribute_ = repairs.attribute   AND errors._value_ = repairs.rv_value with id 5
21:03:23 - [DEBUG] - Time to execute query with id 5: 0.00 secs
21:03:23 - [DEBUG] - Starting to execute query SELECT COUNT(*) FROM   (SELECT t2._tid_, t2._attribute_, t2._value_      FROM "soccer_nwcpk_025" as t1, "soccer_nwcpk_025_clean" as t2     WHERE t1._tid_ = t2._tid_       AND t2._attribute_ = 'city'       AND t1."city" != t2._value_ ) as errors, inf_values_dom as repairs WHERE errors._tid_ = repairs._tid_   AND errors._attribute_ = repairs.attribute   AND errors._value_ = repairs.rv_value with id 6
21:03:23 - [DEBUG] - Time to execute query with id 6: 0.00 secs
21:03:23 - [DEBUG] - Starting to execute query SELECT COUNT(*) FROM   (SELECT t2._tid_, t2._attribute_, t2._value_      FROM "soccer_nwcpk_025" as t1, "soccer_nwcpk_025_clean" as t2     WHERE t1._tid_ = t2._tid_       AND t2._attribute_ = 'stadium'       AND t1."stadium" != t2._value_ ) as errors, inf_values_dom as repairs WHERE errors._tid_ = repairs._tid_   AND errors._attribute_ = repairs.attribute   AND errors._value_ = repairs.rv_value with id 7
21:03:23 - [DEBUG] - Time to execute query with id 7: 0.00 secs
21:03:23 - [DEBUG] - Starting to execute query SELECT COUNT(*) FROM   (SELECT t2._tid_, t2._attribute_, t2._value_      FROM "soccer_nwcpk_025" as t1, "soccer_nwcpk_025_clean" as t2     WHERE t1._tid_ = t2._tid_       AND t2._attribute_ = 'season'       AND t1."season" != t2._value_ ) as errors, inf_values_dom as repairs WHERE errors._tid_ = repairs._tid_   AND errors._attribute_ = repairs.attribute   AND errors._value_ = repairs.rv_value with id 8
21:03:23 - [DEBUG] - Time to execute query with id 8: 0.00 secs
21:03:23 - [DEBUG] - Starting to execute query SELECT COUNT(*) FROM   (SELECT t2._tid_, t2._attribute_, t2._value_      FROM "soccer_nwcpk_025" as t1, "soccer_nwcpk_025_clean" as t2     WHERE t1._tid_ = t2._tid_       AND t2._attribute_ = 'manager'       AND t1."manager" != t2._value_ ) as errors, inf_values_dom as repairs WHERE errors._tid_ = repairs._tid_   AND errors._attribute_ = repairs.attribute   AND errors._value_ = repairs.rv_value with id 9
21:03:23 - [DEBUG] - Time to execute query with id 9: 0.00 secs
21:03:23 - [DEBUG] - Time to execute 10 queries: 0.01 secs
21:03:27 - [DEBUG] - Time to execute query: 0.00 secs
21:03:27 - [DEBUG] - weak label statistics:
21:03:27 - [DEBUG] -    is_clean  cell_status  is_inferred  init = grdth init = inferred  \
0  False     0            True         False         False            
1  False     0            True         False         False            
2  False     0            True         False         True             
3  False     0            True         True          True             
4  False     1            True         False         False            
5  False     1            True         False         True             
6  False     2            True         False         True             
7  False     2            True         True          True             
8  True      0            False        True          None             
9  True      2            False        True          None             

   w. label = init  w. label = grdth w. label = inferred infer = grdth  count  
0  True             False             False               False         1      
1  True             False             False               True          10     
2  True             False             True                False         1382   
3  True             True              True                True          4477   
4  False            True              True                True          8      
5  False            True              False               False         15     
6  True             False             True                False         29     
7  True             True              True                True          4022   
8  True             True              None                None          8      
9  True             True              None                None          48     
21:03:27 - [ INFO] - Precision = 0.95, Recall = 0.01, Repairing Recall = 0.01, F1 = 0.02, Repairing F1 = 0.02, Detected Errors = 1445, Total Errors = 1445, Correct Repairs = 18, Total Repairs = 19, Total Repairs on correct cells (Grdth present) = 0, Total Repairs on incorrect cells (Grdth present) = 19
21:03:27 - [DEBUG] - Time to generate report: 0.05 secs
21:03:27 - [DEBUG] - Time to execute query: 0.01 secs
21:03:27 - [ INFO] - æ¸…æ´—åŽçš„æ•°æ®å·²æˆåŠŸä¿å­˜åˆ° results/holoclean/nwcpk/6_soccer_nwcpk_025/6_soccer_nwcpk_025_repaired.csv
æ²¡æœ‰æŒ‡å®šé”™è¯¯æ¯”ä¾‹ï¼Œä»…è¿›è¡ŒåŽŸæ•°æ®é›†çš„ç©ºå€¼æ›¿æ¢ï¼Œä¸æ·»åŠ é”™è¯¯
å·²å°†æ³¨å…¥é”™è¯¯çš„æ–‡ä»¶ä¿å­˜åˆ°: Data/6_soccer/subset_soccer_1k/subset_clean_index_1k_ori_empty.csv
æ²¡æœ‰æŒ‡å®šé”™è¯¯æ¯”ä¾‹ï¼Œä»…è¿›è¡ŒåŽŸæ•°æ®é›†çš„ç©ºå€¼æ›¿æ¢ï¼Œä¸æ·»åŠ é”™è¯¯
å·²å°†æ³¨å…¥é”™è¯¯çš„æ–‡ä»¶ä¿å­˜åˆ°: Data/6_soccer/subset_soccer_1k/noise_with_correct_primary_key/dirty_mixed_0.25/dirty_soccer_mix_0.25_ori_empty.csv
Running Holoclean with modified dirty file: Data/6_soccer/subset_soccer_1k/noise_with_correct_primary_key/dirty_mixed_0.25/dirty_soccer_mix_0.25_holoclean.csv
è½¬æ¢å®Œæˆï¼Œç»“æžœå·²ä¿å­˜åˆ° Data/6_soccer/subset_soccer_1k/subset_clean_index_1k_holoclean.csv
Results saved to results/holoclean/nwcpk/6_soccer_nwcpk_025/6_soccer_nwcpk_025_repaired.csv
Holoclean finished in 145.91783022880554 seconds.
æµ‹è¯„æ€§èƒ½å¼€å§‹ï¼š
æ²¡æœ‰æŒ‡å®šé”™è¯¯æ¯”ä¾‹ï¼Œä»…è¿›è¡ŒåŽŸæ•°æ®é›†çš„ç©ºå€¼æ›¿æ¢ï¼Œä¸æ·»åŠ é”™è¯¯
å·²å°†æ³¨å…¥é”™è¯¯çš„æ–‡ä»¶ä¿å­˜åˆ°: results/holoclean/nwcpk/6_soccer_nwcpk_025/6_soccer_nwcpk_025_repaired_ori_empty.csv
å·®å¼‚æ–‡ä»¶å·²ä¿å­˜åˆ°:
results/holoclean/nwcpk/6_soccer_nwcpk_025/6_soccer_nwcpk_025_clean_vs_dirty.csv
results/holoclean/nwcpk/6_soccer_nwcpk_025/6_soccer_nwcpk_025_dirty_vs_cleaned.csv
results/holoclean/nwcpk/6_soccer_nwcpk_025/6_soccer_nwcpk_025_clean_vs_cleaned.csv
ä¿®å¤é”™è¯¯æ•°æ®æ–‡ä»¶å·²ä¿å­˜åˆ°: results/holoclean/nwcpk/6_soccer_nwcpk_025/6_soccer_nwcpk_025_repair_errors.csv
æœªä¿®å¤ä½†æ˜¯åº”è¯¥ä¿®å¤æ•°æ®æ–‡ä»¶å·²ä¿å­˜åˆ°: results/holoclean/nwcpk/6_soccer_nwcpk_025/6_soccer_nwcpk_025_unrepaired.csv
ä¿®å¤å‡†ç¡®çŽ‡: 0.9473684210526315, ä¿®å¤å¬å›žçŽ‡: 0.01245674740484429, F1å€¼: 0.02459016393186429
========================================
EDR ç»“æžœå·²ä¿å­˜åˆ°: results/holoclean/nwcpk/6_soccer_nwcpk_025/6_soccer_nwcpk_025_edr_evaluation.txt
é”™è¯¯å‡å°‘çŽ‡ (EDR): 0.01245674740484429
========================================
æ··åˆè·ç¦»ç»“æžœå·²ä¿å­˜åˆ°: results/holoclean/nwcpk/6_soccer_nwcpk_025/6_soccer_nwcpk_025_hybrid_distance_evaluation.txt
æ··åˆè·ç¦» (Hybrid Distance): 0.2013326586306176
========================================
R-EDR ç»“æžœå·²ä¿å­˜åˆ°: results/holoclean/nwcpk/6_soccer_nwcpk_025/6_soccer_nwcpk_025_record_based_edr_evaluation.txt
åŸºäºŽæ¡ç›®çš„é”™è¯¯å‡å°‘çŽ‡ (R-EDR): 0.0039164490861618795
========================================
æµ‹è¯•ç»“æžœ:
Accuracy: 0.9473684210526315
Recall: 0.01245674740484429
F1 Score: 0.02459016393186429
EDR: 0.01245674740484429
Hybrid Distance: 0.2013326586306176
R-EDR: 0.0039164490861618795
Time: 145.91783022880554
Speed: 14.591783022880554 seconds/100 records
æµ‹è¯„ç»“æŸï¼Œè¯¦ç»†æµ‹è¯„æ—¥å¿—è§ï¼šresults/holoclean/nwcpk/6_soccer_nwcpk_025
