21:13:08 - [DEBUG] - initiating session with parameters: {'db_user': 'datacleanuser', 'db_pwd': 'abcd1234', 'db_host': 'localhost', 'db_name': 'holo', 'threads': 1, 'timeout': 180000, 'seed': 45, 'learning_rate': 0.001, 'optimizer': 'adam', 'epochs': 10, 'weight_decay': 0.01, 'momentum': 0.0, 'batch_size': 1, 'weak_label_thresh': 0.99, 'domain_thresh_1': 0, 'domain_thresh_2': 0, 'max_domain': 10000, 'cor_strength': 0.6, 'nb_cor_strength': 0.8, 'feature_norm': False, 'weight_norm': False, 'estimator_epochs': 3, 'estimator_batch_size': 32, 'verbose': True, 'bias': False, 'print_fw': True, 'debug_mode': False}
21:13:08 - [ INFO] - Loaded 1000 rows with 11000 cells
21:13:08 - [DEBUG] - Time to create index: 0.00 secs
21:13:08 - [DEBUG] - Time to create index: 0.00 secs
21:13:08 - [DEBUG] - Time to create index: 0.00 secs
21:13:08 - [DEBUG] - Time to create index: 0.00 secs
21:13:08 - [DEBUG] - Time to create index: 0.00 secs
21:13:08 - [DEBUG] - Time to create index: 0.00 secs
21:13:08 - [DEBUG] - Time to create index: 0.00 secs
21:13:08 - [DEBUG] - Time to create index: 0.00 secs
21:13:08 - [DEBUG] - Time to create index: 0.00 secs
21:13:08 - [DEBUG] - Time to create index: 0.00 secs
21:13:08 - [ INFO] - DONE Loading dirty_soccer_mix_1.5_holoclean.csv
21:13:08 - [DEBUG] - Time to load dataset: 0.15 secs
21:13:08 - [DEBUG] - OPENED constraints file successfully
21:13:08 - [DEBUG] - DONE pre-processing constraint: t1&t2&EQ(t1.name,t2.name)&IQ(t1.surname,t2.surname)
21:13:08 - [DEBUG] - DONE extracting tuples from constraint: t1&t2&EQ(t1.name,t2.name)&IQ(t1.surname,t2.surname)
21:13:08 - [DEBUG] - DONE parsing predicate: EQ(t1.name,t2.name)
21:13:08 - [DEBUG] - DONE parsing predicate: IQ(t1.surname,t2.surname)
21:13:08 - [DEBUG] - DONE pre-processing constraint: t1&t2&EQ(t1.name,t2.name)&IQ(t1.birthyear,t2.birthyear)
21:13:08 - [DEBUG] - DONE extracting tuples from constraint: t1&t2&EQ(t1.name,t2.name)&IQ(t1.birthyear,t2.birthyear)
21:13:08 - [DEBUG] - DONE parsing predicate: EQ(t1.name,t2.name)
21:13:08 - [DEBUG] - DONE parsing predicate: IQ(t1.birthyear,t2.birthyear)
21:13:08 - [DEBUG] - DONE pre-processing constraint: t1&t2&EQ(t1.name,t2.name)&IQ(t1.birthplace,t2.birthplace)
21:13:08 - [DEBUG] - DONE extracting tuples from constraint: t1&t2&EQ(t1.name,t2.name)&IQ(t1.birthplace,t2.birthplace)
21:13:08 - [DEBUG] - DONE parsing predicate: EQ(t1.name,t2.name)
21:13:08 - [DEBUG] - DONE parsing predicate: IQ(t1.birthplace,t2.birthplace)
21:13:08 - [DEBUG] - DONE pre-processing constraint: t1&t2&EQ(t1.name,t2.name)&EQ(t1.season,t2.season)&IQ(t1.position,t2.position)
21:13:08 - [DEBUG] - DONE extracting tuples from constraint: t1&t2&EQ(t1.name,t2.name)&EQ(t1.season,t2.season)&IQ(t1.position,t2.position)
21:13:08 - [DEBUG] - DONE parsing predicate: EQ(t1.name,t2.name)
21:13:08 - [DEBUG] - DONE parsing predicate: EQ(t1.season,t2.season)
21:13:08 - [DEBUG] - DONE parsing predicate: IQ(t1.position,t2.position)
21:13:08 - [DEBUG] - DONE pre-processing constraint: t1&t2&EQ(t1.team,t2.team)&EQ(t1.city,t2.city)&EQ(t1.season,t2.season)&IQ(t1.stadium,t2.stadium)
21:13:08 - [DEBUG] - DONE extracting tuples from constraint: t1&t2&EQ(t1.team,t2.team)&EQ(t1.city,t2.city)&EQ(t1.season,t2.season)&IQ(t1.stadium,t2.stadium)
21:13:08 - [DEBUG] - DONE parsing predicate: EQ(t1.team,t2.team)
21:13:08 - [DEBUG] - DONE parsing predicate: EQ(t1.city,t2.city)
21:13:08 - [DEBUG] - DONE parsing predicate: EQ(t1.season,t2.season)
21:13:08 - [DEBUG] - DONE parsing predicate: IQ(t1.stadium,t2.stadium)
21:13:08 - [DEBUG] - DONE pre-processing constraint: t1&t2&EQ(t1.manager,t2.manager)&EQ(t1.season,t2.season)&IQ(t1.team,t2.team)
21:13:08 - [DEBUG] - DONE extracting tuples from constraint: t1&t2&EQ(t1.manager,t2.manager)&EQ(t1.season,t2.season)&IQ(t1.team,t2.team)
21:13:08 - [DEBUG] - DONE parsing predicate: EQ(t1.manager,t2.manager)
21:13:08 - [DEBUG] - DONE parsing predicate: EQ(t1.season,t2.season)
21:13:08 - [DEBUG] - DONE parsing predicate: IQ(t1.team,t2.team)
21:13:08 - [ INFO] - DONE Loading DCs from dc_rules_holoclean.txt
21:13:08 - [DEBUG] - Time to load dirty data: 0.00 secs
21:13:08 - [DEBUG] - DONE with Error Detector: NullDetector in 0.03 secs
21:13:08 - [DEBUG] - Preparing to execute 6 queries.
21:13:08 - [DEBUG] - Starting to execute query SELECT t1._tid_ FROM "soccer_nwcpk_15" as t1 WHERE   EXISTS (SELECT t2._tid_ FROM "soccer_nwcpk_15" as t2 WHERE t1."name"=t2."name" AND t1."surname"<>t2."surname") with id 0
21:13:08 - [DEBUG] - Time to execute query with id 0: 0.00 secs
21:13:08 - [DEBUG] - Starting to execute query SELECT t1._tid_ FROM "soccer_nwcpk_15" as t1 WHERE   EXISTS (SELECT t2._tid_ FROM "soccer_nwcpk_15" as t2 WHERE t1."name"=t2."name" AND t1."birthyear"<>t2."birthyear") with id 1
21:13:08 - [DEBUG] - Time to execute query with id 1: 0.00 secs
21:13:08 - [DEBUG] - Starting to execute query SELECT t1._tid_ FROM "soccer_nwcpk_15" as t1 WHERE   EXISTS (SELECT t2._tid_ FROM "soccer_nwcpk_15" as t2 WHERE t1."name"=t2."name" AND t1."birthplace"<>t2."birthplace") with id 2
21:13:08 - [DEBUG] - Time to execute query with id 2: 0.00 secs
21:13:08 - [DEBUG] - Starting to execute query SELECT t1._tid_ FROM "soccer_nwcpk_15" as t1 WHERE   EXISTS (SELECT t2._tid_ FROM "soccer_nwcpk_15" as t2 WHERE t1."name"=t2."name" AND t1."season"=t2."season" AND t1."position"<>t2."position") with id 3
21:13:08 - [DEBUG] - Time to execute query with id 3: 0.00 secs
21:13:08 - [DEBUG] - Starting to execute query SELECT t1._tid_ FROM "soccer_nwcpk_15" as t1 WHERE   EXISTS (SELECT t2._tid_ FROM "soccer_nwcpk_15" as t2 WHERE t1."team"=t2."team" AND t1."city"=t2."city" AND t1."season"=t2."season" AND t1."stadium"<>t2."stadium") with id 4
21:13:08 - [DEBUG] - Time to execute query with id 4: 0.00 secs
21:13:08 - [DEBUG] - Starting to execute query SELECT t1._tid_ FROM "soccer_nwcpk_15" as t1 WHERE   EXISTS (SELECT t2._tid_ FROM "soccer_nwcpk_15" as t2 WHERE t1."manager"=t2."manager" AND t1."season"=t2."season" AND t1."team"<>t2."team") with id 5
21:13:08 - [DEBUG] - Time to execute query with id 5: 0.00 secs
21:13:08 - [DEBUG] - Time to execute 6 queries: 0.01 secs
21:13:08 - [DEBUG] - DONE with Error Detector: ViolationDetector in 0.08 secs
21:13:09 - [ INFO] - detected 9926 potentially erroneous cells
21:13:09 - [DEBUG] - Time to create index: 0.00 secs
21:13:09 - [ INFO] - DONE with error detection.
21:13:09 - [DEBUG] - Time to detect errors: 0.85 secs
21:13:11 - [DEBUG] - Time to execute query: 0.00 secs
21:13:11 - [DEBUG] - computing frequency and co-occurrence statistics from raw data...
21:13:11 - [DEBUG] - Collecting single/pair-wise statistics...
21:13:12 - [DEBUG] - DONE computing statistics in 1.09s
21:13:12 - [DEBUG] - preparing pruned co-occurring statistics...

  0%|          | 0/10 [00:00<?, ?it/s]
100%|██████████| 10/10 [00:00<00:00, 832.20it/s]
21:13:12 - [DEBUG] - DONE with pruned co-occurring statistics in 0.01 secs
21:13:12 - [DEBUG] - generating initial set of un-pruned domain values...

  0%|          | 0/1000 [00:00<?, ?it/s]
  7%|▋         | 74/1000 [00:00<00:01, 734.80it/s]
 15%|█▍        | 149/1000 [00:00<00:01, 735.64it/s]
 22%|██▏       | 223/1000 [00:00<00:01, 735.87it/s]
 30%|██▉       | 297/1000 [00:00<00:00, 735.52it/s]
 37%|███▋      | 371/1000 [00:00<00:00, 736.00it/s]
 44%|████▍     | 445/1000 [00:00<00:00, 736.58it/s]
 52%|█████▏    | 519/1000 [00:00<00:00, 737.33it/s]
 59%|█████▉    | 592/1000 [00:00<00:00, 733.80it/s]
 67%|██████▋   | 666/1000 [00:00<00:00, 734.05it/s]
 74%|███████▍  | 740/1000 [00:01<00:00, 734.64it/s]
 81%|████████▏ | 814/1000 [00:01<00:00, 735.66it/s]
 89%|████████▉ | 889/1000 [00:01<00:00, 736.40it/s]
 96%|█████████▋| 963/1000 [00:01<00:00, 736.27it/s]
100%|██████████| 1000/1000 [00:01<00:00, 735.52it/s]
21:13:13 - [DEBUG] - DONE generating initial set of domain values in 1.45
21:13:13 - [DEBUG] - training posterior model for estimating domain value probabilities...
21:13:13 - [DEBUG] - DONE training posterior model in 0.01s
21:13:13 - [DEBUG] - predicting domain value probabilities from posterior model...
21:13:13 - [DEBUG] - DONE predictions in 0.00 secs, re-constructing cell domain...
21:13:13 - [DEBUG] - re-assembling final cell domain table...

0it [00:00, ?it/s]

  0%|          | 0/9979 [00:00<?, ?it/s][A
494it [00:00, 4933.35it/s]

  6%|▌         | 578/9979 [00:00<00:01, 5760.01it/s][A
1142it [00:00, 5310.82it/s]

 12%|█▏        | 1233/9979 [00:00<00:01, 5969.81it/s][A
1721it [00:00, 5440.99it/s]

 18%|█▊        | 1810/9979 [00:00<00:01, 5907.39it/s][A
2301it [00:00, 5538.58it/s]

 24%|██▍       | 2400/9979 [00:00<00:01, 5897.56it/s][A
2898it [00:00, 5654.24it/s]

 30%|██▉       | 2984/9979 [00:00<00:01, 5875.76it/s][A
3476it [00:00, 5687.36it/s]

 36%|███▌      | 3557/9979 [00:00<00:01, 5830.51it/s][A
4048it [00:00, 5690.97it/s]

 41%|████▏     | 4137/9979 [00:00<00:01, 5813.97it/s][A
4621it [00:00, 5702.07it/s]

 47%|████▋     | 4711/9979 [00:00<00:00, 5786.73it/s][A
5194it [00:00, 5704.60it/s]

 53%|█████▎    | 5282/9979 [00:00<00:00, 5760.19it/s][A
5772it [00:01, 5719.06it/s]

 59%|█████▊    | 5853/9979 [00:01<00:00, 5742.34it/s][A
6353it [00:01, 5739.77it/s]

 65%|██████▍   | 6440/9979 [00:01<00:00, 5778.85it/s][A
6939it [00:01, 5775.13it/s]

 70%|███████   | 7023/9979 [00:01<00:00, 5791.52it/s][A
7533it [00:01, 5816.44it/s]

 76%|███████▋  | 7618/9979 [00:01<00:00, 5832.24it/s][A
8111it [00:01, 5801.46it/s]

 82%|████████▏ | 8196/9979 [00:01<00:00, 5812.58it/s][A
8689it [00:01, 5778.17it/s]

 88%|████████▊ | 8774/9979 [00:01<00:00, 5793.16it/s][A
9265it [00:01, 5763.50it/s]

 94%|█████████▎| 9351/9979 [00:01<00:00, 5762.74it/s][A
9840it [00:01, 3780.39it/s]

 99%|█████████▉| 9926/9979 [00:01<00:00, 3790.43it/s][A

100%|██████████| 9979/9979 [00:01<00:00, 5283.49it/s][A
9979it [00:01, 5194.97it/s]
21:13:16 - [DEBUG] - DONE assembling cell domain table in 2.30s
21:13:16 - [ INFO] - number of (additional) weak labels assigned from posterior model: 71
21:13:16 - [DEBUG] - DONE generating domain and weak labels
21:13:18 - [DEBUG] - Time to create index: 0.00 secs
21:13:18 - [DEBUG] - Time to create index: 0.00 secs
21:13:18 - [DEBUG] - Time to create index: 0.00 secs
21:13:18 - [DEBUG] - Time to create table: 0.00 secs
21:13:20 - [DEBUG] - Time to create index: 0.00 secs
21:13:20 - [ INFO] - DONE with domain preparation.
21:13:20 - [DEBUG] - Time to setup the domain: 10.33 secs
21:13:20 - [DEBUG] - Time to execute query: 0.00 secs
21:13:20 - [DEBUG] - Time to execute query: 0.00 secs
21:13:20 - [DEBUG] - Time to execute query: 0.00 secs
21:13:20 - [DEBUG] - Time to execute query: 0.00 secs
21:13:20 - [DEBUG] - Time to execute query: 0.00 secs
21:13:20 - [DEBUG] - featurizing training data...
21:13:20 - [DEBUG] - Time to execute query: 0.02 secs

  0%|          | 0/9979 [00:00<?, ?it/s]
  1%|          | 76/9979 [00:00<00:14, 703.35it/s]
  1%|▏         | 138/9979 [00:00<00:14, 675.55it/s]
  2%|▏         | 201/9979 [00:00<00:14, 660.59it/s]
  3%|▎         | 255/9979 [00:00<00:16, 598.61it/s]
  3%|▎         | 324/9979 [00:00<00:16, 602.71it/s]
  4%|▍         | 380/9979 [00:00<00:16, 588.85it/s]
  4%|▍         | 434/9979 [00:00<00:17, 560.55it/s]
  5%|▌         | 503/9979 [00:00<00:15, 593.69it/s]
  6%|▌         | 560/9979 [00:00<00:16, 574.84it/s]
  6%|▌         | 617/9979 [00:01<00:16, 570.76it/s]
  7%|▋         | 685/9979 [00:01<00:15, 596.80it/s]
  7%|▋         | 745/9979 [00:01<00:15, 595.79it/s]
  8%|▊         | 805/9979 [00:01<00:15, 591.10it/s]
  9%|▊         | 864/9979 [00:01<00:15, 573.58it/s]
  9%|▉         | 922/9979 [00:01<00:15, 575.38it/s]
 10%|▉         | 988/9979 [00:01<00:15, 597.83it/s]
 11%|█         | 1053/9979 [00:01<00:14, 611.16it/s]
 11%|█         | 1115/9979 [00:01<00:14, 613.01it/s]
 12%|█▏        | 1177/9979 [00:01<00:14, 607.22it/s]
 12%|█▏        | 1238/9979 [00:02<00:14, 599.44it/s]
 13%|█▎        | 1303/9979 [00:02<00:14, 610.90it/s]
 14%|█▎        | 1365/9979 [00:02<00:14, 602.51it/s]
 14%|█▍        | 1428/9979 [00:02<00:14, 587.91it/s]
 15%|█▍        | 1488/9979 [00:02<00:14, 581.67it/s]
 16%|█▌        | 1549/9979 [00:02<00:14, 589.13it/s]
 16%|█▌        | 1609/9979 [00:02<00:14, 562.11it/s]
 17%|█▋        | 1675/9979 [00:02<00:14, 587.71it/s]
 17%|█▋        | 1738/9979 [00:02<00:13, 594.11it/s]
 18%|█▊        | 1798/9979 [00:03<00:14, 566.95it/s]
 19%|█▊        | 1858/9979 [00:03<00:14, 569.63it/s]
 19%|█▉        | 1918/9979 [00:03<00:13, 577.66it/s]
 20%|█▉        | 1977/9979 [00:03<00:13, 575.82it/s]
 20%|██        | 2041/9979 [00:03<00:13, 591.95it/s]
 21%|██        | 2109/9979 [00:03<00:12, 615.81it/s]
 22%|██▏       | 2172/9979 [00:03<00:13, 598.64it/s]
 22%|██▏       | 2233/9979 [00:03<00:13, 593.52it/s]
 23%|██▎       | 2293/9979 [00:03<00:13, 583.24it/s]
 24%|██▎       | 2352/9979 [00:03<00:13, 573.74it/s]
 24%|██▍       | 2428/9979 [00:04<00:12, 612.80it/s]
 25%|██▌       | 2498/9979 [00:04<00:11, 625.89it/s]
 26%|██▌       | 2563/9979 [00:04<00:11, 632.40it/s]
 26%|██▋       | 2627/9979 [00:04<00:12, 600.82it/s]
 27%|██▋       | 2688/9979 [00:04<00:12, 569.52it/s]
 28%|██▊       | 2751/9979 [00:04<00:12, 585.64it/s]
 28%|██▊       | 2811/9979 [00:04<00:12, 574.43it/s]
 29%|██▉       | 2880/9979 [00:04<00:11, 603.50it/s]
 29%|██▉       | 2942/9979 [00:04<00:12, 582.68it/s]
 30%|███       | 3001/9979 [00:05<00:12, 563.45it/s]
 31%|███       | 3060/9979 [00:05<00:12, 570.31it/s]
 31%|███▏      | 3124/9979 [00:05<00:11, 582.68it/s]
 32%|███▏      | 3183/9979 [00:05<00:11, 570.76it/s]
 32%|███▏      | 3241/9979 [00:05<00:12, 557.85it/s]
 33%|███▎      | 3298/9979 [00:05<00:12, 537.33it/s]
 34%|███▎      | 3353/9979 [00:05<00:12, 528.34it/s]
 34%|███▍      | 3414/9979 [00:05<00:12, 546.62it/s]
 35%|███▍      | 3470/9979 [00:05<00:11, 548.99it/s]
 35%|███▌      | 3526/9979 [00:06<00:12, 536.51it/s]
 36%|███▌      | 3584/9979 [00:06<00:11, 545.19it/s]
 36%|███▋      | 3639/9979 [00:06<00:11, 536.35it/s]
 37%|███▋      | 3693/9979 [00:06<00:11, 528.02it/s]
 38%|███▊      | 3746/9979 [00:06<00:12, 518.37it/s]
 38%|███▊      | 3804/9979 [00:06<00:11, 524.17it/s]
 39%|███▊      | 3860/9979 [00:06<00:11, 533.23it/s]
 39%|███▉      | 3914/9979 [00:06<00:11, 508.88it/s]
 40%|███▉      | 3975/9979 [00:06<00:11, 534.82it/s]
 41%|████      | 4043/9979 [00:06<00:10, 571.11it/s]
 41%|████      | 4102/9979 [00:07<00:11, 523.36it/s]
 42%|████▏     | 4166/9979 [00:07<00:10, 550.65it/s]
 42%|████▏     | 4223/9979 [00:07<00:10, 538.30it/s]
 43%|████▎     | 4279/9979 [00:07<00:10, 543.84it/s]
 44%|████▎     | 4343/9979 [00:07<00:10, 551.50it/s]
 44%|████▍     | 4399/9979 [00:07<00:10, 524.15it/s]
 45%|████▍     | 4453/9979 [00:07<00:10, 520.21it/s]
 45%|████▌     | 4506/9979 [00:07<00:11, 497.19it/s]
 46%|████▌     | 4562/9979 [00:07<00:10, 503.00it/s]
 46%|████▋     | 4617/9979 [00:08<00:10, 514.93it/s]
 47%|████▋     | 4675/9979 [00:08<00:10, 529.78it/s]
 47%|████▋     | 4729/9979 [00:08<00:09, 527.25it/s]
 48%|████▊     | 4782/9979 [00:08<00:10, 489.87it/s]
 49%|████▊     | 4841/9979 [00:08<00:10, 504.96it/s]
 49%|████▉     | 4904/9979 [00:08<00:09, 536.85it/s]
 50%|████▉     | 4959/9979 [00:08<00:09, 531.30it/s]
 50%|█████     | 5021/9979 [00:08<00:09, 540.69it/s]
 51%|█████     | 5076/9979 [00:08<00:09, 532.03it/s]
 51%|█████▏    | 5134/9979 [00:09<00:08, 542.71it/s]
 52%|█████▏    | 5190/9979 [00:09<00:09, 528.16it/s]
 53%|█████▎    | 5244/9979 [00:09<00:09, 519.98it/s]
 53%|█████▎    | 5301/9979 [00:09<00:08, 533.78it/s]
 54%|█████▎    | 5355/9979 [00:09<00:09, 511.73it/s]
 54%|█████▍    | 5410/9979 [00:09<00:08, 510.41it/s]
 55%|█████▍    | 5470/9979 [00:09<00:08, 521.44it/s]
 55%|█████▌    | 5523/9979 [00:09<00:08, 518.12it/s]
 56%|█████▌    | 5580/9979 [00:09<00:08, 521.95it/s]
 57%|█████▋    | 5644/9979 [00:10<00:07, 551.92it/s]
 57%|█████▋    | 5700/9979 [00:10<00:07, 551.63it/s]
 58%|█████▊    | 5756/9979 [00:10<00:07, 550.07it/s]
 58%|█████▊    | 5812/9979 [00:10<00:07, 527.61it/s]
 59%|█████▉    | 5866/9979 [00:10<00:08, 508.85it/s]
 59%|█████▉    | 5920/9979 [00:10<00:07, 508.33it/s]
 60%|█████▉    | 5984/9979 [00:10<00:07, 539.92it/s]
 61%|██████    | 6040/9979 [00:10<00:07, 545.50it/s]
 61%|██████    | 6100/9979 [00:10<00:07, 547.49it/s]
 62%|██████▏   | 6160/9979 [00:10<00:06, 553.48it/s]
 62%|██████▏   | 6217/9979 [00:11<00:06, 558.14it/s]
 63%|██████▎   | 6274/9979 [00:11<00:06, 559.39it/s]
 63%|██████▎   | 6331/9979 [00:11<00:06, 551.57it/s]
 64%|██████▍   | 6390/9979 [00:11<00:06, 553.57it/s]
 65%|██████▍   | 6446/9979 [00:11<00:06, 553.71it/s]
 65%|██████▌   | 6502/9979 [00:11<00:06, 551.55it/s]
 66%|██████▌   | 6558/9979 [00:11<00:06, 537.74it/s]
 66%|██████▋   | 6612/9979 [00:11<00:06, 509.36it/s]
 67%|██████▋   | 6680/9979 [00:11<00:05, 550.68it/s]
 68%|██████▊   | 6739/9979 [00:12<00:05, 552.12it/s]
 68%|██████▊   | 6796/9979 [00:12<00:05, 540.73it/s]
 69%|██████▊   | 6851/9979 [00:12<00:06, 517.04it/s]
 69%|██████▉   | 6906/9979 [00:12<00:05, 526.48it/s]
 70%|██████▉   | 6960/9979 [00:12<00:05, 515.67it/s]
 70%|███████   | 7021/9979 [00:12<00:05, 540.16it/s]
 71%|███████   | 7079/9979 [00:12<00:05, 545.74it/s]
 72%|███████▏  | 7139/9979 [00:12<00:05, 560.88it/s]
 72%|███████▏  | 7196/9979 [00:12<00:05, 548.01it/s]
 73%|███████▎  | 7252/9979 [00:12<00:05, 531.23it/s]
 73%|███████▎  | 7309/9979 [00:13<00:04, 534.70it/s]
 74%|███████▍  | 7363/9979 [00:13<00:04, 523.89it/s]
 74%|███████▍  | 7423/9979 [00:13<00:04, 544.59it/s]
 75%|███████▍  | 7481/9979 [00:13<00:04, 551.31it/s]
 76%|███████▌  | 7539/9979 [00:13<00:04, 541.10it/s]
 76%|███████▌  | 7594/9979 [00:13<00:04, 515.26it/s]
 77%|███████▋  | 7646/9979 [00:13<00:04, 513.58it/s]
 77%|███████▋  | 7698/9979 [00:13<00:04, 500.42it/s]
 78%|███████▊  | 7758/9979 [00:13<00:04, 521.85it/s]
 78%|███████▊  | 7811/9979 [00:14<00:04, 513.76it/s]
 79%|███████▉  | 7878/9979 [00:14<00:03, 536.17it/s]
 79%|███████▉  | 7933/9979 [00:14<00:03, 525.82it/s]
 80%|████████  | 7986/9979 [00:14<00:03, 526.85it/s]
 81%|████████  | 8039/9979 [00:14<00:03, 500.27it/s]
 81%|████████  | 8099/9979 [00:14<00:03, 526.10it/s]
 82%|████████▏ | 8154/9979 [00:14<00:03, 532.93it/s]
 82%|████████▏ | 8212/9979 [00:14<00:03, 545.48it/s]
 83%|████████▎ | 8269/9979 [00:14<00:03, 549.72it/s]
 83%|████████▎ | 8325/9979 [00:15<00:03, 513.20it/s]
 84%|████████▍ | 8379/9979 [00:15<00:03, 519.68it/s]
 85%|████████▍ | 8435/9979 [00:15<00:02, 530.38it/s]
 85%|████████▌ | 8489/9979 [00:15<00:02, 524.66it/s]
 86%|████████▌ | 8545/9979 [00:15<00:02, 529.42it/s]
 86%|████████▌ | 8605/9979 [00:15<00:02, 538.25it/s]
 87%|████████▋ | 8665/9979 [00:15<00:02, 540.02it/s]
 87%|████████▋ | 8720/9979 [00:15<00:02, 524.86it/s]
 88%|████████▊ | 8773/9979 [00:15<00:02, 523.43it/s]
 88%|████████▊ | 8829/9979 [00:15<00:02, 532.58it/s]
 89%|████████▉ | 8884/9979 [00:16<00:02, 537.18it/s]
 90%|████████▉ | 8938/9979 [00:16<00:01, 528.79it/s]
 90%|█████████ | 8997/9979 [00:16<00:01, 543.39it/s]
 91%|█████████ | 9055/9979 [00:16<00:01, 537.18it/s]
 91%|█████████▏| 9115/9979 [00:16<00:01, 549.87it/s]
 92%|█████████▏| 9175/9979 [00:16<00:01, 544.02it/s]
 93%|█████████▎| 9233/9979 [00:16<00:01, 553.59it/s]
 93%|█████████▎| 9291/9979 [00:16<00:01, 561.04it/s]
 94%|█████████▎| 9348/9979 [00:16<00:01, 552.28it/s]
 94%|█████████▍| 9404/9979 [00:17<00:01, 542.81it/s]
 95%|█████████▍| 9459/9979 [00:17<00:01, 506.88it/s]
 95%|█████████▌| 9511/9979 [00:17<00:00, 505.07it/s]
 96%|█████████▌| 9562/9979 [00:17<00:00, 499.08it/s]
 96%|█████████▋| 9613/9979 [00:17<00:00, 499.59it/s]
 97%|█████████▋| 9669/9979 [00:17<00:00, 515.15it/s]
 97%|█████████▋| 9721/9979 [00:17<00:00, 511.37it/s]
 98%|█████████▊| 9773/9979 [00:17<00:00, 490.16it/s]
 98%|█████████▊| 9823/9979 [00:17<00:00, 488.43it/s]
 99%|█████████▉| 9877/9979 [00:17<00:00, 501.47it/s]
100%|█████████▉| 9936/9979 [00:18<00:00, 524.37it/s]
100%|██████████| 9979/9979 [00:18<00:00, 549.19it/s]
21:13:39 - [DEBUG] - Time to execute query: 0.03 secs
21:13:41 - [DEBUG] - Preparing to execute 16 queries.
21:13:41 - [DEBUG] - Starting to execute query SELECT _vid_, val_id, count(*) violations FROM   "soccer_nwcpk_15" as t1, "soccer_nwcpk_15" as t2, pos_values as t3 WHERE  t1._tid_ != t2._tid_   AND  t1._tid_ = t3._tid_   AND  t3.attribute = 'name'   AND  t1."surname"<>t2."surname"   AND  t3.rv_val = t2."name" GROUP BY _vid_, val_id with id 0
21:13:42 - [DEBUG] - Time to execute query with id 0: 0.00 secs
21:13:42 - [DEBUG] - Starting to execute query SELECT _vid_, val_id, count(*) violations FROM   "soccer_nwcpk_15" as t1, "soccer_nwcpk_15" as t2, pos_values as t3 WHERE  t1._tid_ != t2._tid_   AND  t1._tid_ = t3._tid_   AND  t3.attribute = 'surname'   AND  t1."name"=t2."name"   AND  t3.rv_val <> t2."surname" GROUP BY _vid_, val_id with id 1
21:13:46 - [DEBUG] - Time to execute query with id 1: 0.01 secs
21:13:46 - [DEBUG] - Starting to execute query SELECT _vid_, val_id, count(*) violations FROM   "soccer_nwcpk_15" as t1, "soccer_nwcpk_15" as t2, pos_values as t3 WHERE  t1._tid_ != t2._tid_   AND  t1._tid_ = t3._tid_   AND  t3.attribute = 'name'   AND  t1."birthyear"<>t2."birthyear"   AND  t3.rv_val = t2."name" GROUP BY _vid_, val_id with id 2
21:13:47 - [DEBUG] - Time to execute query with id 2: 0.00 secs
21:13:47 - [DEBUG] - Starting to execute query SELECT _vid_, val_id, count(*) violations FROM   "soccer_nwcpk_15" as t1, "soccer_nwcpk_15" as t2, pos_values as t3 WHERE  t1._tid_ != t2._tid_   AND  t1._tid_ = t3._tid_   AND  t3.attribute = 'birthyear'   AND  t1."name"=t2."name"   AND  t3.rv_val <> t2."birthyear" GROUP BY _vid_, val_id with id 3
21:13:50 - [DEBUG] - Time to execute query with id 3: 0.01 secs
21:13:50 - [DEBUG] - Starting to execute query SELECT _vid_, val_id, count(*) violations FROM   "soccer_nwcpk_15" as t1, "soccer_nwcpk_15" as t2, pos_values as t3 WHERE  t1._tid_ != t2._tid_   AND  t1._tid_ = t3._tid_   AND  t3.attribute = 'name'   AND  t1."birthplace"<>t2."birthplace"   AND  t3.rv_val = t2."name" GROUP BY _vid_, val_id with id 4
21:13:50 - [DEBUG] - Time to execute query with id 4: 0.00 secs
21:13:50 - [DEBUG] - Starting to execute query SELECT _vid_, val_id, count(*) violations FROM   "soccer_nwcpk_15" as t1, "soccer_nwcpk_15" as t2, pos_values as t3 WHERE  t1._tid_ != t2._tid_   AND  t1._tid_ = t3._tid_   AND  t3.attribute = 'birthplace'   AND  t1."name"=t2."name"   AND  t3.rv_val <> t2."birthplace" GROUP BY _vid_, val_id with id 5
21:13:53 - [DEBUG] - Time to execute query with id 5: 0.01 secs
21:13:53 - [DEBUG] - Starting to execute query SELECT _vid_, val_id, count(*) violations FROM   "soccer_nwcpk_15" as t1, "soccer_nwcpk_15" as t2, pos_values as t3 WHERE  t1._tid_ != t2._tid_   AND  t1._tid_ = t3._tid_   AND  t3.attribute = 'name'   AND  t1."season"=t2."season" AND t1."position"<>t2."position"   AND  t3.rv_val = t2."name" GROUP BY _vid_, val_id with id 6
21:13:53 - [DEBUG] - Time to execute query with id 6: 0.00 secs
21:13:53 - [DEBUG] - Starting to execute query SELECT _vid_, val_id, count(*) violations FROM   "soccer_nwcpk_15" as t1, "soccer_nwcpk_15" as t2, pos_values as t3 WHERE  t1._tid_ != t2._tid_   AND  t1._tid_ = t3._tid_   AND  t3.attribute = 'season'   AND  t1."name"=t2."name" AND t1."position"<>t2."position"   AND  t3.rv_val = t2."season" GROUP BY _vid_, val_id with id 7
21:13:54 - [DEBUG] - Time to execute query with id 7: 0.00 secs
21:13:54 - [DEBUG] - Starting to execute query SELECT _vid_, val_id, count(*) violations FROM   "soccer_nwcpk_15" as t1, "soccer_nwcpk_15" as t2, pos_values as t3 WHERE  t1._tid_ != t2._tid_   AND  t1._tid_ = t3._tid_   AND  t3.attribute = 'position'   AND  t1."name"=t2."name" AND t1."season"=t2."season"   AND  t3.rv_val <> t2."position" GROUP BY _vid_, val_id with id 8
21:14:10 - [DEBUG] - Time to execute query with id 8: 0.08 secs
21:14:10 - [DEBUG] - Starting to execute query SELECT _vid_, val_id, count(*) violations FROM   "soccer_nwcpk_15" as t1, "soccer_nwcpk_15" as t2, pos_values as t3 WHERE  t1._tid_ != t2._tid_   AND  t1._tid_ = t3._tid_   AND  t3.attribute = 'team'   AND  t1."city"=t2."city" AND t1."season"=t2."season" AND t1."stadium"<>t2."stadium"   AND  t3.rv_val = t2."team" GROUP BY _vid_, val_id with id 9
21:14:11 - [DEBUG] - Time to execute query with id 9: 0.00 secs
21:14:11 - [DEBUG] - Starting to execute query SELECT _vid_, val_id, count(*) violations FROM   "soccer_nwcpk_15" as t1, "soccer_nwcpk_15" as t2, pos_values as t3 WHERE  t1._tid_ != t2._tid_   AND  t1._tid_ = t3._tid_   AND  t3.attribute = 'city'   AND  t1."team"=t2."team" AND t1."season"=t2."season" AND t1."stadium"<>t2."stadium"   AND  t3.rv_val = t2."city" GROUP BY _vid_, val_id with id 10
21:14:11 - [DEBUG] - Time to execute query with id 10: 0.00 secs
21:14:11 - [DEBUG] - Starting to execute query SELECT _vid_, val_id, count(*) violations FROM   "soccer_nwcpk_15" as t1, "soccer_nwcpk_15" as t2, pos_values as t3 WHERE  t1._tid_ != t2._tid_   AND  t1._tid_ = t3._tid_   AND  t3.attribute = 'season'   AND  t1."team"=t2."team" AND t1."city"=t2."city" AND t1."stadium"<>t2."stadium"   AND  t3.rv_val = t2."season" GROUP BY _vid_, val_id with id 11
21:14:11 - [DEBUG] - Time to execute query with id 11: 0.00 secs
21:14:11 - [DEBUG] - Starting to execute query SELECT _vid_, val_id, count(*) violations FROM   "soccer_nwcpk_15" as t1, "soccer_nwcpk_15" as t2, pos_values as t3 WHERE  t1._tid_ != t2._tid_   AND  t1._tid_ = t3._tid_   AND  t3.attribute = 'stadium'   AND  t1."team"=t2."team" AND t1."city"=t2."city" AND t1."season"=t2."season"   AND  t3.rv_val <> t2."stadium" GROUP BY _vid_, val_id with id 12
21:14:13 - [DEBUG] - Time to execute query with id 12: 0.04 secs
21:14:13 - [DEBUG] - Starting to execute query SELECT _vid_, val_id, count(*) violations FROM   "soccer_nwcpk_15" as t1, "soccer_nwcpk_15" as t2, pos_values as t3 WHERE  t1._tid_ != t2._tid_   AND  t1._tid_ = t3._tid_   AND  t3.attribute = 'manager'   AND  t1."season"=t2."season" AND t1."team"<>t2."team"   AND  t3.rv_val = t2."manager" GROUP BY _vid_, val_id with id 13
21:14:13 - [DEBUG] - Time to execute query with id 13: 0.00 secs
21:14:13 - [DEBUG] - Starting to execute query SELECT _vid_, val_id, count(*) violations FROM   "soccer_nwcpk_15" as t1, "soccer_nwcpk_15" as t2, pos_values as t3 WHERE  t1._tid_ != t2._tid_   AND  t1._tid_ = t3._tid_   AND  t3.attribute = 'season'   AND  t1."manager"=t2."manager" AND t1."team"<>t2."team"   AND  t3.rv_val = t2."season" GROUP BY _vid_, val_id with id 14
21:14:14 - [DEBUG] - Time to execute query with id 14: 0.00 secs
21:14:14 - [DEBUG] - Starting to execute query SELECT _vid_, val_id, count(*) violations FROM   "soccer_nwcpk_15" as t1, "soccer_nwcpk_15" as t2, pos_values as t3 WHERE  t1._tid_ != t2._tid_   AND  t1._tid_ = t3._tid_   AND  t3.attribute = 'team'   AND  t1."manager"=t2."manager" AND t1."season"=t2."season"   AND  t3.rv_val <> t2."team" GROUP BY _vid_, val_id with id 15
21:14:15 - [DEBUG] - Time to execute query with id 15: 0.02 secs
21:14:15 - [DEBUG] - Time to execute 16 queries: 0.20 secs
21:14:18 - [DEBUG] - DONE featurization.
21:14:18 - [DEBUG] - generating weak labels...
21:14:18 - [DEBUG] - Time to execute query: 0.12 secs

  0%|          | 0/6089 [00:00<?, ?it/s]
 85%|████████▌ | 5188/6089 [00:00<00:00, 51870.53it/s]
100%|██████████| 6089/6089 [00:00<00:00, 51100.62it/s]
21:14:19 - [DEBUG] - DONE generating weak labels.
21:14:19 - [DEBUG] - generating mask...
21:14:19 - [DEBUG] - Time to execute query: 0.02 secs

  0%|          | 0/9979 [00:00<?, ?it/s]
 70%|███████   | 7023/9979 [00:00<00:00, 70224.37it/s]
100%|██████████| 9979/9979 [00:00<00:00, 70585.29it/s]
21:14:19 - [DEBUG] - DONE generating mask.
21:14:19 - [ INFO] - DONE setting up featurized dataset.
21:14:19 - [DEBUG] - Time to featurize data: 36.75 secs
21:14:19 - [ INFO] - DONE setting up repair model.
21:14:19 - [DEBUG] - Time to setup repair model: 36.75 secs
21:14:19 - [ INFO] - training with 6089 training examples (cells)

  0%|          | 0/10 [00:00<?, ?it/s]21:14:24 - [DEBUG] - Epoch 1, cost = 0.199781, acc = 99.38%

 10%|█         | 1/10 [00:04<00:42,  4.75s/it]21:14:29 - [DEBUG] - Epoch 2, cost = 0.156089, acc = 99.41%

 20%|██        | 2/10 [00:09<00:38,  4.82s/it]21:14:33 - [DEBUG] - Epoch 3, cost = 0.155024, acc = 99.44%

 30%|███       | 3/10 [00:14<00:33,  4.79s/it]21:14:38 - [DEBUG] - Epoch 4, cost = 0.154936, acc = 99.44%

 40%|████      | 4/10 [00:19<00:28,  4.78s/it]21:14:43 - [DEBUG] - Epoch 5, cost = 0.154927, acc = 99.44%

 50%|█████     | 5/10 [00:24<00:24,  4.83s/it]21:14:48 - [DEBUG] - Epoch 6, cost = 0.154925, acc = 99.44%

 60%|██████    | 6/10 [00:29<00:19,  4.88s/it]21:14:53 - [DEBUG] - Epoch 7, cost = 0.154925, acc = 99.44%

 70%|███████   | 7/10 [00:33<00:14,  4.86s/it]21:14:58 - [DEBUG] - Epoch 8, cost = 0.154925, acc = 99.44%

 80%|████████  | 8/10 [00:38<00:09,  4.81s/it]21:15:03 - [DEBUG] - Epoch 9, cost = 0.154925, acc = 99.44%

 90%|█████████ | 9/10 [00:43<00:04,  4.86s/it]21:15:07 - [DEBUG] - Epoch 10, cost = 0.154925, acc = 99.44%

100%|██████████| 10/10 [00:48<00:00,  4.87s/it]
21:15:08 - [ INFO] - DONE training repair model.
21:15:08 - [DEBUG] - Time to fit repair model: 64.69 secs
21:15:08 - [ INFO] - inferring on 9905 examples (cells)
21:15:08 - [DEBUG] - Time to execute query: 0.25 secs
21:15:11 - [DEBUG] - Time to create index: 0.00 secs
21:15:12 - [DEBUG] - Time to create index: 0.00 secs
21:15:12 - [ INFO] - DONE inferring repairs.
21:15:12 - [DEBUG] - Time to infer correct cell values: 7.11 secs
21:15:12 - [DEBUG] - Time to create table: 0.00 secs
21:15:13 - [DEBUG] - Time to create index: 0.00 secs
21:15:13 - [DEBUG] - Time to create index: 0.00 secs
21:15:13 - [ INFO] - DONE collecting the inferred values.
21:15:13 - [DEBUG] - Time to collect inferred values: 0.22 secs
21:15:13 - [ INFO] - DONE generating repaired dataset
21:15:13 - [DEBUG] - Time to store repaired dataset: 0.18 secs
21:15:13 - [ INFO] - featurizer InitAttrFeaturizer,size 10,max 1.0000,min 1.0000,avg 1.0000,abs_avg 1.0000,weights:
name 1.0
surname 1.0
birthyear 1.0
birthplace 1.0
position 1.0
team 1.0
city 1.0
stadium 1.0
season 1.0
manager 1.0
featurizer OccurAttrFeaturizer,size 100,max 0.8863,min -0.0000,avg 0.2056,abs_avg 0.2056,weights:
name X name 0.0
name X surname 0.182
name X birthyear 0.183
name X birthplace 0.184
name X position 0.179
name X team 0.179
name X city 0.184
name X stadium 0.183
name X season 0.184
name X manager 0.184
surname X name 0.191
surname X surname -0.0
surname X birthyear 0.172
surname X birthplace 0.168
surname X position 0.184
surname X team 0.191
surname X city 0.191
surname X stadium 0.191
surname X season 0.191
surname X manager 0.191
birthyear X name 0.269
birthyear X surname 0.315
birthyear X birthyear 0.0
birthyear X birthplace 0.886
birthyear X position 0.735
birthyear X team 0.305
birthyear X city 0.274
birthyear X stadium 0.315
birthyear X season 0.274
birthyear X manager 0.274
birthplace X name 0.146
birthplace X surname 0.201
birthplace X birthyear 0.718
birthplace X birthplace -0.0
birthplace X position 0.729
birthplace X team 0.206
birthplace X city 0.149
birthplace X stadium 0.211
birthplace X season 0.149
birthplace X manager 0.149
position X name 0.008
position X surname 0.008
position X birthyear 0.003
position X birthplace 0.008
position X position -0.0
position X team 0.008
position X city 0.008
position X stadium 0.008
position X season 0.008
position X manager 0.008
team X name 0.136
team X surname 0.136
team X birthyear 0.108
team X birthplace 0.112
team X position 0.265
team X team 0.0
team X city 0.294
team X stadium 0.289
team X season 0.294
team X manager 0.294
city X name 0.085
city X surname 0.092
city X birthyear 0.114
city X birthplace 0.138
city X position 0.376
city X team 0.376
city X city -0.0
city X stadium 0.385
city X season 0.388
city X manager 0.388
stadium X name 0.152
stadium X surname 0.15
stadium X birthyear 0.153
stadium X birthplace 0.121
stadium X position 0.26
stadium X team 0.306
stadium X city 0.34
stadium X stadium 0.0
stadium X season 0.34
stadium X manager 0.34
season X name 0.078
season X surname 0.085
season X birthyear 0.104
season X birthplace 0.126
season X position 0.338
season X team 0.337
season X city 0.349
season X stadium 0.346
season X season -0.0
season X manager 0.349
manager X name 0.085
manager X surname 0.092
manager X birthyear 0.114
manager X birthplace 0.138
manager X position 0.375
manager X team 0.375
manager X city 0.387
manager X stadium 0.384
manager X season 0.387
manager X manager -0.0
featurizer FreqFeaturizer,size 10,max 0.2669,min -0.0000,avg 0.1296,abs_avg 0.1296,weights:
name 0.182
surname 0.18
birthyear 0.267
birthplace 0.144
position -0.0
team 0.13
city 0.083
stadium 0.148
season 0.077
manager 0.084
featurizer ConstraintFeaturizer,size 16,max 0.3860,min -0.1087,avg 0.1265,abs_avg 0.1802,weights:
fixed pred: t1."surname"<>t2."surname", violation pred: t1."name"=t2."name" 0.152
fixed pred: t1."name"=t2."name", violation pred: t1."surname"<>t2."surname" -0.073
fixed pred: t1."birthyear"<>t2."birthyear", violation pred: t1."name"=t2."name" 0.183
fixed pred: t1."name"=t2."name", violation pred: t1."birthyear"<>t2."birthyear" -0.109
fixed pred: t1."birthplace"<>t2."birthplace", violation pred: t1."name"=t2."name" 0.183
fixed pred: t1."name"=t2."name", violation pred: t1."birthplace"<>t2."birthplace" -0.057
fixed pred: t1."season"=t2."season" AND t1."position"<>t2."position", violation pred: t1."name"=t2."name" 0.184
fixed pred: t1."name"=t2."name" AND t1."position"<>t2."position", violation pred: t1."season"=t2."season" -0.039
fixed pred: t1."name"=t2."name" AND t1."season"=t2."season", violation pred: t1."position"<>t2."position" -0.001
fixed pred: t1."city"=t2."city" AND t1."season"=t2."season" AND t1."stadium"<>t2."stadium", violation pred: t1."team"=t2."team" 0.3
fixed pred: t1."team"=t2."team" AND t1."season"=t2."season" AND t1."stadium"<>t2."stadium", violation pred: t1."city"=t2."city" 0.379
fixed pred: t1."team"=t2."team" AND t1."city"=t2."city" AND t1."stadium"<>t2."stadium", violation pred: t1."season"=t2."season" 0.341
fixed pred: t1."team"=t2."team" AND t1."city"=t2."city" AND t1."season"=t2."season", violation pred: t1."stadium"<>t2."stadium" -0.071
fixed pred: t1."season"=t2."season" AND t1."team"<>t2."team", violation pred: t1."manager"=t2."manager" 0.386
fixed pred: t1."manager"=t2."manager" AND t1."team"<>t2."team", violation pred: t1."season"=t2."season" 0.348
fixed pred: t1."manager"=t2."manager" AND t1."season"=t2."season", violation pred: t1."team"<>t2."team" -0.081

21:15:13 - [DEBUG] - Time to store featurizer weights: 0.00 secs
21:15:14 - [DEBUG] - Time to create index: 0.00 secs
21:15:14 - [DEBUG] - Time to create index: 0.00 secs
21:15:14 - [ INFO] - DONE Loading subset_clean_index_1k_holoclean.csv
21:15:14 - [DEBUG] - Time to evaluate repairs: 0.56 secs
21:15:14 - [DEBUG] - Time to execute query: 0.00 secs
21:15:14 - [DEBUG] - Time to execute query: 0.00 secs
21:15:14 - [DEBUG] - Preparing to execute 10 queries.
21:15:14 - [DEBUG] - Starting to execute query SELECT count(*) FROM  "soccer_nwcpk_15" as t1, "soccer_nwcpk_15_clean" as t2 WHERE t1._tid_ = t2._tid_   AND t2._attribute_ = 'name'   AND t1."name" != t2._value_ with id 0
21:15:14 - [DEBUG] - Time to execute query with id 0: 0.00 secs
21:15:14 - [DEBUG] - Starting to execute query SELECT count(*) FROM  "soccer_nwcpk_15" as t1, "soccer_nwcpk_15_clean" as t2 WHERE t1._tid_ = t2._tid_   AND t2._attribute_ = 'surname'   AND t1."surname" != t2._value_ with id 1
21:15:14 - [DEBUG] - Time to execute query with id 1: 0.00 secs
21:15:14 - [DEBUG] - Starting to execute query SELECT count(*) FROM  "soccer_nwcpk_15" as t1, "soccer_nwcpk_15_clean" as t2 WHERE t1._tid_ = t2._tid_   AND t2._attribute_ = 'birthyear'   AND t1."birthyear" != t2._value_ with id 2
21:15:14 - [DEBUG] - Time to execute query with id 2: 0.00 secs
21:15:14 - [DEBUG] - Starting to execute query SELECT count(*) FROM  "soccer_nwcpk_15" as t1, "soccer_nwcpk_15_clean" as t2 WHERE t1._tid_ = t2._tid_   AND t2._attribute_ = 'birthplace'   AND t1."birthplace" != t2._value_ with id 3
21:15:14 - [DEBUG] - Time to execute query with id 3: 0.00 secs
21:15:14 - [DEBUG] - Starting to execute query SELECT count(*) FROM  "soccer_nwcpk_15" as t1, "soccer_nwcpk_15_clean" as t2 WHERE t1._tid_ = t2._tid_   AND t2._attribute_ = 'position'   AND t1."position" != t2._value_ with id 4
21:15:14 - [DEBUG] - Time to execute query with id 4: 0.00 secs
21:15:14 - [DEBUG] - Starting to execute query SELECT count(*) FROM  "soccer_nwcpk_15" as t1, "soccer_nwcpk_15_clean" as t2 WHERE t1._tid_ = t2._tid_   AND t2._attribute_ = 'team'   AND t1."team" != t2._value_ with id 5
21:15:14 - [DEBUG] - Time to execute query with id 5: 0.00 secs
21:15:14 - [DEBUG] - Starting to execute query SELECT count(*) FROM  "soccer_nwcpk_15" as t1, "soccer_nwcpk_15_clean" as t2 WHERE t1._tid_ = t2._tid_   AND t2._attribute_ = 'city'   AND t1."city" != t2._value_ with id 6
21:15:14 - [DEBUG] - Time to execute query with id 6: 0.00 secs
21:15:14 - [DEBUG] - Starting to execute query SELECT count(*) FROM  "soccer_nwcpk_15" as t1, "soccer_nwcpk_15_clean" as t2 WHERE t1._tid_ = t2._tid_   AND t2._attribute_ = 'stadium'   AND t1."stadium" != t2._value_ with id 7
21:15:15 - [DEBUG] - Time to execute query with id 7: 0.00 secs
21:15:15 - [DEBUG] - Starting to execute query SELECT count(*) FROM  "soccer_nwcpk_15" as t1, "soccer_nwcpk_15_clean" as t2 WHERE t1._tid_ = t2._tid_   AND t2._attribute_ = 'season'   AND t1."season" != t2._value_ with id 8
21:15:15 - [DEBUG] - Time to execute query with id 8: 0.00 secs
21:15:15 - [DEBUG] - Starting to execute query SELECT count(*) FROM  "soccer_nwcpk_15" as t1, "soccer_nwcpk_15_clean" as t2 WHERE t1._tid_ = t2._tid_   AND t2._attribute_ = 'manager'   AND t1."manager" != t2._value_ with id 9
21:15:15 - [DEBUG] - Time to execute query with id 9: 0.00 secs
21:15:15 - [DEBUG] - Time to execute 10 queries: 0.01 secs
21:15:15 - [DEBUG] - Time to execute query: 0.00 secs
21:15:15 - [DEBUG] - Preparing to execute 10 queries.
21:15:15 - [DEBUG] - Starting to execute query SELECT COUNT(*) FROM   (SELECT t2._tid_, t2._attribute_, t2._value_      FROM "soccer_nwcpk_15" as t1, "soccer_nwcpk_15_clean" as t2     WHERE t1._tid_ = t2._tid_       AND t2._attribute_ = 'name'       AND t1."name" != t2._value_ ) as errors, inf_values_dom as repairs WHERE errors._tid_ = repairs._tid_   AND errors._attribute_ = repairs.attribute   AND errors._value_ = repairs.rv_value with id 0
21:15:15 - [DEBUG] - Time to execute query with id 0: 0.00 secs
21:15:15 - [DEBUG] - Starting to execute query SELECT COUNT(*) FROM   (SELECT t2._tid_, t2._attribute_, t2._value_      FROM "soccer_nwcpk_15" as t1, "soccer_nwcpk_15_clean" as t2     WHERE t1._tid_ = t2._tid_       AND t2._attribute_ = 'surname'       AND t1."surname" != t2._value_ ) as errors, inf_values_dom as repairs WHERE errors._tid_ = repairs._tid_   AND errors._attribute_ = repairs.attribute   AND errors._value_ = repairs.rv_value with id 1
21:15:15 - [DEBUG] - Time to execute query with id 1: 0.00 secs
21:15:15 - [DEBUG] - Starting to execute query SELECT COUNT(*) FROM   (SELECT t2._tid_, t2._attribute_, t2._value_      FROM "soccer_nwcpk_15" as t1, "soccer_nwcpk_15_clean" as t2     WHERE t1._tid_ = t2._tid_       AND t2._attribute_ = 'birthyear'       AND t1."birthyear" != t2._value_ ) as errors, inf_values_dom as repairs WHERE errors._tid_ = repairs._tid_   AND errors._attribute_ = repairs.attribute   AND errors._value_ = repairs.rv_value with id 2
21:15:15 - [DEBUG] - Time to execute query with id 2: 0.00 secs
21:15:15 - [DEBUG] - Starting to execute query SELECT COUNT(*) FROM   (SELECT t2._tid_, t2._attribute_, t2._value_      FROM "soccer_nwcpk_15" as t1, "soccer_nwcpk_15_clean" as t2     WHERE t1._tid_ = t2._tid_       AND t2._attribute_ = 'birthplace'       AND t1."birthplace" != t2._value_ ) as errors, inf_values_dom as repairs WHERE errors._tid_ = repairs._tid_   AND errors._attribute_ = repairs.attribute   AND errors._value_ = repairs.rv_value with id 3
21:15:15 - [DEBUG] - Time to execute query with id 3: 0.00 secs
21:15:15 - [DEBUG] - Starting to execute query SELECT COUNT(*) FROM   (SELECT t2._tid_, t2._attribute_, t2._value_      FROM "soccer_nwcpk_15" as t1, "soccer_nwcpk_15_clean" as t2     WHERE t1._tid_ = t2._tid_       AND t2._attribute_ = 'position'       AND t1."position" != t2._value_ ) as errors, inf_values_dom as repairs WHERE errors._tid_ = repairs._tid_   AND errors._attribute_ = repairs.attribute   AND errors._value_ = repairs.rv_value with id 4
21:15:15 - [DEBUG] - Time to execute query with id 4: 0.00 secs
21:15:15 - [DEBUG] - Starting to execute query SELECT COUNT(*) FROM   (SELECT t2._tid_, t2._attribute_, t2._value_      FROM "soccer_nwcpk_15" as t1, "soccer_nwcpk_15_clean" as t2     WHERE t1._tid_ = t2._tid_       AND t2._attribute_ = 'team'       AND t1."team" != t2._value_ ) as errors, inf_values_dom as repairs WHERE errors._tid_ = repairs._tid_   AND errors._attribute_ = repairs.attribute   AND errors._value_ = repairs.rv_value with id 5
21:15:15 - [DEBUG] - Time to execute query with id 5: 0.00 secs
21:15:15 - [DEBUG] - Starting to execute query SELECT COUNT(*) FROM   (SELECT t2._tid_, t2._attribute_, t2._value_      FROM "soccer_nwcpk_15" as t1, "soccer_nwcpk_15_clean" as t2     WHERE t1._tid_ = t2._tid_       AND t2._attribute_ = 'city'       AND t1."city" != t2._value_ ) as errors, inf_values_dom as repairs WHERE errors._tid_ = repairs._tid_   AND errors._attribute_ = repairs.attribute   AND errors._value_ = repairs.rv_value with id 6
21:15:15 - [DEBUG] - Time to execute query with id 6: 0.00 secs
21:15:15 - [DEBUG] - Starting to execute query SELECT COUNT(*) FROM   (SELECT t2._tid_, t2._attribute_, t2._value_      FROM "soccer_nwcpk_15" as t1, "soccer_nwcpk_15_clean" as t2     WHERE t1._tid_ = t2._tid_       AND t2._attribute_ = 'stadium'       AND t1."stadium" != t2._value_ ) as errors, inf_values_dom as repairs WHERE errors._tid_ = repairs._tid_   AND errors._attribute_ = repairs.attribute   AND errors._value_ = repairs.rv_value with id 7
21:15:15 - [DEBUG] - Time to execute query with id 7: 0.00 secs
21:15:15 - [DEBUG] - Starting to execute query SELECT COUNT(*) FROM   (SELECT t2._tid_, t2._attribute_, t2._value_      FROM "soccer_nwcpk_15" as t1, "soccer_nwcpk_15_clean" as t2     WHERE t1._tid_ = t2._tid_       AND t2._attribute_ = 'season'       AND t1."season" != t2._value_ ) as errors, inf_values_dom as repairs WHERE errors._tid_ = repairs._tid_   AND errors._attribute_ = repairs.attribute   AND errors._value_ = repairs.rv_value with id 8
21:15:15 - [DEBUG] - Time to execute query with id 8: 0.00 secs
21:15:15 - [DEBUG] - Starting to execute query SELECT COUNT(*) FROM   (SELECT t2._tid_, t2._attribute_, t2._value_      FROM "soccer_nwcpk_15" as t1, "soccer_nwcpk_15_clean" as t2     WHERE t1._tid_ = t2._tid_       AND t2._attribute_ = 'manager'       AND t1."manager" != t2._value_ ) as errors, inf_values_dom as repairs WHERE errors._tid_ = repairs._tid_   AND errors._attribute_ = repairs.attribute   AND errors._value_ = repairs.rv_value with id 9
21:15:15 - [DEBUG] - Time to execute query with id 9: 0.00 secs
21:15:15 - [DEBUG] - Time to execute 10 queries: 0.01 secs
21:15:19 - [DEBUG] - Time to execute query: 0.00 secs
21:15:19 - [DEBUG] - weak label statistics:
21:15:19 - [DEBUG] -    is_clean  cell_status  is_inferred  init = grdth init = inferred  \
0  False     0            True         False         False            
1  False     0            True         False         False            
2  False     0            True         False         True             
3  False     0            True         True          True             
4  False     1            True         False         False            
5  False     1            True         False         True             
6  False     2            True         False         True             
7  False     2            True         True          True             
8  True      0            False        True          None             
9  True      2            False        True          None             

   w. label = init  w. label = grdth w. label = inferred infer = grdth  count  
0  True             False             False               False         7      
1  True             False             False               True          19     
2  True             False             True                False         398    
3  True             True              True                True          3466   
4  False            True              True                True          37     
5  False            True              False               False         34     
6  True             False             True                False         1934   
7  True             True              True                True          4010   
8  True             True              None                None          23     
9  True             True              None                None          51     
21:15:19 - [ INFO] - Precision = 0.89, Recall = 0.02, Repairing Recall = 0.02, F1 = 0.04, Repairing F1 = 0.04, Detected Errors = 2429, Total Errors = 2450, Correct Repairs = 56, Total Repairs = 63, Total Repairs on correct cells (Grdth present) = 0, Total Repairs on incorrect cells (Grdth present) = 63
21:15:19 - [DEBUG] - Time to generate report: 0.05 secs
21:15:19 - [DEBUG] - Time to execute query: 0.01 secs
21:15:19 - [ INFO] - 清洗后的数据已成功保存到 results/holoclean/nwcpk/6_soccer_nwcpk_15/6_soccer_nwcpk_15_repaired.csv
没有指定错误比例，仅进行原数据集的空值替换，不添加错误
已将注入错误的文件保存到: Data/6_soccer/subset_soccer_1k/subset_clean_index_1k_ori_empty.csv
没有指定错误比例，仅进行原数据集的空值替换，不添加错误
已将注入错误的文件保存到: Data/6_soccer/subset_soccer_1k/noise_with_correct_primary_key/dirty_mixed_1.5/dirty_soccer_mix_1.5_ori_empty.csv
Running Holoclean with modified dirty file: Data/6_soccer/subset_soccer_1k/noise_with_correct_primary_key/dirty_mixed_1.5/dirty_soccer_mix_1.5_holoclean.csv
转换完成，结果已保存到 Data/6_soccer/subset_soccer_1k/subset_clean_index_1k_holoclean.csv
Results saved to results/holoclean/nwcpk/6_soccer_nwcpk_15/6_soccer_nwcpk_15_repaired.csv
Holoclean finished in 131.43284606933594 seconds.
测评性能开始：
没有指定错误比例，仅进行原数据集的空值替换，不添加错误
已将注入错误的文件保存到: results/holoclean/nwcpk/6_soccer_nwcpk_15/6_soccer_nwcpk_15_repaired_ori_empty.csv
差异文件已保存到:
results/holoclean/nwcpk/6_soccer_nwcpk_15/6_soccer_nwcpk_15_clean_vs_dirty.csv
results/holoclean/nwcpk/6_soccer_nwcpk_15/6_soccer_nwcpk_15_dirty_vs_cleaned.csv
results/holoclean/nwcpk/6_soccer_nwcpk_15/6_soccer_nwcpk_15_clean_vs_cleaned.csv
修复错误数据文件已保存到: results/holoclean/nwcpk/6_soccer_nwcpk_15/6_soccer_nwcpk_15_repair_errors.csv
未修复但是应该修复数据文件已保存到: results/holoclean/nwcpk/6_soccer_nwcpk_15/6_soccer_nwcpk_15_unrepaired.csv
修复准确率: 0.8888888888888888, 修复召回率: 0.022857142857142857, F1值: 0.04456824512045996
========================================
EDR 结果已保存到: results/holoclean/nwcpk/6_soccer_nwcpk_15/6_soccer_nwcpk_15_edr_evaluation.txt
错误减少率 (EDR): 0.022857142857142857
========================================
混合距离结果已保存到: results/holoclean/nwcpk/6_soccer_nwcpk_15/6_soccer_nwcpk_15_hybrid_distance_evaluation.txt
混合距离 (Hybrid Distance): 0.2458372542274688
========================================
R-EDR 结果已保存到: results/holoclean/nwcpk/6_soccer_nwcpk_15/6_soccer_nwcpk_15_record_based_edr_evaluation.txt
基于条目的错误减少率 (R-EDR): 0.0010183299389002036
========================================
测试结果:
Accuracy: 0.8888888888888888
Recall: 0.022857142857142857
F1 Score: 0.04456824512045996
EDR: 0.022857142857142857
Hybrid Distance: 0.2458372542274688
R-EDR: 0.0010183299389002036
Time: 131.43284606933594
Speed: 13.143284606933594 seconds/100 records
测评结束，详细测评日志见：results/holoclean/nwcpk/6_soccer_nwcpk_15
