21:15:26 - [DEBUG] - initiating session with parameters: {'db_user': 'datacleanuser', 'db_pwd': 'abcd1234', 'db_host': 'localhost', 'db_name': 'holo', 'threads': 1, 'timeout': 180000, 'seed': 45, 'learning_rate': 0.001, 'optimizer': 'adam', 'epochs': 10, 'weight_decay': 0.01, 'momentum': 0.0, 'batch_size': 1, 'weak_label_thresh': 0.99, 'domain_thresh_1': 0, 'domain_thresh_2': 0, 'max_domain': 10000, 'cor_strength': 0.6, 'nb_cor_strength': 0.8, 'feature_norm': False, 'weight_norm': False, 'estimator_epochs': 3, 'estimator_batch_size': 32, 'verbose': True, 'bias': False, 'print_fw': True, 'debug_mode': False}
21:15:26 - [ INFO] - Loaded 1000 rows with 11000 cells
21:15:26 - [DEBUG] - Time to create index: 0.00 secs
21:15:26 - [DEBUG] - Time to create index: 0.00 secs
21:15:26 - [DEBUG] - Time to create index: 0.00 secs
21:15:26 - [DEBUG] - Time to create index: 0.00 secs
21:15:26 - [DEBUG] - Time to create index: 0.00 secs
21:15:26 - [DEBUG] - Time to create index: 0.00 secs
21:15:26 - [DEBUG] - Time to create index: 0.00 secs
21:15:26 - [DEBUG] - Time to create index: 0.00 secs
21:15:26 - [DEBUG] - Time to create index: 0.00 secs
21:15:26 - [DEBUG] - Time to create index: 0.00 secs
21:15:26 - [ INFO] - DONE Loading dirty_soccer_mix_1.75_holoclean.csv
21:15:26 - [DEBUG] - Time to load dataset: 0.15 secs
21:15:26 - [DEBUG] - OPENED constraints file successfully
21:15:26 - [DEBUG] - DONE pre-processing constraint: t1&t2&EQ(t1.name,t2.name)&IQ(t1.surname,t2.surname)
21:15:26 - [DEBUG] - DONE extracting tuples from constraint: t1&t2&EQ(t1.name,t2.name)&IQ(t1.surname,t2.surname)
21:15:26 - [DEBUG] - DONE parsing predicate: EQ(t1.name,t2.name)
21:15:26 - [DEBUG] - DONE parsing predicate: IQ(t1.surname,t2.surname)
21:15:26 - [DEBUG] - DONE pre-processing constraint: t1&t2&EQ(t1.name,t2.name)&IQ(t1.birthyear,t2.birthyear)
21:15:26 - [DEBUG] - DONE extracting tuples from constraint: t1&t2&EQ(t1.name,t2.name)&IQ(t1.birthyear,t2.birthyear)
21:15:26 - [DEBUG] - DONE parsing predicate: EQ(t1.name,t2.name)
21:15:26 - [DEBUG] - DONE parsing predicate: IQ(t1.birthyear,t2.birthyear)
21:15:26 - [DEBUG] - DONE pre-processing constraint: t1&t2&EQ(t1.name,t2.name)&IQ(t1.birthplace,t2.birthplace)
21:15:26 - [DEBUG] - DONE extracting tuples from constraint: t1&t2&EQ(t1.name,t2.name)&IQ(t1.birthplace,t2.birthplace)
21:15:26 - [DEBUG] - DONE parsing predicate: EQ(t1.name,t2.name)
21:15:26 - [DEBUG] - DONE parsing predicate: IQ(t1.birthplace,t2.birthplace)
21:15:26 - [DEBUG] - DONE pre-processing constraint: t1&t2&EQ(t1.name,t2.name)&EQ(t1.season,t2.season)&IQ(t1.position,t2.position)
21:15:26 - [DEBUG] - DONE extracting tuples from constraint: t1&t2&EQ(t1.name,t2.name)&EQ(t1.season,t2.season)&IQ(t1.position,t2.position)
21:15:26 - [DEBUG] - DONE parsing predicate: EQ(t1.name,t2.name)
21:15:26 - [DEBUG] - DONE parsing predicate: EQ(t1.season,t2.season)
21:15:26 - [DEBUG] - DONE parsing predicate: IQ(t1.position,t2.position)
21:15:26 - [DEBUG] - DONE pre-processing constraint: t1&t2&EQ(t1.team,t2.team)&EQ(t1.city,t2.city)&EQ(t1.season,t2.season)&IQ(t1.stadium,t2.stadium)
21:15:26 - [DEBUG] - DONE extracting tuples from constraint: t1&t2&EQ(t1.team,t2.team)&EQ(t1.city,t2.city)&EQ(t1.season,t2.season)&IQ(t1.stadium,t2.stadium)
21:15:26 - [DEBUG] - DONE parsing predicate: EQ(t1.team,t2.team)
21:15:26 - [DEBUG] - DONE parsing predicate: EQ(t1.city,t2.city)
21:15:26 - [DEBUG] - DONE parsing predicate: EQ(t1.season,t2.season)
21:15:26 - [DEBUG] - DONE parsing predicate: IQ(t1.stadium,t2.stadium)
21:15:26 - [DEBUG] - DONE pre-processing constraint: t1&t2&EQ(t1.manager,t2.manager)&EQ(t1.season,t2.season)&IQ(t1.team,t2.team)
21:15:26 - [DEBUG] - DONE extracting tuples from constraint: t1&t2&EQ(t1.manager,t2.manager)&EQ(t1.season,t2.season)&IQ(t1.team,t2.team)
21:15:26 - [DEBUG] - DONE parsing predicate: EQ(t1.manager,t2.manager)
21:15:26 - [DEBUG] - DONE parsing predicate: EQ(t1.season,t2.season)
21:15:26 - [DEBUG] - DONE parsing predicate: IQ(t1.team,t2.team)
21:15:26 - [ INFO] - DONE Loading DCs from dc_rules_holoclean.txt
21:15:26 - [DEBUG] - Time to load dirty data: 0.00 secs
21:15:26 - [DEBUG] - DONE with Error Detector: NullDetector in 0.03 secs
21:15:26 - [DEBUG] - Preparing to execute 6 queries.
21:15:26 - [DEBUG] - Starting to execute query SELECT t1._tid_ FROM "soccer_nwcpk_175" as t1 WHERE   EXISTS (SELECT t2._tid_ FROM "soccer_nwcpk_175" as t2 WHERE t1."name"=t2."name" AND t1."surname"<>t2."surname") with id 0
21:15:27 - [DEBUG] - Time to execute query with id 0: 0.00 secs
21:15:27 - [DEBUG] - Starting to execute query SELECT t1._tid_ FROM "soccer_nwcpk_175" as t1 WHERE   EXISTS (SELECT t2._tid_ FROM "soccer_nwcpk_175" as t2 WHERE t1."name"=t2."name" AND t1."birthyear"<>t2."birthyear") with id 1
21:15:27 - [DEBUG] - Time to execute query with id 1: 0.00 secs
21:15:27 - [DEBUG] - Starting to execute query SELECT t1._tid_ FROM "soccer_nwcpk_175" as t1 WHERE   EXISTS (SELECT t2._tid_ FROM "soccer_nwcpk_175" as t2 WHERE t1."name"=t2."name" AND t1."birthplace"<>t2."birthplace") with id 2
21:15:27 - [DEBUG] - Time to execute query with id 2: 0.00 secs
21:15:27 - [DEBUG] - Starting to execute query SELECT t1._tid_ FROM "soccer_nwcpk_175" as t1 WHERE   EXISTS (SELECT t2._tid_ FROM "soccer_nwcpk_175" as t2 WHERE t1."name"=t2."name" AND t1."season"=t2."season" AND t1."position"<>t2."position") with id 3
21:15:27 - [DEBUG] - Time to execute query with id 3: 0.00 secs
21:15:27 - [DEBUG] - Starting to execute query SELECT t1._tid_ FROM "soccer_nwcpk_175" as t1 WHERE   EXISTS (SELECT t2._tid_ FROM "soccer_nwcpk_175" as t2 WHERE t1."team"=t2."team" AND t1."city"=t2."city" AND t1."season"=t2."season" AND t1."stadium"<>t2."stadium") with id 4
21:15:27 - [DEBUG] - Time to execute query with id 4: 0.00 secs
21:15:27 - [DEBUG] - Starting to execute query SELECT t1._tid_ FROM "soccer_nwcpk_175" as t1 WHERE   EXISTS (SELECT t2._tid_ FROM "soccer_nwcpk_175" as t2 WHERE t1."manager"=t2."manager" AND t1."season"=t2."season" AND t1."team"<>t2."team") with id 5
21:15:27 - [DEBUG] - Time to execute query with id 5: 0.00 secs
21:15:27 - [DEBUG] - Time to execute 6 queries: 0.01 secs
21:15:27 - [DEBUG] - DONE with Error Detector: ViolationDetector in 0.08 secs
21:15:27 - [ INFO] - detected 9909 potentially erroneous cells
21:15:28 - [DEBUG] - Time to create index: 0.00 secs
21:15:28 - [ INFO] - DONE with error detection.
21:15:28 - [DEBUG] - Time to detect errors: 0.85 secs
21:15:29 - [DEBUG] - Time to execute query: 0.00 secs
21:15:29 - [DEBUG] - computing frequency and co-occurrence statistics from raw data...
21:15:29 - [DEBUG] - Collecting single/pair-wise statistics...
21:15:30 - [DEBUG] - DONE computing statistics in 1.03s
21:15:30 - [DEBUG] - preparing pruned co-occurring statistics...

  0%|          | 0/10 [00:00<?, ?it/s]
100%|██████████| 10/10 [00:00<00:00, 862.83it/s]
21:15:30 - [DEBUG] - DONE with pruned co-occurring statistics in 0.01 secs
21:15:30 - [DEBUG] - generating initial set of un-pruned domain values...

  0%|          | 0/1000 [00:00<?, ?it/s]
  7%|▋         | 73/1000 [00:00<00:01, 722.02it/s]
 15%|█▍        | 147/1000 [00:00<00:01, 723.95it/s]
 22%|██▏       | 220/1000 [00:00<00:01, 725.37it/s]
 29%|██▉       | 293/1000 [00:00<00:00, 724.70it/s]
 37%|███▋      | 367/1000 [00:00<00:00, 729.21it/s]
 44%|████▍     | 440/1000 [00:00<00:00, 729.34it/s]
 52%|█████▏    | 515/1000 [00:00<00:00, 733.06it/s]
 59%|█████▉    | 588/1000 [00:00<00:00, 732.04it/s]
 66%|██████▌   | 662/1000 [00:00<00:00, 733.84it/s]
 74%|███████▎  | 735/1000 [00:01<00:00, 732.13it/s]
 81%|████████  | 809/1000 [00:01<00:00, 732.71it/s]
 88%|████████▊ | 883/1000 [00:01<00:00, 733.27it/s]
 96%|█████████▌| 957/1000 [00:01<00:00, 734.49it/s]
100%|██████████| 1000/1000 [00:01<00:00, 731.79it/s]
21:15:32 - [DEBUG] - DONE generating initial set of domain values in 1.46
21:15:32 - [DEBUG] - training posterior model for estimating domain value probabilities...
21:15:32 - [DEBUG] - DONE training posterior model in 0.01s
21:15:32 - [DEBUG] - predicting domain value probabilities from posterior model...
21:15:32 - [DEBUG] - DONE predictions in 0.00 secs, re-constructing cell domain...
21:15:32 - [DEBUG] - re-assembling final cell domain table...

0it [00:00, ?it/s]

  0%|          | 0/9967 [00:00<?, ?it/s][A
416it [00:00, 4159.88it/s]

  5%|▍         | 487/9967 [00:00<00:01, 4844.64it/s][A
905it [00:00, 4350.45it/s]

 10%|▉         | 983/9967 [00:00<00:01, 4871.97it/s][A
1372it [00:00, 4441.23it/s]

 15%|█▍        | 1451/9967 [00:00<00:01, 4805.91it/s][A
1861it [00:00, 4561.30it/s]

 19%|█▉        | 1933/9967 [00:00<00:01, 4805.03it/s][A
2341it [00:00, 4623.72it/s]

 24%|██▍       | 2427/9967 [00:00<00:01, 4844.54it/s][A
2848it [00:00, 4746.88it/s]

 29%|██▉       | 2920/9967 [00:00<00:01, 4867.08it/s][A
3330it [00:00, 4762.71it/s]

 34%|███▍      | 3407/9967 [00:00<00:01, 4863.25it/s][A
3777it [00:00, 4667.59it/s]

 39%|███▊      | 3855/9967 [00:00<00:01, 4734.93it/s][A
4266it [00:00, 4729.19it/s]

 44%|████▎     | 4345/9967 [00:00<00:01, 4776.85it/s][A
4739it [00:01, 4726.14it/s]

 48%|████▊     | 4811/9967 [00:01<00:01, 4739.91it/s][A
5221it [00:01, 4752.69it/s]

 53%|█████▎    | 5300/9967 [00:01<00:00, 4776.83it/s][A
5711it [00:01, 4794.87it/s]

 58%|█████▊    | 5790/9967 [00:01<00:00, 4809.44it/s][A
6186it [00:01, 4775.64it/s]

 63%|██████▎   | 6265/9967 [00:01<00:00, 4784.32it/s][A
6684it [00:01, 4832.98it/s]

 68%|██████▊   | 6758/9967 [00:01<00:00, 4823.73it/s][A
7176it [00:01, 4855.72it/s]

 73%|███████▎  | 7255/9967 [00:01<00:00, 4860.69it/s][A
7666it [00:01, 4865.23it/s]

 78%|███████▊  | 7746/9967 [00:01<00:00, 4870.18it/s][A
8153it [00:01, 4862.40it/s]

 83%|████████▎ | 8232/9967 [00:01<00:00, 4791.88it/s][A
8639it [00:01, 4798.35it/s]

 87%|████████▋ | 8720/9967 [00:01<00:00, 4812.38it/s][A
9121it [00:01, 4803.15it/s]

 92%|█████████▏| 9209/9967 [00:01<00:00, 4834.95it/s][A
9602it [00:02, 4722.13it/s]

 97%|█████████▋| 9693/9967 [00:02<00:00, 4731.78it/s][A

100%|██████████| 9967/9967 [00:02<00:00, 4800.34it/s][A
9967it [00:02, 4732.53it/s]
21:15:34 - [DEBUG] - DONE assembling cell domain table in 2.60s
21:15:34 - [ INFO] - number of (additional) weak labels assigned from posterior model: 97
21:15:34 - [DEBUG] - DONE generating domain and weak labels
21:15:36 - [DEBUG] - Time to create index: 0.00 secs
21:15:36 - [DEBUG] - Time to create index: 0.00 secs
21:15:36 - [DEBUG] - Time to create index: 0.00 secs
21:15:37 - [DEBUG] - Time to create table: 0.00 secs
21:15:38 - [DEBUG] - Time to create index: 0.00 secs
21:15:38 - [ INFO] - DONE with domain preparation.
21:15:38 - [DEBUG] - Time to setup the domain: 10.25 secs
21:15:38 - [DEBUG] - Time to execute query: 0.00 secs
21:15:38 - [DEBUG] - Time to execute query: 0.00 secs
21:15:38 - [DEBUG] - Time to execute query: 0.00 secs
21:15:38 - [DEBUG] - Time to execute query: 0.00 secs
21:15:38 - [DEBUG] - Time to execute query: 0.00 secs
21:15:38 - [DEBUG] - featurizing training data...
21:15:38 - [DEBUG] - Time to execute query: 0.02 secs

  0%|          | 0/9967 [00:00<?, ?it/s]
  1%|          | 69/9967 [00:00<00:14, 688.69it/s]
  1%|          | 120/9967 [00:00<00:15, 622.17it/s]
  2%|▏         | 174/9967 [00:00<00:17, 573.16it/s]
  2%|▏         | 225/9967 [00:00<00:17, 552.12it/s]
  3%|▎         | 276/9967 [00:00<00:18, 537.21it/s]
  3%|▎         | 326/9967 [00:00<00:18, 523.71it/s]
  4%|▍         | 374/9967 [00:00<00:18, 509.04it/s]
  4%|▍         | 423/9967 [00:00<00:19, 502.15it/s]
  5%|▍         | 483/9967 [00:00<00:18, 510.82it/s]
  5%|▌         | 534/9967 [00:01<00:18, 509.80it/s]
  6%|▌         | 593/9967 [00:01<00:18, 512.83it/s]
  7%|▋         | 653/9967 [00:01<00:17, 535.58it/s]
  7%|▋         | 713/9967 [00:01<00:17, 542.49it/s]
  8%|▊         | 773/9967 [00:01<00:16, 541.97it/s]
  8%|▊         | 831/9967 [00:01<00:17, 532.88it/s]
  9%|▉         | 885/9967 [00:01<00:17, 510.44it/s]
  9%|▉         | 943/9967 [00:01<00:17, 528.55it/s]
 10%|█         | 1003/9967 [00:01<00:16, 547.54it/s]
 11%|█         | 1063/9967 [00:01<00:15, 561.71it/s]
 11%|█         | 1120/9967 [00:02<00:16, 547.75it/s]
 12%|█▏        | 1176/9967 [00:02<00:16, 523.51it/s]
 12%|█▏        | 1235/9967 [00:02<00:16, 538.82it/s]
 13%|█▎        | 1292/9967 [00:02<00:15, 547.48it/s]
 14%|█▎        | 1348/9967 [00:02<00:15, 538.96it/s]
 14%|█▍        | 1403/9967 [00:02<00:15, 536.49it/s]
 15%|█▍        | 1460/9967 [00:02<00:15, 545.50it/s]
 15%|█▌        | 1519/9967 [00:02<00:15, 540.47it/s]
 16%|█▌        | 1574/9967 [00:02<00:15, 542.96it/s]
 16%|█▋        | 1629/9967 [00:03<00:16, 519.94it/s]
 17%|█▋        | 1689/9967 [00:03<00:15, 530.00it/s]
 18%|█▊        | 1749/9967 [00:03<00:15, 537.92it/s]
 18%|█▊        | 1803/9967 [00:03<00:15, 525.98it/s]
 19%|█▊        | 1856/9967 [00:03<00:15, 524.47it/s]
 19%|█▉        | 1913/9967 [00:03<00:15, 536.58it/s]
 20%|█▉        | 1967/9967 [00:03<00:15, 523.09it/s]
 20%|██        | 2023/9967 [00:03<00:14, 532.28it/s]
 21%|██        | 2077/9967 [00:03<00:15, 523.31it/s]
 22%|██▏       | 2148/9967 [00:04<00:14, 552.78it/s]
 22%|██▏       | 2204/9967 [00:04<00:14, 538.60it/s]
 23%|██▎       | 2259/9967 [00:04<00:14, 517.98it/s]
 23%|██▎       | 2320/9967 [00:04<00:14, 542.31it/s]
 24%|██▍       | 2380/9967 [00:04<00:13, 555.10it/s]
 24%|██▍       | 2437/9967 [00:04<00:13, 550.65it/s]
 25%|██▌       | 2498/9967 [00:04<00:13, 552.34it/s]
 26%|██▌       | 2554/9967 [00:04<00:13, 550.01it/s]
 26%|██▌       | 2610/9967 [00:04<00:14, 524.67it/s]
 27%|██▋       | 2663/9967 [00:04<00:14, 516.15it/s]
 27%|██▋       | 2715/9967 [00:05<00:14, 512.50it/s]
 28%|██▊       | 2770/9967 [00:05<00:13, 523.12it/s]
 28%|██▊       | 2823/9967 [00:05<00:13, 511.89it/s]
 29%|██▉       | 2880/9967 [00:05<00:13, 526.46it/s]
 29%|██▉       | 2933/9967 [00:05<00:13, 513.67it/s]
 30%|██▉       | 2985/9967 [00:05<00:13, 510.39it/s]
 30%|███       | 3037/9967 [00:05<00:14, 481.51it/s]
 31%|███       | 3092/9967 [00:05<00:13, 497.00it/s]
 32%|███▏      | 3158/9967 [00:05<00:13, 522.76it/s]
 32%|███▏      | 3211/9967 [00:06<00:12, 524.88it/s]
 33%|███▎      | 3268/9967 [00:06<00:12, 534.92it/s]
 33%|███▎      | 3322/9967 [00:06<00:12, 512.28it/s]
 34%|███▍      | 3380/9967 [00:06<00:12, 529.67it/s]
 35%|███▍      | 3445/9967 [00:06<00:12, 542.72it/s]
 35%|███▌      | 3500/9967 [00:06<00:12, 530.07it/s]
 36%|███▌      | 3554/9967 [00:06<00:12, 527.53it/s]
 36%|███▌      | 3610/9967 [00:06<00:11, 535.97it/s]
 37%|███▋      | 3664/9967 [00:06<00:11, 528.09it/s]
 37%|███▋      | 3717/9967 [00:07<00:12, 505.73it/s]
 38%|███▊      | 3773/9967 [00:07<00:12, 505.30it/s]
 38%|███▊      | 3832/9967 [00:07<00:11, 527.66it/s]
 39%|███▉      | 3886/9967 [00:07<00:11, 515.26it/s]
 40%|███▉      | 3938/9967 [00:07<00:12, 501.31it/s]
 40%|████      | 4000/9967 [00:07<00:11, 531.36it/s]
 41%|████      | 4054/9967 [00:07<00:11, 527.35it/s]
 41%|████      | 4108/9967 [00:07<00:11, 518.06it/s]
 42%|████▏     | 4169/9967 [00:07<00:10, 542.26it/s]
 42%|████▏     | 4224/9967 [00:07<00:10, 527.59it/s]
 43%|████▎     | 4280/9967 [00:08<00:10, 536.51it/s]
 44%|████▎     | 4342/9967 [00:08<00:10, 545.04it/s]
 44%|████▍     | 4397/9967 [00:08<00:10, 517.28it/s]
 45%|████▍     | 4451/9967 [00:08<00:10, 519.37it/s]
 45%|████▌     | 4504/9967 [00:08<00:11, 492.87it/s]
 46%|████▌     | 4560/9967 [00:08<00:10, 500.60it/s]
 46%|████▋     | 4612/9967 [00:08<00:10, 504.07it/s]
 47%|████▋     | 4667/9967 [00:08<00:10, 516.68it/s]
 47%|████▋     | 4719/9967 [00:08<00:10, 508.88it/s]
 48%|████▊     | 4771/9967 [00:09<00:10, 489.40it/s]
 48%|████▊     | 4823/9967 [00:09<00:10, 494.76it/s]
 49%|████▉     | 4881/9967 [00:09<00:09, 515.62it/s]
 50%|████▉     | 4939/9967 [00:09<00:09, 527.86it/s]
 50%|█████     | 4999/9967 [00:09<00:09, 545.18it/s]
 51%|█████     | 5054/9967 [00:09<00:09, 543.24it/s]
 51%|█████▏    | 5109/9967 [00:09<00:09, 509.89it/s]
 52%|█████▏    | 5161/9967 [00:09<00:09, 512.27it/s]
 52%|█████▏    | 5216/9967 [00:09<00:09, 522.60it/s]
 53%|█████▎    | 5269/9967 [00:10<00:09, 504.91it/s]
 53%|█████▎    | 5320/9967 [00:10<00:09, 498.13it/s]
 54%|█████▍    | 5377/9967 [00:10<00:09, 501.85it/s]
 54%|█████▍    | 5428/9967 [00:10<00:09, 502.02it/s]
 55%|█████▌    | 5487/9967 [00:10<00:08, 519.22it/s]
 56%|█████▌    | 5540/9967 [00:10<00:08, 511.68it/s]
 56%|█████▌    | 5592/9967 [00:10<00:08, 504.38it/s]
 57%|█████▋    | 5655/9967 [00:10<00:08, 535.96it/s]
 57%|█████▋    | 5711/9967 [00:10<00:07, 542.12it/s]
 58%|█████▊    | 5766/9967 [00:10<00:07, 541.86it/s]
 58%|█████▊    | 5821/9967 [00:11<00:08, 509.63it/s]
 59%|█████▉    | 5873/9967 [00:11<00:08, 493.22it/s]
 59%|█████▉    | 5927/9967 [00:11<00:08, 500.34it/s]
 60%|██████    | 5986/9967 [00:11<00:07, 523.24it/s]
 61%|██████    | 6046/9967 [00:11<00:07, 541.53it/s]
 61%|██████    | 6103/9967 [00:11<00:07, 549.55it/s]
 62%|██████▏   | 6159/9967 [00:11<00:07, 530.77it/s]
 62%|██████▏   | 6214/9967 [00:11<00:07, 534.37it/s]
 63%|██████▎   | 6268/9967 [00:11<00:06, 533.17it/s]
 63%|██████▎   | 6324/9967 [00:12<00:06, 529.17it/s]
 64%|██████▍   | 6384/9967 [00:12<00:06, 538.75it/s]
 65%|██████▍   | 6440/9967 [00:12<00:06, 544.81it/s]
 65%|██████▌   | 6495/9967 [00:12<00:06, 543.04it/s]
 66%|██████▌   | 6550/9967 [00:12<00:06, 530.82it/s]
 66%|██████▋   | 6604/9967 [00:12<00:06, 499.30it/s]
 67%|██████▋   | 6671/9967 [00:12<00:06, 540.61it/s]
 67%|██████▋   | 6727/9967 [00:12<00:08, 382.12it/s]
 68%|██████▊   | 6778/9967 [00:12<00:07, 411.39it/s]
 69%|██████▊   | 6828/9967 [00:13<00:07, 433.96it/s]
 69%|██████▉   | 6881/9967 [00:13<00:06, 458.84it/s]
 70%|██████▉   | 6932/9967 [00:13<00:06, 471.34it/s]
 70%|███████   | 6985/9967 [00:13<00:06, 485.96it/s]
 71%|███████   | 7056/9967 [00:13<00:05, 534.94it/s]
 71%|███████▏  | 7114/9967 [00:13<00:05, 544.67it/s]
 72%|███████▏  | 7172/9967 [00:13<00:05, 544.10it/s]
 73%|███████▎  | 7228/9967 [00:13<00:05, 530.34it/s]
 73%|███████▎  | 7283/9967 [00:13<00:05, 516.39it/s]
 74%|███████▎  | 7339/9967 [00:14<00:04, 528.62it/s]
 74%|███████▍  | 7396/9967 [00:14<00:04, 536.67it/s]
 75%|███████▍  | 7464/9967 [00:14<00:04, 572.06it/s]
 75%|███████▌  | 7523/9967 [00:14<00:04, 557.64it/s]
 76%|███████▌  | 7580/9967 [00:14<00:04, 544.33it/s]
 77%|███████▋  | 7636/9967 [00:14<00:04, 522.16it/s]
 77%|███████▋  | 7689/9967 [00:14<00:04, 513.36it/s]
 78%|███████▊  | 7744/9967 [00:14<00:04, 522.88it/s]
 78%|███████▊  | 7797/9967 [00:14<00:04, 517.63it/s]
 79%|███████▉  | 7854/9967 [00:14<00:03, 530.51it/s]
 79%|███████▉  | 7908/9967 [00:15<00:03, 515.61it/s]
 80%|███████▉  | 7961/9967 [00:15<00:03, 514.52it/s]
 80%|████████  | 8013/9967 [00:15<00:04, 485.89it/s]
 81%|████████  | 8071/9967 [00:15<00:03, 505.51it/s]
 82%|████████▏ | 8133/9967 [00:15<00:03, 534.41it/s]
 82%|████████▏ | 8188/9967 [00:15<00:03, 529.37it/s]
 83%|████████▎ | 8242/9967 [00:15<00:03, 531.23it/s]
 83%|████████▎ | 8296/9967 [00:15<00:03, 520.90it/s]
 84%|████████▍ | 8349/9967 [00:15<00:03, 511.02it/s]
 84%|████████▍ | 8401/9967 [00:16<00:03, 513.23it/s]
 85%|████████▍ | 8458/9967 [00:16<00:02, 528.39it/s]
 85%|████████▌ | 8512/9967 [00:16<00:02, 511.75it/s]
 86%|████████▌ | 8570/9967 [00:16<00:02, 529.12it/s]
 87%|████████▋ | 8624/9967 [00:16<00:02, 526.34it/s]
 87%|████████▋ | 8677/9967 [00:16<00:02, 520.67it/s]
 88%|████████▊ | 8730/9967 [00:16<00:02, 514.69it/s]
 88%|████████▊ | 8788/9967 [00:16<00:02, 522.53it/s]
 89%|████████▊ | 8841/9967 [00:16<00:02, 519.00it/s]
 89%|████████▉ | 8893/9967 [00:17<00:02, 509.63it/s]
 90%|████████▉ | 8945/9967 [00:17<00:02, 504.32it/s]
 90%|█████████ | 9008/9967 [00:17<00:01, 533.09it/s]
 91%|█████████ | 9062/9967 [00:17<00:01, 523.77it/s]
 91%|█████████▏| 9117/9967 [00:17<00:01, 531.08it/s]
 92%|█████████▏| 9171/9967 [00:17<00:01, 532.82it/s]
 93%|█████████▎| 9227/9967 [00:17<00:01, 527.09it/s]
 93%|█████████▎| 9287/9967 [00:17<00:01, 541.36it/s]
 94%|█████████▎| 9342/9967 [00:17<00:01, 536.43it/s]
 94%|█████████▍| 9396/9967 [00:17<00:01, 527.11it/s]
 95%|█████████▍| 9449/9967 [00:18<00:01, 501.72it/s]
 95%|█████████▌| 9500/9967 [00:18<00:00, 502.76it/s]
 96%|█████████▌| 9551/9967 [00:18<00:00, 499.11it/s]
 96%|█████████▋| 9602/9967 [00:18<00:00, 499.36it/s]
 97%|█████████▋| 9657/9967 [00:18<00:00, 511.48it/s]
 97%|█████████▋| 9709/9967 [00:18<00:00, 505.38it/s]
 98%|█████████▊| 9760/9967 [00:18<00:00, 489.06it/s]
 98%|█████████▊| 9810/9967 [00:18<00:00, 481.04it/s]
 99%|█████████▉| 9866/9967 [00:18<00:00, 500.63it/s]
100%|█████████▉| 9926/9967 [00:18<00:00, 525.79it/s]
100%|██████████| 9967/9967 [00:19<00:00, 522.25it/s]
21:15:59 - [DEBUG] - Time to execute query: 0.02 secs
21:16:01 - [DEBUG] - Preparing to execute 16 queries.
21:16:01 - [DEBUG] - Starting to execute query SELECT _vid_, val_id, count(*) violations FROM   "soccer_nwcpk_175" as t1, "soccer_nwcpk_175" as t2, pos_values as t3 WHERE  t1._tid_ != t2._tid_   AND  t1._tid_ = t3._tid_   AND  t3.attribute = 'name'   AND  t1."surname"<>t2."surname"   AND  t3.rv_val = t2."name" GROUP BY _vid_, val_id with id 0
21:16:01 - [DEBUG] - Time to execute query with id 0: 0.00 secs
21:16:01 - [DEBUG] - Starting to execute query SELECT _vid_, val_id, count(*) violations FROM   "soccer_nwcpk_175" as t1, "soccer_nwcpk_175" as t2, pos_values as t3 WHERE  t1._tid_ != t2._tid_   AND  t1._tid_ = t3._tid_   AND  t3.attribute = 'surname'   AND  t1."name"=t2."name"   AND  t3.rv_val <> t2."surname" GROUP BY _vid_, val_id with id 1
21:16:06 - [DEBUG] - Time to execute query with id 1: 0.01 secs
21:16:06 - [DEBUG] - Starting to execute query SELECT _vid_, val_id, count(*) violations FROM   "soccer_nwcpk_175" as t1, "soccer_nwcpk_175" as t2, pos_values as t3 WHERE  t1._tid_ != t2._tid_   AND  t1._tid_ = t3._tid_   AND  t3.attribute = 'name'   AND  t1."birthyear"<>t2."birthyear"   AND  t3.rv_val = t2."name" GROUP BY _vid_, val_id with id 2
21:16:07 - [DEBUG] - Time to execute query with id 2: 0.00 secs
21:16:07 - [DEBUG] - Starting to execute query SELECT _vid_, val_id, count(*) violations FROM   "soccer_nwcpk_175" as t1, "soccer_nwcpk_175" as t2, pos_values as t3 WHERE  t1._tid_ != t2._tid_   AND  t1._tid_ = t3._tid_   AND  t3.attribute = 'birthyear'   AND  t1."name"=t2."name"   AND  t3.rv_val <> t2."birthyear" GROUP BY _vid_, val_id with id 3
21:16:10 - [DEBUG] - Time to execute query with id 3: 0.01 secs
21:16:10 - [DEBUG] - Starting to execute query SELECT _vid_, val_id, count(*) violations FROM   "soccer_nwcpk_175" as t1, "soccer_nwcpk_175" as t2, pos_values as t3 WHERE  t1._tid_ != t2._tid_   AND  t1._tid_ = t3._tid_   AND  t3.attribute = 'name'   AND  t1."birthplace"<>t2."birthplace"   AND  t3.rv_val = t2."name" GROUP BY _vid_, val_id with id 4
21:16:10 - [DEBUG] - Time to execute query with id 4: 0.00 secs
21:16:10 - [DEBUG] - Starting to execute query SELECT _vid_, val_id, count(*) violations FROM   "soccer_nwcpk_175" as t1, "soccer_nwcpk_175" as t2, pos_values as t3 WHERE  t1._tid_ != t2._tid_   AND  t1._tid_ = t3._tid_   AND  t3.attribute = 'birthplace'   AND  t1."name"=t2."name"   AND  t3.rv_val <> t2."birthplace" GROUP BY _vid_, val_id with id 5
21:16:13 - [DEBUG] - Time to execute query with id 5: 0.01 secs
21:16:13 - [DEBUG] - Starting to execute query SELECT _vid_, val_id, count(*) violations FROM   "soccer_nwcpk_175" as t1, "soccer_nwcpk_175" as t2, pos_values as t3 WHERE  t1._tid_ != t2._tid_   AND  t1._tid_ = t3._tid_   AND  t3.attribute = 'name'   AND  t1."season"=t2."season" AND t1."position"<>t2."position"   AND  t3.rv_val = t2."name" GROUP BY _vid_, val_id with id 6
21:16:14 - [DEBUG] - Time to execute query with id 6: 0.00 secs
21:16:14 - [DEBUG] - Starting to execute query SELECT _vid_, val_id, count(*) violations FROM   "soccer_nwcpk_175" as t1, "soccer_nwcpk_175" as t2, pos_values as t3 WHERE  t1._tid_ != t2._tid_   AND  t1._tid_ = t3._tid_   AND  t3.attribute = 'season'   AND  t1."name"=t2."name" AND t1."position"<>t2."position"   AND  t3.rv_val = t2."season" GROUP BY _vid_, val_id with id 7
21:16:14 - [DEBUG] - Time to execute query with id 7: 0.02 secs
21:16:14 - [DEBUG] - Starting to execute query SELECT _vid_, val_id, count(*) violations FROM   "soccer_nwcpk_175" as t1, "soccer_nwcpk_175" as t2, pos_values as t3 WHERE  t1._tid_ != t2._tid_   AND  t1._tid_ = t3._tid_   AND  t3.attribute = 'position'   AND  t1."name"=t2."name" AND t1."season"=t2."season"   AND  t3.rv_val <> t2."position" GROUP BY _vid_, val_id with id 8
21:16:31 - [DEBUG] - Time to execute query with id 8: 0.10 secs
21:16:31 - [DEBUG] - Starting to execute query SELECT _vid_, val_id, count(*) violations FROM   "soccer_nwcpk_175" as t1, "soccer_nwcpk_175" as t2, pos_values as t3 WHERE  t1._tid_ != t2._tid_   AND  t1._tid_ = t3._tid_   AND  t3.attribute = 'team'   AND  t1."city"=t2."city" AND t1."season"=t2."season" AND t1."stadium"<>t2."stadium"   AND  t3.rv_val = t2."team" GROUP BY _vid_, val_id with id 9
21:16:31 - [DEBUG] - Time to execute query with id 9: 0.00 secs
21:16:31 - [DEBUG] - Starting to execute query SELECT _vid_, val_id, count(*) violations FROM   "soccer_nwcpk_175" as t1, "soccer_nwcpk_175" as t2, pos_values as t3 WHERE  t1._tid_ != t2._tid_   AND  t1._tid_ = t3._tid_   AND  t3.attribute = 'city'   AND  t1."team"=t2."team" AND t1."season"=t2."season" AND t1."stadium"<>t2."stadium"   AND  t3.rv_val = t2."city" GROUP BY _vid_, val_id with id 10
21:16:31 - [DEBUG] - Time to execute query with id 10: 0.00 secs
21:16:31 - [DEBUG] - Starting to execute query SELECT _vid_, val_id, count(*) violations FROM   "soccer_nwcpk_175" as t1, "soccer_nwcpk_175" as t2, pos_values as t3 WHERE  t1._tid_ != t2._tid_   AND  t1._tid_ = t3._tid_   AND  t3.attribute = 'season'   AND  t1."team"=t2."team" AND t1."city"=t2."city" AND t1."stadium"<>t2."stadium"   AND  t3.rv_val = t2."season" GROUP BY _vid_, val_id with id 11
21:16:32 - [DEBUG] - Time to execute query with id 11: 0.00 secs
21:16:32 - [DEBUG] - Starting to execute query SELECT _vid_, val_id, count(*) violations FROM   "soccer_nwcpk_175" as t1, "soccer_nwcpk_175" as t2, pos_values as t3 WHERE  t1._tid_ != t2._tid_   AND  t1._tid_ = t3._tid_   AND  t3.attribute = 'stadium'   AND  t1."team"=t2."team" AND t1."city"=t2."city" AND t1."season"=t2."season"   AND  t3.rv_val <> t2."stadium" GROUP BY _vid_, val_id with id 12
21:16:36 - [DEBUG] - Time to execute query with id 12: 0.02 secs
21:16:36 - [DEBUG] - Starting to execute query SELECT _vid_, val_id, count(*) violations FROM   "soccer_nwcpk_175" as t1, "soccer_nwcpk_175" as t2, pos_values as t3 WHERE  t1._tid_ != t2._tid_   AND  t1._tid_ = t3._tid_   AND  t3.attribute = 'manager'   AND  t1."season"=t2."season" AND t1."team"<>t2."team"   AND  t3.rv_val = t2."manager" GROUP BY _vid_, val_id with id 13
21:16:36 - [DEBUG] - Time to execute query with id 13: 0.00 secs
21:16:36 - [DEBUG] - Starting to execute query SELECT _vid_, val_id, count(*) violations FROM   "soccer_nwcpk_175" as t1, "soccer_nwcpk_175" as t2, pos_values as t3 WHERE  t1._tid_ != t2._tid_   AND  t1._tid_ = t3._tid_   AND  t3.attribute = 'season'   AND  t1."manager"=t2."manager" AND t1."team"<>t2."team"   AND  t3.rv_val = t2."season" GROUP BY _vid_, val_id with id 14
21:16:36 - [DEBUG] - Time to execute query with id 14: 0.00 secs
21:16:36 - [DEBUG] - Starting to execute query SELECT _vid_, val_id, count(*) violations FROM   "soccer_nwcpk_175" as t1, "soccer_nwcpk_175" as t2, pos_values as t3 WHERE  t1._tid_ != t2._tid_   AND  t1._tid_ = t3._tid_   AND  t3.attribute = 'team'   AND  t1."manager"=t2."manager" AND t1."season"=t2."season"   AND  t3.rv_val <> t2."team" GROUP BY _vid_, val_id with id 15
21:16:41 - [DEBUG] - Time to execute query with id 15: 0.02 secs
21:16:41 - [DEBUG] - Time to execute 16 queries: 0.22 secs
21:16:45 - [DEBUG] - DONE featurization.
21:16:45 - [DEBUG] - generating weak labels...
21:16:45 - [DEBUG] - Time to execute query: 0.12 secs

  0%|          | 0/6111 [00:00<?, ?it/s]
 74%|███████▎  | 4502/6111 [00:00<00:00, 44778.87it/s]
100%|██████████| 6111/6111 [00:00<00:00, 46074.35it/s]
21:16:45 - [DEBUG] - DONE generating weak labels.
21:16:45 - [DEBUG] - generating mask...
21:16:45 - [DEBUG] - Time to execute query: 0.01 secs

  0%|          | 0/9967 [00:00<?, ?it/s]
 71%|███████   | 7073/9967 [00:00<00:00, 70725.85it/s]
100%|██████████| 9967/9967 [00:00<00:00, 70622.49it/s]
21:16:45 - [DEBUG] - DONE generating mask.
21:16:45 - [ INFO] - DONE setting up featurized dataset.
21:16:45 - [DEBUG] - Time to featurize data: 37.47 secs
21:16:45 - [ INFO] - DONE setting up repair model.
21:16:45 - [DEBUG] - Time to setup repair model: 37.47 secs
21:16:45 - [ INFO] - training with 6111 training examples (cells)

  0%|          | 0/10 [00:00<?, ?it/s]21:16:50 - [DEBUG] - Epoch 1, cost = 0.216010, acc = 99.07%

 10%|█         | 1/10 [00:05<00:45,  5.04s/it]21:16:55 - [DEBUG] - Epoch 2, cost = 0.170971, acc = 99.36%

 20%|██        | 2/10 [00:09<00:39,  4.96s/it]21:17:00 - [DEBUG] - Epoch 3, cost = 0.169740, acc = 99.36%

 30%|███       | 3/10 [00:14<00:34,  4.87s/it]21:17:04 - [DEBUG] - Epoch 4, cost = 0.169613, acc = 99.36%

 40%|████      | 4/10 [00:19<00:29,  4.85s/it]21:17:09 - [DEBUG] - Epoch 5, cost = 0.169596, acc = 99.36%

 50%|█████     | 5/10 [00:23<00:23,  4.80s/it]21:17:14 - [DEBUG] - Epoch 6, cost = 0.169594, acc = 99.36%

 60%|██████    | 6/10 [00:28<00:19,  4.75s/it]21:17:19 - [DEBUG] - Epoch 7, cost = 0.169594, acc = 99.36%

 70%|███████   | 7/10 [00:33<00:14,  4.77s/it]21:17:23 - [DEBUG] - Epoch 8, cost = 0.169594, acc = 99.36%

 80%|████████  | 8/10 [00:38<00:09,  4.80s/it]21:17:28 - [DEBUG] - Epoch 9, cost = 0.169594, acc = 99.36%

 90%|█████████ | 9/10 [00:43<00:04,  4.81s/it]21:17:33 - [DEBUG] - Epoch 10, cost = 0.169594, acc = 99.36%

100%|██████████| 10/10 [00:47<00:00,  4.82s/it]
21:17:33 - [ INFO] - DONE training repair model.
21:17:33 - [DEBUG] - Time to fit repair model: 63.82 secs
21:17:33 - [ INFO] - inferring on 9876 examples (cells)
21:17:34 - [DEBUG] - Time to execute query: 0.29 secs
21:17:37 - [DEBUG] - Time to create index: 0.00 secs
21:17:38 - [DEBUG] - Time to create index: 0.00 secs
21:17:38 - [ INFO] - DONE inferring repairs.
21:17:38 - [DEBUG] - Time to infer correct cell values: 6.49 secs
21:17:38 - [DEBUG] - Time to create table: 0.00 secs
21:17:38 - [DEBUG] - Time to create index: 0.00 secs
21:17:38 - [DEBUG] - Time to create index: 0.00 secs
21:17:38 - [ INFO] - DONE collecting the inferred values.
21:17:38 - [DEBUG] - Time to collect inferred values: 0.07 secs
21:17:39 - [ INFO] - DONE generating repaired dataset
21:17:39 - [DEBUG] - Time to store repaired dataset: 0.16 secs
21:17:39 - [ INFO] - featurizer InitAttrFeaturizer,size 10,max 1.0000,min 1.0000,avg 1.0000,abs_avg 1.0000,weights:
name 1.0
surname 1.0
birthyear 1.0
birthplace 1.0
position 1.0
team 1.0
city 1.0
stadium 1.0
season 1.0
manager 1.0
featurizer OccurAttrFeaturizer,size 100,max 0.8664,min -0.0583,avg 0.1936,abs_avg 0.2020,weights:
name X name 0.0
name X surname 0.181
name X birthyear 0.181
name X birthplace 0.179
name X position 0.181
name X team 0.178
name X city 0.184
name X stadium 0.182
name X season 0.184
name X manager 0.184
surname X name -0.045
surname X surname -0.0
surname X birthyear -0.046
surname X birthplace -0.058
surname X position -0.052
surname X team -0.044
surname X city -0.044
surname X stadium -0.044
surname X season -0.044
surname X manager -0.044
birthyear X name 0.278
birthyear X surname 0.317
birthyear X birthyear 0.0
birthyear X birthplace 0.866
birthyear X position 0.733
birthyear X team 0.339
birthyear X city 0.283
birthyear X stadium 0.328
birthyear X season 0.283
birthyear X manager 0.283
birthplace X name 0.151
birthplace X surname 0.215
birthplace X birthyear 0.665
birthplace X birthplace -0.0
birthplace X position 0.715
birthplace X team 0.229
birthplace X city 0.155
birthplace X stadium 0.215
birthplace X season 0.155
birthplace X manager 0.155
position X name 0.008
position X surname 0.008
position X birthyear 0.008
position X birthplace 0.008
position X position -0.0
position X team 0.008
position X city 0.008
position X stadium 0.008
position X season 0.008
position X manager 0.008
team X name 0.167
team X surname 0.154
team X birthyear 0.147
team X birthplace 0.088
team X position 0.335
team X team 0.0
team X city 0.338
team X stadium 0.31
team X season 0.338
team X manager 0.338
city X name 0.085
city X surname 0.09
city X birthyear 0.111
city X birthplace 0.141
city X position 0.384
city X team 0.374
city X city -0.0
city X stadium 0.382
city X season 0.392
city X manager 0.392
stadium X name 0.203
stadium X surname 0.203
stadium X birthyear 0.152
stadium X birthplace 0.165
stadium X position 0.373
stadium X team 0.35
stadium X city 0.419
stadium X stadium 0.0
stadium X season 0.419
stadium X manager 0.419
season X name 0.079
season X surname 0.083
season X birthyear 0.102
season X birthplace 0.129
season X position 0.344
season X team 0.336
season X city 0.351
season X stadium 0.343
season X season -0.0
season X manager 0.351
manager X name 0.084
manager X surname 0.089
manager X birthyear 0.11
manager X birthplace 0.138
manager X position 0.38
manager X team 0.372
manager X city 0.388
manager X stadium 0.378
manager X season 0.388
manager X manager -0.0
featurizer FreqFeaturizer,size 10,max 0.2759,min -0.0770,avg 0.1140,abs_avg 0.1294,weights:
name 0.182
surname -0.077
birthyear 0.276
birthplace 0.15
position 0.0
team 0.163
city 0.084
stadium 0.2
season 0.078
manager 0.083
featurizer ConstraintFeaturizer,size 16,max 0.3871,min -0.1164,avg 0.1333,abs_avg 0.1817,weights:
fixed pred: t1."surname"<>t2."surname", violation pred: t1."name"=t2."name" 0.152
fixed pred: t1."name"=t2."name", violation pred: t1."surname"<>t2."surname" 0.022
fixed pred: t1."birthyear"<>t2."birthyear", violation pred: t1."name"=t2."name" 0.183
fixed pred: t1."name"=t2."name", violation pred: t1."birthyear"<>t2."birthyear" -0.116
fixed pred: t1."birthplace"<>t2."birthplace", violation pred: t1."name"=t2."name" 0.183
fixed pred: t1."name"=t2."name", violation pred: t1."birthplace"<>t2."birthplace" -0.06
fixed pred: t1."season"=t2."season" AND t1."position"<>t2."position", violation pred: t1."name"=t2."name" 0.184
fixed pred: t1."name"=t2."name" AND t1."position"<>t2."position", violation pred: t1."season"=t2."season" -0.042
fixed pred: t1."name"=t2."name" AND t1."season"=t2."season", violation pred: t1."position"<>t2."position" -0.001
fixed pred: t1."city"=t2."city" AND t1."season"=t2."season" AND t1."stadium"<>t2."stadium", violation pred: t1."team"=t2."team" 0.35
fixed pred: t1."team"=t2."team" AND t1."season"=t2."season" AND t1."stadium"<>t2."stadium", violation pred: t1."city"=t2."city" 0.373
fixed pred: t1."team"=t2."team" AND t1."city"=t2."city" AND t1."stadium"<>t2."stadium", violation pred: t1."season"=t2."season" 0.335
fixed pred: t1."team"=t2."team" AND t1."city"=t2."city" AND t1."season"=t2."season", violation pred: t1."stadium"<>t2."stadium" -0.091
fixed pred: t1."season"=t2."season" AND t1."team"<>t2."team", violation pred: t1."manager"=t2."manager" 0.387
fixed pred: t1."manager"=t2."manager" AND t1."team"<>t2."team", violation pred: t1."season"=t2."season" 0.35
fixed pred: t1."manager"=t2."manager" AND t1."season"=t2."season", violation pred: t1."team"<>t2."team" -0.077

21:17:39 - [DEBUG] - Time to store featurizer weights: 0.00 secs
21:17:40 - [DEBUG] - Time to create index: 0.00 secs
21:17:40 - [DEBUG] - Time to create index: 0.00 secs
21:17:40 - [ INFO] - DONE Loading subset_clean_index_1k_holoclean.csv
21:17:40 - [DEBUG] - Time to evaluate repairs: 0.52 secs
21:17:40 - [DEBUG] - Time to execute query: 0.00 secs
21:17:40 - [DEBUG] - Time to execute query: 0.00 secs
21:17:40 - [DEBUG] - Preparing to execute 10 queries.
21:17:40 - [DEBUG] - Starting to execute query SELECT count(*) FROM  "soccer_nwcpk_175" as t1, "soccer_nwcpk_175_clean" as t2 WHERE t1._tid_ = t2._tid_   AND t2._attribute_ = 'name'   AND t1."name" != t2._value_ with id 0
21:17:40 - [DEBUG] - Time to execute query with id 0: 0.00 secs
21:17:40 - [DEBUG] - Starting to execute query SELECT count(*) FROM  "soccer_nwcpk_175" as t1, "soccer_nwcpk_175_clean" as t2 WHERE t1._tid_ = t2._tid_   AND t2._attribute_ = 'surname'   AND t1."surname" != t2._value_ with id 1
21:17:40 - [DEBUG] - Time to execute query with id 1: 0.00 secs
21:17:40 - [DEBUG] - Starting to execute query SELECT count(*) FROM  "soccer_nwcpk_175" as t1, "soccer_nwcpk_175_clean" as t2 WHERE t1._tid_ = t2._tid_   AND t2._attribute_ = 'birthyear'   AND t1."birthyear" != t2._value_ with id 2
21:17:40 - [DEBUG] - Time to execute query with id 2: 0.00 secs
21:17:40 - [DEBUG] - Starting to execute query SELECT count(*) FROM  "soccer_nwcpk_175" as t1, "soccer_nwcpk_175_clean" as t2 WHERE t1._tid_ = t2._tid_   AND t2._attribute_ = 'birthplace'   AND t1."birthplace" != t2._value_ with id 3
21:17:40 - [DEBUG] - Time to execute query with id 3: 0.00 secs
21:17:40 - [DEBUG] - Starting to execute query SELECT count(*) FROM  "soccer_nwcpk_175" as t1, "soccer_nwcpk_175_clean" as t2 WHERE t1._tid_ = t2._tid_   AND t2._attribute_ = 'position'   AND t1."position" != t2._value_ with id 4
21:17:40 - [DEBUG] - Time to execute query with id 4: 0.00 secs
21:17:40 - [DEBUG] - Starting to execute query SELECT count(*) FROM  "soccer_nwcpk_175" as t1, "soccer_nwcpk_175_clean" as t2 WHERE t1._tid_ = t2._tid_   AND t2._attribute_ = 'team'   AND t1."team" != t2._value_ with id 5
21:17:40 - [DEBUG] - Time to execute query with id 5: 0.00 secs
21:17:40 - [DEBUG] - Starting to execute query SELECT count(*) FROM  "soccer_nwcpk_175" as t1, "soccer_nwcpk_175_clean" as t2 WHERE t1._tid_ = t2._tid_   AND t2._attribute_ = 'city'   AND t1."city" != t2._value_ with id 6
21:17:40 - [DEBUG] - Time to execute query with id 6: 0.00 secs
21:17:40 - [DEBUG] - Starting to execute query SELECT count(*) FROM  "soccer_nwcpk_175" as t1, "soccer_nwcpk_175_clean" as t2 WHERE t1._tid_ = t2._tid_   AND t2._attribute_ = 'stadium'   AND t1."stadium" != t2._value_ with id 7
21:17:40 - [DEBUG] - Time to execute query with id 7: 0.00 secs
21:17:40 - [DEBUG] - Starting to execute query SELECT count(*) FROM  "soccer_nwcpk_175" as t1, "soccer_nwcpk_175_clean" as t2 WHERE t1._tid_ = t2._tid_   AND t2._attribute_ = 'season'   AND t1."season" != t2._value_ with id 8
21:17:40 - [DEBUG] - Time to execute query with id 8: 0.00 secs
21:17:40 - [DEBUG] - Starting to execute query SELECT count(*) FROM  "soccer_nwcpk_175" as t1, "soccer_nwcpk_175_clean" as t2 WHERE t1._tid_ = t2._tid_   AND t2._attribute_ = 'manager'   AND t1."manager" != t2._value_ with id 9
21:17:40 - [DEBUG] - Time to execute query with id 9: 0.00 secs
21:17:40 - [DEBUG] - Time to execute 10 queries: 0.01 secs
21:17:40 - [DEBUG] - Time to execute query: 0.00 secs
21:17:40 - [DEBUG] - Preparing to execute 10 queries.
21:17:40 - [DEBUG] - Starting to execute query SELECT COUNT(*) FROM   (SELECT t2._tid_, t2._attribute_, t2._value_      FROM "soccer_nwcpk_175" as t1, "soccer_nwcpk_175_clean" as t2     WHERE t1._tid_ = t2._tid_       AND t2._attribute_ = 'name'       AND t1."name" != t2._value_ ) as errors, inf_values_dom as repairs WHERE errors._tid_ = repairs._tid_   AND errors._attribute_ = repairs.attribute   AND errors._value_ = repairs.rv_value with id 0
21:17:40 - [DEBUG] - Time to execute query with id 0: 0.00 secs
21:17:40 - [DEBUG] - Starting to execute query SELECT COUNT(*) FROM   (SELECT t2._tid_, t2._attribute_, t2._value_      FROM "soccer_nwcpk_175" as t1, "soccer_nwcpk_175_clean" as t2     WHERE t1._tid_ = t2._tid_       AND t2._attribute_ = 'surname'       AND t1."surname" != t2._value_ ) as errors, inf_values_dom as repairs WHERE errors._tid_ = repairs._tid_   AND errors._attribute_ = repairs.attribute   AND errors._value_ = repairs.rv_value with id 1
21:17:40 - [DEBUG] - Time to execute query with id 1: 0.00 secs
21:17:40 - [DEBUG] - Starting to execute query SELECT COUNT(*) FROM   (SELECT t2._tid_, t2._attribute_, t2._value_      FROM "soccer_nwcpk_175" as t1, "soccer_nwcpk_175_clean" as t2     WHERE t1._tid_ = t2._tid_       AND t2._attribute_ = 'birthyear'       AND t1."birthyear" != t2._value_ ) as errors, inf_values_dom as repairs WHERE errors._tid_ = repairs._tid_   AND errors._attribute_ = repairs.attribute   AND errors._value_ = repairs.rv_value with id 2
21:17:40 - [DEBUG] - Time to execute query with id 2: 0.00 secs
21:17:40 - [DEBUG] - Starting to execute query SELECT COUNT(*) FROM   (SELECT t2._tid_, t2._attribute_, t2._value_      FROM "soccer_nwcpk_175" as t1, "soccer_nwcpk_175_clean" as t2     WHERE t1._tid_ = t2._tid_       AND t2._attribute_ = 'birthplace'       AND t1."birthplace" != t2._value_ ) as errors, inf_values_dom as repairs WHERE errors._tid_ = repairs._tid_   AND errors._attribute_ = repairs.attribute   AND errors._value_ = repairs.rv_value with id 3
21:17:40 - [DEBUG] - Time to execute query with id 3: 0.00 secs
21:17:40 - [DEBUG] - Starting to execute query SELECT COUNT(*) FROM   (SELECT t2._tid_, t2._attribute_, t2._value_      FROM "soccer_nwcpk_175" as t1, "soccer_nwcpk_175_clean" as t2     WHERE t1._tid_ = t2._tid_       AND t2._attribute_ = 'position'       AND t1."position" != t2._value_ ) as errors, inf_values_dom as repairs WHERE errors._tid_ = repairs._tid_   AND errors._attribute_ = repairs.attribute   AND errors._value_ = repairs.rv_value with id 4
21:17:40 - [DEBUG] - Time to execute query with id 4: 0.00 secs
21:17:40 - [DEBUG] - Starting to execute query SELECT COUNT(*) FROM   (SELECT t2._tid_, t2._attribute_, t2._value_      FROM "soccer_nwcpk_175" as t1, "soccer_nwcpk_175_clean" as t2     WHERE t1._tid_ = t2._tid_       AND t2._attribute_ = 'team'       AND t1."team" != t2._value_ ) as errors, inf_values_dom as repairs WHERE errors._tid_ = repairs._tid_   AND errors._attribute_ = repairs.attribute   AND errors._value_ = repairs.rv_value with id 5
21:17:40 - [DEBUG] - Time to execute query with id 5: 0.00 secs
21:17:40 - [DEBUG] - Starting to execute query SELECT COUNT(*) FROM   (SELECT t2._tid_, t2._attribute_, t2._value_      FROM "soccer_nwcpk_175" as t1, "soccer_nwcpk_175_clean" as t2     WHERE t1._tid_ = t2._tid_       AND t2._attribute_ = 'city'       AND t1."city" != t2._value_ ) as errors, inf_values_dom as repairs WHERE errors._tid_ = repairs._tid_   AND errors._attribute_ = repairs.attribute   AND errors._value_ = repairs.rv_value with id 6
21:17:40 - [DEBUG] - Time to execute query with id 6: 0.00 secs
21:17:40 - [DEBUG] - Starting to execute query SELECT COUNT(*) FROM   (SELECT t2._tid_, t2._attribute_, t2._value_      FROM "soccer_nwcpk_175" as t1, "soccer_nwcpk_175_clean" as t2     WHERE t1._tid_ = t2._tid_       AND t2._attribute_ = 'stadium'       AND t1."stadium" != t2._value_ ) as errors, inf_values_dom as repairs WHERE errors._tid_ = repairs._tid_   AND errors._attribute_ = repairs.attribute   AND errors._value_ = repairs.rv_value with id 7
21:17:40 - [DEBUG] - Time to execute query with id 7: 0.00 secs
21:17:40 - [DEBUG] - Starting to execute query SELECT COUNT(*) FROM   (SELECT t2._tid_, t2._attribute_, t2._value_      FROM "soccer_nwcpk_175" as t1, "soccer_nwcpk_175_clean" as t2     WHERE t1._tid_ = t2._tid_       AND t2._attribute_ = 'season'       AND t1."season" != t2._value_ ) as errors, inf_values_dom as repairs WHERE errors._tid_ = repairs._tid_   AND errors._attribute_ = repairs.attribute   AND errors._value_ = repairs.rv_value with id 8
21:17:40 - [DEBUG] - Time to execute query with id 8: 0.00 secs
21:17:40 - [DEBUG] - Starting to execute query SELECT COUNT(*) FROM   (SELECT t2._tid_, t2._attribute_, t2._value_      FROM "soccer_nwcpk_175" as t1, "soccer_nwcpk_175_clean" as t2     WHERE t1._tid_ = t2._tid_       AND t2._attribute_ = 'manager'       AND t1."manager" != t2._value_ ) as errors, inf_values_dom as repairs WHERE errors._tid_ = repairs._tid_   AND errors._attribute_ = repairs.attribute   AND errors._value_ = repairs.rv_value with id 9
21:17:40 - [DEBUG] - Time to execute query with id 9: 0.00 secs
21:17:40 - [DEBUG] - Time to execute 10 queries: 0.01 secs
21:17:44 - [DEBUG] - Time to execute query: 0.00 secs
21:17:44 - [DEBUG] - weak label statistics:
21:17:44 - [DEBUG] -     is_clean  cell_status  is_inferred  init = grdth init = inferred  \
0   False     0            True         False         False            
1   False     0            True         False         False            
2   False     0            True         False         True             
3   False     0            True         True          True             
4   False     1            True         False         False            
5   False     1            True         False         False            
6   False     1            True         False         True             
7   False     1            True         True          True             
8   False     2            True         False         True             
9   False     2            True         True          True             
10  True      0            False        True          None             
11  True      2            False        True          None             

    w. label = init  w. label = grdth w. label = inferred infer = grdth  count  
0   True             False             False               False         15     
1   True             False             False               True          11     
2   True             False             True                False         421    
3   True             True              True                True          3409   
4   False            True              False               False         4      
5   False            True              True                True          58     
6   False            True              False               False         8      
7   False            False             False               True          27     
8   True             False             True                False         1935   
9   True             True              True                True          3988   
10  True             True              None                None          31     
11  True             True              None                None          60     
21:17:44 - [ INFO] - Precision = 0.78, Recall = 0.03, Repairing Recall = 0.03, F1 = 0.05, Repairing F1 = 0.05, Detected Errors = 2452, Total Errors = 2485, Correct Repairs = 69, Total Repairs = 88, Total Repairs on correct cells (Grdth present) = 0, Total Repairs on incorrect cells (Grdth present) = 88
21:17:44 - [DEBUG] - Time to generate report: 0.05 secs
21:17:44 - [DEBUG] - Time to execute query: 0.01 secs
21:17:44 - [ INFO] - 清洗后的数据已成功保存到 results/holoclean/nwcpk/6_soccer_nwcpk_175/6_soccer_nwcpk_175_repaired.csv
没有指定错误比例，仅进行原数据集的空值替换，不添加错误
已将注入错误的文件保存到: Data/6_soccer/subset_soccer_1k/subset_clean_index_1k_ori_empty.csv
没有指定错误比例，仅进行原数据集的空值替换，不添加错误
已将注入错误的文件保存到: Data/6_soccer/subset_soccer_1k/noise_with_correct_primary_key/dirty_mixed_1.75/dirty_soccer_mix_1.75_ori_empty.csv
Running Holoclean with modified dirty file: Data/6_soccer/subset_soccer_1k/noise_with_correct_primary_key/dirty_mixed_1.75/dirty_soccer_mix_1.75_holoclean.csv
转换完成，结果已保存到 Data/6_soccer/subset_soccer_1k/subset_clean_index_1k_holoclean.csv
Results saved to results/holoclean/nwcpk/6_soccer_nwcpk_175/6_soccer_nwcpk_175_repaired.csv
Holoclean finished in 138.0966236591339 seconds.
测评性能开始：
没有指定错误比例，仅进行原数据集的空值替换，不添加错误
已将注入错误的文件保存到: results/holoclean/nwcpk/6_soccer_nwcpk_175/6_soccer_nwcpk_175_repaired_ori_empty.csv
差异文件已保存到:
results/holoclean/nwcpk/6_soccer_nwcpk_175/6_soccer_nwcpk_175_clean_vs_dirty.csv
results/holoclean/nwcpk/6_soccer_nwcpk_175/6_soccer_nwcpk_175_dirty_vs_cleaned.csv
results/holoclean/nwcpk/6_soccer_nwcpk_175/6_soccer_nwcpk_175_clean_vs_cleaned.csv
修复错误数据文件已保存到: results/holoclean/nwcpk/6_soccer_nwcpk_175/6_soccer_nwcpk_175_repair_errors.csv
未修复但是应该修复数据文件已保存到: results/holoclean/nwcpk/6_soccer_nwcpk_175/6_soccer_nwcpk_175_unrepaired.csv
修复准确率: 0.7840909090909091, 修复召回率: 0.027766599597585512, F1值: 0.05363389039370459
========================================
EDR 结果已保存到: results/holoclean/nwcpk/6_soccer_nwcpk_175/6_soccer_nwcpk_175_edr_evaluation.txt
错误减少率 (EDR): 0.027766599597585512
========================================
混合距离结果已保存到: results/holoclean/nwcpk/6_soccer_nwcpk_175/6_soccer_nwcpk_175_hybrid_distance_evaluation.txt
混合距离 (Hybrid Distance): 0.22539305050375022
========================================
R-EDR 结果已保存到: results/holoclean/nwcpk/6_soccer_nwcpk_175/6_soccer_nwcpk_175_record_based_edr_evaluation.txt
基于条目的错误减少率 (R-EDR): 0.0010070493454179255
========================================
测试结果:
Accuracy: 0.7840909090909091
Recall: 0.027766599597585512
F1 Score: 0.05363389039370459
EDR: 0.027766599597585512
Hybrid Distance: 0.22539305050375022
R-EDR: 0.0010070493454179255
Time: 138.0966236591339
Speed: 13.809662365913391 seconds/100 records
测评结束，详细测评日志见：results/holoclean/nwcpk/6_soccer_nwcpk_175
