21:10:49 - [DEBUG] - initiating session with parameters: {'db_user': 'datacleanuser', 'db_pwd': 'abcd1234', 'db_host': 'localhost', 'db_name': 'holo', 'threads': 1, 'timeout': 180000, 'seed': 45, 'learning_rate': 0.001, 'optimizer': 'adam', 'epochs': 10, 'weight_decay': 0.01, 'momentum': 0.0, 'batch_size': 1, 'weak_label_thresh': 0.99, 'domain_thresh_1': 0, 'domain_thresh_2': 0, 'max_domain': 10000, 'cor_strength': 0.6, 'nb_cor_strength': 0.8, 'feature_norm': False, 'weight_norm': False, 'estimator_epochs': 3, 'estimator_batch_size': 32, 'verbose': True, 'bias': False, 'print_fw': True, 'debug_mode': False}
21:10:49 - [ INFO] - Loaded 1000 rows with 11000 cells
21:10:50 - [DEBUG] - Time to create index: 0.00 secs
21:10:50 - [DEBUG] - Time to create index: 0.00 secs
21:10:50 - [DEBUG] - Time to create index: 0.00 secs
21:10:50 - [DEBUG] - Time to create index: 0.00 secs
21:10:50 - [DEBUG] - Time to create index: 0.00 secs
21:10:50 - [DEBUG] - Time to create index: 0.00 secs
21:10:50 - [DEBUG] - Time to create index: 0.00 secs
21:10:50 - [DEBUG] - Time to create index: 0.00 secs
21:10:50 - [DEBUG] - Time to create index: 0.00 secs
21:10:50 - [DEBUG] - Time to create index: 0.00 secs
21:10:50 - [ INFO] - DONE Loading dirty_soccer_mix_1.25_holoclean.csv
21:10:50 - [DEBUG] - Time to load dataset: 0.15 secs
21:10:50 - [DEBUG] - OPENED constraints file successfully
21:10:50 - [DEBUG] - DONE pre-processing constraint: t1&t2&EQ(t1.name,t2.name)&IQ(t1.surname,t2.surname)
21:10:50 - [DEBUG] - DONE extracting tuples from constraint: t1&t2&EQ(t1.name,t2.name)&IQ(t1.surname,t2.surname)
21:10:50 - [DEBUG] - DONE parsing predicate: EQ(t1.name,t2.name)
21:10:50 - [DEBUG] - DONE parsing predicate: IQ(t1.surname,t2.surname)
21:10:50 - [DEBUG] - DONE pre-processing constraint: t1&t2&EQ(t1.name,t2.name)&IQ(t1.birthyear,t2.birthyear)
21:10:50 - [DEBUG] - DONE extracting tuples from constraint: t1&t2&EQ(t1.name,t2.name)&IQ(t1.birthyear,t2.birthyear)
21:10:50 - [DEBUG] - DONE parsing predicate: EQ(t1.name,t2.name)
21:10:50 - [DEBUG] - DONE parsing predicate: IQ(t1.birthyear,t2.birthyear)
21:10:50 - [DEBUG] - DONE pre-processing constraint: t1&t2&EQ(t1.name,t2.name)&IQ(t1.birthplace,t2.birthplace)
21:10:50 - [DEBUG] - DONE extracting tuples from constraint: t1&t2&EQ(t1.name,t2.name)&IQ(t1.birthplace,t2.birthplace)
21:10:50 - [DEBUG] - DONE parsing predicate: EQ(t1.name,t2.name)
21:10:50 - [DEBUG] - DONE parsing predicate: IQ(t1.birthplace,t2.birthplace)
21:10:50 - [DEBUG] - DONE pre-processing constraint: t1&t2&EQ(t1.name,t2.name)&EQ(t1.season,t2.season)&IQ(t1.position,t2.position)
21:10:50 - [DEBUG] - DONE extracting tuples from constraint: t1&t2&EQ(t1.name,t2.name)&EQ(t1.season,t2.season)&IQ(t1.position,t2.position)
21:10:50 - [DEBUG] - DONE parsing predicate: EQ(t1.name,t2.name)
21:10:50 - [DEBUG] - DONE parsing predicate: EQ(t1.season,t2.season)
21:10:50 - [DEBUG] - DONE parsing predicate: IQ(t1.position,t2.position)
21:10:50 - [DEBUG] - DONE pre-processing constraint: t1&t2&EQ(t1.team,t2.team)&EQ(t1.city,t2.city)&EQ(t1.season,t2.season)&IQ(t1.stadium,t2.stadium)
21:10:50 - [DEBUG] - DONE extracting tuples from constraint: t1&t2&EQ(t1.team,t2.team)&EQ(t1.city,t2.city)&EQ(t1.season,t2.season)&IQ(t1.stadium,t2.stadium)
21:10:50 - [DEBUG] - DONE parsing predicate: EQ(t1.team,t2.team)
21:10:50 - [DEBUG] - DONE parsing predicate: EQ(t1.city,t2.city)
21:10:50 - [DEBUG] - DONE parsing predicate: EQ(t1.season,t2.season)
21:10:50 - [DEBUG] - DONE parsing predicate: IQ(t1.stadium,t2.stadium)
21:10:50 - [DEBUG] - DONE pre-processing constraint: t1&t2&EQ(t1.manager,t2.manager)&EQ(t1.season,t2.season)&IQ(t1.team,t2.team)
21:10:50 - [DEBUG] - DONE extracting tuples from constraint: t1&t2&EQ(t1.manager,t2.manager)&EQ(t1.season,t2.season)&IQ(t1.team,t2.team)
21:10:50 - [DEBUG] - DONE parsing predicate: EQ(t1.manager,t2.manager)
21:10:50 - [DEBUG] - DONE parsing predicate: EQ(t1.season,t2.season)
21:10:50 - [DEBUG] - DONE parsing predicate: IQ(t1.team,t2.team)
21:10:50 - [ INFO] - DONE Loading DCs from dc_rules_holoclean.txt
21:10:50 - [DEBUG] - Time to load dirty data: 0.00 secs
21:10:50 - [DEBUG] - DONE with Error Detector: NullDetector in 0.03 secs
21:10:50 - [DEBUG] - Preparing to execute 6 queries.
21:10:50 - [DEBUG] - Starting to execute query SELECT t1._tid_ FROM "soccer_nwcpk_125" as t1 WHERE   EXISTS (SELECT t2._tid_ FROM "soccer_nwcpk_125" as t2 WHERE t1."name"=t2."name" AND t1."surname"<>t2."surname") with id 0
21:10:50 - [DEBUG] - Time to execute query with id 0: 0.00 secs
21:10:50 - [DEBUG] - Starting to execute query SELECT t1._tid_ FROM "soccer_nwcpk_125" as t1 WHERE   EXISTS (SELECT t2._tid_ FROM "soccer_nwcpk_125" as t2 WHERE t1."name"=t2."name" AND t1."birthyear"<>t2."birthyear") with id 1
21:10:50 - [DEBUG] - Time to execute query with id 1: 0.00 secs
21:10:50 - [DEBUG] - Starting to execute query SELECT t1._tid_ FROM "soccer_nwcpk_125" as t1 WHERE   EXISTS (SELECT t2._tid_ FROM "soccer_nwcpk_125" as t2 WHERE t1."name"=t2."name" AND t1."birthplace"<>t2."birthplace") with id 2
21:10:50 - [DEBUG] - Time to execute query with id 2: 0.00 secs
21:10:50 - [DEBUG] - Starting to execute query SELECT t1._tid_ FROM "soccer_nwcpk_125" as t1 WHERE   EXISTS (SELECT t2._tid_ FROM "soccer_nwcpk_125" as t2 WHERE t1."name"=t2."name" AND t1."season"=t2."season" AND t1."position"<>t2."position") with id 3
21:10:50 - [DEBUG] - Time to execute query with id 3: 0.00 secs
21:10:50 - [DEBUG] - Starting to execute query SELECT t1._tid_ FROM "soccer_nwcpk_125" as t1 WHERE   EXISTS (SELECT t2._tid_ FROM "soccer_nwcpk_125" as t2 WHERE t1."team"=t2."team" AND t1."city"=t2."city" AND t1."season"=t2."season" AND t1."stadium"<>t2."stadium") with id 4
21:10:50 - [DEBUG] - Time to execute query with id 4: 0.00 secs
21:10:50 - [DEBUG] - Starting to execute query SELECT t1._tid_ FROM "soccer_nwcpk_125" as t1 WHERE   EXISTS (SELECT t2._tid_ FROM "soccer_nwcpk_125" as t2 WHERE t1."manager"=t2."manager" AND t1."season"=t2."season" AND t1."team"<>t2."team") with id 5
21:10:50 - [DEBUG] - Time to execute query with id 5: 0.00 secs
21:10:50 - [DEBUG] - Time to execute 6 queries: 0.01 secs
21:10:50 - [DEBUG] - DONE with Error Detector: ViolationDetector in 0.09 secs
21:10:50 - [ INFO] - detected 9928 potentially erroneous cells
21:10:51 - [DEBUG] - Time to create index: 0.00 secs
21:10:51 - [ INFO] - DONE with error detection.
21:10:51 - [DEBUG] - Time to detect errors: 0.87 secs
21:10:53 - [DEBUG] - Time to execute query: 0.00 secs
21:10:53 - [DEBUG] - computing frequency and co-occurrence statistics from raw data...
21:10:53 - [DEBUG] - Collecting single/pair-wise statistics...
21:10:54 - [DEBUG] - DONE computing statistics in 1.13s
21:10:54 - [DEBUG] - preparing pruned co-occurring statistics...

  0%|          | 0/10 [00:00<?, ?it/s]
100%|██████████| 10/10 [00:00<00:00, 866.25it/s]
21:10:54 - [DEBUG] - DONE with pruned co-occurring statistics in 0.01 secs
21:10:54 - [DEBUG] - generating initial set of un-pruned domain values...

  0%|          | 0/1000 [00:00<?, ?it/s]
  7%|▋         | 71/1000 [00:00<00:01, 706.16it/s]
 14%|█▍        | 145/1000 [00:00<00:01, 714.50it/s]
 22%|██▏       | 217/1000 [00:00<00:01, 715.91it/s]
 29%|██▊       | 287/1000 [00:00<00:01, 709.26it/s]
 36%|███▌      | 358/1000 [00:00<00:00, 707.84it/s]
 43%|████▎     | 428/1000 [00:00<00:00, 705.34it/s]
 50%|████▉     | 498/1000 [00:00<00:00, 700.17it/s]
 57%|█████▋    | 568/1000 [00:00<00:00, 697.90it/s]
 64%|██████▍   | 639/1000 [00:00<00:00, 699.19it/s]
 71%|███████   | 710/1000 [00:01<00:00, 701.01it/s]
 78%|███████▊  | 782/1000 [00:01<00:00, 704.24it/s]
 85%|████████▌ | 854/1000 [00:01<00:00, 707.38it/s]
 92%|█████████▎| 925/1000 [00:01<00:00, 708.05it/s]
100%|█████████▉| 996/1000 [00:01<00:00, 702.81it/s]
100%|██████████| 1000/1000 [00:01<00:00, 705.30it/s]
21:10:55 - [DEBUG] - DONE generating initial set of domain values in 1.52
21:10:55 - [DEBUG] - training posterior model for estimating domain value probabilities...
21:10:55 - [DEBUG] - DONE training posterior model in 0.01s
21:10:55 - [DEBUG] - predicting domain value probabilities from posterior model...
21:10:55 - [DEBUG] - DONE predictions in 0.00 secs, re-constructing cell domain...
21:10:55 - [DEBUG] - re-assembling final cell domain table...

0it [00:00, ?it/s]

  0%|          | 0/9975 [00:00<?, ?it/s][A
535it [00:00, 5339.54it/s]

  6%|▋         | 629/9975 [00:00<00:01, 6271.63it/s][A
1163it [00:00, 5589.21it/s]

 13%|█▎        | 1256/9975 [00:00<00:01, 6269.98it/s][A
1791it [00:00, 5773.99it/s]

 19%|█▉        | 1881/9975 [00:00<00:01, 6261.01it/s][A
2430it [00:00, 5942.11it/s]

 25%|██▌       | 2533/9975 [00:00<00:01, 6334.53it/s][A
3061it [00:00, 6045.27it/s]

 32%|███▏      | 3152/9975 [00:00<00:01, 6290.37it/s][A
3689it [00:00, 6110.15it/s]

 38%|███▊      | 3779/9975 [00:00<00:00, 6278.11it/s][A
4316it [00:00, 6157.22it/s]

 44%|████▍     | 4411/9975 [00:00<00:00, 6286.57it/s][A
4938it [00:00, 6172.34it/s]

 50%|█████     | 5031/9975 [00:00<00:00, 6251.66it/s][A
5559it [00:00, 6178.38it/s]

 57%|█████▋    | 5653/9975 [00:00<00:00, 6241.98it/s][A
6185it [00:01, 6201.35it/s]

 63%|██████▎   | 6279/9975 [00:01<00:00, 6241.26it/s][A
6822it [00:01, 6250.79it/s]

 69%|██████▉   | 6916/9975 [00:01<00:00, 6274.67it/s][A
7465it [00:01, 6297.74it/s]

 76%|███████▌  | 7563/9975 [00:01<00:00, 6331.34it/s][A
8090it [00:01, 6279.02it/s]

 82%|████████▏ | 8188/9975 [00:01<00:00, 6296.31it/s][A
8718it [00:01, 6278.03it/s]

 88%|████████▊ | 8812/9975 [00:01<00:00, 6273.12it/s][A
9348it [00:01, 6279.09it/s]

 95%|█████████▍| 9446/9975 [00:01<00:00, 6288.20it/s][A
9974it [00:01, 6031.16it/s]

100%|██████████| 9975/9975 [00:01<00:00, 6227.14it/s][A
9975it [00:01, 6085.81it/s]
21:10:58 - [DEBUG] - DONE assembling cell domain table in 2.23s
21:10:58 - [ INFO] - number of (additional) weak labels assigned from posterior model: 53
21:10:58 - [DEBUG] - DONE generating domain and weak labels
21:10:59 - [DEBUG] - Time to create index: 0.00 secs
21:10:59 - [DEBUG] - Time to create index: 0.00 secs
21:10:59 - [DEBUG] - Time to create index: 0.00 secs
21:11:00 - [DEBUG] - Time to create table: 0.00 secs
21:11:01 - [DEBUG] - Time to create index: 0.00 secs
21:11:01 - [ INFO] - DONE with domain preparation.
21:11:01 - [DEBUG] - Time to setup the domain: 10.07 secs
21:11:01 - [DEBUG] - Time to execute query: 0.00 secs
21:11:01 - [DEBUG] - Time to execute query: 0.00 secs
21:11:01 - [DEBUG] - Time to execute query: 0.00 secs
21:11:01 - [DEBUG] - Time to execute query: 0.00 secs
21:11:01 - [DEBUG] - Time to execute query: 0.00 secs
21:11:01 - [DEBUG] - featurizing training data...
21:11:01 - [DEBUG] - Time to execute query: 0.02 secs

  0%|          | 0/9975 [00:00<?, ?it/s]
  1%|          | 78/9975 [00:00<00:12, 773.07it/s]
  1%|▏         | 147/9975 [00:00<00:13, 743.83it/s]
  2%|▏         | 205/9975 [00:00<00:14, 682.57it/s]
  3%|▎         | 268/9975 [00:00<00:14, 664.42it/s]
  3%|▎         | 329/9975 [00:00<00:14, 646.38it/s]
  4%|▍         | 395/9975 [00:00<00:15, 627.13it/s]
  5%|▍         | 458/9975 [00:00<00:15, 627.60it/s]
  5%|▌         | 525/9975 [00:00<00:15, 620.43it/s]
  6%|▌         | 588/9975 [00:00<00:15, 622.60it/s]
  7%|▋         | 661/9975 [00:01<00:14, 651.15it/s]
  7%|▋         | 735/9975 [00:01<00:14, 657.87it/s]
  8%|▊         | 800/9975 [00:01<00:14, 638.22it/s]
  9%|▊         | 865/9975 [00:01<00:14, 619.88it/s]
  9%|▉         | 930/9975 [00:01<00:14, 627.79it/s]
 10%|█         | 1008/9975 [00:01<00:13, 665.39it/s]
 11%|█         | 1075/9975 [00:01<00:13, 666.31it/s]
 11%|█▏        | 1142/9975 [00:01<00:13, 641.52it/s]
 12%|█▏        | 1218/9975 [00:01<00:13, 672.02it/s]
 13%|█▎        | 1286/9975 [00:01<00:13, 654.05it/s]
 14%|█▎        | 1352/9975 [00:02<00:13, 638.88it/s]
 14%|█▍        | 1432/9975 [00:02<00:12, 659.94it/s]
 15%|█▌        | 1502/9975 [00:02<00:12, 662.52it/s]
 16%|█▌        | 1569/9975 [00:02<00:12, 664.31it/s]
 16%|█▋        | 1636/9975 [00:02<00:13, 631.98it/s]
 17%|█▋        | 1704/9975 [00:02<00:12, 643.61it/s]
 18%|█▊        | 1769/9975 [00:02<00:12, 642.47it/s]
 18%|█▊        | 1834/9975 [00:02<00:12, 634.11it/s]
 19%|█▉        | 1898/9975 [00:02<00:12, 635.54it/s]
 20%|█▉        | 1962/9975 [00:03<00:13, 611.54it/s]
 20%|██        | 2041/9975 [00:03<00:12, 649.60it/s]
 21%|██        | 2115/9975 [00:03<00:11, 674.04it/s]
 22%|██▏       | 2184/9975 [00:03<00:12, 648.67it/s]
 23%|██▎       | 2250/9975 [00:03<00:12, 597.83it/s]
 23%|██▎       | 2330/9975 [00:03<00:12, 627.10it/s]
 24%|██▍       | 2407/9975 [00:03<00:11, 663.46it/s]
 25%|██▍       | 2490/9975 [00:03<00:10, 685.18it/s]
 26%|██▌       | 2560/9975 [00:03<00:10, 677.90it/s]
 26%|██▋       | 2629/9975 [00:04<00:11, 641.73it/s]
 27%|██▋       | 2695/9975 [00:04<00:12, 596.32it/s]
 28%|██▊       | 2758/9975 [00:04<00:11, 605.49it/s]
 28%|██▊       | 2820/9975 [00:04<00:12, 560.74it/s]
 29%|██▉       | 2889/9975 [00:04<00:12, 578.53it/s]
 30%|██▉       | 2948/9975 [00:04<00:12, 569.90it/s]
 30%|███       | 3006/9975 [00:04<00:12, 558.55it/s]
 31%|███       | 3063/9975 [00:04<00:12, 545.17it/s]
 31%|███▏      | 3121/9975 [00:04<00:12, 554.69it/s]
 32%|███▏      | 3179/9975 [00:05<00:12, 554.07it/s]
 33%|███▎      | 3242/9975 [00:05<00:11, 572.61it/s]
 33%|███▎      | 3300/9975 [00:05<00:11, 568.57it/s]
 34%|███▎      | 3358/9975 [00:05<00:11, 555.95it/s]
 34%|███▍      | 3421/9975 [00:05<00:11, 574.21it/s]
 35%|███▍      | 3486/9975 [00:05<00:10, 594.36it/s]
 36%|███▌      | 3546/9975 [00:05<00:11, 563.18it/s]
 36%|███▌      | 3603/9975 [00:05<00:11, 564.12it/s]
 37%|███▋      | 3660/9975 [00:05<00:11, 553.62it/s]
 37%|███▋      | 3716/9975 [00:06<00:11, 535.88it/s]
 38%|███▊      | 3779/9975 [00:06<00:11, 550.05it/s]
 39%|███▊      | 3842/9975 [00:06<00:10, 571.48it/s]
 39%|███▉      | 3900/9975 [00:06<00:11, 546.05it/s]
 40%|███▉      | 3959/9975 [00:06<00:11, 544.59it/s]
 40%|████      | 4028/9975 [00:06<00:10, 580.85it/s]
 41%|████      | 4088/9975 [00:06<00:10, 574.60it/s]
 42%|████▏     | 4153/9975 [00:06<00:09, 593.88it/s]
 42%|████▏     | 4214/9975 [00:06<00:09, 589.91it/s]
 43%|████▎     | 4274/9975 [00:06<00:09, 588.71it/s]
 44%|████▎     | 4349/9975 [00:07<00:08, 625.17it/s]
 44%|████▍     | 4413/9975 [00:07<00:09, 592.54it/s]
 45%|████▍     | 4474/9975 [00:07<00:09, 579.07it/s]
 45%|████▌     | 4533/9975 [00:07<00:09, 562.76it/s]
 46%|████▌     | 4590/9975 [00:07<00:09, 560.59it/s]
 47%|████▋     | 4647/9975 [00:07<00:09, 561.89it/s]
 47%|████▋     | 4711/9975 [00:07<00:09, 582.45it/s]
 48%|████▊     | 4770/9975 [00:07<00:09, 539.18it/s]
 48%|████▊     | 4832/9975 [00:07<00:09, 560.82it/s]
 49%|████▉     | 4904/9975 [00:08<00:08, 600.63it/s]
 50%|████▉     | 4966/9975 [00:08<00:08, 601.18it/s]
 50%|█████     | 5032/9975 [00:08<00:08, 615.03it/s]
 51%|█████     | 5095/9975 [00:08<00:07, 614.56it/s]
 52%|█████▏    | 5158/9975 [00:08<00:07, 608.61it/s]
 52%|█████▏    | 5220/9975 [00:08<00:08, 589.99it/s]
 53%|█████▎    | 5288/9975 [00:08<00:07, 593.29it/s]
 54%|█████▎    | 5353/9975 [00:08<00:07, 608.65it/s]
 54%|█████▍    | 5417/9975 [00:08<00:07, 598.79it/s]
 55%|█████▍    | 5479/9975 [00:08<00:07, 602.96it/s]
 56%|█████▌    | 5541/9975 [00:09<00:07, 605.80it/s]
 56%|█████▌    | 5609/9975 [00:09<00:06, 625.11it/s]
 57%|█████▋    | 5677/9975 [00:09<00:06, 640.33it/s]
 58%|█████▊    | 5742/9975 [00:09<00:06, 632.28it/s]
 58%|█████▊    | 5806/9975 [00:09<00:06, 609.06it/s]
 59%|█████▉    | 5868/9975 [00:09<00:06, 596.03it/s]
 59%|█████▉    | 5930/9975 [00:09<00:06, 602.21it/s]
 60%|██████    | 6018/9975 [00:09<00:05, 664.85it/s]
 61%|██████    | 6087/9975 [00:09<00:05, 656.40it/s]
 62%|██████▏   | 6155/9975 [00:10<00:06, 618.61it/s]
 62%|██████▏   | 6219/9975 [00:10<00:06, 614.30it/s]
 63%|██████▎   | 6295/9975 [00:10<00:05, 647.95it/s]
 64%|██████▍   | 6362/9975 [00:10<00:05, 642.51it/s]
 64%|██████▍   | 6428/9975 [00:10<00:05, 640.11it/s]
 65%|██████▌   | 6493/9975 [00:10<00:05, 617.43it/s]
 66%|██████▌   | 6557/9975 [00:10<00:05, 622.78it/s]
 66%|██████▋   | 6620/9975 [00:10<00:05, 601.98it/s]
 67%|██████▋   | 6694/9975 [00:10<00:05, 637.01it/s]
 68%|██████▊   | 6764/9975 [00:11<00:05, 640.53it/s]
 68%|██████▊   | 6829/9975 [00:11<00:04, 641.44it/s]
 69%|██████▉   | 6894/9975 [00:11<00:04, 637.43it/s]
 70%|██████▉   | 6959/9975 [00:11<00:04, 615.01it/s]
 71%|███████   | 7042/9975 [00:11<00:04, 665.52it/s]
 71%|███████▏  | 7111/9975 [00:11<00:04, 669.06it/s]
 72%|███████▏  | 7179/9975 [00:11<00:04, 670.03it/s]
 73%|███████▎  | 7247/9975 [00:11<00:04, 636.07it/s]
 73%|███████▎  | 7312/9975 [00:11<00:04, 633.32it/s]
 74%|███████▍  | 7376/9975 [00:11<00:04, 625.06it/s]
 75%|███████▍  | 7446/9975 [00:12<00:03, 645.09it/s]
 75%|███████▌  | 7516/9975 [00:12<00:03, 660.54it/s]
 76%|███████▌  | 7583/9975 [00:12<00:03, 620.98it/s]
 77%|███████▋  | 7646/9975 [00:12<00:03, 601.07it/s]
 77%|███████▋  | 7707/9975 [00:12<00:03, 594.55it/s]
 78%|███████▊  | 7780/9975 [00:12<00:03, 627.79it/s]
 79%|███████▊  | 7844/9975 [00:12<00:03, 611.48it/s]
 79%|███████▉  | 7910/9975 [00:12<00:03, 618.99it/s]
 80%|███████▉  | 7976/9975 [00:12<00:03, 630.72it/s]
 81%|████████  | 8040/9975 [00:13<00:03, 593.18it/s]
 81%|████████▏ | 8114/9975 [00:13<00:02, 629.95it/s]
 82%|████████▏ | 8179/9975 [00:13<00:02, 627.75it/s]
 83%|████████▎ | 8248/9975 [00:13<00:02, 636.84it/s]
 83%|████████▎ | 8313/9975 [00:13<00:02, 616.04it/s]
 84%|████████▍ | 8377/9975 [00:13<00:02, 621.04it/s]
 85%|████████▍ | 8447/9975 [00:13<00:02, 622.35it/s]
 85%|████████▌ | 8510/9975 [00:13<00:02, 623.84it/s]
 86%|████████▌ | 8581/9975 [00:13<00:02, 645.17it/s]
 87%|████████▋ | 8646/9975 [00:13<00:02, 626.36it/s]
 87%|████████▋ | 8709/9975 [00:14<00:02, 612.48it/s]
 88%|████████▊ | 8771/9975 [00:14<00:01, 614.15it/s]
 89%|████████▊ | 8836/9975 [00:14<00:01, 611.38it/s]
 89%|████████▉ | 8898/9975 [00:14<00:01, 590.47it/s]
 90%|████████▉ | 8959/9975 [00:14<00:01, 594.68it/s]
 91%|█████████ | 9036/9975 [00:14<00:01, 624.52it/s]
 91%|█████████ | 9099/9975 [00:14<00:01, 601.80it/s]
 92%|█████████▏| 9170/9975 [00:14<00:01, 630.07it/s]
 93%|█████████▎| 9235/9975 [00:14<00:01, 613.83it/s]
 93%|█████████▎| 9300/9975 [00:15<00:01, 624.15it/s]
 94%|█████████▍| 9364/9975 [00:15<00:00, 628.72it/s]
 95%|█████████▍| 9428/9975 [00:15<00:00, 610.31it/s]
 95%|█████████▌| 9490/9975 [00:15<00:00, 593.18it/s]
 96%|█████████▌| 9550/9975 [00:15<00:00, 588.58it/s]
 96%|█████████▋| 9610/9975 [00:15<00:00, 565.99it/s]
 97%|█████████▋| 9673/9975 [00:15<00:00, 579.08it/s]
 98%|█████████▊| 9733/9975 [00:15<00:00, 565.43it/s]
 98%|█████████▊| 9792/9975 [00:15<00:00, 560.40it/s]
 99%|█████████▉| 9852/9975 [00:16<00:00, 567.13it/s]
100%|█████████▉| 9928/9975 [00:16<00:00, 612.70it/s]
100%|██████████| 9975/9975 [00:16<00:00, 615.65it/s]
21:11:19 - [DEBUG] - Time to execute query: 0.03 secs
21:11:21 - [DEBUG] - Preparing to execute 16 queries.
21:11:21 - [DEBUG] - Starting to execute query SELECT _vid_, val_id, count(*) violations FROM   "soccer_nwcpk_125" as t1, "soccer_nwcpk_125" as t2, pos_values as t3 WHERE  t1._tid_ != t2._tid_   AND  t1._tid_ = t3._tid_   AND  t3.attribute = 'name'   AND  t1."surname"<>t2."surname"   AND  t3.rv_val = t2."name" GROUP BY _vid_, val_id with id 0
21:11:22 - [DEBUG] - Time to execute query with id 0: 0.00 secs
21:11:22 - [DEBUG] - Starting to execute query SELECT _vid_, val_id, count(*) violations FROM   "soccer_nwcpk_125" as t1, "soccer_nwcpk_125" as t2, pos_values as t3 WHERE  t1._tid_ != t2._tid_   AND  t1._tid_ = t3._tid_   AND  t3.attribute = 'surname'   AND  t1."name"=t2."name"   AND  t3.rv_val <> t2."surname" GROUP BY _vid_, val_id with id 1
21:11:32 - [DEBUG] - Time to execute query with id 1: 0.01 secs
21:11:32 - [DEBUG] - Starting to execute query SELECT _vid_, val_id, count(*) violations FROM   "soccer_nwcpk_125" as t1, "soccer_nwcpk_125" as t2, pos_values as t3 WHERE  t1._tid_ != t2._tid_   AND  t1._tid_ = t3._tid_   AND  t3.attribute = 'name'   AND  t1."birthyear"<>t2."birthyear"   AND  t3.rv_val = t2."name" GROUP BY _vid_, val_id with id 2
21:11:32 - [DEBUG] - Time to execute query with id 2: 0.00 secs
21:11:32 - [DEBUG] - Starting to execute query SELECT _vid_, val_id, count(*) violations FROM   "soccer_nwcpk_125" as t1, "soccer_nwcpk_125" as t2, pos_values as t3 WHERE  t1._tid_ != t2._tid_   AND  t1._tid_ = t3._tid_   AND  t3.attribute = 'birthyear'   AND  t1."name"=t2."name"   AND  t3.rv_val <> t2."birthyear" GROUP BY _vid_, val_id with id 3
21:11:38 - [DEBUG] - Time to execute query with id 3: 0.01 secs
21:11:38 - [DEBUG] - Starting to execute query SELECT _vid_, val_id, count(*) violations FROM   "soccer_nwcpk_125" as t1, "soccer_nwcpk_125" as t2, pos_values as t3 WHERE  t1._tid_ != t2._tid_   AND  t1._tid_ = t3._tid_   AND  t3.attribute = 'name'   AND  t1."birthplace"<>t2."birthplace"   AND  t3.rv_val = t2."name" GROUP BY _vid_, val_id with id 4
21:11:38 - [DEBUG] - Time to execute query with id 4: 0.00 secs
21:11:38 - [DEBUG] - Starting to execute query SELECT _vid_, val_id, count(*) violations FROM   "soccer_nwcpk_125" as t1, "soccer_nwcpk_125" as t2, pos_values as t3 WHERE  t1._tid_ != t2._tid_   AND  t1._tid_ = t3._tid_   AND  t3.attribute = 'birthplace'   AND  t1."name"=t2."name"   AND  t3.rv_val <> t2."birthplace" GROUP BY _vid_, val_id with id 5
21:11:44 - [DEBUG] - Time to execute query with id 5: 0.01 secs
21:11:44 - [DEBUG] - Starting to execute query SELECT _vid_, val_id, count(*) violations FROM   "soccer_nwcpk_125" as t1, "soccer_nwcpk_125" as t2, pos_values as t3 WHERE  t1._tid_ != t2._tid_   AND  t1._tid_ = t3._tid_   AND  t3.attribute = 'name'   AND  t1."season"=t2."season" AND t1."position"<>t2."position"   AND  t3.rv_val = t2."name" GROUP BY _vid_, val_id with id 6
21:11:44 - [DEBUG] - Time to execute query with id 6: 0.00 secs
21:11:44 - [DEBUG] - Starting to execute query SELECT _vid_, val_id, count(*) violations FROM   "soccer_nwcpk_125" as t1, "soccer_nwcpk_125" as t2, pos_values as t3 WHERE  t1._tid_ != t2._tid_   AND  t1._tid_ = t3._tid_   AND  t3.attribute = 'season'   AND  t1."name"=t2."name" AND t1."position"<>t2."position"   AND  t3.rv_val = t2."season" GROUP BY _vid_, val_id with id 7
21:11:45 - [DEBUG] - Time to execute query with id 7: 0.00 secs
21:11:45 - [DEBUG] - Starting to execute query SELECT _vid_, val_id, count(*) violations FROM   "soccer_nwcpk_125" as t1, "soccer_nwcpk_125" as t2, pos_values as t3 WHERE  t1._tid_ != t2._tid_   AND  t1._tid_ = t3._tid_   AND  t3.attribute = 'position'   AND  t1."name"=t2."name" AND t1."season"=t2."season"   AND  t3.rv_val <> t2."position" GROUP BY _vid_, val_id with id 8
21:11:52 - [DEBUG] - Time to execute query with id 8: 0.09 secs
21:11:52 - [DEBUG] - Starting to execute query SELECT _vid_, val_id, count(*) violations FROM   "soccer_nwcpk_125" as t1, "soccer_nwcpk_125" as t2, pos_values as t3 WHERE  t1._tid_ != t2._tid_   AND  t1._tid_ = t3._tid_   AND  t3.attribute = 'team'   AND  t1."city"=t2."city" AND t1."season"=t2."season" AND t1."stadium"<>t2."stadium"   AND  t3.rv_val = t2."team" GROUP BY _vid_, val_id with id 9
21:11:52 - [DEBUG] - Time to execute query with id 9: 0.00 secs
21:11:52 - [DEBUG] - Starting to execute query SELECT _vid_, val_id, count(*) violations FROM   "soccer_nwcpk_125" as t1, "soccer_nwcpk_125" as t2, pos_values as t3 WHERE  t1._tid_ != t2._tid_   AND  t1._tid_ = t3._tid_   AND  t3.attribute = 'city'   AND  t1."team"=t2."team" AND t1."season"=t2."season" AND t1."stadium"<>t2."stadium"   AND  t3.rv_val = t2."city" GROUP BY _vid_, val_id with id 10
21:11:53 - [DEBUG] - Time to execute query with id 10: 0.00 secs
21:11:53 - [DEBUG] - Starting to execute query SELECT _vid_, val_id, count(*) violations FROM   "soccer_nwcpk_125" as t1, "soccer_nwcpk_125" as t2, pos_values as t3 WHERE  t1._tid_ != t2._tid_   AND  t1._tid_ = t3._tid_   AND  t3.attribute = 'season'   AND  t1."team"=t2."team" AND t1."city"=t2."city" AND t1."stadium"<>t2."stadium"   AND  t3.rv_val = t2."season" GROUP BY _vid_, val_id with id 11
21:11:53 - [DEBUG] - Time to execute query with id 11: 0.00 secs
21:11:53 - [DEBUG] - Starting to execute query SELECT _vid_, val_id, count(*) violations FROM   "soccer_nwcpk_125" as t1, "soccer_nwcpk_125" as t2, pos_values as t3 WHERE  t1._tid_ != t2._tid_   AND  t1._tid_ = t3._tid_   AND  t3.attribute = 'stadium'   AND  t1."team"=t2."team" AND t1."city"=t2."city" AND t1."season"=t2."season"   AND  t3.rv_val <> t2."stadium" GROUP BY _vid_, val_id with id 12
21:11:55 - [DEBUG] - Time to execute query with id 12: 0.01 secs
21:11:55 - [DEBUG] - Starting to execute query SELECT _vid_, val_id, count(*) violations FROM   "soccer_nwcpk_125" as t1, "soccer_nwcpk_125" as t2, pos_values as t3 WHERE  t1._tid_ != t2._tid_   AND  t1._tid_ = t3._tid_   AND  t3.attribute = 'manager'   AND  t1."season"=t2."season" AND t1."team"<>t2."team"   AND  t3.rv_val = t2."manager" GROUP BY _vid_, val_id with id 13
21:11:56 - [DEBUG] - Time to execute query with id 13: 0.00 secs
21:11:56 - [DEBUG] - Starting to execute query SELECT _vid_, val_id, count(*) violations FROM   "soccer_nwcpk_125" as t1, "soccer_nwcpk_125" as t2, pos_values as t3 WHERE  t1._tid_ != t2._tid_   AND  t1._tid_ = t3._tid_   AND  t3.attribute = 'season'   AND  t1."manager"=t2."manager" AND t1."team"<>t2."team"   AND  t3.rv_val = t2."season" GROUP BY _vid_, val_id with id 14
21:11:56 - [DEBUG] - Time to execute query with id 14: 0.00 secs
21:11:56 - [DEBUG] - Starting to execute query SELECT _vid_, val_id, count(*) violations FROM   "soccer_nwcpk_125" as t1, "soccer_nwcpk_125" as t2, pos_values as t3 WHERE  t1._tid_ != t2._tid_   AND  t1._tid_ = t3._tid_   AND  t3.attribute = 'team'   AND  t1."manager"=t2."manager" AND t1."season"=t2."season"   AND  t3.rv_val <> t2."team" GROUP BY _vid_, val_id with id 15
21:11:59 - [DEBUG] - Time to execute query with id 15: 0.01 secs
21:11:59 - [DEBUG] - Time to execute 16 queries: 0.20 secs
21:12:02 - [DEBUG] - DONE featurization.
21:12:02 - [DEBUG] - generating weak labels...
21:12:02 - [DEBUG] - Time to execute query: 0.13 secs

  0%|          | 0/6066 [00:00<?, ?it/s]
 85%|████████▍ | 5152/6066 [00:00<00:00, 51511.82it/s]
100%|██████████| 6066/6066 [00:00<00:00, 51335.30it/s]
21:12:02 - [DEBUG] - DONE generating weak labels.
21:12:02 - [DEBUG] - generating mask...
21:12:02 - [DEBUG] - Time to execute query: 0.02 secs

  0%|          | 0/9975 [00:00<?, ?it/s]
 70%|██████▉   | 6948/9975 [00:00<00:00, 69471.95it/s]
100%|██████████| 9975/9975 [00:00<00:00, 69743.90it/s]
21:12:02 - [DEBUG] - DONE generating mask.
21:12:02 - [ INFO] - DONE setting up featurized dataset.
21:12:02 - [DEBUG] - Time to featurize data: 34.99 secs
21:12:02 - [ INFO] - DONE setting up repair model.
21:12:02 - [DEBUG] - Time to setup repair model: 34.99 secs
21:12:02 - [ INFO] - training with 6066 training examples (cells)

  0%|          | 0/10 [00:00<?, ?it/s]21:12:08 - [DEBUG] - Epoch 1, cost = 0.196062, acc = 99.55%

 10%|█         | 1/10 [00:05<00:46,  5.15s/it]21:12:12 - [DEBUG] - Epoch 2, cost = 0.156499, acc = 99.55%

 20%|██        | 2/10 [00:09<00:40,  5.02s/it]21:12:17 - [DEBUG] - Epoch 3, cost = 0.155792, acc = 99.55%

 30%|███       | 3/10 [00:14<00:34,  4.92s/it]21:12:22 - [DEBUG] - Epoch 4, cost = 0.155739, acc = 99.55%

 40%|████      | 4/10 [00:19<00:28,  4.83s/it]21:12:26 - [DEBUG] - Epoch 5, cost = 0.155735, acc = 99.55%

 50%|█████     | 5/10 [00:23<00:24,  4.80s/it]21:12:31 - [DEBUG] - Epoch 6, cost = 0.155735, acc = 99.55%

 60%|██████    | 6/10 [00:28<00:18,  4.74s/it]21:12:36 - [DEBUG] - Epoch 7, cost = 0.155735, acc = 99.55%

 70%|███████   | 7/10 [00:33<00:14,  4.73s/it]21:12:40 - [DEBUG] - Epoch 8, cost = 0.155735, acc = 99.55%

 80%|████████  | 8/10 [00:37<00:09,  4.70s/it]21:12:45 - [DEBUG] - Epoch 9, cost = 0.155735, acc = 99.55%

 90%|█████████ | 9/10 [00:42<00:04,  4.67s/it]21:12:50 - [DEBUG] - Epoch 10, cost = 0.155735, acc = 99.55%

100%|██████████| 10/10 [00:47<00:00,  4.67s/it]
21:12:50 - [ INFO] - DONE training repair model.
21:12:50 - [DEBUG] - Time to fit repair model: 63.47 secs
21:12:50 - [ INFO] - inferring on 9903 examples (cells)
21:12:50 - [DEBUG] - Time to execute query: 0.24 secs
21:12:53 - [DEBUG] - Time to create index: 0.00 secs
21:12:54 - [DEBUG] - Time to create index: 0.00 secs
21:12:54 - [ INFO] - DONE inferring repairs.
21:12:54 - [DEBUG] - Time to infer correct cell values: 6.65 secs
21:12:54 - [DEBUG] - Time to create table: 0.00 secs
21:12:55 - [DEBUG] - Time to create index: 0.00 secs
21:12:55 - [DEBUG] - Time to create index: 0.00 secs
21:12:55 - [ INFO] - DONE collecting the inferred values.
21:12:55 - [DEBUG] - Time to collect inferred values: 0.09 secs
21:12:55 - [ INFO] - DONE generating repaired dataset
21:12:55 - [DEBUG] - Time to store repaired dataset: 0.18 secs
21:12:55 - [ INFO] - featurizer InitAttrFeaturizer,size 10,max 1.0000,min 1.0000,avg 1.0000,abs_avg 1.0000,weights:
name 1.0
surname 1.0
birthyear 1.0
birthplace 1.0
position 1.0
team 1.0
city 1.0
stadium 1.0
season 1.0
manager 1.0
featurizer OccurAttrFeaturizer,size 100,max 0.8558,min -0.0000,avg 0.1918,abs_avg 0.1918,weights:
name X name 0.0
name X surname 0.183
name X birthyear 0.179
name X birthplace 0.18
name X position 0.182
name X team 0.183
name X city 0.184
name X stadium 0.182
name X season 0.184
name X manager 0.184
surname X name 0.106
surname X surname -0.0
surname X birthyear 0.106
surname X birthplace 0.102
surname X position 0.105
surname X team 0.106
surname X city 0.106
surname X stadium 0.106
surname X season 0.106
surname X manager 0.106
birthyear X name 0.299
birthyear X surname 0.315
birthyear X birthyear 0.0
birthyear X birthplace 0.856
birthyear X position 0.707
birthyear X team 0.346
birthyear X city 0.305
birthyear X stadium 0.335
birthyear X season 0.305
birthyear X manager 0.305
birthplace X name 0.157
birthplace X surname 0.188
birthplace X birthyear 0.68
birthplace X birthplace -0.0
birthplace X position 0.684
birthplace X team 0.225
birthplace X city 0.163
birthplace X stadium 0.207
birthplace X season 0.163
birthplace X manager 0.163
position X name 0.008
position X surname 0.008
position X birthyear 0.008
position X birthplace 0.008
position X position -0.0
position X team 0.008
position X city 0.008
position X stadium 0.008
position X season 0.008
position X manager 0.008
team X name 0.109
team X surname 0.105
team X birthyear 0.093
team X birthplace 0.041
team X position 0.229
team X team 0.0
team X city 0.24
team X stadium 0.24
team X season 0.24
team X manager 0.24
city X name 0.086
city X surname 0.086
city X birthyear 0.119
city X birthplace 0.12
city X position 0.382
city X team 0.385
city X city -0.0
city X stadium 0.385
city X season 0.39
city X manager 0.39
stadium X name 0.122
stadium X surname 0.12
stadium X birthyear 0.129
stadium X birthplace 0.123
stadium X position 0.254
stadium X team 0.237
stadium X city 0.269
stadium X stadium 0.0
stadium X season 0.269
stadium X manager 0.269
season X name 0.079
season X surname 0.079
season X birthyear 0.107
season X birthplace 0.11
season X position 0.344
season X team 0.346
season X city 0.35
season X stadium 0.346
season X season -0.0
season X manager 0.35
manager X name 0.086
manager X surname 0.086
manager X birthyear 0.116
manager X birthplace 0.12
manager X position 0.38
manager X team 0.384
manager X city 0.387
manager X stadium 0.383
manager X season 0.387
manager X manager -0.0
featurizer FreqFeaturizer,size 10,max 0.2958,min 0.0000,avg 0.1190,abs_avg 0.1190,weights:
name 0.182
surname 0.092
birthyear 0.296
birthplace 0.155
position 0.0
team 0.102
city 0.085
stadium 0.115
season 0.078
manager 0.085
featurizer ConstraintFeaturizer,size 16,max 0.3863,min -0.1299,avg 0.1251,abs_avg 0.1747,weights:
fixed pred: t1."surname"<>t2."surname", violation pred: t1."name"=t2."name" 0.16
fixed pred: t1."name"=t2."name", violation pred: t1."surname"<>t2."surname" -0.03
fixed pred: t1."birthyear"<>t2."birthyear", violation pred: t1."name"=t2."name" 0.183
fixed pred: t1."name"=t2."name", violation pred: t1."birthyear"<>t2."birthyear" -0.13
fixed pred: t1."birthplace"<>t2."birthplace", violation pred: t1."name"=t2."name" 0.183
fixed pred: t1."name"=t2."name", violation pred: t1."birthplace"<>t2."birthplace" -0.057
fixed pred: t1."season"=t2."season" AND t1."position"<>t2."position", violation pred: t1."name"=t2."name" 0.184
fixed pred: t1."name"=t2."name" AND t1."position"<>t2."position", violation pred: t1."season"=t2."season" -0.04
fixed pred: t1."name"=t2."name" AND t1."season"=t2."season", violation pred: t1."position"<>t2."position" -0.001
fixed pred: t1."city"=t2."city" AND t1."season"=t2."season" AND t1."stadium"<>t2."stadium", violation pred: t1."team"=t2."team" 0.238
fixed pred: t1."team"=t2."team" AND t1."season"=t2."season" AND t1."stadium"<>t2."stadium", violation pred: t1."city"=t2."city" 0.377
fixed pred: t1."team"=t2."team" AND t1."city"=t2."city" AND t1."stadium"<>t2."stadium", violation pred: t1."season"=t2."season" 0.339
fixed pred: t1."team"=t2."team" AND t1."city"=t2."city" AND t1."season"=t2."season", violation pred: t1."stadium"<>t2."stadium" -0.072
fixed pred: t1."season"=t2."season" AND t1."team"<>t2."team", violation pred: t1."manager"=t2."manager" 0.386
fixed pred: t1."manager"=t2."manager" AND t1."team"<>t2."team", violation pred: t1."season"=t2."season" 0.349
fixed pred: t1."manager"=t2."manager" AND t1."season"=t2."season", violation pred: t1."team"<>t2."team" -0.067

21:12:55 - [DEBUG] - Time to store featurizer weights: 0.00 secs
21:12:56 - [DEBUG] - Time to create index: 0.00 secs
21:12:56 - [DEBUG] - Time to create index: 0.00 secs
21:12:56 - [ INFO] - DONE Loading subset_clean_index_1k_holoclean.csv
21:12:56 - [DEBUG] - Time to evaluate repairs: 0.53 secs
21:12:56 - [DEBUG] - Time to execute query: 0.00 secs
21:12:56 - [DEBUG] - Time to execute query: 0.00 secs
21:12:56 - [DEBUG] - Preparing to execute 10 queries.
21:12:56 - [DEBUG] - Starting to execute query SELECT count(*) FROM  "soccer_nwcpk_125" as t1, "soccer_nwcpk_125_clean" as t2 WHERE t1._tid_ = t2._tid_   AND t2._attribute_ = 'name'   AND t1."name" != t2._value_ with id 0
21:12:56 - [DEBUG] - Time to execute query with id 0: 0.00 secs
21:12:56 - [DEBUG] - Starting to execute query SELECT count(*) FROM  "soccer_nwcpk_125" as t1, "soccer_nwcpk_125_clean" as t2 WHERE t1._tid_ = t2._tid_   AND t2._attribute_ = 'surname'   AND t1."surname" != t2._value_ with id 1
21:12:56 - [DEBUG] - Time to execute query with id 1: 0.00 secs
21:12:56 - [DEBUG] - Starting to execute query SELECT count(*) FROM  "soccer_nwcpk_125" as t1, "soccer_nwcpk_125_clean" as t2 WHERE t1._tid_ = t2._tid_   AND t2._attribute_ = 'birthyear'   AND t1."birthyear" != t2._value_ with id 2
21:12:56 - [DEBUG] - Time to execute query with id 2: 0.00 secs
21:12:56 - [DEBUG] - Starting to execute query SELECT count(*) FROM  "soccer_nwcpk_125" as t1, "soccer_nwcpk_125_clean" as t2 WHERE t1._tid_ = t2._tid_   AND t2._attribute_ = 'birthplace'   AND t1."birthplace" != t2._value_ with id 3
21:12:56 - [DEBUG] - Time to execute query with id 3: 0.00 secs
21:12:56 - [DEBUG] - Starting to execute query SELECT count(*) FROM  "soccer_nwcpk_125" as t1, "soccer_nwcpk_125_clean" as t2 WHERE t1._tid_ = t2._tid_   AND t2._attribute_ = 'position'   AND t1."position" != t2._value_ with id 4
21:12:56 - [DEBUG] - Time to execute query with id 4: 0.00 secs
21:12:56 - [DEBUG] - Starting to execute query SELECT count(*) FROM  "soccer_nwcpk_125" as t1, "soccer_nwcpk_125_clean" as t2 WHERE t1._tid_ = t2._tid_   AND t2._attribute_ = 'team'   AND t1."team" != t2._value_ with id 5
21:12:56 - [DEBUG] - Time to execute query with id 5: 0.00 secs
21:12:56 - [DEBUG] - Starting to execute query SELECT count(*) FROM  "soccer_nwcpk_125" as t1, "soccer_nwcpk_125_clean" as t2 WHERE t1._tid_ = t2._tid_   AND t2._attribute_ = 'city'   AND t1."city" != t2._value_ with id 6
21:12:56 - [DEBUG] - Time to execute query with id 6: 0.00 secs
21:12:56 - [DEBUG] - Starting to execute query SELECT count(*) FROM  "soccer_nwcpk_125" as t1, "soccer_nwcpk_125_clean" as t2 WHERE t1._tid_ = t2._tid_   AND t2._attribute_ = 'stadium'   AND t1."stadium" != t2._value_ with id 7
21:12:56 - [DEBUG] - Time to execute query with id 7: 0.00 secs
21:12:56 - [DEBUG] - Starting to execute query SELECT count(*) FROM  "soccer_nwcpk_125" as t1, "soccer_nwcpk_125_clean" as t2 WHERE t1._tid_ = t2._tid_   AND t2._attribute_ = 'season'   AND t1."season" != t2._value_ with id 8
21:12:56 - [DEBUG] - Time to execute query with id 8: 0.00 secs
21:12:56 - [DEBUG] - Starting to execute query SELECT count(*) FROM  "soccer_nwcpk_125" as t1, "soccer_nwcpk_125_clean" as t2 WHERE t1._tid_ = t2._tid_   AND t2._attribute_ = 'manager'   AND t1."manager" != t2._value_ with id 9
21:12:56 - [DEBUG] - Time to execute query with id 9: 0.00 secs
21:12:56 - [DEBUG] - Time to execute 10 queries: 0.01 secs
21:12:56 - [DEBUG] - Time to execute query: 0.00 secs
21:12:56 - [DEBUG] - Preparing to execute 10 queries.
21:12:56 - [DEBUG] - Starting to execute query SELECT COUNT(*) FROM   (SELECT t2._tid_, t2._attribute_, t2._value_      FROM "soccer_nwcpk_125" as t1, "soccer_nwcpk_125_clean" as t2     WHERE t1._tid_ = t2._tid_       AND t2._attribute_ = 'name'       AND t1."name" != t2._value_ ) as errors, inf_values_dom as repairs WHERE errors._tid_ = repairs._tid_   AND errors._attribute_ = repairs.attribute   AND errors._value_ = repairs.rv_value with id 0
21:12:56 - [DEBUG] - Time to execute query with id 0: 0.00 secs
21:12:56 - [DEBUG] - Starting to execute query SELECT COUNT(*) FROM   (SELECT t2._tid_, t2._attribute_, t2._value_      FROM "soccer_nwcpk_125" as t1, "soccer_nwcpk_125_clean" as t2     WHERE t1._tid_ = t2._tid_       AND t2._attribute_ = 'surname'       AND t1."surname" != t2._value_ ) as errors, inf_values_dom as repairs WHERE errors._tid_ = repairs._tid_   AND errors._attribute_ = repairs.attribute   AND errors._value_ = repairs.rv_value with id 1
21:12:56 - [DEBUG] - Time to execute query with id 1: 0.00 secs
21:12:56 - [DEBUG] - Starting to execute query SELECT COUNT(*) FROM   (SELECT t2._tid_, t2._attribute_, t2._value_      FROM "soccer_nwcpk_125" as t1, "soccer_nwcpk_125_clean" as t2     WHERE t1._tid_ = t2._tid_       AND t2._attribute_ = 'birthyear'       AND t1."birthyear" != t2._value_ ) as errors, inf_values_dom as repairs WHERE errors._tid_ = repairs._tid_   AND errors._attribute_ = repairs.attribute   AND errors._value_ = repairs.rv_value with id 2
21:12:56 - [DEBUG] - Time to execute query with id 2: 0.00 secs
21:12:56 - [DEBUG] - Starting to execute query SELECT COUNT(*) FROM   (SELECT t2._tid_, t2._attribute_, t2._value_      FROM "soccer_nwcpk_125" as t1, "soccer_nwcpk_125_clean" as t2     WHERE t1._tid_ = t2._tid_       AND t2._attribute_ = 'birthplace'       AND t1."birthplace" != t2._value_ ) as errors, inf_values_dom as repairs WHERE errors._tid_ = repairs._tid_   AND errors._attribute_ = repairs.attribute   AND errors._value_ = repairs.rv_value with id 3
21:12:56 - [DEBUG] - Time to execute query with id 3: 0.00 secs
21:12:56 - [DEBUG] - Starting to execute query SELECT COUNT(*) FROM   (SELECT t2._tid_, t2._attribute_, t2._value_      FROM "soccer_nwcpk_125" as t1, "soccer_nwcpk_125_clean" as t2     WHERE t1._tid_ = t2._tid_       AND t2._attribute_ = 'position'       AND t1."position" != t2._value_ ) as errors, inf_values_dom as repairs WHERE errors._tid_ = repairs._tid_   AND errors._attribute_ = repairs.attribute   AND errors._value_ = repairs.rv_value with id 4
21:12:56 - [DEBUG] - Time to execute query with id 4: 0.00 secs
21:12:56 - [DEBUG] - Starting to execute query SELECT COUNT(*) FROM   (SELECT t2._tid_, t2._attribute_, t2._value_      FROM "soccer_nwcpk_125" as t1, "soccer_nwcpk_125_clean" as t2     WHERE t1._tid_ = t2._tid_       AND t2._attribute_ = 'team'       AND t1."team" != t2._value_ ) as errors, inf_values_dom as repairs WHERE errors._tid_ = repairs._tid_   AND errors._attribute_ = repairs.attribute   AND errors._value_ = repairs.rv_value with id 5
21:12:56 - [DEBUG] - Time to execute query with id 5: 0.00 secs
21:12:56 - [DEBUG] - Starting to execute query SELECT COUNT(*) FROM   (SELECT t2._tid_, t2._attribute_, t2._value_      FROM "soccer_nwcpk_125" as t1, "soccer_nwcpk_125_clean" as t2     WHERE t1._tid_ = t2._tid_       AND t2._attribute_ = 'city'       AND t1."city" != t2._value_ ) as errors, inf_values_dom as repairs WHERE errors._tid_ = repairs._tid_   AND errors._attribute_ = repairs.attribute   AND errors._value_ = repairs.rv_value with id 6
21:12:56 - [DEBUG] - Time to execute query with id 6: 0.00 secs
21:12:56 - [DEBUG] - Starting to execute query SELECT COUNT(*) FROM   (SELECT t2._tid_, t2._attribute_, t2._value_      FROM "soccer_nwcpk_125" as t1, "soccer_nwcpk_125_clean" as t2     WHERE t1._tid_ = t2._tid_       AND t2._attribute_ = 'stadium'       AND t1."stadium" != t2._value_ ) as errors, inf_values_dom as repairs WHERE errors._tid_ = repairs._tid_   AND errors._attribute_ = repairs.attribute   AND errors._value_ = repairs.rv_value with id 7
21:12:57 - [DEBUG] - Time to execute query with id 7: 0.00 secs
21:12:57 - [DEBUG] - Starting to execute query SELECT COUNT(*) FROM   (SELECT t2._tid_, t2._attribute_, t2._value_      FROM "soccer_nwcpk_125" as t1, "soccer_nwcpk_125_clean" as t2     WHERE t1._tid_ = t2._tid_       AND t2._attribute_ = 'season'       AND t1."season" != t2._value_ ) as errors, inf_values_dom as repairs WHERE errors._tid_ = repairs._tid_   AND errors._attribute_ = repairs.attribute   AND errors._value_ = repairs.rv_value with id 8
21:12:57 - [DEBUG] - Time to execute query with id 8: 0.00 secs
21:12:57 - [DEBUG] - Starting to execute query SELECT COUNT(*) FROM   (SELECT t2._tid_, t2._attribute_, t2._value_      FROM "soccer_nwcpk_125" as t1, "soccer_nwcpk_125_clean" as t2     WHERE t1._tid_ = t2._tid_       AND t2._attribute_ = 'manager'       AND t1."manager" != t2._value_ ) as errors, inf_values_dom as repairs WHERE errors._tid_ = repairs._tid_   AND errors._attribute_ = repairs.attribute   AND errors._value_ = repairs.rv_value with id 9
21:12:57 - [DEBUG] - Time to execute query with id 9: 0.00 secs
21:12:57 - [DEBUG] - Time to execute 10 queries: 0.01 secs
21:13:00 - [DEBUG] - Time to execute query: 0.00 secs
21:13:00 - [DEBUG] - weak label statistics:
21:13:00 - [DEBUG] -     is_clean  cell_status  is_inferred  init = grdth init = inferred  \
0   False     0            True         False         False            
1   False     0            True         False         False            
2   False     0            True         False         True             
3   False     0            True         True          True             
4   False     1            True         False         False            
5   False     1            True         False         True             
6   False     1            True         True          True             
7   False     2            True         False         True             
8   False     2            True         True          True             
9   True      0            False        True          None             
10  True      2            False        True          None             

    w. label = init  w. label = grdth w. label = inferred infer = grdth  count  
0   True             False             False               False         8      
1   True             False             False               True          17     
2   True             False             True                False         470    
3   True             True              True                True          3414   
4   False            True              True                True          26     
5   False            True              False               False         24     
6   False            False             False               True          3      
7   True             False             True                False         1939   
8   True             True              True                True          4002   
9   True             True              None                None          22     
10  True             True              None                None          50     
21:13:00 - [ INFO] - Precision = 0.84, Recall = 0.02, Repairing Recall = 0.02, F1 = 0.03, Repairing F1 = 0.03, Detected Errors = 2484, Total Errors = 2509, Correct Repairs = 43, Total Repairs = 51, Total Repairs on correct cells (Grdth present) = 0, Total Repairs on incorrect cells (Grdth present) = 51
21:13:00 - [DEBUG] - Time to generate report: 0.06 secs
21:13:00 - [DEBUG] - Time to execute query: 0.01 secs
21:13:00 - [ INFO] - 清洗后的数据已成功保存到 results/holoclean/nwcpk/6_soccer_nwcpk_125/6_soccer_nwcpk_125_repaired.csv
没有指定错误比例，仅进行原数据集的空值替换，不添加错误
已将注入错误的文件保存到: Data/6_soccer/subset_soccer_1k/subset_clean_index_1k_ori_empty.csv
没有指定错误比例，仅进行原数据集的空值替换，不添加错误
已将注入错误的文件保存到: Data/6_soccer/subset_soccer_1k/noise_with_correct_primary_key/dirty_mixed_1.25/dirty_soccer_mix_1.25_ori_empty.csv
Running Holoclean with modified dirty file: Data/6_soccer/subset_soccer_1k/noise_with_correct_primary_key/dirty_mixed_1.25/dirty_soccer_mix_1.25_holoclean.csv
转换完成，结果已保存到 Data/6_soccer/subset_soccer_1k/subset_clean_index_1k_holoclean.csv
Results saved to results/holoclean/nwcpk/6_soccer_nwcpk_125/6_soccer_nwcpk_125_repaired.csv
Holoclean finished in 130.94133830070496 seconds.
测评性能开始：
没有指定错误比例，仅进行原数据集的空值替换，不添加错误
已将注入错误的文件保存到: results/holoclean/nwcpk/6_soccer_nwcpk_125/6_soccer_nwcpk_125_repaired_ori_empty.csv
差异文件已保存到:
results/holoclean/nwcpk/6_soccer_nwcpk_125/6_soccer_nwcpk_125_clean_vs_dirty.csv
results/holoclean/nwcpk/6_soccer_nwcpk_125/6_soccer_nwcpk_125_dirty_vs_cleaned.csv
results/holoclean/nwcpk/6_soccer_nwcpk_125/6_soccer_nwcpk_125_clean_vs_cleaned.csv
修复错误数据文件已保存到: results/holoclean/nwcpk/6_soccer_nwcpk_125/6_soccer_nwcpk_125_repair_errors.csv
未修复但是应该修复数据文件已保存到: results/holoclean/nwcpk/6_soccer_nwcpk_125/6_soccer_nwcpk_125_unrepaired.csv
修复准确率: 0.8431372549019608, 修复召回率: 0.017138302112395375, F1值: 0.033593749996095
========================================
EDR 结果已保存到: results/holoclean/nwcpk/6_soccer_nwcpk_125/6_soccer_nwcpk_125_edr_evaluation.txt
错误减少率 (EDR): 0.017138302112395375
========================================
混合距离结果已保存到: results/holoclean/nwcpk/6_soccer_nwcpk_125/6_soccer_nwcpk_125_hybrid_distance_evaluation.txt
混合距离 (Hybrid Distance): 0.2424833803054063
========================================
R-EDR 结果已保存到: results/holoclean/nwcpk/6_soccer_nwcpk_125/6_soccer_nwcpk_125_record_based_edr_evaluation.txt
基于条目的错误减少率 (R-EDR): 0.0
========================================
测试结果:
Accuracy: 0.8431372549019608
Recall: 0.017138302112395375
F1 Score: 0.033593749996095
EDR: 0.017138302112395375
Hybrid Distance: 0.2424833803054063
R-EDR: 0.0
Time: 130.94133830070496
Speed: 13.094133830070495 seconds/100 records
测评结束，详细测评日志见：results/holoclean/nwcpk/6_soccer_nwcpk_125
