21:06:14 - [DEBUG] - initiating session with parameters: {'db_user': 'datacleanuser', 'db_pwd': 'abcd1234', 'db_host': 'localhost', 'db_name': 'holo', 'threads': 1, 'timeout': 180000, 'seed': 45, 'learning_rate': 0.001, 'optimizer': 'adam', 'epochs': 10, 'weight_decay': 0.01, 'momentum': 0.0, 'batch_size': 1, 'weak_label_thresh': 0.99, 'domain_thresh_1': 0, 'domain_thresh_2': 0, 'max_domain': 10000, 'cor_strength': 0.6, 'nb_cor_strength': 0.8, 'feature_norm': False, 'weight_norm': False, 'estimator_epochs': 3, 'estimator_batch_size': 32, 'verbose': True, 'bias': False, 'print_fw': True, 'debug_mode': False}
21:06:15 - [ INFO] - Loaded 1000 rows with 11000 cells
21:06:15 - [DEBUG] - Time to create index: 0.00 secs
21:06:15 - [DEBUG] - Time to create index: 0.00 secs
21:06:15 - [DEBUG] - Time to create index: 0.00 secs
21:06:15 - [DEBUG] - Time to create index: 0.00 secs
21:06:15 - [DEBUG] - Time to create index: 0.00 secs
21:06:15 - [DEBUG] - Time to create index: 0.00 secs
21:06:15 - [DEBUG] - Time to create index: 0.00 secs
21:06:15 - [DEBUG] - Time to create index: 0.00 secs
21:06:15 - [DEBUG] - Time to create index: 0.00 secs
21:06:15 - [DEBUG] - Time to create index: 0.00 secs
21:06:15 - [ INFO] - DONE Loading dirty_soccer_mix_0.75_holoclean.csv
21:06:15 - [DEBUG] - Time to load dataset: 0.15 secs
21:06:15 - [DEBUG] - OPENED constraints file successfully
21:06:15 - [DEBUG] - DONE pre-processing constraint: t1&t2&EQ(t1.name,t2.name)&IQ(t1.surname,t2.surname)
21:06:15 - [DEBUG] - DONE extracting tuples from constraint: t1&t2&EQ(t1.name,t2.name)&IQ(t1.surname,t2.surname)
21:06:15 - [DEBUG] - DONE parsing predicate: EQ(t1.name,t2.name)
21:06:15 - [DEBUG] - DONE parsing predicate: IQ(t1.surname,t2.surname)
21:06:15 - [DEBUG] - DONE pre-processing constraint: t1&t2&EQ(t1.name,t2.name)&IQ(t1.birthyear,t2.birthyear)
21:06:15 - [DEBUG] - DONE extracting tuples from constraint: t1&t2&EQ(t1.name,t2.name)&IQ(t1.birthyear,t2.birthyear)
21:06:15 - [DEBUG] - DONE parsing predicate: EQ(t1.name,t2.name)
21:06:15 - [DEBUG] - DONE parsing predicate: IQ(t1.birthyear,t2.birthyear)
21:06:15 - [DEBUG] - DONE pre-processing constraint: t1&t2&EQ(t1.name,t2.name)&IQ(t1.birthplace,t2.birthplace)
21:06:15 - [DEBUG] - DONE extracting tuples from constraint: t1&t2&EQ(t1.name,t2.name)&IQ(t1.birthplace,t2.birthplace)
21:06:15 - [DEBUG] - DONE parsing predicate: EQ(t1.name,t2.name)
21:06:15 - [DEBUG] - DONE parsing predicate: IQ(t1.birthplace,t2.birthplace)
21:06:15 - [DEBUG] - DONE pre-processing constraint: t1&t2&EQ(t1.name,t2.name)&EQ(t1.season,t2.season)&IQ(t1.position,t2.position)
21:06:15 - [DEBUG] - DONE extracting tuples from constraint: t1&t2&EQ(t1.name,t2.name)&EQ(t1.season,t2.season)&IQ(t1.position,t2.position)
21:06:15 - [DEBUG] - DONE parsing predicate: EQ(t1.name,t2.name)
21:06:15 - [DEBUG] - DONE parsing predicate: EQ(t1.season,t2.season)
21:06:15 - [DEBUG] - DONE parsing predicate: IQ(t1.position,t2.position)
21:06:15 - [DEBUG] - DONE pre-processing constraint: t1&t2&EQ(t1.team,t2.team)&EQ(t1.city,t2.city)&EQ(t1.season,t2.season)&IQ(t1.stadium,t2.stadium)
21:06:15 - [DEBUG] - DONE extracting tuples from constraint: t1&t2&EQ(t1.team,t2.team)&EQ(t1.city,t2.city)&EQ(t1.season,t2.season)&IQ(t1.stadium,t2.stadium)
21:06:15 - [DEBUG] - DONE parsing predicate: EQ(t1.team,t2.team)
21:06:15 - [DEBUG] - DONE parsing predicate: EQ(t1.city,t2.city)
21:06:15 - [DEBUG] - DONE parsing predicate: EQ(t1.season,t2.season)
21:06:15 - [DEBUG] - DONE parsing predicate: IQ(t1.stadium,t2.stadium)
21:06:15 - [DEBUG] - DONE pre-processing constraint: t1&t2&EQ(t1.manager,t2.manager)&EQ(t1.season,t2.season)&IQ(t1.team,t2.team)
21:06:15 - [DEBUG] - DONE extracting tuples from constraint: t1&t2&EQ(t1.manager,t2.manager)&EQ(t1.season,t2.season)&IQ(t1.team,t2.team)
21:06:15 - [DEBUG] - DONE parsing predicate: EQ(t1.manager,t2.manager)
21:06:15 - [DEBUG] - DONE parsing predicate: EQ(t1.season,t2.season)
21:06:15 - [DEBUG] - DONE parsing predicate: IQ(t1.team,t2.team)
21:06:15 - [ INFO] - DONE Loading DCs from dc_rules_holoclean.txt
21:06:15 - [DEBUG] - Time to load dirty data: 0.00 secs
21:06:15 - [DEBUG] - DONE with Error Detector: NullDetector in 0.03 secs
21:06:15 - [DEBUG] - Preparing to execute 6 queries.
21:06:15 - [DEBUG] - Starting to execute query SELECT t1._tid_ FROM "soccer_nwcpk_075" as t1 WHERE   EXISTS (SELECT t2._tid_ FROM "soccer_nwcpk_075" as t2 WHERE t1."name"=t2."name" AND t1."surname"<>t2."surname") with id 0
21:06:15 - [DEBUG] - Time to execute query with id 0: 0.00 secs
21:06:15 - [DEBUG] - Starting to execute query SELECT t1._tid_ FROM "soccer_nwcpk_075" as t1 WHERE   EXISTS (SELECT t2._tid_ FROM "soccer_nwcpk_075" as t2 WHERE t1."name"=t2."name" AND t1."birthyear"<>t2."birthyear") with id 1
21:06:15 - [DEBUG] - Time to execute query with id 1: 0.00 secs
21:06:15 - [DEBUG] - Starting to execute query SELECT t1._tid_ FROM "soccer_nwcpk_075" as t1 WHERE   EXISTS (SELECT t2._tid_ FROM "soccer_nwcpk_075" as t2 WHERE t1."name"=t2."name" AND t1."birthplace"<>t2."birthplace") with id 2
21:06:15 - [DEBUG] - Time to execute query with id 2: 0.00 secs
21:06:15 - [DEBUG] - Starting to execute query SELECT t1._tid_ FROM "soccer_nwcpk_075" as t1 WHERE   EXISTS (SELECT t2._tid_ FROM "soccer_nwcpk_075" as t2 WHERE t1."name"=t2."name" AND t1."season"=t2."season" AND t1."position"<>t2."position") with id 3
21:06:15 - [DEBUG] - Time to execute query with id 3: 0.00 secs
21:06:15 - [DEBUG] - Starting to execute query SELECT t1._tid_ FROM "soccer_nwcpk_075" as t1 WHERE   EXISTS (SELECT t2._tid_ FROM "soccer_nwcpk_075" as t2 WHERE t1."team"=t2."team" AND t1."city"=t2."city" AND t1."season"=t2."season" AND t1."stadium"<>t2."stadium") with id 4
21:06:15 - [DEBUG] - Time to execute query with id 4: 0.00 secs
21:06:15 - [DEBUG] - Starting to execute query SELECT t1._tid_ FROM "soccer_nwcpk_075" as t1 WHERE   EXISTS (SELECT t2._tid_ FROM "soccer_nwcpk_075" as t2 WHERE t1."manager"=t2."manager" AND t1."season"=t2."season" AND t1."team"<>t2."team") with id 5
21:06:15 - [DEBUG] - Time to execute query with id 5: 0.00 secs
21:06:15 - [DEBUG] - Time to execute 6 queries: 0.01 secs
21:06:15 - [DEBUG] - DONE with Error Detector: ViolationDetector in 0.09 secs
21:06:15 - [ INFO] - detected 9930 potentially erroneous cells
21:06:16 - [DEBUG] - Time to create index: 0.00 secs
21:06:16 - [ INFO] - DONE with error detection.
21:06:16 - [DEBUG] - Time to detect errors: 0.95 secs
21:06:18 - [DEBUG] - Time to execute query: 0.00 secs
21:06:18 - [DEBUG] - computing frequency and co-occurrence statistics from raw data...
21:06:18 - [DEBUG] - Collecting single/pair-wise statistics...
21:06:19 - [DEBUG] - DONE computing statistics in 1.12s
21:06:19 - [DEBUG] - preparing pruned co-occurring statistics...

  0%|          | 0/10 [00:00<?, ?it/s]
100%|██████████| 10/10 [00:00<00:00, 763.09it/s]
21:06:19 - [DEBUG] - DONE with pruned co-occurring statistics in 0.01 secs
21:06:19 - [DEBUG] - generating initial set of un-pruned domain values...

  0%|          | 0/1000 [00:00<?, ?it/s]
  8%|▊         | 79/1000 [00:00<00:01, 786.38it/s]
 16%|█▋        | 163/1000 [00:00<00:01, 800.01it/s]
 23%|██▎       | 231/1000 [00:00<00:01, 758.47it/s]
 29%|██▉       | 288/1000 [00:00<00:01, 689.55it/s]
 36%|███▌      | 356/1000 [00:00<00:00, 685.77it/s]
 44%|████▍     | 438/1000 [00:00<00:00, 719.64it/s]
 51%|█████     | 512/1000 [00:00<00:00, 723.68it/s]
 58%|█████▊    | 579/1000 [00:00<00:00, 690.87it/s]
 64%|██████▍   | 645/1000 [00:00<00:00, 670.24it/s]
 73%|███████▎  | 727/1000 [00:01<00:00, 708.82it/s]
 81%|████████  | 807/1000 [00:01<00:00, 732.74it/s]
 88%|████████▊ | 880/1000 [00:01<00:00, 715.76it/s]
 95%|█████████▌| 952/1000 [00:01<00:00, 653.31it/s]
100%|██████████| 1000/1000 [00:01<00:00, 704.34it/s]
21:06:21 - [DEBUG] - DONE generating initial set of domain values in 1.34
21:06:21 - [DEBUG] - training posterior model for estimating domain value probabilities...
21:06:21 - [DEBUG] - DONE training posterior model in 0.01s
21:06:21 - [DEBUG] - predicting domain value probabilities from posterior model...
21:06:21 - [DEBUG] - DONE predictions in 0.00 secs, re-constructing cell domain...
21:06:21 - [DEBUG] - re-assembling final cell domain table...

0it [00:00, ?it/s]

  0%|          | 0/9979 [00:00<?, ?it/s][A
647it [00:00, 6466.66it/s]

  8%|▊         | 756/9979 [00:00<00:01, 7551.78it/s][A
1346it [00:00, 6613.53it/s]

 15%|█▍        | 1454/9979 [00:00<00:01, 7367.10it/s][A
1964it [00:00, 6476.90it/s]

 21%|██        | 2073/9979 [00:00<00:01, 6964.97it/s][A
2694it [00:00, 6697.62it/s]

 28%|██▊       | 2772/9979 [00:00<00:01, 6970.56it/s][A
3389it [00:00, 6767.70it/s]

 35%|███▍      | 3492/9979 [00:00<00:00, 7036.25it/s][A
4110it [00:00, 6888.81it/s]

 42%|████▏     | 4206/9979 [00:00<00:00, 7066.22it/s][A
4776it [00:00, 6816.61it/s]

 49%|████▉     | 4877/9979 [00:00<00:00, 6947.51it/s][A
5503it [00:00, 6939.61it/s]

 56%|█████▌    | 5566/9979 [00:00<00:00, 6923.56it/s][A
6162it [00:00, 6624.97it/s]

 62%|██████▏   | 6217/9979 [00:00<00:00, 6713.82it/s][A
6886it [00:01, 6797.61it/s]

 70%|██████▉   | 6944/9979 [00:01<00:00, 6871.09it/s][A
7612it [00:01, 6928.06it/s]

 77%|███████▋  | 7670/9979 [00:01<00:00, 6977.87it/s][A
8329it [00:01, 6994.80it/s]

 84%|████████▎ | 8356/9979 [00:01<00:00, 6920.93it/s][A
9023it [00:01, 6803.68it/s]

 91%|█████████ | 9040/9979 [00:01<00:00, 6868.88it/s][A
9706it [00:01, 6808.35it/s]

 97%|█████████▋| 9721/9979 [00:01<00:00, 6836.05it/s][A

100%|██████████| 9979/9979 [00:01<00:00, 6903.07it/s][A
9979it [00:01, 6756.18it/s]
21:06:23 - [DEBUG] - DONE assembling cell domain table in 2.02s
21:06:23 - [ INFO] - number of (additional) weak labels assigned from posterior model: 61
21:06:23 - [DEBUG] - DONE generating domain and weak labels
21:06:25 - [DEBUG] - Time to create index: 0.00 secs
21:06:25 - [DEBUG] - Time to create index: 0.00 secs
21:06:25 - [DEBUG] - Time to create index: 0.00 secs
21:06:25 - [DEBUG] - Time to create table: 0.00 secs
21:06:26 - [DEBUG] - Time to create index: 0.00 secs
21:06:26 - [ INFO] - DONE with domain preparation.
21:06:26 - [DEBUG] - Time to setup the domain: 9.98 secs
21:06:26 - [DEBUG] - Time to execute query: 0.00 secs
21:06:26 - [DEBUG] - Time to execute query: 0.00 secs
21:06:26 - [DEBUG] - Time to execute query: 0.00 secs
21:06:26 - [DEBUG] - Time to execute query: 0.00 secs
21:06:27 - [DEBUG] - Time to execute query: 0.00 secs
21:06:27 - [DEBUG] - featurizing training data...
21:06:27 - [DEBUG] - Time to execute query: 0.02 secs

  0%|          | 0/9979 [00:00<?, ?it/s]
  1%|          | 79/9979 [00:00<00:12, 789.77it/s]
  1%|▏         | 149/9979 [00:00<00:12, 759.44it/s]
  2%|▏         | 209/9979 [00:00<00:13, 702.62it/s]
  3%|▎         | 278/9979 [00:00<00:13, 698.23it/s]
  3%|▎         | 334/9979 [00:00<00:14, 646.63it/s]
  4%|▍         | 398/9979 [00:00<00:14, 644.27it/s]
  5%|▍         | 464/9979 [00:00<00:15, 634.20it/s]
  5%|▌         | 534/9979 [00:00<00:14, 631.23it/s]
  6%|▌         | 606/9979 [00:00<00:14, 655.38it/s]
  7%|▋         | 684/9979 [00:01<00:13, 685.62it/s]
  8%|▊         | 752/9979 [00:01<00:13, 680.89it/s]
  8%|▊         | 820/9979 [00:01<00:13, 658.96it/s]
  9%|▉         | 886/9979 [00:01<00:14, 631.20it/s]
 10%|▉         | 957/9979 [00:01<00:13, 650.75it/s]
 10%|█         | 1042/9979 [00:01<00:13, 682.41it/s]
 11%|█         | 1111/9979 [00:01<00:13, 679.96it/s]
 12%|█▏        | 1180/9979 [00:01<00:13, 649.64it/s]
 12%|█▏        | 1247/9979 [00:01<00:13, 654.97it/s]
 13%|█▎        | 1322/9979 [00:01<00:13, 653.49it/s]
 14%|█▍        | 1390/9979 [00:02<00:12, 660.83it/s]
 15%|█▍        | 1457/9979 [00:02<00:13, 644.23it/s]
 15%|█▌        | 1522/9979 [00:02<00:13, 633.66it/s]
 16%|█▌        | 1591/9979 [00:02<00:12, 649.47it/s]
 17%|█▋        | 1657/9979 [00:02<00:13, 613.32it/s]
 17%|█▋        | 1731/9979 [00:02<00:12, 645.18it/s]
 18%|█▊        | 1797/9979 [00:02<00:13, 624.07it/s]
 19%|█▊        | 1861/9979 [00:02<00:13, 603.25it/s]
 19%|█▉        | 1931/9979 [00:02<00:12, 626.88it/s]
 20%|██        | 2001/9979 [00:03<00:12, 644.33it/s]
 21%|██        | 2071/9979 [00:03<00:12, 643.55it/s]
 22%|██▏       | 2151/9979 [00:03<00:11, 663.74it/s]
 22%|██▏       | 2218/9979 [00:03<00:12, 638.32it/s]
 23%|██▎       | 2283/9979 [00:03<00:12, 635.38it/s]
 24%|██▎       | 2355/9979 [00:03<00:11, 658.20it/s]
 24%|██▍       | 2436/9979 [00:03<00:10, 696.10it/s]
 25%|██▌       | 2507/9979 [00:03<00:10, 698.67it/s]
 26%|██▌       | 2578/9979 [00:03<00:10, 681.28it/s]
 27%|██▋       | 2647/9979 [00:04<00:12, 607.65it/s]
 27%|██▋       | 2710/9979 [00:04<00:12, 579.04it/s]
 28%|██▊       | 2776/9979 [00:04<00:11, 600.79it/s]
 28%|██▊       | 2838/9979 [00:04<00:11, 603.59it/s]
 29%|██▉       | 2902/9979 [00:04<00:11, 612.58it/s]
 30%|██▉       | 2964/9979 [00:04<00:11, 604.81it/s]
 30%|███       | 3025/9979 [00:04<00:12, 554.90it/s]
 31%|███       | 3089/9979 [00:04<00:12, 562.00it/s]
 32%|███▏      | 3159/9979 [00:04<00:11, 595.93it/s]
 32%|███▏      | 3223/9979 [00:05<00:11, 606.76it/s]
 33%|███▎      | 3289/9979 [00:05<00:11, 606.06it/s]
 34%|███▎      | 3351/9979 [00:05<00:11, 553.34it/s]
 34%|███▍      | 3419/9979 [00:05<00:11, 582.91it/s]
 35%|███▍      | 3481/9979 [00:05<00:10, 592.24it/s]
 35%|███▌      | 3542/9979 [00:05<00:11, 577.68it/s]
 36%|███▌      | 3606/9979 [00:05<00:10, 594.26it/s]
 37%|███▋      | 3667/9979 [00:05<00:10, 590.89it/s]
 37%|███▋      | 3727/9979 [00:05<00:10, 570.49it/s]
 38%|███▊      | 3785/9979 [00:06<00:10, 571.30it/s]
 39%|███▊      | 3849/9979 [00:06<00:10, 577.38it/s]
 39%|███▉      | 3908/9979 [00:06<00:10, 575.58it/s]
 40%|███▉      | 3968/9979 [00:06<00:10, 573.96it/s]
 40%|████      | 4036/9979 [00:06<00:09, 601.14it/s]
 41%|████      | 4097/9979 [00:06<00:10, 570.05it/s]
 42%|████▏     | 4166/9979 [00:06<00:09, 599.12it/s]
 42%|████▏     | 4227/9979 [00:06<00:09, 591.06it/s]
 43%|████▎     | 4295/9979 [00:06<00:09, 599.03it/s]
 44%|████▎     | 4357/9979 [00:06<00:09, 603.36it/s]
 44%|████▍     | 4418/9979 [00:07<00:09, 571.21it/s]
 45%|████▍     | 4476/9979 [00:07<00:10, 549.07it/s]
 45%|████▌     | 4532/9979 [00:07<00:09, 550.35it/s]
 46%|████▌     | 4588/9979 [00:07<00:10, 522.23it/s]
 47%|████▋     | 4647/9979 [00:07<00:09, 539.22it/s]
 47%|████▋     | 4708/9979 [00:07<00:09, 555.89it/s]
 48%|████▊     | 4765/9979 [00:07<00:10, 511.37it/s]
 48%|████▊     | 4827/9979 [00:07<00:09, 539.47it/s]
 49%|████▉     | 4888/9979 [00:07<00:09, 557.07it/s]
 50%|████▉     | 4952/9979 [00:08<00:08, 578.88it/s]
 50%|█████     | 5011/9979 [00:08<00:08, 577.09it/s]
 51%|█████     | 5070/9979 [00:08<00:08, 569.19it/s]
 51%|█████▏    | 5128/9979 [00:08<00:08, 567.41it/s]
 52%|█████▏    | 5186/9979 [00:08<00:09, 516.86it/s]
 53%|█████▎    | 5243/9979 [00:08<00:09, 512.79it/s]
 53%|█████▎    | 5307/9979 [00:08<00:08, 544.25it/s]
 54%|█████▎    | 5363/9979 [00:08<00:08, 535.52it/s]
 54%|█████▍    | 5423/9979 [00:08<00:08, 553.07it/s]
 55%|█████▍    | 5485/9979 [00:09<00:07, 571.32it/s]
 56%|█████▌    | 5552/9979 [00:09<00:07, 597.62it/s]
 56%|█████▌    | 5613/9979 [00:09<00:07, 591.57it/s]
 57%|█████▋    | 5682/9979 [00:09<00:06, 617.44it/s]
 58%|█████▊    | 5745/9979 [00:09<00:06, 608.73it/s]
 58%|█████▊    | 5807/9979 [00:09<00:07, 581.89it/s]
 59%|█████▉    | 5866/9979 [00:09<00:07, 542.05it/s]
 59%|█████▉    | 5923/9979 [00:09<00:07, 540.68it/s]
 60%|██████    | 5994/9979 [00:09<00:06, 581.95it/s]
 61%|██████    | 6058/9979 [00:09<00:06, 597.52it/s]
 61%|██████▏   | 6119/9979 [00:10<00:06, 577.98it/s]
 62%|██████▏   | 6178/9979 [00:10<00:06, 580.84it/s]
 63%|██████▎   | 6246/9979 [00:10<00:06, 606.31it/s]
 63%|██████▎   | 6312/9979 [00:10<00:06, 600.71it/s]
 64%|██████▍   | 6373/9979 [00:10<00:06, 599.01it/s]
 64%|██████▍   | 6434/9979 [00:10<00:05, 592.40it/s]
 65%|██████▌   | 6494/9979 [00:10<00:05, 594.30it/s]
 66%|██████▌   | 6554/9979 [00:10<00:05, 593.49it/s]
 66%|██████▋   | 6614/9979 [00:10<00:05, 566.86it/s]
 67%|██████▋   | 6686/9979 [00:11<00:05, 603.29it/s]
 68%|██████▊   | 6748/9979 [00:11<00:05, 606.95it/s]
 68%|██████▊   | 6810/9979 [00:11<00:05, 578.83it/s]
 69%|██████▉   | 6872/9979 [00:11<00:05, 583.60it/s]
 69%|██████▉   | 6931/9979 [00:11<00:05, 575.79it/s]
 70%|███████   | 6991/9979 [00:11<00:05, 574.64it/s]
 71%|███████   | 7064/9979 [00:11<00:04, 612.33it/s]
 71%|███████▏  | 7130/9979 [00:11<00:04, 610.49it/s]
 72%|███████▏  | 7192/9979 [00:11<00:04, 599.83it/s]
 73%|███████▎  | 7253/9979 [00:12<00:04, 580.11it/s]
 73%|███████▎  | 7316/9979 [00:12<00:04, 592.73it/s]
 74%|███████▍  | 7376/9979 [00:12<00:04, 581.80it/s]
 75%|███████▍  | 7438/9979 [00:12<00:04, 592.68it/s]
 75%|███████▌  | 7502/9979 [00:12<00:04, 606.06it/s]
 76%|███████▌  | 7570/9979 [00:12<00:03, 608.75it/s]
 76%|███████▋  | 7632/9979 [00:12<00:04, 568.82it/s]
 77%|███████▋  | 7690/9979 [00:12<00:04, 567.33it/s]
 78%|███████▊  | 7759/9979 [00:12<00:03, 581.63it/s]
 78%|███████▊  | 7819/9979 [00:12<00:03, 582.88it/s]
 79%|███████▉  | 7881/9979 [00:13<00:03, 592.84it/s]
 80%|███████▉  | 7941/9979 [00:13<00:03, 585.54it/s]
 80%|████████  | 8000/9979 [00:13<00:03, 544.62it/s]
 81%|████████  | 8059/9979 [00:13<00:03, 550.81it/s]
 81%|████████▏ | 8129/9979 [00:13<00:03, 580.78it/s]
 82%|████████▏ | 8189/9979 [00:13<00:03, 577.05it/s]
 83%|████████▎ | 8254/9979 [00:13<00:02, 596.02it/s]
 83%|████████▎ | 8315/9979 [00:13<00:02, 569.71it/s]
 84%|████████▍ | 8379/9979 [00:13<00:02, 573.70it/s]
 85%|████████▍ | 8439/9979 [00:14<00:02, 581.11it/s]
 85%|████████▌ | 8498/9979 [00:14<00:02, 562.64it/s]
 86%|████████▌ | 8555/9979 [00:14<00:02, 557.81it/s]
 86%|████████▋ | 8615/9979 [00:14<00:02, 569.41it/s]
 87%|████████▋ | 8679/9979 [00:14<00:02, 573.03it/s]
 88%|████████▊ | 8737/9979 [00:14<00:02, 573.42it/s]
 88%|████████▊ | 8799/9979 [00:14<00:02, 568.37it/s]
 89%|████████▉ | 8859/9979 [00:14<00:01, 570.45it/s]
 89%|████████▉ | 8917/9979 [00:14<00:01, 567.41it/s]
 90%|████████▉ | 8979/9979 [00:15<00:01, 561.29it/s]
 91%|█████████ | 9049/9979 [00:15<00:01, 579.85it/s]
 91%|█████████▏| 9108/9979 [00:15<00:01, 571.58it/s]
 92%|█████████▏| 9173/9979 [00:15<00:01, 591.93it/s]
 93%|█████████▎| 9233/9979 [00:15<00:01, 579.26it/s]
 93%|█████████▎| 9295/9979 [00:15<00:01, 590.84it/s]
 94%|█████████▍| 9358/9979 [00:15<00:01, 584.50it/s]
 94%|█████████▍| 9417/9979 [00:15<00:00, 580.73it/s]
 95%|█████████▍| 9476/9979 [00:15<00:00, 558.53it/s]
 96%|█████████▌| 9536/9979 [00:15<00:00, 552.82it/s]
 96%|█████████▌| 9592/9979 [00:16<00:00, 551.20it/s]
 97%|█████████▋| 9648/9979 [00:16<00:00, 549.57it/s]
 97%|█████████▋| 9709/9979 [00:16<00:00, 565.36it/s]
 98%|█████████▊| 9766/9979 [00:16<00:00, 530.17it/s]
 98%|█████████▊| 9824/9979 [00:16<00:00, 543.74it/s]
 99%|█████████▉| 9887/9979 [00:16<00:00, 566.26it/s]
100%|█████████▉| 9945/9979 [00:16<00:00, 562.16it/s]
100%|██████████| 9979/9979 [00:16<00:00, 595.08it/s]
21:06:45 - [DEBUG] - Time to execute query: 0.03 secs
21:06:47 - [DEBUG] - Preparing to execute 16 queries.
21:06:47 - [DEBUG] - Starting to execute query SELECT _vid_, val_id, count(*) violations FROM   "soccer_nwcpk_075" as t1, "soccer_nwcpk_075" as t2, pos_values as t3 WHERE  t1._tid_ != t2._tid_   AND  t1._tid_ = t3._tid_   AND  t3.attribute = 'name'   AND  t1."surname"<>t2."surname"   AND  t3.rv_val = t2."name" GROUP BY _vid_, val_id with id 0
21:06:47 - [DEBUG] - Time to execute query with id 0: 0.00 secs
21:06:47 - [DEBUG] - Starting to execute query SELECT _vid_, val_id, count(*) violations FROM   "soccer_nwcpk_075" as t1, "soccer_nwcpk_075" as t2, pos_values as t3 WHERE  t1._tid_ != t2._tid_   AND  t1._tid_ = t3._tid_   AND  t3.attribute = 'surname'   AND  t1."name"=t2."name"   AND  t3.rv_val <> t2."surname" GROUP BY _vid_, val_id with id 1
21:06:51 - [DEBUG] - Time to execute query with id 1: 0.01 secs
21:06:51 - [DEBUG] - Starting to execute query SELECT _vid_, val_id, count(*) violations FROM   "soccer_nwcpk_075" as t1, "soccer_nwcpk_075" as t2, pos_values as t3 WHERE  t1._tid_ != t2._tid_   AND  t1._tid_ = t3._tid_   AND  t3.attribute = 'name'   AND  t1."birthyear"<>t2."birthyear"   AND  t3.rv_val = t2."name" GROUP BY _vid_, val_id with id 2
21:06:51 - [DEBUG] - Time to execute query with id 2: 0.00 secs
21:06:51 - [DEBUG] - Starting to execute query SELECT _vid_, val_id, count(*) violations FROM   "soccer_nwcpk_075" as t1, "soccer_nwcpk_075" as t2, pos_values as t3 WHERE  t1._tid_ != t2._tid_   AND  t1._tid_ = t3._tid_   AND  t3.attribute = 'birthyear'   AND  t1."name"=t2."name"   AND  t3.rv_val <> t2."birthyear" GROUP BY _vid_, val_id with id 3
21:06:54 - [DEBUG] - Time to execute query with id 3: 0.01 secs
21:06:54 - [DEBUG] - Starting to execute query SELECT _vid_, val_id, count(*) violations FROM   "soccer_nwcpk_075" as t1, "soccer_nwcpk_075" as t2, pos_values as t3 WHERE  t1._tid_ != t2._tid_   AND  t1._tid_ = t3._tid_   AND  t3.attribute = 'name'   AND  t1."birthplace"<>t2."birthplace"   AND  t3.rv_val = t2."name" GROUP BY _vid_, val_id with id 4
21:06:55 - [DEBUG] - Time to execute query with id 4: 0.00 secs
21:06:55 - [DEBUG] - Starting to execute query SELECT _vid_, val_id, count(*) violations FROM   "soccer_nwcpk_075" as t1, "soccer_nwcpk_075" as t2, pos_values as t3 WHERE  t1._tid_ != t2._tid_   AND  t1._tid_ = t3._tid_   AND  t3.attribute = 'birthplace'   AND  t1."name"=t2."name"   AND  t3.rv_val <> t2."birthplace" GROUP BY _vid_, val_id with id 5
21:06:58 - [DEBUG] - Time to execute query with id 5: 0.01 secs
21:06:58 - [DEBUG] - Starting to execute query SELECT _vid_, val_id, count(*) violations FROM   "soccer_nwcpk_075" as t1, "soccer_nwcpk_075" as t2, pos_values as t3 WHERE  t1._tid_ != t2._tid_   AND  t1._tid_ = t3._tid_   AND  t3.attribute = 'name'   AND  t1."season"=t2."season" AND t1."position"<>t2."position"   AND  t3.rv_val = t2."name" GROUP BY _vid_, val_id with id 6
21:06:58 - [DEBUG] - Time to execute query with id 6: 0.00 secs
21:06:58 - [DEBUG] - Starting to execute query SELECT _vid_, val_id, count(*) violations FROM   "soccer_nwcpk_075" as t1, "soccer_nwcpk_075" as t2, pos_values as t3 WHERE  t1._tid_ != t2._tid_   AND  t1._tid_ = t3._tid_   AND  t3.attribute = 'season'   AND  t1."name"=t2."name" AND t1."position"<>t2."position"   AND  t3.rv_val = t2."season" GROUP BY _vid_, val_id with id 7
21:06:58 - [DEBUG] - Time to execute query with id 7: 0.00 secs
21:06:58 - [DEBUG] - Starting to execute query SELECT _vid_, val_id, count(*) violations FROM   "soccer_nwcpk_075" as t1, "soccer_nwcpk_075" as t2, pos_values as t3 WHERE  t1._tid_ != t2._tid_   AND  t1._tid_ = t3._tid_   AND  t3.attribute = 'position'   AND  t1."name"=t2."name" AND t1."season"=t2."season"   AND  t3.rv_val <> t2."position" GROUP BY _vid_, val_id with id 8
21:07:14 - [DEBUG] - Time to execute query with id 8: 0.09 secs
21:07:14 - [DEBUG] - Starting to execute query SELECT _vid_, val_id, count(*) violations FROM   "soccer_nwcpk_075" as t1, "soccer_nwcpk_075" as t2, pos_values as t3 WHERE  t1._tid_ != t2._tid_   AND  t1._tid_ = t3._tid_   AND  t3.attribute = 'team'   AND  t1."city"=t2."city" AND t1."season"=t2."season" AND t1."stadium"<>t2."stadium"   AND  t3.rv_val = t2."team" GROUP BY _vid_, val_id with id 9
21:07:14 - [DEBUG] - Time to execute query with id 9: 0.00 secs
21:07:14 - [DEBUG] - Starting to execute query SELECT _vid_, val_id, count(*) violations FROM   "soccer_nwcpk_075" as t1, "soccer_nwcpk_075" as t2, pos_values as t3 WHERE  t1._tid_ != t2._tid_   AND  t1._tid_ = t3._tid_   AND  t3.attribute = 'city'   AND  t1."team"=t2."team" AND t1."season"=t2."season" AND t1."stadium"<>t2."stadium"   AND  t3.rv_val = t2."city" GROUP BY _vid_, val_id with id 10
21:07:15 - [DEBUG] - Time to execute query with id 10: 0.00 secs
21:07:15 - [DEBUG] - Starting to execute query SELECT _vid_, val_id, count(*) violations FROM   "soccer_nwcpk_075" as t1, "soccer_nwcpk_075" as t2, pos_values as t3 WHERE  t1._tid_ != t2._tid_   AND  t1._tid_ = t3._tid_   AND  t3.attribute = 'season'   AND  t1."team"=t2."team" AND t1."city"=t2."city" AND t1."stadium"<>t2."stadium"   AND  t3.rv_val = t2."season" GROUP BY _vid_, val_id with id 11
21:07:15 - [DEBUG] - Time to execute query with id 11: 0.00 secs
21:07:15 - [DEBUG] - Starting to execute query SELECT _vid_, val_id, count(*) violations FROM   "soccer_nwcpk_075" as t1, "soccer_nwcpk_075" as t2, pos_values as t3 WHERE  t1._tid_ != t2._tid_   AND  t1._tid_ = t3._tid_   AND  t3.attribute = 'stadium'   AND  t1."team"=t2."team" AND t1."city"=t2."city" AND t1."season"=t2."season"   AND  t3.rv_val <> t2."stadium" GROUP BY _vid_, val_id with id 12
21:07:17 - [DEBUG] - Time to execute query with id 12: 0.01 secs
21:07:17 - [DEBUG] - Starting to execute query SELECT _vid_, val_id, count(*) violations FROM   "soccer_nwcpk_075" as t1, "soccer_nwcpk_075" as t2, pos_values as t3 WHERE  t1._tid_ != t2._tid_   AND  t1._tid_ = t3._tid_   AND  t3.attribute = 'manager'   AND  t1."season"=t2."season" AND t1."team"<>t2."team"   AND  t3.rv_val = t2."manager" GROUP BY _vid_, val_id with id 13
21:07:17 - [DEBUG] - Time to execute query with id 13: 0.00 secs
21:07:17 - [DEBUG] - Starting to execute query SELECT _vid_, val_id, count(*) violations FROM   "soccer_nwcpk_075" as t1, "soccer_nwcpk_075" as t2, pos_values as t3 WHERE  t1._tid_ != t2._tid_   AND  t1._tid_ = t3._tid_   AND  t3.attribute = 'season'   AND  t1."manager"=t2."manager" AND t1."team"<>t2."team"   AND  t3.rv_val = t2."season" GROUP BY _vid_, val_id with id 14
21:07:18 - [DEBUG] - Time to execute query with id 14: 0.00 secs
21:07:18 - [DEBUG] - Starting to execute query SELECT _vid_, val_id, count(*) violations FROM   "soccer_nwcpk_075" as t1, "soccer_nwcpk_075" as t2, pos_values as t3 WHERE  t1._tid_ != t2._tid_   AND  t1._tid_ = t3._tid_   AND  t3.attribute = 'team'   AND  t1."manager"=t2."manager" AND t1."season"=t2."season"   AND  t3.rv_val <> t2."team" GROUP BY _vid_, val_id with id 15
21:07:21 - [DEBUG] - Time to execute query with id 15: 0.02 secs
21:07:21 - [DEBUG] - Time to execute 16 queries: 0.17 secs
21:07:24 - [DEBUG] - DONE featurization.
21:07:24 - [DEBUG] - generating weak labels...
21:07:24 - [DEBUG] - Time to execute query: 0.03 secs

  0%|          | 0/6077 [00:00<?, ?it/s]
 84%|████████▎ | 5082/6077 [00:00<00:00, 50811.69it/s]
100%|██████████| 6077/6077 [00:00<00:00, 47102.10it/s]
21:07:24 - [DEBUG] - DONE generating weak labels.
21:07:24 - [DEBUG] - generating mask...
21:07:24 - [DEBUG] - Time to execute query: 0.02 secs

  0%|          | 0/9979 [00:00<?, ?it/s]
 72%|███████▏  | 7223/9979 [00:00<00:00, 72223.87it/s]
100%|██████████| 9979/9979 [00:00<00:00, 72336.71it/s]
21:07:24 - [DEBUG] - DONE generating mask.
21:07:24 - [ INFO] - DONE setting up featurized dataset.
21:07:24 - [DEBUG] - Time to featurize data: 35.26 secs
21:07:24 - [ INFO] - DONE setting up repair model.
21:07:24 - [DEBUG] - Time to setup repair model: 35.26 secs
21:07:24 - [ INFO] - training with 6077 training examples (cells)

  0%|          | 0/10 [00:00<?, ?it/s]21:07:30 - [DEBUG] - Epoch 1, cost = 0.195820, acc = 99.37%

 10%|█         | 1/10 [00:05<00:50,  5.56s/it]21:07:35 - [DEBUG] - Epoch 2, cost = 0.160128, acc = 99.37%

 20%|██        | 2/10 [00:10<00:42,  5.35s/it]21:07:39 - [DEBUG] - Epoch 3, cost = 0.159794, acc = 99.37%

 30%|███       | 3/10 [00:14<00:35,  5.09s/it]21:07:44 - [DEBUG] - Epoch 4, cost = 0.159772, acc = 99.37%

 40%|████      | 4/10 [00:19<00:29,  4.94s/it]21:07:48 - [DEBUG] - Epoch 5, cost = 0.159772, acc = 99.37%

 50%|█████     | 5/10 [00:24<00:24,  4.84s/it]21:07:53 - [DEBUG] - Epoch 6, cost = 0.159772, acc = 99.37%

 60%|██████    | 6/10 [00:28<00:19,  4.76s/it]21:07:58 - [DEBUG] - Epoch 7, cost = 0.159772, acc = 99.37%

 70%|███████   | 7/10 [00:33<00:14,  4.68s/it]21:08:02 - [DEBUG] - Epoch 8, cost = 0.159772, acc = 99.37%

 80%|████████  | 8/10 [00:37<00:09,  4.70s/it]21:08:07 - [DEBUG] - Epoch 9, cost = 0.159772, acc = 99.37%

 90%|█████████ | 9/10 [00:42<00:04,  4.70s/it]21:08:12 - [DEBUG] - Epoch 10, cost = 0.159772, acc = 99.37%

100%|██████████| 10/10 [00:47<00:00,  4.73s/it]
21:08:12 - [ INFO] - DONE training repair model.
21:08:12 - [DEBUG] - Time to fit repair model: 62.91 secs
21:08:12 - [ INFO] - inferring on 9909 examples (cells)
21:08:13 - [DEBUG] - Time to execute query: 0.23 secs
21:08:15 - [DEBUG] - Time to create index: 0.00 secs
21:08:16 - [DEBUG] - Time to create index: 0.00 secs
21:08:17 - [ INFO] - DONE inferring repairs.
21:08:17 - [DEBUG] - Time to infer correct cell values: 6.94 secs
21:08:17 - [DEBUG] - Time to create table: 0.00 secs
21:08:17 - [DEBUG] - Time to create index: 0.00 secs
21:08:17 - [DEBUG] - Time to create index: 0.00 secs
21:08:17 - [ INFO] - DONE collecting the inferred values.
21:08:17 - [DEBUG] - Time to collect inferred values: 0.08 secs
21:08:17 - [ INFO] - DONE generating repaired dataset
21:08:17 - [DEBUG] - Time to store repaired dataset: 0.18 secs
21:08:17 - [ INFO] - featurizer InitAttrFeaturizer,size 10,max 1.0000,min 1.0000,avg 1.0000,abs_avg 1.0000,weights:
name 1.0
surname 1.0
birthyear 1.0
birthplace 1.0
position 1.0
team 1.0
city 1.0
stadium 1.0
season 1.0
manager 1.0
featurizer OccurAttrFeaturizer,size 100,max 0.8784,min -0.0000,avg 0.1825,abs_avg 0.1825,weights:
name X name 0.0
name X surname 0.184
name X birthyear 0.182
name X birthplace 0.182
name X position 0.186
name X team 0.185
name X city 0.186
name X stadium 0.184
name X season 0.186
name X manager 0.186
surname X name 0.059
surname X surname -0.0
surname X birthyear 0.037
surname X birthplace 0.032
surname X position 0.052
surname X team 0.07
surname X city 0.06
surname X stadium 0.06
surname X season 0.06
surname X manager 0.06
birthyear X name 0.311
birthyear X surname 0.327
birthyear X birthyear 0.0
birthyear X birthplace 0.878
birthyear X position 0.718
birthyear X team 0.36
birthyear X city 0.314
birthyear X stadium 0.338
birthyear X season 0.314
birthyear X manager 0.314
birthplace X name 0.16
birthplace X surname 0.192
birthplace X birthyear 0.651
birthplace X birthplace -0.0
birthplace X position 0.689
birthplace X team 0.208
birthplace X city 0.163
birthplace X stadium 0.196
birthplace X season 0.163
birthplace X manager 0.163
position X name 0.008
position X surname 0.008
position X birthyear 0.008
position X birthplace 0.008
position X position -0.0
position X team 0.008
position X city 0.008
position X stadium 0.008
position X season 0.008
position X manager 0.008
team X name 0.096
team X surname 0.096
team X birthyear 0.082
team X birthplace 0.074
team X position 0.162
team X team 0.0
team X city 0.227
team X stadium 0.227
team X season 0.227
team X manager 0.227
city X name 0.085
city X surname 0.085
city X birthyear 0.107
city X birthplace 0.128
city X position 0.386
city X team 0.384
city X city -0.0
city X stadium 0.383
city X season 0.386
city X manager 0.386
stadium X name 0.094
stadium X surname 0.094
stadium X birthyear 0.092
stadium X birthplace 0.081
stadium X position 0.21
stadium X team 0.187
stadium X city 0.212
stadium X stadium 0.0
stadium X season 0.212
stadium X manager 0.212
season X name 0.079
season X surname 0.078
season X birthyear 0.097
season X birthplace 0.117
season X position 0.347
season X team 0.345
season X city 0.347
season X stadium 0.344
season X season -0.0
season X manager 0.347
manager X name 0.085
manager X surname 0.085
manager X birthyear 0.106
manager X birthplace 0.128
manager X position 0.385
manager X team 0.383
manager X city 0.385
manager X stadium 0.382
manager X season 0.385
manager X manager -0.0
featurizer FreqFeaturizer,size 10,max 0.3092,min 0.0000,avg 0.1115,abs_avg 0.1115,weights:
name 0.184
surname 0.04
birthyear 0.309
birthplace 0.159
position 0.0
team 0.089
city 0.084
stadium 0.088
season 0.078
manager 0.084
featurizer ConstraintFeaturizer,size 16,max 0.3840,min -0.1401,avg 0.1236,abs_avg 0.1720,weights:
fixed pred: t1."surname"<>t2."surname", violation pred: t1."name"=t2."name" 0.139
fixed pred: t1."name"=t2."name", violation pred: t1."surname"<>t2."surname" -0.021
fixed pred: t1."birthyear"<>t2."birthyear", violation pred: t1."name"=t2."name" 0.184
fixed pred: t1."name"=t2."name", violation pred: t1."birthyear"<>t2."birthyear" -0.14
fixed pred: t1."birthplace"<>t2."birthplace", violation pred: t1."name"=t2."name" 0.184
fixed pred: t1."name"=t2."name", violation pred: t1."birthplace"<>t2."birthplace" -0.067
fixed pred: t1."season"=t2."season" AND t1."position"<>t2."position", violation pred: t1."name"=t2."name" 0.185
fixed pred: t1."name"=t2."name" AND t1."position"<>t2."position", violation pred: t1."season"=t2."season" -0.045
fixed pred: t1."name"=t2."name" AND t1."season"=t2."season", violation pred: t1."position"<>t2."position" -0.001
fixed pred: t1."city"=t2."city" AND t1."season"=t2."season" AND t1."stadium"<>t2."stadium", violation pred: t1."team"=t2."team" 0.225
fixed pred: t1."team"=t2."team" AND t1."season"=t2."season" AND t1."stadium"<>t2."stadium", violation pred: t1."city"=t2."city" 0.378
fixed pred: t1."team"=t2."team" AND t1."city"=t2."city" AND t1."stadium"<>t2."stadium", violation pred: t1."season"=t2."season" 0.34
fixed pred: t1."team"=t2."team" AND t1."city"=t2."city" AND t1."season"=t2."season", violation pred: t1."stadium"<>t2."stadium" -0.064
fixed pred: t1."season"=t2."season" AND t1."team"<>t2."team", violation pred: t1."manager"=t2."manager" 0.384
fixed pred: t1."manager"=t2."manager" AND t1."team"<>t2."team", violation pred: t1."season"=t2."season" 0.346
fixed pred: t1."manager"=t2."manager" AND t1."season"=t2."season", violation pred: t1."team"<>t2."team" -0.05

21:08:17 - [DEBUG] - Time to store featurizer weights: 0.00 secs
21:08:18 - [DEBUG] - Time to create index: 0.00 secs
21:08:18 - [DEBUG] - Time to create index: 0.00 secs
21:08:18 - [ INFO] - DONE Loading subset_clean_index_1k_holoclean.csv
21:08:18 - [DEBUG] - Time to evaluate repairs: 0.57 secs
21:08:18 - [DEBUG] - Time to execute query: 0.00 secs
21:08:18 - [DEBUG] - Time to execute query: 0.00 secs
21:08:18 - [DEBUG] - Preparing to execute 10 queries.
21:08:18 - [DEBUG] - Starting to execute query SELECT count(*) FROM  "soccer_nwcpk_075" as t1, "soccer_nwcpk_075_clean" as t2 WHERE t1._tid_ = t2._tid_   AND t2._attribute_ = 'name'   AND t1."name" != t2._value_ with id 0
21:08:18 - [DEBUG] - Time to execute query with id 0: 0.00 secs
21:08:18 - [DEBUG] - Starting to execute query SELECT count(*) FROM  "soccer_nwcpk_075" as t1, "soccer_nwcpk_075_clean" as t2 WHERE t1._tid_ = t2._tid_   AND t2._attribute_ = 'surname'   AND t1."surname" != t2._value_ with id 1
21:08:18 - [DEBUG] - Time to execute query with id 1: 0.00 secs
21:08:18 - [DEBUG] - Starting to execute query SELECT count(*) FROM  "soccer_nwcpk_075" as t1, "soccer_nwcpk_075_clean" as t2 WHERE t1._tid_ = t2._tid_   AND t2._attribute_ = 'birthyear'   AND t1."birthyear" != t2._value_ with id 2
21:08:18 - [DEBUG] - Time to execute query with id 2: 0.00 secs
21:08:18 - [DEBUG] - Starting to execute query SELECT count(*) FROM  "soccer_nwcpk_075" as t1, "soccer_nwcpk_075_clean" as t2 WHERE t1._tid_ = t2._tid_   AND t2._attribute_ = 'birthplace'   AND t1."birthplace" != t2._value_ with id 3
21:08:18 - [DEBUG] - Time to execute query with id 3: 0.00 secs
21:08:18 - [DEBUG] - Starting to execute query SELECT count(*) FROM  "soccer_nwcpk_075" as t1, "soccer_nwcpk_075_clean" as t2 WHERE t1._tid_ = t2._tid_   AND t2._attribute_ = 'position'   AND t1."position" != t2._value_ with id 4
21:08:18 - [DEBUG] - Time to execute query with id 4: 0.00 secs
21:08:18 - [DEBUG] - Starting to execute query SELECT count(*) FROM  "soccer_nwcpk_075" as t1, "soccer_nwcpk_075_clean" as t2 WHERE t1._tid_ = t2._tid_   AND t2._attribute_ = 'team'   AND t1."team" != t2._value_ with id 5
21:08:18 - [DEBUG] - Time to execute query with id 5: 0.00 secs
21:08:18 - [DEBUG] - Starting to execute query SELECT count(*) FROM  "soccer_nwcpk_075" as t1, "soccer_nwcpk_075_clean" as t2 WHERE t1._tid_ = t2._tid_   AND t2._attribute_ = 'city'   AND t1."city" != t2._value_ with id 6
21:08:18 - [DEBUG] - Time to execute query with id 6: 0.00 secs
21:08:18 - [DEBUG] - Starting to execute query SELECT count(*) FROM  "soccer_nwcpk_075" as t1, "soccer_nwcpk_075_clean" as t2 WHERE t1._tid_ = t2._tid_   AND t2._attribute_ = 'stadium'   AND t1."stadium" != t2._value_ with id 7
21:08:18 - [DEBUG] - Time to execute query with id 7: 0.00 secs
21:08:18 - [DEBUG] - Starting to execute query SELECT count(*) FROM  "soccer_nwcpk_075" as t1, "soccer_nwcpk_075_clean" as t2 WHERE t1._tid_ = t2._tid_   AND t2._attribute_ = 'season'   AND t1."season" != t2._value_ with id 8
21:08:18 - [DEBUG] - Time to execute query with id 8: 0.00 secs
21:08:18 - [DEBUG] - Starting to execute query SELECT count(*) FROM  "soccer_nwcpk_075" as t1, "soccer_nwcpk_075_clean" as t2 WHERE t1._tid_ = t2._tid_   AND t2._attribute_ = 'manager'   AND t1."manager" != t2._value_ with id 9
21:08:18 - [DEBUG] - Time to execute query with id 9: 0.00 secs
21:08:18 - [DEBUG] - Time to execute 10 queries: 0.01 secs
21:08:18 - [DEBUG] - Time to execute query: 0.00 secs
21:08:18 - [DEBUG] - Preparing to execute 10 queries.
21:08:18 - [DEBUG] - Starting to execute query SELECT COUNT(*) FROM   (SELECT t2._tid_, t2._attribute_, t2._value_      FROM "soccer_nwcpk_075" as t1, "soccer_nwcpk_075_clean" as t2     WHERE t1._tid_ = t2._tid_       AND t2._attribute_ = 'name'       AND t1."name" != t2._value_ ) as errors, inf_values_dom as repairs WHERE errors._tid_ = repairs._tid_   AND errors._attribute_ = repairs.attribute   AND errors._value_ = repairs.rv_value with id 0
21:08:18 - [DEBUG] - Time to execute query with id 0: 0.00 secs
21:08:18 - [DEBUG] - Starting to execute query SELECT COUNT(*) FROM   (SELECT t2._tid_, t2._attribute_, t2._value_      FROM "soccer_nwcpk_075" as t1, "soccer_nwcpk_075_clean" as t2     WHERE t1._tid_ = t2._tid_       AND t2._attribute_ = 'surname'       AND t1."surname" != t2._value_ ) as errors, inf_values_dom as repairs WHERE errors._tid_ = repairs._tid_   AND errors._attribute_ = repairs.attribute   AND errors._value_ = repairs.rv_value with id 1
21:08:18 - [DEBUG] - Time to execute query with id 1: 0.00 secs
21:08:18 - [DEBUG] - Starting to execute query SELECT COUNT(*) FROM   (SELECT t2._tid_, t2._attribute_, t2._value_      FROM "soccer_nwcpk_075" as t1, "soccer_nwcpk_075_clean" as t2     WHERE t1._tid_ = t2._tid_       AND t2._attribute_ = 'birthyear'       AND t1."birthyear" != t2._value_ ) as errors, inf_values_dom as repairs WHERE errors._tid_ = repairs._tid_   AND errors._attribute_ = repairs.attribute   AND errors._value_ = repairs.rv_value with id 2
21:08:18 - [DEBUG] - Time to execute query with id 2: 0.00 secs
21:08:18 - [DEBUG] - Starting to execute query SELECT COUNT(*) FROM   (SELECT t2._tid_, t2._attribute_, t2._value_      FROM "soccer_nwcpk_075" as t1, "soccer_nwcpk_075_clean" as t2     WHERE t1._tid_ = t2._tid_       AND t2._attribute_ = 'birthplace'       AND t1."birthplace" != t2._value_ ) as errors, inf_values_dom as repairs WHERE errors._tid_ = repairs._tid_   AND errors._attribute_ = repairs.attribute   AND errors._value_ = repairs.rv_value with id 3
21:08:18 - [DEBUG] - Time to execute query with id 3: 0.00 secs
21:08:18 - [DEBUG] - Starting to execute query SELECT COUNT(*) FROM   (SELECT t2._tid_, t2._attribute_, t2._value_      FROM "soccer_nwcpk_075" as t1, "soccer_nwcpk_075_clean" as t2     WHERE t1._tid_ = t2._tid_       AND t2._attribute_ = 'position'       AND t1."position" != t2._value_ ) as errors, inf_values_dom as repairs WHERE errors._tid_ = repairs._tid_   AND errors._attribute_ = repairs.attribute   AND errors._value_ = repairs.rv_value with id 4
21:08:18 - [DEBUG] - Time to execute query with id 4: 0.00 secs
21:08:18 - [DEBUG] - Starting to execute query SELECT COUNT(*) FROM   (SELECT t2._tid_, t2._attribute_, t2._value_      FROM "soccer_nwcpk_075" as t1, "soccer_nwcpk_075_clean" as t2     WHERE t1._tid_ = t2._tid_       AND t2._attribute_ = 'team'       AND t1."team" != t2._value_ ) as errors, inf_values_dom as repairs WHERE errors._tid_ = repairs._tid_   AND errors._attribute_ = repairs.attribute   AND errors._value_ = repairs.rv_value with id 5
21:08:18 - [DEBUG] - Time to execute query with id 5: 0.00 secs
21:08:18 - [DEBUG] - Starting to execute query SELECT COUNT(*) FROM   (SELECT t2._tid_, t2._attribute_, t2._value_      FROM "soccer_nwcpk_075" as t1, "soccer_nwcpk_075_clean" as t2     WHERE t1._tid_ = t2._tid_       AND t2._attribute_ = 'city'       AND t1."city" != t2._value_ ) as errors, inf_values_dom as repairs WHERE errors._tid_ = repairs._tid_   AND errors._attribute_ = repairs.attribute   AND errors._value_ = repairs.rv_value with id 6
21:08:18 - [DEBUG] - Time to execute query with id 6: 0.00 secs
21:08:18 - [DEBUG] - Starting to execute query SELECT COUNT(*) FROM   (SELECT t2._tid_, t2._attribute_, t2._value_      FROM "soccer_nwcpk_075" as t1, "soccer_nwcpk_075_clean" as t2     WHERE t1._tid_ = t2._tid_       AND t2._attribute_ = 'stadium'       AND t1."stadium" != t2._value_ ) as errors, inf_values_dom as repairs WHERE errors._tid_ = repairs._tid_   AND errors._attribute_ = repairs.attribute   AND errors._value_ = repairs.rv_value with id 7
21:08:19 - [DEBUG] - Time to execute query with id 7: 0.00 secs
21:08:19 - [DEBUG] - Starting to execute query SELECT COUNT(*) FROM   (SELECT t2._tid_, t2._attribute_, t2._value_      FROM "soccer_nwcpk_075" as t1, "soccer_nwcpk_075_clean" as t2     WHERE t1._tid_ = t2._tid_       AND t2._attribute_ = 'season'       AND t1."season" != t2._value_ ) as errors, inf_values_dom as repairs WHERE errors._tid_ = repairs._tid_   AND errors._attribute_ = repairs.attribute   AND errors._value_ = repairs.rv_value with id 8
21:08:19 - [DEBUG] - Time to execute query with id 8: 0.00 secs
21:08:19 - [DEBUG] - Starting to execute query SELECT COUNT(*) FROM   (SELECT t2._tid_, t2._attribute_, t2._value_      FROM "soccer_nwcpk_075" as t1, "soccer_nwcpk_075_clean" as t2     WHERE t1._tid_ = t2._tid_       AND t2._attribute_ = 'manager'       AND t1."manager" != t2._value_ ) as errors, inf_values_dom as repairs WHERE errors._tid_ = repairs._tid_   AND errors._attribute_ = repairs.attribute   AND errors._value_ = repairs.rv_value with id 9
21:08:19 - [DEBUG] - Time to execute query with id 9: 0.00 secs
21:08:19 - [DEBUG] - Time to execute 10 queries: 0.01 secs
21:08:23 - [DEBUG] - Time to execute query: 0.00 secs
21:08:23 - [DEBUG] - weak label statistics:
21:08:23 - [DEBUG] -     is_clean  cell_status  is_inferred  init = grdth init = inferred  \
0   False     0            True         False         False            
1   False     0            True         False         False            
2   False     0            True         False         True             
3   False     0            True         True          True             
4   False     1            True         False         False            
5   False     1            True         False         True             
6   False     1            True         True          True             
7   False     2            True         False         True             
8   False     2            True         True          True             
9   True      0            False        True          None             
10  True      2            False        True          None             

    w. label = init  w. label = grdth w. label = inferred infer = grdth  count  
0   True             False             False               False         1      
1   True             False             False               True          2      
2   True             False             True                False         413    
3   True             True              True                True          3486   
4   False            True              True                True          23     
5   False            True              False               False         26     
6   False            False             False               True          12     
7   True             False             True                False         1945   
8   True             True              True                True          4001   
9   True             True              None                None          21     
10  True             True              None                None          49     
21:08:23 - [ INFO] - Precision = 0.96, Recall = 0.01, Repairing Recall = 0.01, F1 = 0.02, Repairing F1 = 0.02, Detected Errors = 2410, Total Errors = 2431, Correct Repairs = 25, Total Repairs = 26, Total Repairs on correct cells (Grdth present) = 0, Total Repairs on incorrect cells (Grdth present) = 26
21:08:23 - [DEBUG] - Time to generate report: 0.05 secs
21:08:23 - [DEBUG] - Time to execute query: 0.01 secs
21:08:23 - [ INFO] - 清洗后的数据已成功保存到 results/holoclean/nwcpk/6_soccer_nwcpk_075/6_soccer_nwcpk_075_repaired.csv
没有指定错误比例，仅进行原数据集的空值替换，不添加错误
已将注入错误的文件保存到: Data/6_soccer/subset_soccer_1k/subset_clean_index_1k_ori_empty.csv
没有指定错误比例，仅进行原数据集的空值替换，不添加错误
已将注入错误的文件保存到: Data/6_soccer/subset_soccer_1k/noise_with_correct_primary_key/dirty_mixed_0.75/dirty_soccer_mix_0.75_ori_empty.csv
Running Holoclean with modified dirty file: Data/6_soccer/subset_soccer_1k/noise_with_correct_primary_key/dirty_mixed_0.75/dirty_soccer_mix_0.75_holoclean.csv
转换完成，结果已保存到 Data/6_soccer/subset_soccer_1k/subset_clean_index_1k_holoclean.csv
Results saved to results/holoclean/nwcpk/6_soccer_nwcpk_075/6_soccer_nwcpk_075_repaired.csv
Holoclean finished in 128.32697796821594 seconds.
测评性能开始：
没有指定错误比例，仅进行原数据集的空值替换，不添加错误
已将注入错误的文件保存到: results/holoclean/nwcpk/6_soccer_nwcpk_075/6_soccer_nwcpk_075_repaired_ori_empty.csv
差异文件已保存到:
results/holoclean/nwcpk/6_soccer_nwcpk_075/6_soccer_nwcpk_075_clean_vs_dirty.csv
results/holoclean/nwcpk/6_soccer_nwcpk_075/6_soccer_nwcpk_075_dirty_vs_cleaned.csv
results/holoclean/nwcpk/6_soccer_nwcpk_075/6_soccer_nwcpk_075_clean_vs_cleaned.csv
修复错误数据文件已保存到: results/holoclean/nwcpk/6_soccer_nwcpk_075/6_soccer_nwcpk_075_repair_errors.csv
未修复但是应该修复数据文件已保存到: results/holoclean/nwcpk/6_soccer_nwcpk_075/6_soccer_nwcpk_075_unrepaired.csv
修复准确率: 0.9615384615384616, 修复召回率: 0.010283833813245578, F1值: 0.020350020347926344
========================================
EDR 结果已保存到: results/holoclean/nwcpk/6_soccer_nwcpk_075/6_soccer_nwcpk_075_edr_evaluation.txt
错误减少率 (EDR): 0.010283833813245578
========================================
混合距离结果已保存到: results/holoclean/nwcpk/6_soccer_nwcpk_075/6_soccer_nwcpk_075_hybrid_distance_evaluation.txt
混合距离 (Hybrid Distance): 0.23743616605323473
========================================
R-EDR 结果已保存到: results/holoclean/nwcpk/6_soccer_nwcpk_075/6_soccer_nwcpk_075_record_based_edr_evaluation.txt
基于条目的错误减少率 (R-EDR): 0.0
========================================
测试结果:
Accuracy: 0.9615384615384616
Recall: 0.010283833813245578
F1 Score: 0.020350020347926344
EDR: 0.010283833813245578
Hybrid Distance: 0.23743616605323473
R-EDR: 0.0
Time: 128.32697796821594
Speed: 12.832697796821595 seconds/100 records
测评结束，详细测评日志见：results/holoclean/nwcpk/6_soccer_nwcpk_075
