21:08:30 - [DEBUG] - initiating session with parameters: {'db_user': 'datacleanuser', 'db_pwd': 'abcd1234', 'db_host': 'localhost', 'db_name': 'holo', 'threads': 1, 'timeout': 180000, 'seed': 45, 'learning_rate': 0.001, 'optimizer': 'adam', 'epochs': 10, 'weight_decay': 0.01, 'momentum': 0.0, 'batch_size': 1, 'weak_label_thresh': 0.99, 'domain_thresh_1': 0, 'domain_thresh_2': 0, 'max_domain': 10000, 'cor_strength': 0.6, 'nb_cor_strength': 0.8, 'feature_norm': False, 'weight_norm': False, 'estimator_epochs': 3, 'estimator_batch_size': 32, 'verbose': True, 'bias': False, 'print_fw': True, 'debug_mode': False}
21:08:30 - [ INFO] - Loaded 1000 rows with 11000 cells
21:08:30 - [DEBUG] - Time to create index: 0.00 secs
21:08:30 - [DEBUG] - Time to create index: 0.00 secs
21:08:30 - [DEBUG] - Time to create index: 0.00 secs
21:08:30 - [DEBUG] - Time to create index: 0.00 secs
21:08:30 - [DEBUG] - Time to create index: 0.00 secs
21:08:30 - [DEBUG] - Time to create index: 0.00 secs
21:08:30 - [DEBUG] - Time to create index: 0.00 secs
21:08:30 - [DEBUG] - Time to create index: 0.00 secs
21:08:30 - [DEBUG] - Time to create index: 0.00 secs
21:08:30 - [DEBUG] - Time to create index: 0.00 secs
21:08:30 - [ INFO] - DONE Loading dirty_soccer_mix_1_holoclean.csv
21:08:30 - [DEBUG] - Time to load dataset: 0.15 secs
21:08:30 - [DEBUG] - OPENED constraints file successfully
21:08:30 - [DEBUG] - DONE pre-processing constraint: t1&t2&EQ(t1.name,t2.name)&IQ(t1.surname,t2.surname)
21:08:30 - [DEBUG] - DONE extracting tuples from constraint: t1&t2&EQ(t1.name,t2.name)&IQ(t1.surname,t2.surname)
21:08:30 - [DEBUG] - DONE parsing predicate: EQ(t1.name,t2.name)
21:08:30 - [DEBUG] - DONE parsing predicate: IQ(t1.surname,t2.surname)
21:08:30 - [DEBUG] - DONE pre-processing constraint: t1&t2&EQ(t1.name,t2.name)&IQ(t1.birthyear,t2.birthyear)
21:08:30 - [DEBUG] - DONE extracting tuples from constraint: t1&t2&EQ(t1.name,t2.name)&IQ(t1.birthyear,t2.birthyear)
21:08:30 - [DEBUG] - DONE parsing predicate: EQ(t1.name,t2.name)
21:08:30 - [DEBUG] - DONE parsing predicate: IQ(t1.birthyear,t2.birthyear)
21:08:30 - [DEBUG] - DONE pre-processing constraint: t1&t2&EQ(t1.name,t2.name)&IQ(t1.birthplace,t2.birthplace)
21:08:30 - [DEBUG] - DONE extracting tuples from constraint: t1&t2&EQ(t1.name,t2.name)&IQ(t1.birthplace,t2.birthplace)
21:08:30 - [DEBUG] - DONE parsing predicate: EQ(t1.name,t2.name)
21:08:30 - [DEBUG] - DONE parsing predicate: IQ(t1.birthplace,t2.birthplace)
21:08:30 - [DEBUG] - DONE pre-processing constraint: t1&t2&EQ(t1.name,t2.name)&EQ(t1.season,t2.season)&IQ(t1.position,t2.position)
21:08:30 - [DEBUG] - DONE extracting tuples from constraint: t1&t2&EQ(t1.name,t2.name)&EQ(t1.season,t2.season)&IQ(t1.position,t2.position)
21:08:30 - [DEBUG] - DONE parsing predicate: EQ(t1.name,t2.name)
21:08:30 - [DEBUG] - DONE parsing predicate: EQ(t1.season,t2.season)
21:08:30 - [DEBUG] - DONE parsing predicate: IQ(t1.position,t2.position)
21:08:30 - [DEBUG] - DONE pre-processing constraint: t1&t2&EQ(t1.team,t2.team)&EQ(t1.city,t2.city)&EQ(t1.season,t2.season)&IQ(t1.stadium,t2.stadium)
21:08:30 - [DEBUG] - DONE extracting tuples from constraint: t1&t2&EQ(t1.team,t2.team)&EQ(t1.city,t2.city)&EQ(t1.season,t2.season)&IQ(t1.stadium,t2.stadium)
21:08:30 - [DEBUG] - DONE parsing predicate: EQ(t1.team,t2.team)
21:08:30 - [DEBUG] - DONE parsing predicate: EQ(t1.city,t2.city)
21:08:30 - [DEBUG] - DONE parsing predicate: EQ(t1.season,t2.season)
21:08:30 - [DEBUG] - DONE parsing predicate: IQ(t1.stadium,t2.stadium)
21:08:30 - [DEBUG] - DONE pre-processing constraint: t1&t2&EQ(t1.manager,t2.manager)&EQ(t1.season,t2.season)&IQ(t1.team,t2.team)
21:08:30 - [DEBUG] - DONE extracting tuples from constraint: t1&t2&EQ(t1.manager,t2.manager)&EQ(t1.season,t2.season)&IQ(t1.team,t2.team)
21:08:30 - [DEBUG] - DONE parsing predicate: EQ(t1.manager,t2.manager)
21:08:30 - [DEBUG] - DONE parsing predicate: EQ(t1.season,t2.season)
21:08:30 - [DEBUG] - DONE parsing predicate: IQ(t1.team,t2.team)
21:08:30 - [ INFO] - DONE Loading DCs from dc_rules_holoclean.txt
21:08:30 - [DEBUG] - Time to load dirty data: 0.00 secs
21:08:30 - [DEBUG] - DONE with Error Detector: NullDetector in 0.03 secs
21:08:30 - [DEBUG] - Preparing to execute 6 queries.
21:08:30 - [DEBUG] - Starting to execute query SELECT t1._tid_ FROM "soccer_nwcpk_1" as t1 WHERE   EXISTS (SELECT t2._tid_ FROM "soccer_nwcpk_1" as t2 WHERE t1."name"=t2."name" AND t1."surname"<>t2."surname") with id 0
21:08:30 - [DEBUG] - Time to execute query with id 0: 0.00 secs
21:08:30 - [DEBUG] - Starting to execute query SELECT t1._tid_ FROM "soccer_nwcpk_1" as t1 WHERE   EXISTS (SELECT t2._tid_ FROM "soccer_nwcpk_1" as t2 WHERE t1."name"=t2."name" AND t1."birthyear"<>t2."birthyear") with id 1
21:08:30 - [DEBUG] - Time to execute query with id 1: 0.00 secs
21:08:30 - [DEBUG] - Starting to execute query SELECT t1._tid_ FROM "soccer_nwcpk_1" as t1 WHERE   EXISTS (SELECT t2._tid_ FROM "soccer_nwcpk_1" as t2 WHERE t1."name"=t2."name" AND t1."birthplace"<>t2."birthplace") with id 2
21:08:30 - [DEBUG] - Time to execute query with id 2: 0.00 secs
21:08:30 - [DEBUG] - Starting to execute query SELECT t1._tid_ FROM "soccer_nwcpk_1" as t1 WHERE   EXISTS (SELECT t2._tid_ FROM "soccer_nwcpk_1" as t2 WHERE t1."name"=t2."name" AND t1."season"=t2."season" AND t1."position"<>t2."position") with id 3
21:08:30 - [DEBUG] - Time to execute query with id 3: 0.00 secs
21:08:30 - [DEBUG] - Starting to execute query SELECT t1._tid_ FROM "soccer_nwcpk_1" as t1 WHERE   EXISTS (SELECT t2._tid_ FROM "soccer_nwcpk_1" as t2 WHERE t1."team"=t2."team" AND t1."city"=t2."city" AND t1."season"=t2."season" AND t1."stadium"<>t2."stadium") with id 4
21:08:31 - [DEBUG] - Time to execute query with id 4: 0.00 secs
21:08:31 - [DEBUG] - Starting to execute query SELECT t1._tid_ FROM "soccer_nwcpk_1" as t1 WHERE   EXISTS (SELECT t2._tid_ FROM "soccer_nwcpk_1" as t2 WHERE t1."manager"=t2."manager" AND t1."season"=t2."season" AND t1."team"<>t2."team") with id 5
21:08:31 - [DEBUG] - Time to execute query with id 5: 0.00 secs
21:08:31 - [DEBUG] - Time to execute 6 queries: 0.01 secs
21:08:31 - [DEBUG] - DONE with Error Detector: ViolationDetector in 0.08 secs
21:08:31 - [ INFO] - detected 9940 potentially erroneous cells
21:08:32 - [DEBUG] - Time to create index: 0.00 secs
21:08:32 - [ INFO] - DONE with error detection.
21:08:32 - [DEBUG] - Time to detect errors: 0.90 secs
21:08:33 - [DEBUG] - Time to execute query: 0.00 secs
21:08:33 - [DEBUG] - computing frequency and co-occurrence statistics from raw data...
21:08:33 - [DEBUG] - Collecting single/pair-wise statistics...
21:08:34 - [DEBUG] - DONE computing statistics in 1.11s
21:08:34 - [DEBUG] - preparing pruned co-occurring statistics...

  0%|          | 0/10 [00:00<?, ?it/s]
100%|██████████| 10/10 [00:00<00:00, 874.47it/s]
21:08:34 - [DEBUG] - DONE with pruned co-occurring statistics in 0.01 secs
21:08:34 - [DEBUG] - generating initial set of un-pruned domain values...

  0%|          | 0/1000 [00:00<?, ?it/s]
  7%|▋         | 74/1000 [00:00<00:01, 737.42it/s]
 15%|█▍        | 149/1000 [00:00<00:01, 740.22it/s]
 22%|██▏       | 223/1000 [00:00<00:01, 738.91it/s]
 30%|██▉       | 297/1000 [00:00<00:00, 735.80it/s]
 37%|███▋      | 372/1000 [00:00<00:00, 739.09it/s]
 45%|████▍     | 447/1000 [00:00<00:00, 740.96it/s]
 52%|█████▏    | 522/1000 [00:00<00:00, 741.15it/s]
 60%|█████▉    | 596/1000 [00:00<00:00, 740.72it/s]
 67%|██████▋   | 671/1000 [00:00<00:00, 741.10it/s]
 75%|███████▍  | 746/1000 [00:01<00:00, 741.22it/s]
 82%|████████▏ | 821/1000 [00:01<00:00, 742.18it/s]
 90%|████████▉ | 896/1000 [00:01<00:00, 742.32it/s]
 97%|█████████▋| 971/1000 [00:01<00:00, 742.97it/s]
100%|██████████| 1000/1000 [00:01<00:00, 741.04it/s]
21:08:36 - [DEBUG] - DONE generating initial set of domain values in 1.44
21:08:36 - [DEBUG] - training posterior model for estimating domain value probabilities...
21:08:36 - [DEBUG] - DONE training posterior model in 0.01s
21:08:36 - [DEBUG] - predicting domain value probabilities from posterior model...
21:08:36 - [DEBUG] - DONE predictions in 0.00 secs, re-constructing cell domain...
21:08:36 - [DEBUG] - re-assembling final cell domain table...

0it [00:00, ?it/s]

  0%|          | 0/9977 [00:00<?, ?it/s][A
618it [00:00, 6170.78it/s]

  7%|▋         | 698/9977 [00:00<00:01, 6953.28it/s][A
1276it [00:00, 6282.86it/s]

 14%|█▎        | 1355/9977 [00:00<00:01, 6831.97it/s][A
1924it [00:00, 6340.25it/s]

 20%|██        | 2002/9977 [00:00<00:01, 6719.00it/s][A
2603it [00:00, 6464.73it/s]

 27%|██▋       | 2679/9977 [00:00<00:01, 6734.14it/s][A
3259it [00:00, 6489.97it/s]

 33%|███▎      | 3331/9977 [00:00<00:00, 6665.13it/s][A
3908it [00:00, 6480.78it/s]

 40%|███▉      | 3980/9977 [00:00<00:00, 6611.41it/s][A
4565it [00:00, 6506.90it/s]

 46%|████▋     | 4636/9977 [00:00<00:00, 6586.83it/s][A
5205it [00:00, 6471.27it/s]

 53%|█████▎    | 5279/9977 [00:00<00:00, 6538.89it/s][A
5854it [00:00, 6474.20it/s]

 59%|█████▉    | 5925/9977 [00:00<00:00, 6514.44it/s][A
6513it [00:01, 6508.02it/s]

 66%|██████▌   | 6584/9977 [00:01<00:00, 6532.26it/s][A
7188it [00:01, 6577.09it/s]

 73%|███████▎  | 7261/9977 [00:01<00:00, 6591.57it/s][A
7840it [00:01, 6558.73it/s]

 79%|███████▉  | 7919/9977 [00:01<00:00, 6585.73it/s][A
8488it [00:01, 6399.89it/s]

 86%|████████▌ | 8569/9977 [00:01<00:00, 6421.69it/s][A
9148it [00:01, 6454.16it/s]

 92%|█████████▏| 9226/9977 [00:01<00:00, 6462.54it/s][A
9791it [00:01, 6415.11it/s]

 99%|█████████▉| 9869/9977 [00:01<00:00, 6412.20it/s][A

100%|██████████| 9977/9977 [00:01<00:00, 6529.92it/s][A
9977it [00:01, 6417.32it/s]
21:08:38 - [DEBUG] - DONE assembling cell domain table in 2.08s
21:08:38 - [ INFO] - number of (additional) weak labels assigned from posterior model: 49
21:08:38 - [DEBUG] - DONE generating domain and weak labels
21:08:40 - [DEBUG] - Time to create index: 0.00 secs
21:08:40 - [DEBUG] - Time to create index: 0.00 secs
21:08:40 - [DEBUG] - Time to create index: 0.00 secs
21:08:40 - [DEBUG] - Time to create table: 0.00 secs
21:08:42 - [DEBUG] - Time to create index: 0.00 secs
21:08:42 - [ INFO] - DONE with domain preparation.
21:08:42 - [DEBUG] - Time to setup the domain: 9.70 secs
21:08:42 - [DEBUG] - Time to execute query: 0.00 secs
21:08:42 - [DEBUG] - Time to execute query: 0.00 secs
21:08:42 - [DEBUG] - Time to execute query: 0.00 secs
21:08:42 - [DEBUG] - Time to execute query: 0.00 secs
21:08:42 - [DEBUG] - Time to execute query: 0.00 secs
21:08:42 - [DEBUG] - featurizing training data...
21:08:42 - [DEBUG] - Time to execute query: 0.02 secs

  0%|          | 0/9977 [00:00<?, ?it/s]
  1%|          | 80/9977 [00:00<00:12, 798.48it/s]
  2%|▏         | 155/9977 [00:00<00:12, 782.70it/s]
  2%|▏         | 212/9977 [00:00<00:13, 702.85it/s]
  3%|▎         | 283/9977 [00:00<00:13, 704.76it/s]
  3%|▎         | 338/9977 [00:00<00:14, 647.36it/s]
  4%|▍         | 401/9977 [00:00<00:14, 640.64it/s]
  5%|▍         | 465/9977 [00:00<00:15, 622.91it/s]
  5%|▌         | 531/9977 [00:00<00:14, 632.83it/s]
  6%|▌         | 595/9977 [00:00<00:15, 620.05it/s]
  7%|▋         | 678/9977 [00:01<00:13, 668.58it/s]
  7%|▋         | 745/9977 [00:01<00:14, 649.80it/s]
  8%|▊         | 810/9977 [00:01<00:14, 632.14it/s]
  9%|▉         | 874/9977 [00:01<00:14, 617.48it/s]
  9%|▉         | 936/9977 [00:01<00:14, 602.93it/s]
 10%|█         | 1025/9977 [00:01<00:13, 663.91it/s]
 11%|█         | 1094/9977 [00:01<00:13, 663.39it/s]
 12%|█▏        | 1162/9977 [00:01<00:13, 631.06it/s]
 12%|█▏        | 1228/9977 [00:01<00:13, 637.45it/s]
 13%|█▎        | 1308/9977 [00:01<00:12, 677.92it/s]
 14%|█▍        | 1378/9977 [00:02<00:13, 651.22it/s]
 14%|█▍        | 1445/9977 [00:02<00:12, 656.64it/s]
 15%|█▌        | 1518/9977 [00:02<00:12, 676.17it/s]
 16%|█▌        | 1587/9977 [00:02<00:12, 646.39it/s]
 17%|█▋        | 1653/9977 [00:02<00:13, 624.28it/s]
 17%|█▋        | 1741/9977 [00:02<00:12, 666.56it/s]
 18%|█▊        | 1809/9977 [00:02<00:12, 644.20it/s]
 19%|█▉        | 1875/9977 [00:02<00:12, 648.15it/s]
 19%|█▉        | 1941/9977 [00:02<00:12, 632.94it/s]
 20%|██        | 2015/9977 [00:03<00:12, 660.26it/s]
 21%|██        | 2082/9977 [00:03<00:12, 652.85it/s]
 22%|██▏       | 2165/9977 [00:03<00:11, 697.15it/s]
 22%|██▏       | 2236/9977 [00:03<00:11, 660.03it/s]
 23%|██▎       | 2304/9977 [00:03<00:11, 665.74it/s]
 24%|██▍       | 2380/9977 [00:03<00:11, 684.59it/s]
 25%|██▍       | 2456/9977 [00:03<00:10, 704.92it/s]
 25%|██▌       | 2528/9977 [00:03<00:10, 693.85it/s]
 26%|██▌       | 2598/9977 [00:03<00:11, 635.87it/s]
 27%|██▋       | 2663/9977 [00:04<00:12, 585.44it/s]
 27%|██▋       | 2724/9977 [00:04<00:12, 575.23it/s]
 28%|██▊       | 2784/9977 [00:04<00:12, 581.89it/s]
 29%|██▊       | 2844/9977 [00:04<00:12, 573.87it/s]
 29%|██▉       | 2903/9977 [00:04<00:12, 576.72it/s]
 30%|██▉       | 2963/9977 [00:04<00:12, 583.24it/s]
 30%|███       | 3022/9977 [00:04<00:12, 544.77it/s]
 31%|███       | 3083/9977 [00:04<00:12, 561.60it/s]
 32%|███▏      | 3149/9977 [00:04<00:11, 585.75it/s]
 32%|███▏      | 3209/9977 [00:05<00:11, 576.66it/s]
 33%|███▎      | 3271/9977 [00:05<00:11, 588.25it/s]
 33%|███▎      | 3331/9977 [00:05<00:11, 557.47it/s]
 34%|███▍      | 3399/9977 [00:05<00:11, 573.45it/s]
 35%|███▍      | 3468/9977 [00:05<00:10, 603.04it/s]
 35%|███▌      | 3530/9977 [00:05<00:10, 590.47it/s]
 36%|███▌      | 3591/9977 [00:05<00:10, 592.73it/s]
 37%|███▋      | 3651/9977 [00:05<00:10, 585.95it/s]
 37%|███▋      | 3710/9977 [00:05<00:11, 564.32it/s]
 38%|███▊      | 3775/9977 [00:05<00:10, 581.35it/s]
 39%|███▊      | 3845/9977 [00:06<00:10, 600.94it/s]
 39%|███▉      | 3906/9977 [00:06<00:10, 591.45it/s]
 40%|███▉      | 3967/9977 [00:06<00:10, 595.18it/s]
 41%|████      | 4041/9977 [00:06<00:09, 631.87it/s]
 41%|████      | 4105/9977 [00:06<00:09, 594.59it/s]
 42%|████▏     | 4174/9977 [00:06<00:09, 618.30it/s]
 42%|████▏     | 4237/9977 [00:06<00:09, 616.76it/s]
 43%|████▎     | 4310/9977 [00:06<00:08, 646.14it/s]
 44%|████▍     | 4376/9977 [00:06<00:09, 622.11it/s]
 44%|████▍     | 4439/9977 [00:07<00:08, 620.52it/s]
 45%|████▌     | 4502/9977 [00:07<00:09, 603.97it/s]
 46%|████▌     | 4563/9977 [00:07<00:09, 598.94it/s]
 46%|████▋     | 4624/9977 [00:07<00:09, 587.91it/s]
 47%|████▋     | 4687/9977 [00:07<00:08, 597.58it/s]
 48%|████▊     | 4747/9977 [00:07<00:08, 582.28it/s]
 48%|████▊     | 4806/9977 [00:07<00:08, 581.36it/s]
 49%|████▉     | 4866/9977 [00:07<00:08, 586.48it/s]
 50%|████▉     | 4942/9977 [00:07<00:08, 615.99it/s]
 50%|█████     | 5009/9977 [00:08<00:07, 630.83it/s]
 51%|█████     | 5073/9977 [00:08<00:08, 605.90it/s]
 52%|█████▏    | 5142/9977 [00:08<00:07, 624.22it/s]
 52%|█████▏    | 5205/9977 [00:08<00:07, 601.08it/s]
 53%|█████▎    | 5272/9977 [00:08<00:07, 602.82it/s]
 53%|█████▎    | 5333/9977 [00:08<00:07, 596.74it/s]
 54%|█████▍    | 5395/9977 [00:08<00:07, 602.25it/s]
 55%|█████▍    | 5462/9977 [00:08<00:07, 613.76it/s]
 55%|█████▌    | 5524/9977 [00:08<00:07, 602.31it/s]
 56%|█████▌    | 5585/9977 [00:08<00:07, 603.79it/s]
 57%|█████▋    | 5671/9977 [00:09<00:06, 650.25it/s]
 58%|█████▊    | 5738/9977 [00:09<00:06, 654.75it/s]
 58%|█████▊    | 5805/9977 [00:09<00:06, 639.68it/s]
 59%|█████▉    | 5870/9977 [00:09<00:06, 622.67it/s]
 59%|█████▉    | 5935/9977 [00:09<00:06, 629.17it/s]
 60%|██████    | 6016/9977 [00:09<00:05, 674.12it/s]
 61%|██████    | 6085/9977 [00:09<00:05, 669.65it/s]
 62%|██████▏   | 6153/9977 [00:09<00:05, 641.25it/s]
 62%|██████▏   | 6218/9977 [00:09<00:05, 634.62it/s]
 63%|██████▎   | 6291/9977 [00:10<00:05, 657.41it/s]
 64%|██████▎   | 6358/9977 [00:10<00:05, 658.14it/s]
 64%|██████▍   | 6425/9977 [00:10<00:05, 658.46it/s]
 65%|██████▌   | 6492/9977 [00:10<00:05, 656.94it/s]
 66%|██████▌   | 6558/9977 [00:10<00:05, 655.21it/s]
 66%|██████▋   | 6624/9977 [00:10<00:05, 632.03it/s]
 67%|██████▋   | 6700/9977 [00:10<00:04, 662.71it/s]
 68%|██████▊   | 6767/9977 [00:10<00:04, 656.97it/s]
 68%|██████▊   | 6834/9977 [00:10<00:04, 647.98it/s]
 69%|██████▉   | 6900/9977 [00:10<00:04, 634.32it/s]
 70%|██████▉   | 6968/9977 [00:11<00:04, 643.95it/s]
 71%|███████   | 7048/9977 [00:11<00:04, 670.20it/s]
 71%|███████▏  | 7118/9977 [00:11<00:04, 676.15it/s]
 72%|███████▏  | 7186/9977 [00:11<00:04, 663.49it/s]
 73%|███████▎  | 7253/9977 [00:11<00:04, 638.74it/s]
 73%|███████▎  | 7327/9977 [00:11<00:04, 645.26it/s]
 74%|███████▍  | 7397/9977 [00:11<00:03, 657.54it/s]
 75%|███████▍  | 7477/9977 [00:11<00:03, 683.46it/s]
 76%|███████▌  | 7546/9977 [00:11<00:03, 676.44it/s]
 76%|███████▋  | 7614/9977 [00:12<00:03, 661.55it/s]
 77%|███████▋  | 7681/9977 [00:12<00:03, 641.18it/s]
 78%|███████▊  | 7746/9977 [00:12<00:03, 643.44it/s]
 78%|███████▊  | 7811/9977 [00:12<00:03, 623.67it/s]
 79%|███████▉  | 7881/9977 [00:12<00:03, 644.46it/s]
 80%|███████▉  | 7947/9977 [00:12<00:03, 648.67it/s]
 80%|████████  | 8013/9977 [00:12<00:03, 601.49it/s]
 81%|████████  | 8075/9977 [00:12<00:03, 601.38it/s]
 82%|████████▏ | 8150/9977 [00:12<00:02, 639.07it/s]
 82%|████████▏ | 8224/9977 [00:12<00:02, 644.24it/s]
 83%|████████▎ | 8290/9977 [00:13<00:02, 639.58it/s]
 84%|████████▎ | 8355/9977 [00:13<00:02, 619.20it/s]
 84%|████████▍ | 8427/9977 [00:13<00:02, 644.06it/s]
 85%|████████▌ | 8493/9977 [00:13<00:02, 630.10it/s]
 86%|████████▌ | 8560/9977 [00:13<00:02, 640.17it/s]
 86%|████████▋ | 8628/9977 [00:13<00:02, 651.05it/s]
 87%|████████▋ | 8694/9977 [00:13<00:02, 617.39it/s]
 88%|████████▊ | 8764/9977 [00:13<00:01, 619.54it/s]
 89%|████████▊ | 8834/9977 [00:13<00:01, 630.29it/s]
 89%|████████▉ | 8898/9977 [00:14<00:01, 625.38it/s]
 90%|████████▉ | 8964/9977 [00:14<00:01, 632.96it/s]
 91%|█████████ | 9034/9977 [00:14<00:01, 647.51it/s]
 91%|█████████ | 9099/9977 [00:14<00:01, 634.97it/s]
 92%|█████████▏| 9171/9977 [00:14<00:01, 657.68it/s]
 93%|█████████▎| 9238/9977 [00:14<00:01, 639.06it/s]
 93%|█████████▎| 9323/9977 [00:14<00:00, 689.71it/s]
 94%|█████████▍| 9394/9977 [00:14<00:00, 644.27it/s]
 95%|█████████▍| 9461/9977 [00:14<00:00, 626.72it/s]
 95%|█████████▌| 9525/9977 [00:15<00:00, 608.03it/s]
 96%|█████████▌| 9587/9977 [00:15<00:00, 590.36it/s]
 97%|█████████▋| 9650/9977 [00:15<00:00, 601.53it/s]
 97%|█████████▋| 9713/9977 [00:15<00:00, 609.08it/s]
 98%|█████████▊| 9775/9977 [00:15<00:00, 585.33it/s]
 99%|█████████▊| 9835/9977 [00:15<00:00, 574.64it/s]
 99%|█████████▉| 9915/9977 [00:15<00:00, 627.00it/s]
100%|██████████| 9977/9977 [00:15<00:00, 631.80it/s]
21:08:59 - [DEBUG] - Time to execute query: 0.02 secs
21:09:01 - [DEBUG] - Preparing to execute 16 queries.
21:09:01 - [DEBUG] - Starting to execute query SELECT _vid_, val_id, count(*) violations FROM   "soccer_nwcpk_1" as t1, "soccer_nwcpk_1" as t2, pos_values as t3 WHERE  t1._tid_ != t2._tid_   AND  t1._tid_ = t3._tid_   AND  t3.attribute = 'name'   AND  t1."surname"<>t2."surname"   AND  t3.rv_val = t2."name" GROUP BY _vid_, val_id with id 0
21:09:01 - [DEBUG] - Time to execute query with id 0: 0.00 secs
21:09:01 - [DEBUG] - Starting to execute query SELECT _vid_, val_id, count(*) violations FROM   "soccer_nwcpk_1" as t1, "soccer_nwcpk_1" as t2, pos_values as t3 WHERE  t1._tid_ != t2._tid_   AND  t1._tid_ = t3._tid_   AND  t3.attribute = 'surname'   AND  t1."name"=t2."name"   AND  t3.rv_val <> t2."surname" GROUP BY _vid_, val_id with id 1
21:09:07 - [DEBUG] - Time to execute query with id 1: 0.01 secs
21:09:07 - [DEBUG] - Starting to execute query SELECT _vid_, val_id, count(*) violations FROM   "soccer_nwcpk_1" as t1, "soccer_nwcpk_1" as t2, pos_values as t3 WHERE  t1._tid_ != t2._tid_   AND  t1._tid_ = t3._tid_   AND  t3.attribute = 'name'   AND  t1."birthyear"<>t2."birthyear"   AND  t3.rv_val = t2."name" GROUP BY _vid_, val_id with id 2
21:09:07 - [DEBUG] - Time to execute query with id 2: 0.00 secs
21:09:07 - [DEBUG] - Starting to execute query SELECT _vid_, val_id, count(*) violations FROM   "soccer_nwcpk_1" as t1, "soccer_nwcpk_1" as t2, pos_values as t3 WHERE  t1._tid_ != t2._tid_   AND  t1._tid_ = t3._tid_   AND  t3.attribute = 'birthyear'   AND  t1."name"=t2."name"   AND  t3.rv_val <> t2."birthyear" GROUP BY _vid_, val_id with id 3
21:09:10 - [DEBUG] - Time to execute query with id 3: 0.01 secs
21:09:10 - [DEBUG] - Starting to execute query SELECT _vid_, val_id, count(*) violations FROM   "soccer_nwcpk_1" as t1, "soccer_nwcpk_1" as t2, pos_values as t3 WHERE  t1._tid_ != t2._tid_   AND  t1._tid_ = t3._tid_   AND  t3.attribute = 'name'   AND  t1."birthplace"<>t2."birthplace"   AND  t3.rv_val = t2."name" GROUP BY _vid_, val_id with id 4
21:09:11 - [DEBUG] - Time to execute query with id 4: 0.00 secs
21:09:11 - [DEBUG] - Starting to execute query SELECT _vid_, val_id, count(*) violations FROM   "soccer_nwcpk_1" as t1, "soccer_nwcpk_1" as t2, pos_values as t3 WHERE  t1._tid_ != t2._tid_   AND  t1._tid_ = t3._tid_   AND  t3.attribute = 'birthplace'   AND  t1."name"=t2."name"   AND  t3.rv_val <> t2."birthplace" GROUP BY _vid_, val_id with id 5
21:09:14 - [DEBUG] - Time to execute query with id 5: 0.01 secs
21:09:14 - [DEBUG] - Starting to execute query SELECT _vid_, val_id, count(*) violations FROM   "soccer_nwcpk_1" as t1, "soccer_nwcpk_1" as t2, pos_values as t3 WHERE  t1._tid_ != t2._tid_   AND  t1._tid_ = t3._tid_   AND  t3.attribute = 'name'   AND  t1."season"=t2."season" AND t1."position"<>t2."position"   AND  t3.rv_val = t2."name" GROUP BY _vid_, val_id with id 6
21:09:14 - [DEBUG] - Time to execute query with id 6: 0.00 secs
21:09:14 - [DEBUG] - Starting to execute query SELECT _vid_, val_id, count(*) violations FROM   "soccer_nwcpk_1" as t1, "soccer_nwcpk_1" as t2, pos_values as t3 WHERE  t1._tid_ != t2._tid_   AND  t1._tid_ = t3._tid_   AND  t3.attribute = 'season'   AND  t1."name"=t2."name" AND t1."position"<>t2."position"   AND  t3.rv_val = t2."season" GROUP BY _vid_, val_id with id 7
21:09:15 - [DEBUG] - Time to execute query with id 7: 0.02 secs
21:09:15 - [DEBUG] - Starting to execute query SELECT _vid_, val_id, count(*) violations FROM   "soccer_nwcpk_1" as t1, "soccer_nwcpk_1" as t2, pos_values as t3 WHERE  t1._tid_ != t2._tid_   AND  t1._tid_ = t3._tid_   AND  t3.attribute = 'position'   AND  t1."name"=t2."name" AND t1."season"=t2."season"   AND  t3.rv_val <> t2."position" GROUP BY _vid_, val_id with id 8
21:09:35 - [DEBUG] - Time to execute query with id 8: 0.10 secs
21:09:35 - [DEBUG] - Starting to execute query SELECT _vid_, val_id, count(*) violations FROM   "soccer_nwcpk_1" as t1, "soccer_nwcpk_1" as t2, pos_values as t3 WHERE  t1._tid_ != t2._tid_   AND  t1._tid_ = t3._tid_   AND  t3.attribute = 'team'   AND  t1."city"=t2."city" AND t1."season"=t2."season" AND t1."stadium"<>t2."stadium"   AND  t3.rv_val = t2."team" GROUP BY _vid_, val_id with id 9
21:09:35 - [DEBUG] - Time to execute query with id 9: 0.00 secs
21:09:35 - [DEBUG] - Starting to execute query SELECT _vid_, val_id, count(*) violations FROM   "soccer_nwcpk_1" as t1, "soccer_nwcpk_1" as t2, pos_values as t3 WHERE  t1._tid_ != t2._tid_   AND  t1._tid_ = t3._tid_   AND  t3.attribute = 'city'   AND  t1."team"=t2."team" AND t1."season"=t2."season" AND t1."stadium"<>t2."stadium"   AND  t3.rv_val = t2."city" GROUP BY _vid_, val_id with id 10
21:09:36 - [DEBUG] - Time to execute query with id 10: 0.00 secs
21:09:36 - [DEBUG] - Starting to execute query SELECT _vid_, val_id, count(*) violations FROM   "soccer_nwcpk_1" as t1, "soccer_nwcpk_1" as t2, pos_values as t3 WHERE  t1._tid_ != t2._tid_   AND  t1._tid_ = t3._tid_   AND  t3.attribute = 'season'   AND  t1."team"=t2."team" AND t1."city"=t2."city" AND t1."stadium"<>t2."stadium"   AND  t3.rv_val = t2."season" GROUP BY _vid_, val_id with id 11
21:09:36 - [DEBUG] - Time to execute query with id 11: 0.00 secs
21:09:36 - [DEBUG] - Starting to execute query SELECT _vid_, val_id, count(*) violations FROM   "soccer_nwcpk_1" as t1, "soccer_nwcpk_1" as t2, pos_values as t3 WHERE  t1._tid_ != t2._tid_   AND  t1._tid_ = t3._tid_   AND  t3.attribute = 'stadium'   AND  t1."team"=t2."team" AND t1."city"=t2."city" AND t1."season"=t2."season"   AND  t3.rv_val <> t2."stadium" GROUP BY _vid_, val_id with id 12
21:09:39 - [DEBUG] - Time to execute query with id 12: 0.01 secs
21:09:39 - [DEBUG] - Starting to execute query SELECT _vid_, val_id, count(*) violations FROM   "soccer_nwcpk_1" as t1, "soccer_nwcpk_1" as t2, pos_values as t3 WHERE  t1._tid_ != t2._tid_   AND  t1._tid_ = t3._tid_   AND  t3.attribute = 'manager'   AND  t1."season"=t2."season" AND t1."team"<>t2."team"   AND  t3.rv_val = t2."manager" GROUP BY _vid_, val_id with id 13
21:09:39 - [DEBUG] - Time to execute query with id 13: 0.00 secs
21:09:39 - [DEBUG] - Starting to execute query SELECT _vid_, val_id, count(*) violations FROM   "soccer_nwcpk_1" as t1, "soccer_nwcpk_1" as t2, pos_values as t3 WHERE  t1._tid_ != t2._tid_   AND  t1._tid_ = t3._tid_   AND  t3.attribute = 'season'   AND  t1."manager"=t2."manager" AND t1."team"<>t2."team"   AND  t3.rv_val = t2."season" GROUP BY _vid_, val_id with id 14
21:09:39 - [DEBUG] - Time to execute query with id 14: 0.00 secs
21:09:39 - [DEBUG] - Starting to execute query SELECT _vid_, val_id, count(*) violations FROM   "soccer_nwcpk_1" as t1, "soccer_nwcpk_1" as t2, pos_values as t3 WHERE  t1._tid_ != t2._tid_   AND  t1._tid_ = t3._tid_   AND  t3.attribute = 'team'   AND  t1."manager"=t2."manager" AND t1."season"=t2."season"   AND  t3.rv_val <> t2."team" GROUP BY _vid_, val_id with id 15
21:09:42 - [DEBUG] - Time to execute query with id 15: 0.01 secs
21:09:42 - [DEBUG] - Time to execute 16 queries: 0.20 secs
21:09:45 - [DEBUG] - DONE featurization.
21:09:45 - [DEBUG] - generating weak labels...
21:09:45 - [DEBUG] - Time to execute query: 0.08 secs

  0%|          | 0/6058 [00:00<?, ?it/s]
 80%|████████  | 4870/6058 [00:00<00:00, 48694.36it/s]
100%|██████████| 6058/6058 [00:00<00:00, 48678.76it/s]
21:09:45 - [DEBUG] - DONE generating weak labels.
21:09:45 - [DEBUG] - generating mask...
21:09:45 - [DEBUG] - Time to execute query: 0.01 secs

  0%|          | 0/9977 [00:00<?, ?it/s]
 71%|███████   | 7087/9977 [00:00<00:00, 70868.21it/s]
100%|██████████| 9977/9977 [00:00<00:00, 71004.98it/s]
21:09:45 - [DEBUG] - DONE generating mask.
21:09:45 - [ INFO] - DONE setting up featurized dataset.
21:09:45 - [DEBUG] - Time to featurize data: 33.10 secs
21:09:45 - [ INFO] - DONE setting up repair model.
21:09:45 - [DEBUG] - Time to setup repair model: 33.10 secs
21:09:45 - [ INFO] - training with 6058 training examples (cells)

  0%|          | 0/10 [00:00<?, ?it/s]21:09:50 - [DEBUG] - Epoch 1, cost = 0.193023, acc = 99.44%

 10%|█         | 1/10 [00:04<00:42,  4.71s/it]21:09:55 - [DEBUG] - Epoch 2, cost = 0.156522, acc = 99.44%

 20%|██        | 2/10 [00:09<00:37,  4.71s/it]21:10:00 - [DEBUG] - Epoch 3, cost = 0.156060, acc = 99.44%

 30%|███       | 3/10 [00:14<00:32,  4.68s/it]21:10:04 - [DEBUG] - Epoch 4, cost = 0.156028, acc = 99.44%

 40%|████      | 4/10 [00:18<00:28,  4.69s/it]21:10:09 - [DEBUG] - Epoch 5, cost = 0.156026, acc = 99.44%

 50%|█████     | 5/10 [00:23<00:23,  4.66s/it]21:10:13 - [DEBUG] - Epoch 6, cost = 0.156026, acc = 99.44%

 60%|██████    | 6/10 [00:27<00:18,  4.63s/it]21:10:18 - [DEBUG] - Epoch 7, cost = 0.156026, acc = 99.44%

 70%|███████   | 7/10 [00:32<00:13,  4.58s/it]21:10:22 - [DEBUG] - Epoch 8, cost = 0.156026, acc = 99.44%

 80%|████████  | 8/10 [00:36<00:09,  4.60s/it]21:10:27 - [DEBUG] - Epoch 9, cost = 0.156026, acc = 99.44%

 90%|█████████ | 9/10 [00:41<00:04,  4.55s/it]21:10:32 - [DEBUG] - Epoch 10, cost = 0.156026, acc = 99.44%

100%|██████████| 10/10 [00:46<00:00,  4.57s/it]
21:10:32 - [ INFO] - DONE training repair model.
21:10:32 - [DEBUG] - Time to fit repair model: 62.12 secs
21:10:32 - [ INFO] - inferring on 9917 examples (cells)
21:10:32 - [DEBUG] - Time to execute query: 0.23 secs
21:10:35 - [DEBUG] - Time to create index: 0.00 secs
21:10:36 - [DEBUG] - Time to create index: 0.00 secs
21:10:36 - [ INFO] - DONE inferring repairs.
21:10:36 - [DEBUG] - Time to infer correct cell values: 7.21 secs
21:10:36 - [DEBUG] - Time to create table: 0.00 secs
21:10:36 - [DEBUG] - Time to create index: 0.00 secs
21:10:36 - [DEBUG] - Time to create index: 0.00 secs
21:10:36 - [ INFO] - DONE collecting the inferred values.
21:10:36 - [DEBUG] - Time to collect inferred values: 0.08 secs
21:10:37 - [ INFO] - DONE generating repaired dataset
21:10:37 - [DEBUG] - Time to store repaired dataset: 0.16 secs
21:10:37 - [ INFO] - featurizer InitAttrFeaturizer,size 10,max 1.0000,min 1.0000,avg 1.0000,abs_avg 1.0000,weights:
name 1.0
surname 1.0
birthyear 1.0
birthplace 1.0
position 1.0
team 1.0
city 1.0
stadium 1.0
season 1.0
manager 1.0
featurizer OccurAttrFeaturizer,size 100,max 0.8904,min -0.0000,avg 0.1809,abs_avg 0.1809,weights:
name X name 0.0
name X surname 0.183
name X birthyear 0.183
name X birthplace 0.184
name X position 0.184
name X team 0.182
name X city 0.184
name X stadium 0.183
name X season 0.184
name X manager 0.184
surname X name 0.03
surname X surname -0.0
surname X birthyear 0.033
surname X birthplace 0.027
surname X position 0.027
surname X team 0.029
surname X city 0.029
surname X stadium 0.029
surname X season 0.029
surname X manager 0.029
birthyear X name 0.294
birthyear X surname 0.318
birthyear X birthyear 0.0
birthyear X birthplace 0.89
birthyear X position 0.724
birthyear X team 0.332
birthyear X city 0.296
birthyear X stadium 0.308
birthyear X season 0.296
birthyear X manager 0.296
birthplace X name 0.177
birthplace X surname 0.207
birthplace X birthyear 0.694
birthplace X birthplace -0.0
birthplace X position 0.694
birthplace X team 0.222
birthplace X city 0.182
birthplace X stadium 0.194
birthplace X season 0.182
birthplace X manager 0.182
position X name 0.008
position X surname 0.008
position X birthyear 0.008
position X birthplace 0.008
position X position -0.0
position X team 0.008
position X city 0.008
position X stadium 0.008
position X season 0.008
position X manager 0.008
team X name 0.119
team X surname 0.118
team X birthyear 0.088
team X birthplace 0.091
team X position 0.189
team X team 0.0
team X city 0.219
team X stadium 0.219
team X season 0.219
team X manager 0.219
city X name 0.085
city X surname 0.086
city X birthyear 0.113
city X birthplace 0.132
city X position 0.386
city X team 0.379
city X city -0.0
city X stadium 0.384
city X season 0.387
city X manager 0.387
stadium X name 0.097
stadium X surname 0.097
stadium X birthyear 0.095
stadium X birthplace 0.089
stadium X position 0.166
stadium X team 0.175
stadium X city 0.213
stadium X stadium 0.0
stadium X season 0.213
stadium X manager 0.213
season X name 0.079
season X surname 0.079
season X birthyear 0.104
season X birthplace 0.12
season X position 0.347
season X team 0.341
season X city 0.348
season X stadium 0.345
season X season -0.0
season X manager 0.348
manager X name 0.085
manager X surname 0.086
manager X birthyear 0.113
manager X birthplace 0.131
manager X position 0.384
manager X team 0.379
manager X city 0.385
manager X stadium 0.382
manager X season 0.385
manager X manager -0.0
featurizer FreqFeaturizer,size 10,max 0.2914,min 0.0000,avg 0.1106,abs_avg 0.1106,weights:
name 0.182
surname 0.013
birthyear 0.291
birthplace 0.176
position 0.0
team 0.109
city 0.084
stadium 0.089
season 0.078
manager 0.084
featurizer ConstraintFeaturizer,size 16,max 0.3840,min -0.1229,avg 0.1221,abs_avg 0.1721,weights:
fixed pred: t1."surname"<>t2."surname", violation pred: t1."name"=t2."name" 0.148
fixed pred: t1."name"=t2."name", violation pred: t1."surname"<>t2."surname" 0.006
fixed pred: t1."birthyear"<>t2."birthyear", violation pred: t1."name"=t2."name" 0.183
fixed pred: t1."name"=t2."name", violation pred: t1."birthyear"<>t2."birthyear" -0.123
fixed pred: t1."birthplace"<>t2."birthplace", violation pred: t1."name"=t2."name" 0.183
fixed pred: t1."name"=t2."name", violation pred: t1."birthplace"<>t2."birthplace" -0.078
fixed pred: t1."season"=t2."season" AND t1."position"<>t2."position", violation pred: t1."name"=t2."name" 0.184
fixed pred: t1."name"=t2."name" AND t1."position"<>t2."position", violation pred: t1."season"=t2."season" -0.05
fixed pred: t1."name"=t2."name" AND t1."season"=t2."season", violation pred: t1."position"<>t2."position" -0.001
fixed pred: t1."city"=t2."city" AND t1."season"=t2."season" AND t1."stadium"<>t2."stadium", violation pred: t1."team"=t2."team" 0.211
fixed pred: t1."team"=t2."team" AND t1."season"=t2."season" AND t1."stadium"<>t2."stadium", violation pred: t1."city"=t2."city" 0.373
fixed pred: t1."team"=t2."team" AND t1."city"=t2."city" AND t1."stadium"<>t2."stadium", violation pred: t1."season"=t2."season" 0.336
fixed pred: t1."team"=t2."team" AND t1."city"=t2."city" AND t1."season"=t2."season", violation pred: t1."stadium"<>t2."stadium" -0.067
fixed pred: t1."season"=t2."season" AND t1."team"<>t2."team", violation pred: t1."manager"=t2."manager" 0.384
fixed pred: t1."manager"=t2."manager" AND t1."team"<>t2."team", violation pred: t1."season"=t2."season" 0.347
fixed pred: t1."manager"=t2."manager" AND t1."season"=t2."season", violation pred: t1."team"<>t2."team" -0.081

21:10:37 - [DEBUG] - Time to store featurizer weights: 0.00 secs
21:10:38 - [DEBUG] - Time to create index: 0.00 secs
21:10:38 - [DEBUG] - Time to create index: 0.00 secs
21:10:38 - [ INFO] - DONE Loading subset_clean_index_1k_holoclean.csv
21:10:38 - [DEBUG] - Time to evaluate repairs: 0.51 secs
21:10:38 - [DEBUG] - Time to execute query: 0.00 secs
21:10:38 - [DEBUG] - Time to execute query: 0.00 secs
21:10:38 - [DEBUG] - Preparing to execute 10 queries.
21:10:38 - [DEBUG] - Starting to execute query SELECT count(*) FROM  "soccer_nwcpk_1" as t1, "soccer_nwcpk_1_clean" as t2 WHERE t1._tid_ = t2._tid_   AND t2._attribute_ = 'name'   AND t1."name" != t2._value_ with id 0
21:10:38 - [DEBUG] - Time to execute query with id 0: 0.00 secs
21:10:38 - [DEBUG] - Starting to execute query SELECT count(*) FROM  "soccer_nwcpk_1" as t1, "soccer_nwcpk_1_clean" as t2 WHERE t1._tid_ = t2._tid_   AND t2._attribute_ = 'surname'   AND t1."surname" != t2._value_ with id 1
21:10:38 - [DEBUG] - Time to execute query with id 1: 0.00 secs
21:10:38 - [DEBUG] - Starting to execute query SELECT count(*) FROM  "soccer_nwcpk_1" as t1, "soccer_nwcpk_1_clean" as t2 WHERE t1._tid_ = t2._tid_   AND t2._attribute_ = 'birthyear'   AND t1."birthyear" != t2._value_ with id 2
21:10:38 - [DEBUG] - Time to execute query with id 2: 0.00 secs
21:10:38 - [DEBUG] - Starting to execute query SELECT count(*) FROM  "soccer_nwcpk_1" as t1, "soccer_nwcpk_1_clean" as t2 WHERE t1._tid_ = t2._tid_   AND t2._attribute_ = 'birthplace'   AND t1."birthplace" != t2._value_ with id 3
21:10:38 - [DEBUG] - Time to execute query with id 3: 0.00 secs
21:10:38 - [DEBUG] - Starting to execute query SELECT count(*) FROM  "soccer_nwcpk_1" as t1, "soccer_nwcpk_1_clean" as t2 WHERE t1._tid_ = t2._tid_   AND t2._attribute_ = 'position'   AND t1."position" != t2._value_ with id 4
21:10:38 - [DEBUG] - Time to execute query with id 4: 0.00 secs
21:10:38 - [DEBUG] - Starting to execute query SELECT count(*) FROM  "soccer_nwcpk_1" as t1, "soccer_nwcpk_1_clean" as t2 WHERE t1._tid_ = t2._tid_   AND t2._attribute_ = 'team'   AND t1."team" != t2._value_ with id 5
21:10:38 - [DEBUG] - Time to execute query with id 5: 0.00 secs
21:10:38 - [DEBUG] - Starting to execute query SELECT count(*) FROM  "soccer_nwcpk_1" as t1, "soccer_nwcpk_1_clean" as t2 WHERE t1._tid_ = t2._tid_   AND t2._attribute_ = 'city'   AND t1."city" != t2._value_ with id 6
21:10:38 - [DEBUG] - Time to execute query with id 6: 0.00 secs
21:10:38 - [DEBUG] - Starting to execute query SELECT count(*) FROM  "soccer_nwcpk_1" as t1, "soccer_nwcpk_1_clean" as t2 WHERE t1._tid_ = t2._tid_   AND t2._attribute_ = 'stadium'   AND t1."stadium" != t2._value_ with id 7
21:10:38 - [DEBUG] - Time to execute query with id 7: 0.00 secs
21:10:38 - [DEBUG] - Starting to execute query SELECT count(*) FROM  "soccer_nwcpk_1" as t1, "soccer_nwcpk_1_clean" as t2 WHERE t1._tid_ = t2._tid_   AND t2._attribute_ = 'season'   AND t1."season" != t2._value_ with id 8
21:10:38 - [DEBUG] - Time to execute query with id 8: 0.00 secs
21:10:38 - [DEBUG] - Starting to execute query SELECT count(*) FROM  "soccer_nwcpk_1" as t1, "soccer_nwcpk_1_clean" as t2 WHERE t1._tid_ = t2._tid_   AND t2._attribute_ = 'manager'   AND t1."manager" != t2._value_ with id 9
21:10:38 - [DEBUG] - Time to execute query with id 9: 0.00 secs
21:10:38 - [DEBUG] - Time to execute 10 queries: 0.01 secs
21:10:38 - [DEBUG] - Time to execute query: 0.00 secs
21:10:38 - [DEBUG] - Preparing to execute 10 queries.
21:10:38 - [DEBUG] - Starting to execute query SELECT COUNT(*) FROM   (SELECT t2._tid_, t2._attribute_, t2._value_      FROM "soccer_nwcpk_1" as t1, "soccer_nwcpk_1_clean" as t2     WHERE t1._tid_ = t2._tid_       AND t2._attribute_ = 'name'       AND t1."name" != t2._value_ ) as errors, inf_values_dom as repairs WHERE errors._tid_ = repairs._tid_   AND errors._attribute_ = repairs.attribute   AND errors._value_ = repairs.rv_value with id 0
21:10:38 - [DEBUG] - Time to execute query with id 0: 0.00 secs
21:10:38 - [DEBUG] - Starting to execute query SELECT COUNT(*) FROM   (SELECT t2._tid_, t2._attribute_, t2._value_      FROM "soccer_nwcpk_1" as t1, "soccer_nwcpk_1_clean" as t2     WHERE t1._tid_ = t2._tid_       AND t2._attribute_ = 'surname'       AND t1."surname" != t2._value_ ) as errors, inf_values_dom as repairs WHERE errors._tid_ = repairs._tid_   AND errors._attribute_ = repairs.attribute   AND errors._value_ = repairs.rv_value with id 1
21:10:38 - [DEBUG] - Time to execute query with id 1: 0.00 secs
21:10:38 - [DEBUG] - Starting to execute query SELECT COUNT(*) FROM   (SELECT t2._tid_, t2._attribute_, t2._value_      FROM "soccer_nwcpk_1" as t1, "soccer_nwcpk_1_clean" as t2     WHERE t1._tid_ = t2._tid_       AND t2._attribute_ = 'birthyear'       AND t1."birthyear" != t2._value_ ) as errors, inf_values_dom as repairs WHERE errors._tid_ = repairs._tid_   AND errors._attribute_ = repairs.attribute   AND errors._value_ = repairs.rv_value with id 2
21:10:38 - [DEBUG] - Time to execute query with id 2: 0.00 secs
21:10:38 - [DEBUG] - Starting to execute query SELECT COUNT(*) FROM   (SELECT t2._tid_, t2._attribute_, t2._value_      FROM "soccer_nwcpk_1" as t1, "soccer_nwcpk_1_clean" as t2     WHERE t1._tid_ = t2._tid_       AND t2._attribute_ = 'birthplace'       AND t1."birthplace" != t2._value_ ) as errors, inf_values_dom as repairs WHERE errors._tid_ = repairs._tid_   AND errors._attribute_ = repairs.attribute   AND errors._value_ = repairs.rv_value with id 3
21:10:38 - [DEBUG] - Time to execute query with id 3: 0.00 secs
21:10:38 - [DEBUG] - Starting to execute query SELECT COUNT(*) FROM   (SELECT t2._tid_, t2._attribute_, t2._value_      FROM "soccer_nwcpk_1" as t1, "soccer_nwcpk_1_clean" as t2     WHERE t1._tid_ = t2._tid_       AND t2._attribute_ = 'position'       AND t1."position" != t2._value_ ) as errors, inf_values_dom as repairs WHERE errors._tid_ = repairs._tid_   AND errors._attribute_ = repairs.attribute   AND errors._value_ = repairs.rv_value with id 4
21:10:38 - [DEBUG] - Time to execute query with id 4: 0.00 secs
21:10:38 - [DEBUG] - Starting to execute query SELECT COUNT(*) FROM   (SELECT t2._tid_, t2._attribute_, t2._value_      FROM "soccer_nwcpk_1" as t1, "soccer_nwcpk_1_clean" as t2     WHERE t1._tid_ = t2._tid_       AND t2._attribute_ = 'team'       AND t1."team" != t2._value_ ) as errors, inf_values_dom as repairs WHERE errors._tid_ = repairs._tid_   AND errors._attribute_ = repairs.attribute   AND errors._value_ = repairs.rv_value with id 5
21:10:38 - [DEBUG] - Time to execute query with id 5: 0.00 secs
21:10:38 - [DEBUG] - Starting to execute query SELECT COUNT(*) FROM   (SELECT t2._tid_, t2._attribute_, t2._value_      FROM "soccer_nwcpk_1" as t1, "soccer_nwcpk_1_clean" as t2     WHERE t1._tid_ = t2._tid_       AND t2._attribute_ = 'city'       AND t1."city" != t2._value_ ) as errors, inf_values_dom as repairs WHERE errors._tid_ = repairs._tid_   AND errors._attribute_ = repairs.attribute   AND errors._value_ = repairs.rv_value with id 6
21:10:38 - [DEBUG] - Time to execute query with id 6: 0.00 secs
21:10:38 - [DEBUG] - Starting to execute query SELECT COUNT(*) FROM   (SELECT t2._tid_, t2._attribute_, t2._value_      FROM "soccer_nwcpk_1" as t1, "soccer_nwcpk_1_clean" as t2     WHERE t1._tid_ = t2._tid_       AND t2._attribute_ = 'stadium'       AND t1."stadium" != t2._value_ ) as errors, inf_values_dom as repairs WHERE errors._tid_ = repairs._tid_   AND errors._attribute_ = repairs.attribute   AND errors._value_ = repairs.rv_value with id 7
21:10:38 - [DEBUG] - Time to execute query with id 7: 0.00 secs
21:10:38 - [DEBUG] - Starting to execute query SELECT COUNT(*) FROM   (SELECT t2._tid_, t2._attribute_, t2._value_      FROM "soccer_nwcpk_1" as t1, "soccer_nwcpk_1_clean" as t2     WHERE t1._tid_ = t2._tid_       AND t2._attribute_ = 'season'       AND t1."season" != t2._value_ ) as errors, inf_values_dom as repairs WHERE errors._tid_ = repairs._tid_   AND errors._attribute_ = repairs.attribute   AND errors._value_ = repairs.rv_value with id 8
21:10:38 - [DEBUG] - Time to execute query with id 8: 0.00 secs
21:10:38 - [DEBUG] - Starting to execute query SELECT COUNT(*) FROM   (SELECT t2._tid_, t2._attribute_, t2._value_      FROM "soccer_nwcpk_1" as t1, "soccer_nwcpk_1_clean" as t2     WHERE t1._tid_ = t2._tid_       AND t2._attribute_ = 'manager'       AND t1."manager" != t2._value_ ) as errors, inf_values_dom as repairs WHERE errors._tid_ = repairs._tid_   AND errors._attribute_ = repairs.attribute   AND errors._value_ = repairs.rv_value with id 9
21:10:38 - [DEBUG] - Time to execute query with id 9: 0.00 secs
21:10:38 - [DEBUG] - Time to execute 10 queries: 0.01 secs
21:10:42 - [DEBUG] - Time to execute query: 0.00 secs
21:10:42 - [DEBUG] - weak label statistics:
21:10:42 - [DEBUG] -     is_clean  cell_status  is_inferred  init = grdth init = inferred  \
0   False     0            True         False         False            
1   False     0            True         False         False            
2   False     0            True         False         True             
3   False     0            True         True          True             
4   False     1            True         False         False            
5   False     1            True         False         True             
6   False     1            True         True          True             
7   False     2            True         False         True             
8   False     2            True         True          True             
9   True      0            False        True          None             
10  True      2            False        True          None             

    w. label = init  w. label = grdth w. label = inferred infer = grdth  count  
0   True             False             False               False         6      
1   True             False             False               True          6      
2   True             False             True                False         451    
3   True             True              True                True          3456   
4   False            True              True                True          15     
5   False            True              False               False         24     
6   False            False             False               True          10     
7   True             False             True                False         1925   
8   True             True              True                True          4024   
9   True             True              None                None          16     
10  True             True              None                None          44     
21:10:42 - [ INFO] - Precision = 0.78, Recall = 0.01, Repairing Recall = 0.01, F1 = 0.02, Repairing F1 = 0.02, Detected Errors = 2427, Total Errors = 2450, Correct Repairs = 21, Total Repairs = 27, Total Repairs on correct cells (Grdth present) = 0, Total Repairs on incorrect cells (Grdth present) = 27
21:10:42 - [DEBUG] - Time to generate report: 0.05 secs
21:10:42 - [DEBUG] - Time to execute query: 0.01 secs
21:10:42 - [ INFO] - 清洗后的数据已成功保存到 results/holoclean/nwcpk/6_soccer_nwcpk_1/6_soccer_nwcpk_1_repaired.csv
没有指定错误比例，仅进行原数据集的空值替换，不添加错误
已将注入错误的文件保存到: Data/6_soccer/subset_soccer_1k/subset_clean_index_1k_ori_empty.csv
没有指定错误比例，仅进行原数据集的空值替换，不添加错误
已将注入错误的文件保存到: Data/6_soccer/subset_soccer_1k/noise_with_correct_primary_key/dirty_mixed_1/dirty_soccer_mix_1_ori_empty.csv
Running Holoclean with modified dirty file: Data/6_soccer/subset_soccer_1k/noise_with_correct_primary_key/dirty_mixed_1/dirty_soccer_mix_1_holoclean.csv
转换完成，结果已保存到 Data/6_soccer/subset_soccer_1k/subset_clean_index_1k_holoclean.csv
Results saved to results/holoclean/nwcpk/6_soccer_nwcpk_1/6_soccer_nwcpk_1_repaired.csv
Holoclean finished in 132.20011377334595 seconds.
测评性能开始：
没有指定错误比例，仅进行原数据集的空值替换，不添加错误
已将注入错误的文件保存到: results/holoclean/nwcpk/6_soccer_nwcpk_1/6_soccer_nwcpk_1_repaired_ori_empty.csv
差异文件已保存到:
results/holoclean/nwcpk/6_soccer_nwcpk_1/6_soccer_nwcpk_1_clean_vs_dirty.csv
results/holoclean/nwcpk/6_soccer_nwcpk_1/6_soccer_nwcpk_1_dirty_vs_cleaned.csv
results/holoclean/nwcpk/6_soccer_nwcpk_1/6_soccer_nwcpk_1_clean_vs_cleaned.csv
修复错误数据文件已保存到: results/holoclean/nwcpk/6_soccer_nwcpk_1/6_soccer_nwcpk_1_repair_errors.csv
未修复但是应该修复数据文件已保存到: results/holoclean/nwcpk/6_soccer_nwcpk_1/6_soccer_nwcpk_1_unrepaired.csv
修复准确率: 0.7777777777777778, 修复召回率: 0.008571428571428572, F1值: 0.016955995153273663
========================================
EDR 结果已保存到: results/holoclean/nwcpk/6_soccer_nwcpk_1/6_soccer_nwcpk_1_edr_evaluation.txt
错误减少率 (EDR): 0.008571428571428572
========================================
混合距离结果已保存到: results/holoclean/nwcpk/6_soccer_nwcpk_1/6_soccer_nwcpk_1_hybrid_distance_evaluation.txt
混合距离 (Hybrid Distance): 0.23912255169469868
========================================
R-EDR 结果已保存到: results/holoclean/nwcpk/6_soccer_nwcpk_1/6_soccer_nwcpk_1_record_based_edr_evaluation.txt
基于条目的错误减少率 (R-EDR): 0.0010224948875255625
========================================
测试结果:
Accuracy: 0.7777777777777778
Recall: 0.008571428571428572
F1 Score: 0.016955995153273663
EDR: 0.008571428571428572
Hybrid Distance: 0.23912255169469868
R-EDR: 0.0010224948875255625
Time: 132.20011377334595
Speed: 13.220011377334595 seconds/100 records
测评结束，详细测评日志见：results/holoclean/nwcpk/6_soccer_nwcpk_1
