------------------------------------------------------------------------
---------------------Initialize the Dataset Object----------------------
------------------------------------------------------------------------
------------------------------------------------------------------------
--------------------Initialize Error Corrector Models-------------------
------------------------------------------------------------------------
The error corrector models are initialized.
------------------------------------------------------------------------
--------------Iterative Tuple Sampling, Labeling, and Learning----------
------------------------------------------------------------------------
The error corrector models are updated with new labeled tuple 1392.
151309 pairs of (a data error, a potential correction) are featurized.
93% (3748 / 4022) of data errors are corrected.
------------------------------------------------------------------------
The error corrector models are updated with new labeled tuple 2131.
153449 pairs of (a data error, a potential correction) are featurized.
93% (3748 / 4022) of data errors are corrected.
------------------------------------------------------------------------
The error corrector models are updated with new labeled tuple 74.
157435 pairs of (a data error, a potential correction) are featurized.
93% (3748 / 4022) of data errors are corrected.
------------------------------------------------------------------------
The error corrector models are updated with new labeled tuple 859.
157435 pairs of (a data error, a potential correction) are featurized.
93% (3748 / 4022) of data errors are corrected.
------------------------------------------------------------------------
The error corrector models are updated with new labeled tuple 1461.
157435 pairs of (a data error, a potential correction) are featurized.
93% (3748 / 4022) of data errors are corrected.
------------------------------------------------------------------------
The error corrector models are updated with new labeled tuple 1051.
162517 pairs of (a data error, a potential correction) are featurized.
93% (3748 / 4022) of data errors are corrected.
------------------------------------------------------------------------
The error corrector models are updated with new labeled tuple 1384.
162517 pairs of (a data error, a potential correction) are featurized.
93% (3748 / 4022) of data errors are corrected.
------------------------------------------------------------------------
The error corrector models are updated with new labeled tuple 1337.
166266 pairs of (a data error, a potential correction) are featurized.
93% (3748 / 4022) of data errors are corrected.
------------------------------------------------------------------------
The error corrector models are updated with new labeled tuple 1229.
170027 pairs of (a data error, a potential correction) are featurized.
93% (3748 / 4022) of data errors are corrected.
------------------------------------------------------------------------
The error corrector models are updated with new labeled tuple 856.
173794 pairs of (a data error, a potential correction) are featurized.
93% (3748 / 4022) of data errors are corrected.
------------------------------------------------------------------------
The error corrector models are updated with new labeled tuple 1605.
177564 pairs of (a data error, a potential correction) are featurized.
93% (3748 / 4022) of data errors are corrected.
------------------------------------------------------------------------
The error corrector models are updated with new labeled tuple 2103.
181324 pairs of (a data error, a potential correction) are featurized.
93% (3748 / 4022) of data errors are corrected.
------------------------------------------------------------------------
The error corrector models are updated with new labeled tuple 355.
182763 pairs of (a data error, a potential correction) are featurized.
94% (3787 / 4022) of data errors are corrected.
------------------------------------------------------------------------
The error corrector models are updated with new labeled tuple 2028.
186530 pairs of (a data error, a potential correction) are featurized.
94% (3790 / 4022) of data errors are corrected.
------------------------------------------------------------------------
The error corrector models are updated with new labeled tuple 1095.
190271 pairs of (a data error, a potential correction) are featurized.
94% (3790 / 4022) of data errors are corrected.
------------------------------------------------------------------------
The error corrector models are updated with new labeled tuple 1554.
191680 pairs of (a data error, a potential correction) are featurized.
94% (3790 / 4022) of data errors are corrected.
------------------------------------------------------------------------
The error corrector models are updated with new labeled tuple 1787.
195407 pairs of (a data error, a potential correction) are featurized.
94% (3790 / 4022) of data errors are corrected.
------------------------------------------------------------------------
The error corrector models are updated with new labeled tuple 376.
199138 pairs of (a data error, a potential correction) are featurized.
94% (3790 / 4022) of data errors are corrected.
------------------------------------------------------------------------
The error corrector models are updated with new labeled tuple 2173.
202895 pairs of (a data error, a potential correction) are featurized.
94% (3794 / 4022) of data errors are corrected.
------------------------------------------------------------------------
The error corrector models are updated with new labeled tuple 1092.
206623 pairs of (a data error, a potential correction) are featurized.
94% (3794 / 4022) of data errors are corrected.
------------------------------------------------------------------------
Repaired data saved to results/raha_baran/nwcpk/results-3_beers_nwcpk_1/repaired_3_beers_nwcpk_1.csv
===============================================
测评性能开始：
差异文件已保存到:
results/raha_baran/nwcpk/results-3_beers_nwcpk_1/3_beers_nwcpk_1_clean_vs_dirty.csv
results/raha_baran/nwcpk/results-3_beers_nwcpk_1/3_beers_nwcpk_1_dirty_vs_cleaned.csv
results/raha_baran/nwcpk/results-3_beers_nwcpk_1/3_beers_nwcpk_1_clean_vs_cleaned.csv
修复错误数据文件已保存到: results/raha_baran/nwcpk/results-3_beers_nwcpk_1/3_beers_nwcpk_1_repair_errors.csv
未修复但是应该修复数据文件已保存到: results/raha_baran/nwcpk/results-3_beers_nwcpk_1/3_beers_nwcpk_1_unrepaired.csv
修复准确率: 0.043010752688172046, 修复召回率: 0.024615384615384615, F1值: 0.031311154552525464
========================================
EDR 结果已保存到: results/raha_baran/nwcpk/results-3_beers_nwcpk_1/3_beers_nwcpk_1_edr_evaluation.txt
错误减少率 (EDR): -0.52
========================================
混合距离结果已保存到: results/raha_baran/nwcpk/results-3_beers_nwcpk_1/3_beers_nwcpk_1_hybrid_distance_evaluation.txt
混合距离 (Hybrid Distance): 0.05269429759365434
========================================
R-EDR 结果已保存到: results/raha_baran/nwcpk/results-3_beers_nwcpk_1/3_beers_nwcpk_1_record_based_edr_evaluation.txt
基于条目的错误减少率 (R-EDR): -0.5132450331125827
========================================
测试结果:
Accuracy: 0.043010752688172046
Recall: 0.024615384615384615
F1 Score: 0.031311154552525464
EDR: -0.52
Hybrid Distance: 0.05269429759365434
R-EDR: -0.5132450331125827
time(s): 627.2542781829834
speed: 26.027148472322963 seconds/100num
测评结束，详细测评日志见：results/raha_baran/nwcpk/results-3_beers_nwcpk_1/all_compute_3_beers_nwcpk_1.txt
