------------------------------------------------------------------------
---------------------Initialize the Dataset Object----------------------
------------------------------------------------------------------------
------------------------------------------------------------------------
--------------------Initialize Error Corrector Models-------------------
------------------------------------------------------------------------
The error corrector models are initialized.
------------------------------------------------------------------------
--------------Iterative Tuple Sampling, Labeling, and Learning----------
------------------------------------------------------------------------
The error corrector models are updated with new labeled tuple 1050.
24723 pairs of (a data error, a potential correction) are featurized.
97% (3743 / 3862) of data errors are corrected.
------------------------------------------------------------------------
The error corrector models are updated with new labeled tuple 531.
28516 pairs of (a data error, a potential correction) are featurized.
97% (3743 / 3862) of data errors are corrected.
------------------------------------------------------------------------
The error corrector models are updated with new labeled tuple 1049.
28516 pairs of (a data error, a potential correction) are featurized.
97% (3743 / 3862) of data errors are corrected.
------------------------------------------------------------------------
The error corrector models are updated with new labeled tuple 2038.
35135 pairs of (a data error, a potential correction) are featurized.
97% (3743 / 3862) of data errors are corrected.
------------------------------------------------------------------------
The error corrector models are updated with new labeled tuple 1554.
36595 pairs of (a data error, a potential correction) are featurized.
98% (3792 / 3862) of data errors are corrected.
------------------------------------------------------------------------
The error corrector models are updated with new labeled tuple 1985.
36595 pairs of (a data error, a potential correction) are featurized.
98% (3792 / 3862) of data errors are corrected.
------------------------------------------------------------------------
The error corrector models are updated with new labeled tuple 853.
40437 pairs of (a data error, a potential correction) are featurized.
98% (3792 / 3862) of data errors are corrected.
------------------------------------------------------------------------
The error corrector models are updated with new labeled tuple 1793.
44169 pairs of (a data error, a potential correction) are featurized.
99% (3812 / 3862) of data errors are corrected.
------------------------------------------------------------------------
The error corrector models are updated with new labeled tuple 1486.
44169 pairs of (a data error, a potential correction) are featurized.
99% (3812 / 3862) of data errors are corrected.
------------------------------------------------------------------------
The error corrector models are updated with new labeled tuple 222.
44169 pairs of (a data error, a potential correction) are featurized.
99% (3812 / 3862) of data errors are corrected.
------------------------------------------------------------------------
The error corrector models are updated with new labeled tuple 2182.
47963 pairs of (a data error, a potential correction) are featurized.
99% (3812 / 3862) of data errors are corrected.
------------------------------------------------------------------------
The error corrector models are updated with new labeled tuple 979.
47963 pairs of (a data error, a potential correction) are featurized.
99% (3812 / 3862) of data errors are corrected.
------------------------------------------------------------------------
The error corrector models are updated with new labeled tuple 1834.
47975 pairs of (a data error, a potential correction) are featurized.
99% (3812 / 3862) of data errors are corrected.
------------------------------------------------------------------------
The error corrector models are updated with new labeled tuple 471.
47975 pairs of (a data error, a potential correction) are featurized.
99% (3812 / 3862) of data errors are corrected.
------------------------------------------------------------------------
The error corrector models are updated with new labeled tuple 1976.
47975 pairs of (a data error, a potential correction) are featurized.
99% (3812 / 3862) of data errors are corrected.
------------------------------------------------------------------------
The error corrector models are updated with new labeled tuple 1667.
47975 pairs of (a data error, a potential correction) are featurized.
99% (3812 / 3862) of data errors are corrected.
------------------------------------------------------------------------
The error corrector models are updated with new labeled tuple 2325.
51777 pairs of (a data error, a potential correction) are featurized.
99% (3812 / 3862) of data errors are corrected.
------------------------------------------------------------------------
The error corrector models are updated with new labeled tuple 1051.
56897 pairs of (a data error, a potential correction) are featurized.
99% (3815 / 3862) of data errors are corrected.
------------------------------------------------------------------------
The error corrector models are updated with new labeled tuple 275.
60680 pairs of (a data error, a potential correction) are featurized.
99% (3816 / 3862) of data errors are corrected.
------------------------------------------------------------------------
The error corrector models are updated with new labeled tuple 1586.
64490 pairs of (a data error, a potential correction) are featurized.
99% (3816 / 3862) of data errors are corrected.
------------------------------------------------------------------------
Repaired data saved to results/raha_baran/nwcpk/results-3_beers_nwcpk_025/repaired_3_beers_nwcpk_025.csv
===============================================
测评性能开始：
差异文件已保存到:
results/raha_baran/nwcpk/results-3_beers_nwcpk_025/3_beers_nwcpk_025_clean_vs_dirty.csv
results/raha_baran/nwcpk/results-3_beers_nwcpk_025/3_beers_nwcpk_025_dirty_vs_cleaned.csv
results/raha_baran/nwcpk/results-3_beers_nwcpk_025/3_beers_nwcpk_025_clean_vs_cleaned.csv
修复错误数据文件已保存到: results/raha_baran/nwcpk/results-3_beers_nwcpk_025/3_beers_nwcpk_025_repair_errors.csv
未修复但是应该修复数据文件已保存到: results/raha_baran/nwcpk/results-3_beers_nwcpk_025/3_beers_nwcpk_025_unrepaired.csv
修复准确率: 0.3103448275862069, 修复召回率: 0.10975609756097561, F1值: 0.1621621621235614
========================================
EDR 结果已保存到: results/raha_baran/nwcpk/results-3_beers_nwcpk_025/3_beers_nwcpk_025_edr_evaluation.txt
错误减少率 (EDR): -0.13414634146341464
========================================
混合距离结果已保存到: results/raha_baran/nwcpk/results-3_beers_nwcpk_025/3_beers_nwcpk_025_hybrid_distance_evaluation.txt
混合距离 (Hybrid Distance): 0.028519310788943666
========================================
R-EDR 结果已保存到: results/raha_baran/nwcpk/results-3_beers_nwcpk_025/3_beers_nwcpk_025_record_based_edr_evaluation.txt
基于条目的错误减少率 (R-EDR): -0.1342281879194631
========================================
测试结果:
Accuracy: 0.3103448275862069
Recall: 0.10975609756097561
F1 Score: 0.1621621621235614
EDR: -0.13414634146341464
Hybrid Distance: 0.028519310788943666
R-EDR: -0.1342281879194631
time(s): 610.142055273056
speed: 25.31709772917245 seconds/100num
测评结束，详细测评日志见：results/raha_baran/nwcpk/results-3_beers_nwcpk_025/all_compute_3_beers_nwcpk_025.txt
