------------------------------------------------------------------------
---------------------Initialize the Dataset Object----------------------
------------------------------------------------------------------------
------------------------------------------------------------------------
--------------------Initialize Error Corrector Models-------------------
------------------------------------------------------------------------
The error corrector models are initialized.
------------------------------------------------------------------------
--------------Iterative Tuple Sampling, Labeling, and Learning----------
------------------------------------------------------------------------
The error corrector models are updated with new labeled tuple 124.
67845 pairs of (a data error, a potential correction) are featurized.
96% (3754 / 3894) of data errors are corrected.
------------------------------------------------------------------------
The error corrector models are updated with new labeled tuple 640.
74401 pairs of (a data error, a potential correction) are featurized.
97% (3759 / 3894) of data errors are corrected.
------------------------------------------------------------------------
The error corrector models are updated with new labeled tuple 302.
74401 pairs of (a data error, a potential correction) are featurized.
97% (3759 / 3894) of data errors are corrected.
------------------------------------------------------------------------
The error corrector models are updated with new labeled tuple 1128.
74401 pairs of (a data error, a potential correction) are featurized.
97% (3789 / 3894) of data errors are corrected.
------------------------------------------------------------------------
The error corrector models are updated with new labeled tuple 1284.
74485 pairs of (a data error, a potential correction) are featurized.
97% (3796 / 3894) of data errors are corrected.
------------------------------------------------------------------------
The error corrector models are updated with new labeled tuple 1554.
75945 pairs of (a data error, a potential correction) are featurized.
99% (3844 / 3894) of data errors are corrected.
------------------------------------------------------------------------
The error corrector models are updated with new labeled tuple 1384.
75945 pairs of (a data error, a potential correction) are featurized.
99% (3846 / 3894) of data errors are corrected.
------------------------------------------------------------------------
The error corrector models are updated with new labeled tuple 2138.
76036 pairs of (a data error, a potential correction) are featurized.
99% (3846 / 3894) of data errors are corrected.
------------------------------------------------------------------------
The error corrector models are updated with new labeled tuple 594.
77441 pairs of (a data error, a potential correction) are featurized.
99% (3846 / 3894) of data errors are corrected.
------------------------------------------------------------------------
The error corrector models are updated with new labeled tuple 764.
77441 pairs of (a data error, a potential correction) are featurized.
99% (3846 / 3894) of data errors are corrected.
------------------------------------------------------------------------
The error corrector models are updated with new labeled tuple 1714.
77441 pairs of (a data error, a potential correction) are featurized.
99% (3849 / 3894) of data errors are corrected.
------------------------------------------------------------------------
The error corrector models are updated with new labeled tuple 309.
81191 pairs of (a data error, a potential correction) are featurized.
99% (3849 / 3894) of data errors are corrected.
------------------------------------------------------------------------
The error corrector models are updated with new labeled tuple 1827.
81191 pairs of (a data error, a potential correction) are featurized.
99% (3849 / 3894) of data errors are corrected.
------------------------------------------------------------------------
The error corrector models are updated with new labeled tuple 2145.
82594 pairs of (a data error, a potential correction) are featurized.
99% (3849 / 3894) of data errors are corrected.
------------------------------------------------------------------------
The error corrector models are updated with new labeled tuple 1482.
86310 pairs of (a data error, a potential correction) are featurized.
99% (3849 / 3894) of data errors are corrected.
------------------------------------------------------------------------
The error corrector models are updated with new labeled tuple 1251.
90032 pairs of (a data error, a potential correction) are featurized.
99% (3849 / 3894) of data errors are corrected.
------------------------------------------------------------------------
The error corrector models are updated with new labeled tuple 354.
90123 pairs of (a data error, a potential correction) are featurized.
99% (3849 / 3894) of data errors are corrected.
------------------------------------------------------------------------
The error corrector models are updated with new labeled tuple 2260.
90123 pairs of (a data error, a potential correction) are featurized.
99% (3849 / 3894) of data errors are corrected.
------------------------------------------------------------------------
The error corrector models are updated with new labeled tuple 630.
93850 pairs of (a data error, a potential correction) are featurized.
99% (3849 / 3894) of data errors are corrected.
------------------------------------------------------------------------
The error corrector models are updated with new labeled tuple 741.
97614 pairs of (a data error, a potential correction) are featurized.
99% (3849 / 3894) of data errors are corrected.
------------------------------------------------------------------------
Repaired data saved to results/raha_baran/nwcpk/results-3_beers_nwcpk_175/repaired_3_beers_nwcpk_175.csv
===============================================
测评性能开始：
差异文件已保存到:
results/raha_baran/nwcpk/results-3_beers_nwcpk_175/3_beers_nwcpk_175_clean_vs_dirty.csv
results/raha_baran/nwcpk/results-3_beers_nwcpk_175/3_beers_nwcpk_175_dirty_vs_cleaned.csv
results/raha_baran/nwcpk/results-3_beers_nwcpk_175/3_beers_nwcpk_175_clean_vs_cleaned.csv
修复错误数据文件已保存到: results/raha_baran/nwcpk/results-3_beers_nwcpk_175/3_beers_nwcpk_175_repair_errors.csv
未修复但是应该修复数据文件已保存到: results/raha_baran/nwcpk/results-3_beers_nwcpk_175/3_beers_nwcpk_175_unrepaired.csv
修复准确率: 0.5703703703703704, 修复召回率: 0.16382978723404254, F1值: 0.25454545451078475
========================================
EDR 结果已保存到: results/raha_baran/nwcpk/results-3_beers_nwcpk_175/3_beers_nwcpk_175_edr_evaluation.txt
错误减少率 (EDR): 0.08297872340425531
========================================
混合距离结果已保存到: results/raha_baran/nwcpk/results-3_beers_nwcpk_175/3_beers_nwcpk_175_hybrid_distance_evaluation.txt
混合距离 (Hybrid Distance): 0.02881994898324666
========================================
R-EDR 结果已保存到: results/raha_baran/nwcpk/results-3_beers_nwcpk_175/3_beers_nwcpk_175_record_based_edr_evaluation.txt
基于条目的错误减少率 (R-EDR): 0.08333333333333333
========================================
测试结果:
Accuracy: 0.5703703703703704
Recall: 0.16382978723404254
F1 Score: 0.25454545451078475
EDR: 0.08297872340425531
Hybrid Distance: 0.02881994898324666
R-EDR: 0.08333333333333333
time(s): 593.1599414348602
speed: 24.612445702691296 seconds/100num
测评结束，详细测评日志见：results/raha_baran/nwcpk/results-3_beers_nwcpk_175/all_compute_3_beers_nwcpk_175.txt
