------------------------------------------------------------------------
---------------------Initialize the Dataset Object----------------------
------------------------------------------------------------------------
------------------------------------------------------------------------
--------------------Initialize Error Corrector Models-------------------
------------------------------------------------------------------------
The error corrector models are initialized.
------------------------------------------------------------------------
--------------Iterative Tuple Sampling, Labeling, and Learning----------
------------------------------------------------------------------------
The error corrector models are updated with new labeled tuple 668.
58424 pairs of (a data error, a potential correction) are featurized.
96% (3798 / 3970) of data errors are corrected.
------------------------------------------------------------------------
The error corrector models are updated with new labeled tuple 471.
58424 pairs of (a data error, a potential correction) are featurized.
96% (3798 / 3970) of data errors are corrected.
------------------------------------------------------------------------
The error corrector models are updated with new labeled tuple 1452.
62225 pairs of (a data error, a potential correction) are featurized.
96% (3798 / 3970) of data errors are corrected.
------------------------------------------------------------------------
The error corrector models are updated with new labeled tuple 1554.
63685 pairs of (a data error, a potential correction) are featurized.
97% (3847 / 3970) of data errors are corrected.
------------------------------------------------------------------------
The error corrector models are updated with new labeled tuple 2102.
67472 pairs of (a data error, a potential correction) are featurized.
97% (3847 / 3970) of data errors are corrected.
------------------------------------------------------------------------
The error corrector models are updated with new labeled tuple 1705.
70420 pairs of (a data error, a potential correction) are featurized.
97% (3847 / 3970) of data errors are corrected.
------------------------------------------------------------------------
The error corrector models are updated with new labeled tuple 2311.
70468 pairs of (a data error, a potential correction) are featurized.
98% (3878 / 3970) of data errors are corrected.
------------------------------------------------------------------------
The error corrector models are updated with new labeled tuple 477.
74144 pairs of (a data error, a potential correction) are featurized.
98% (3878 / 3970) of data errors are corrected.
------------------------------------------------------------------------
The error corrector models are updated with new labeled tuple 1000.
77949 pairs of (a data error, a potential correction) are featurized.
98% (3878 / 3970) of data errors are corrected.
------------------------------------------------------------------------
The error corrector models are updated with new labeled tuple 1337.
78040 pairs of (a data error, a potential correction) are featurized.
98% (3879 / 3970) of data errors are corrected.
------------------------------------------------------------------------
The error corrector models are updated with new labeled tuple 1674.
81830 pairs of (a data error, a potential correction) are featurized.
98% (3879 / 3970) of data errors are corrected.
------------------------------------------------------------------------
The error corrector models are updated with new labeled tuple 630.
85598 pairs of (a data error, a potential correction) are featurized.
98% (3883 / 3970) of data errors are corrected.
------------------------------------------------------------------------
The error corrector models are updated with new labeled tuple 2191.
86999 pairs of (a data error, a potential correction) are featurized.
98% (3883 / 3970) of data errors are corrected.
------------------------------------------------------------------------
The error corrector models are updated with new labeled tuple 61.
87287 pairs of (a data error, a potential correction) are featurized.
98% (3883 / 3970) of data errors are corrected.
------------------------------------------------------------------------
The error corrector models are updated with new labeled tuple 1107.
91081 pairs of (a data error, a potential correction) are featurized.
98% (3885 / 3970) of data errors are corrected.
------------------------------------------------------------------------
The error corrector models are updated with new labeled tuple 561.
91081 pairs of (a data error, a potential correction) are featurized.
98% (3885 / 3970) of data errors are corrected.
------------------------------------------------------------------------
The error corrector models are updated with new labeled tuple 2266.
91081 pairs of (a data error, a potential correction) are featurized.
98% (3885 / 3970) of data errors are corrected.
------------------------------------------------------------------------
The error corrector models are updated with new labeled tuple 873.
92522 pairs of (a data error, a potential correction) are featurized.
100% (3957 / 3970) of data errors are corrected.
------------------------------------------------------------------------
The error corrector models are updated with new labeled tuple 172.
96331 pairs of (a data error, a potential correction) are featurized.
100% (3958 / 3970) of data errors are corrected.
------------------------------------------------------------------------
The error corrector models are updated with new labeled tuple 694.
100131 pairs of (a data error, a potential correction) are featurized.
100% (3967 / 3970) of data errors are corrected.
------------------------------------------------------------------------
Repaired data saved to results/raha_baran/nwcpk/results-3_beers_nwcpk_2/repaired_3_beers_nwcpk_2.csv
===============================================
测评性能开始：
差异文件已保存到:
results/raha_baran/nwcpk/results-3_beers_nwcpk_2/3_beers_nwcpk_2_clean_vs_dirty.csv
results/raha_baran/nwcpk/results-3_beers_nwcpk_2/3_beers_nwcpk_2_dirty_vs_cleaned.csv
results/raha_baran/nwcpk/results-3_beers_nwcpk_2/3_beers_nwcpk_2_clean_vs_cleaned.csv
修复错误数据文件已保存到: results/raha_baran/nwcpk/results-3_beers_nwcpk_2/3_beers_nwcpk_2_repair_errors.csv
未修复但是应该修复数据文件已保存到: results/raha_baran/nwcpk/results-3_beers_nwcpk_2/3_beers_nwcpk_2_unrepaired.csv
修复准确率: 0.7588235294117647, 修复召回率: 0.24618320610687022, F1值: 0.3717579250350555
========================================
EDR 结果已保存到: results/raha_baran/nwcpk/results-3_beers_nwcpk_2/3_beers_nwcpk_2_edr_evaluation.txt
错误减少率 (EDR): 0.21755725190839695
========================================
混合距离结果已保存到: results/raha_baran/nwcpk/results-3_beers_nwcpk_2/3_beers_nwcpk_2_hybrid_distance_evaluation.txt
混合距离 (Hybrid Distance): 0.03530060546216436
========================================
R-EDR 结果已保存到: results/raha_baran/nwcpk/results-3_beers_nwcpk_2/3_beers_nwcpk_2_record_based_edr_evaluation.txt
基于条目的错误减少率 (R-EDR): 0.2337962962962963
========================================
测试结果:
Accuracy: 0.7588235294117647
Recall: 0.24618320610687022
F1 Score: 0.3717579250350555
EDR: 0.21755725190839695
Hybrid Distance: 0.03530060546216436
R-EDR: 0.2337962962962963
time(s): 593.9212346076965
speed: 24.644034631024752 seconds/100num
测评结束，详细测评日志见：results/raha_baran/nwcpk/results-3_beers_nwcpk_2/all_compute_3_beers_nwcpk_2.txt
