------------------------------------------------------------------------
---------------------Initialize the Dataset Object----------------------
------------------------------------------------------------------------
------------------------------------------------------------------------
--------------------Initialize Error Corrector Models-------------------
------------------------------------------------------------------------
The error corrector models are initialized.
------------------------------------------------------------------------
--------------Iterative Tuple Sampling, Labeling, and Learning----------
------------------------------------------------------------------------
The error corrector models are updated with new labeled tuple 470.
60060 pairs of (a data error, a potential correction) are featurized.
5% (4 / 86) of data errors are corrected.
------------------------------------------------------------------------
The error corrector models are updated with new labeled tuple 671.
60060 pairs of (a data error, a potential correction) are featurized.
5% (4 / 86) of data errors are corrected.
------------------------------------------------------------------------
The error corrector models are updated with new labeled tuple 428.
60060 pairs of (a data error, a potential correction) are featurized.
5% (4 / 86) of data errors are corrected.
------------------------------------------------------------------------
The error corrector models are updated with new labeled tuple 112.
60060 pairs of (a data error, a potential correction) are featurized.
5% (4 / 86) of data errors are corrected.
------------------------------------------------------------------------
The error corrector models are updated with new labeled tuple 768.
60060 pairs of (a data error, a potential correction) are featurized.
5% (4 / 86) of data errors are corrected.
------------------------------------------------------------------------
The error corrector models are updated with new labeled tuple 714.
60060 pairs of (a data error, a potential correction) are featurized.
5% (4 / 86) of data errors are corrected.
------------------------------------------------------------------------
The error corrector models are updated with new labeled tuple 37.
60060 pairs of (a data error, a potential correction) are featurized.
5% (4 / 86) of data errors are corrected.
------------------------------------------------------------------------
The error corrector models are updated with new labeled tuple 269.
60060 pairs of (a data error, a potential correction) are featurized.
5% (4 / 86) of data errors are corrected.
------------------------------------------------------------------------
The error corrector models are updated with new labeled tuple 614.
60060 pairs of (a data error, a potential correction) are featurized.
5% (4 / 86) of data errors are corrected.
------------------------------------------------------------------------
The error corrector models are updated with new labeled tuple 152.
60060 pairs of (a data error, a potential correction) are featurized.
5% (4 / 86) of data errors are corrected.
------------------------------------------------------------------------
The error corrector models are updated with new labeled tuple 175.
60060 pairs of (a data error, a potential correction) are featurized.
5% (4 / 86) of data errors are corrected.
------------------------------------------------------------------------
The error corrector models are updated with new labeled tuple 615.
60060 pairs of (a data error, a potential correction) are featurized.
6% (5 / 86) of data errors are corrected.
------------------------------------------------------------------------
The error corrector models are updated with new labeled tuple 520.
60276 pairs of (a data error, a potential correction) are featurized.
7% (6 / 86) of data errors are corrected.
------------------------------------------------------------------------
The error corrector models are updated with new labeled tuple 542.
60276 pairs of (a data error, a potential correction) are featurized.
83% (71 / 86) of data errors are corrected.
------------------------------------------------------------------------
The error corrector models are updated with new labeled tuple 382.
60295 pairs of (a data error, a potential correction) are featurized.
83% (71 / 86) of data errors are corrected.
------------------------------------------------------------------------
The error corrector models are updated with new labeled tuple 133.
60295 pairs of (a data error, a potential correction) are featurized.
83% (71 / 86) of data errors are corrected.
------------------------------------------------------------------------
The error corrector models are updated with new labeled tuple 833.
60295 pairs of (a data error, a potential correction) are featurized.
83% (71 / 86) of data errors are corrected.
------------------------------------------------------------------------
The error corrector models are updated with new labeled tuple 254.
60295 pairs of (a data error, a potential correction) are featurized.
83% (71 / 86) of data errors are corrected.
------------------------------------------------------------------------
The error corrector models are updated with new labeled tuple 540.
60381 pairs of (a data error, a potential correction) are featurized.
84% (72 / 86) of data errors are corrected.
------------------------------------------------------------------------
The error corrector models are updated with new labeled tuple 776.
60381 pairs of (a data error, a potential correction) are featurized.
84% (72 / 86) of data errors are corrected.
------------------------------------------------------------------------
Repaired data saved to results/raha_baran/nwcpk/results-4_rayyan_nwcpk_075/repaired_4_rayyan_nwcpk_075.csv
===============================================
测评性能开始：
差异文件已保存到:
results/raha_baran/nwcpk/results-4_rayyan_nwcpk_075/4_rayyan_nwcpk_075_clean_vs_dirty.csv
results/raha_baran/nwcpk/results-4_rayyan_nwcpk_075/4_rayyan_nwcpk_075_dirty_vs_cleaned.csv
results/raha_baran/nwcpk/results-4_rayyan_nwcpk_075/4_rayyan_nwcpk_075_clean_vs_cleaned.csv
修复错误数据文件已保存到: results/raha_baran/nwcpk/results-4_rayyan_nwcpk_075/4_rayyan_nwcpk_075_repair_errors.csv
未修复但是应该修复数据文件已保存到: results/raha_baran/nwcpk/results-4_rayyan_nwcpk_075/4_rayyan_nwcpk_075_unrepaired.csv
修复准确率: 0.05555555555555555, 修复召回率: 0.04938271604938271, F1值: 0.05228758164951942
========================================
EDR 结果已保存到: results/raha_baran/nwcpk/results-4_rayyan_nwcpk_075/4_rayyan_nwcpk_075_edr_evaluation.txt
错误减少率 (EDR): -0.7777777777777778
========================================
混合距离结果已保存到: results/raha_baran/nwcpk/results-4_rayyan_nwcpk_075/4_rayyan_nwcpk_075_hybrid_distance_evaluation.txt
混合距离 (Hybrid Distance): 0.005125724762478838
========================================
R-EDR 结果已保存到: results/raha_baran/nwcpk/results-4_rayyan_nwcpk_075/4_rayyan_nwcpk_075_record_based_edr_evaluation.txt
基于条目的错误减少率 (R-EDR): -0.8026315789473685
========================================
测试结果:
Accuracy: 0.05555555555555555
Recall: 0.04938271604938271
F1 Score: 0.05228758164951942
EDR: -0.7777777777777778
Hybrid Distance: 0.005125724762478838
R-EDR: -0.8026315789473685
time(s): 9992.959783315659
speed: 999.2959783315658 seconds/100num
测评结束，详细测评日志见：results/raha_baran/nwcpk/results-4_rayyan_nwcpk_075/all_compute_4_rayyan_nwcpk_075.txt
