------------------------------------------------------------------------
---------------------Initialize the Dataset Object----------------------
------------------------------------------------------------------------
------------------------------------------------------------------------
--------------------Initialize Error Corrector Models-------------------
------------------------------------------------------------------------
The error corrector models are initialized.
------------------------------------------------------------------------
--------------Iterative Tuple Sampling, Labeling, and Learning----------
------------------------------------------------------------------------
The error corrector models are updated with new labeled tuple 662.
617 pairs of (a data error, a potential correction) are featurized.
100% (1 / 1) of data errors are corrected.
------------------------------------------------------------------------
The error corrector models are updated with new labeled tuple 111.
617 pairs of (a data error, a potential correction) are featurized.
100% (1 / 1) of data errors are corrected.
------------------------------------------------------------------------
The error corrector models are updated with new labeled tuple 354.
617 pairs of (a data error, a potential correction) are featurized.
100% (1 / 1) of data errors are corrected.
------------------------------------------------------------------------
The error corrector models are updated with new labeled tuple 122.
617 pairs of (a data error, a potential correction) are featurized.
100% (1 / 1) of data errors are corrected.
------------------------------------------------------------------------
The error corrector models are updated with new labeled tuple 254.
617 pairs of (a data error, a potential correction) are featurized.
100% (1 / 1) of data errors are corrected.
------------------------------------------------------------------------
The error corrector models are updated with new labeled tuple 344.
617 pairs of (a data error, a potential correction) are featurized.
100% (1 / 1) of data errors are corrected.
------------------------------------------------------------------------
The error corrector models are updated with new labeled tuple 797.
617 pairs of (a data error, a potential correction) are featurized.
100% (1 / 1) of data errors are corrected.
------------------------------------------------------------------------
The error corrector models are updated with new labeled tuple 428.
617 pairs of (a data error, a potential correction) are featurized.
100% (1 / 1) of data errors are corrected.
------------------------------------------------------------------------
The error corrector models are updated with new labeled tuple 540.
617 pairs of (a data error, a potential correction) are featurized.
100% (1 / 1) of data errors are corrected.
------------------------------------------------------------------------
The error corrector models are updated with new labeled tuple 500.
617 pairs of (a data error, a potential correction) are featurized.
100% (1 / 1) of data errors are corrected.
------------------------------------------------------------------------
The error corrector models are updated with new labeled tuple 509.
617 pairs of (a data error, a potential correction) are featurized.
100% (1 / 1) of data errors are corrected.
------------------------------------------------------------------------
The error corrector models are updated with new labeled tuple 750.
617 pairs of (a data error, a potential correction) are featurized.
100% (1 / 1) of data errors are corrected.
------------------------------------------------------------------------
The error corrector models are updated with new labeled tuple 350.
617 pairs of (a data error, a potential correction) are featurized.
100% (1 / 1) of data errors are corrected.
------------------------------------------------------------------------
The error corrector models are updated with new labeled tuple 174.
617 pairs of (a data error, a potential correction) are featurized.
100% (1 / 1) of data errors are corrected.
------------------------------------------------------------------------
The error corrector models are updated with new labeled tuple 671.
617 pairs of (a data error, a potential correction) are featurized.
100% (1 / 1) of data errors are corrected.
------------------------------------------------------------------------
The error corrector models are updated with new labeled tuple 427.
617 pairs of (a data error, a potential correction) are featurized.
100% (1 / 1) of data errors are corrected.
------------------------------------------------------------------------
The error corrector models are updated with new labeled tuple 225.
617 pairs of (a data error, a potential correction) are featurized.
100% (1 / 1) of data errors are corrected.
------------------------------------------------------------------------
The error corrector models are updated with new labeled tuple 861.
617 pairs of (a data error, a potential correction) are featurized.
100% (1 / 1) of data errors are corrected.
------------------------------------------------------------------------
The error corrector models are updated with new labeled tuple 520.
617 pairs of (a data error, a potential correction) are featurized.
100% (1 / 1) of data errors are corrected.
------------------------------------------------------------------------
The error corrector models are updated with new labeled tuple 615.
617 pairs of (a data error, a potential correction) are featurized.
100% (1 / 1) of data errors are corrected.
------------------------------------------------------------------------
Repaired data saved to results/raha_baran/nwcpk/results-4_rayyan_nwcpk_1/repaired_4_rayyan_nwcpk_1.csv
===============================================
测评性能开始：
差异文件已保存到:
results/raha_baran/nwcpk/results-4_rayyan_nwcpk_1/4_rayyan_nwcpk_1_clean_vs_dirty.csv
results/raha_baran/nwcpk/results-4_rayyan_nwcpk_1/4_rayyan_nwcpk_1_dirty_vs_cleaned.csv
results/raha_baran/nwcpk/results-4_rayyan_nwcpk_1/4_rayyan_nwcpk_1_clean_vs_cleaned.csv
修复错误数据文件已保存到: results/raha_baran/nwcpk/results-4_rayyan_nwcpk_1/4_rayyan_nwcpk_1_repair_errors.csv
未修复但是应该修复数据文件已保存到: results/raha_baran/nwcpk/results-4_rayyan_nwcpk_1/4_rayyan_nwcpk_1_unrepaired.csv
修复准确率: 1.0, 修复召回率: 0.009900990099009901, F1值: 0.01960784313531334
========================================
EDR 结果已保存到: results/raha_baran/nwcpk/results-4_rayyan_nwcpk_1/4_rayyan_nwcpk_1_edr_evaluation.txt
错误减少率 (EDR): 0.009900990099009901
========================================
混合距离结果已保存到: results/raha_baran/nwcpk/results-4_rayyan_nwcpk_1/4_rayyan_nwcpk_1_hybrid_distance_evaluation.txt
混合距离 (Hybrid Distance): 0.006890449128740543
========================================
R-EDR 结果已保存到: results/raha_baran/nwcpk/results-4_rayyan_nwcpk_1/4_rayyan_nwcpk_1_record_based_edr_evaluation.txt
基于条目的错误减少率 (R-EDR): 0.01098901098901099
========================================
测试结果:
Accuracy: 1.0
Recall: 0.009900990099009901
F1 Score: 0.01960784313531334
EDR: 0.009900990099009901
Hybrid Distance: 0.006890449128740543
R-EDR: 0.01098901098901099
time(s): 86.96190810203552
speed: 8.696190810203552 seconds/100num
测评结束，详细测评日志见：results/raha_baran/nwcpk/results-4_rayyan_nwcpk_1/all_compute_4_rayyan_nwcpk_1.txt
