------------------------------------------------------------------------
---------------------Initialize the Dataset Object----------------------
------------------------------------------------------------------------
------------------------------------------------------------------------
--------------------Initialize Error Corrector Models-------------------
------------------------------------------------------------------------
The error corrector models are initialized.
------------------------------------------------------------------------
--------------Iterative Tuple Sampling, Labeling, and Learning----------
------------------------------------------------------------------------
The error corrector models are updated with new labeled tuple 323.
27048 pairs of (a data error, a potential correction) are featurized.
4% (2 / 46) of data errors are corrected.
------------------------------------------------------------------------
The error corrector models are updated with new labeled tuple 677.
27048 pairs of (a data error, a potential correction) are featurized.
4% (2 / 46) of data errors are corrected.
------------------------------------------------------------------------
The error corrector models are updated with new labeled tuple 22.
27048 pairs of (a data error, a potential correction) are featurized.
4% (2 / 46) of data errors are corrected.
------------------------------------------------------------------------
The error corrector models are updated with new labeled tuple 124.
27048 pairs of (a data error, a potential correction) are featurized.
4% (2 / 46) of data errors are corrected.
------------------------------------------------------------------------
The error corrector models are updated with new labeled tuple 531.
27048 pairs of (a data error, a potential correction) are featurized.
4% (2 / 46) of data errors are corrected.
------------------------------------------------------------------------
The error corrector models are updated with new labeled tuple 768.
27048 pairs of (a data error, a potential correction) are featurized.
4% (2 / 46) of data errors are corrected.
------------------------------------------------------------------------
The error corrector models are updated with new labeled tuple 921.
27048 pairs of (a data error, a potential correction) are featurized.
4% (2 / 46) of data errors are corrected.
------------------------------------------------------------------------
The error corrector models are updated with new labeled tuple 381.
27048 pairs of (a data error, a potential correction) are featurized.
4% (2 / 46) of data errors are corrected.
------------------------------------------------------------------------
The error corrector models are updated with new labeled tuple 434.
27104 pairs of (a data error, a potential correction) are featurized.
9% (4 / 46) of data errors are corrected.
------------------------------------------------------------------------
The error corrector models are updated with new labeled tuple 85.
27152 pairs of (a data error, a potential correction) are featurized.
9% (4 / 46) of data errors are corrected.
------------------------------------------------------------------------
The error corrector models are updated with new labeled tuple 615.
27152 pairs of (a data error, a potential correction) are featurized.
9% (4 / 46) of data errors are corrected.
------------------------------------------------------------------------
The error corrector models are updated with new labeled tuple 520.
27152 pairs of (a data error, a potential correction) are featurized.
9% (4 / 46) of data errors are corrected.
------------------------------------------------------------------------
The error corrector models are updated with new labeled tuple 750.
27152 pairs of (a data error, a potential correction) are featurized.
17% (8 / 46) of data errors are corrected.
------------------------------------------------------------------------
The error corrector models are updated with new labeled tuple 339.
27152 pairs of (a data error, a potential correction) are featurized.
20% (9 / 46) of data errors are corrected.
------------------------------------------------------------------------
The error corrector models are updated with new labeled tuple 998.
27152 pairs of (a data error, a potential correction) are featurized.
20% (9 / 46) of data errors are corrected.
------------------------------------------------------------------------
The error corrector models are updated with new labeled tuple 176.
27152 pairs of (a data error, a potential correction) are featurized.
20% (9 / 46) of data errors are corrected.
------------------------------------------------------------------------
The error corrector models are updated with new labeled tuple 729.
27152 pairs of (a data error, a potential correction) are featurized.
20% (9 / 46) of data errors are corrected.
------------------------------------------------------------------------
The error corrector models are updated with new labeled tuple 902.
27152 pairs of (a data error, a potential correction) are featurized.
20% (9 / 46) of data errors are corrected.
------------------------------------------------------------------------
The error corrector models are updated with new labeled tuple 152.
27152 pairs of (a data error, a potential correction) are featurized.
20% (9 / 46) of data errors are corrected.
------------------------------------------------------------------------
The error corrector models are updated with new labeled tuple 841.
27152 pairs of (a data error, a potential correction) are featurized.
20% (9 / 46) of data errors are corrected.
------------------------------------------------------------------------
Repaired data saved to results/raha_baran/nwcpk/results-4_rayyan_nwcpk_15/repaired_4_rayyan_nwcpk_15.csv
===============================================
测评性能开始：
差异文件已保存到:
results/raha_baran/nwcpk/results-4_rayyan_nwcpk_15/4_rayyan_nwcpk_15_clean_vs_dirty.csv
results/raha_baran/nwcpk/results-4_rayyan_nwcpk_15/4_rayyan_nwcpk_15_dirty_vs_cleaned.csv
results/raha_baran/nwcpk/results-4_rayyan_nwcpk_15/4_rayyan_nwcpk_15_clean_vs_cleaned.csv
修复错误数据文件已保存到: results/raha_baran/nwcpk/results-4_rayyan_nwcpk_15/4_rayyan_nwcpk_15_repair_errors.csv
未修复但是应该修复数据文件已保存到: results/raha_baran/nwcpk/results-4_rayyan_nwcpk_15/4_rayyan_nwcpk_15_unrepaired.csv
修复准确率: 0.5555555555555556, 修复召回率: 0.0390625, F1值: 0.07299270071765145
========================================
EDR 结果已保存到: results/raha_baran/nwcpk/results-4_rayyan_nwcpk_15/4_rayyan_nwcpk_15_edr_evaluation.txt
错误减少率 (EDR): 0.0234375
========================================
混合距离结果已保存到: results/raha_baran/nwcpk/results-4_rayyan_nwcpk_15/4_rayyan_nwcpk_15_hybrid_distance_evaluation.txt
混合距离 (Hybrid Distance): 0.007199314797620274
========================================
R-EDR 结果已保存到: results/raha_baran/nwcpk/results-4_rayyan_nwcpk_15/4_rayyan_nwcpk_15_record_based_edr_evaluation.txt
基于条目的错误减少率 (R-EDR): 0.03508771929824561
========================================
测试结果:
Accuracy: 0.5555555555555556
Recall: 0.0390625
F1 Score: 0.07299270071765145
EDR: 0.0234375
Hybrid Distance: 0.007199314797620274
R-EDR: 0.03508771929824561
time(s): 238.0104079246521
speed: 23.80104079246521 seconds/100num
测评结束，详细测评日志见：results/raha_baran/nwcpk/results-4_rayyan_nwcpk_15/all_compute_4_rayyan_nwcpk_15.txt
