------------------------------------------------------------------------
---------------------Initialize the Dataset Object----------------------
------------------------------------------------------------------------
------------------------------------------------------------------------
--------------------Initialize Error Corrector Models-------------------
------------------------------------------------------------------------
The error corrector models are initialized.
------------------------------------------------------------------------
--------------Iterative Tuple Sampling, Labeling, and Learning----------
------------------------------------------------------------------------
The error corrector models are updated with new labeled tuple 728.
15175 pairs of (a data error, a potential correction) are featurized.
60% (15 / 25) of data errors are corrected.
------------------------------------------------------------------------
The error corrector models are updated with new labeled tuple 4.
15175 pairs of (a data error, a potential correction) are featurized.
60% (15 / 25) of data errors are corrected.
------------------------------------------------------------------------
The error corrector models are updated with new labeled tuple 760.
15175 pairs of (a data error, a potential correction) are featurized.
60% (15 / 25) of data errors are corrected.
------------------------------------------------------------------------
The error corrector models are updated with new labeled tuple 17.
15175 pairs of (a data error, a potential correction) are featurized.
60% (15 / 25) of data errors are corrected.
------------------------------------------------------------------------
The error corrector models are updated with new labeled tuple 334.
15175 pairs of (a data error, a potential correction) are featurized.
60% (15 / 25) of data errors are corrected.
------------------------------------------------------------------------
The error corrector models are updated with new labeled tuple 339.
15175 pairs of (a data error, a potential correction) are featurized.
60% (15 / 25) of data errors are corrected.
------------------------------------------------------------------------
The error corrector models are updated with new labeled tuple 615.
15175 pairs of (a data error, a potential correction) are featurized.
60% (15 / 25) of data errors are corrected.
------------------------------------------------------------------------
The error corrector models are updated with new labeled tuple 141.
15175 pairs of (a data error, a potential correction) are featurized.
60% (15 / 25) of data errors are corrected.
------------------------------------------------------------------------
The error corrector models are updated with new labeled tuple 77.
15175 pairs of (a data error, a potential correction) are featurized.
60% (15 / 25) of data errors are corrected.
------------------------------------------------------------------------
The error corrector models are updated with new labeled tuple 312.
15175 pairs of (a data error, a potential correction) are featurized.
60% (15 / 25) of data errors are corrected.
------------------------------------------------------------------------
The error corrector models are updated with new labeled tuple 531.
15175 pairs of (a data error, a potential correction) are featurized.
60% (15 / 25) of data errors are corrected.
------------------------------------------------------------------------
The error corrector models are updated with new labeled tuple 621.
15175 pairs of (a data error, a potential correction) are featurized.
60% (15 / 25) of data errors are corrected.
------------------------------------------------------------------------
The error corrector models are updated with new labeled tuple 222.
15175 pairs of (a data error, a potential correction) are featurized.
80% (20 / 25) of data errors are corrected.
------------------------------------------------------------------------
The error corrector models are updated with new labeled tuple 256.
15175 pairs of (a data error, a potential correction) are featurized.
80% (20 / 25) of data errors are corrected.
------------------------------------------------------------------------
The error corrector models are updated with new labeled tuple 254.
15175 pairs of (a data error, a potential correction) are featurized.
80% (20 / 25) of data errors are corrected.
------------------------------------------------------------------------
The error corrector models are updated with new labeled tuple 152.
15175 pairs of (a data error, a potential correction) are featurized.
80% (20 / 25) of data errors are corrected.
------------------------------------------------------------------------
The error corrector models are updated with new labeled tuple 241.
15175 pairs of (a data error, a potential correction) are featurized.
80% (20 / 25) of data errors are corrected.
------------------------------------------------------------------------
The error corrector models are updated with new labeled tuple 337.
15175 pairs of (a data error, a potential correction) are featurized.
80% (20 / 25) of data errors are corrected.
------------------------------------------------------------------------
The error corrector models are updated with new labeled tuple 824.
15175 pairs of (a data error, a potential correction) are featurized.
80% (20 / 25) of data errors are corrected.
------------------------------------------------------------------------
The error corrector models are updated with new labeled tuple 517.
15200 pairs of (a data error, a potential correction) are featurized.
80% (20 / 25) of data errors are corrected.
------------------------------------------------------------------------
Repaired data saved to results/raha_baran/nwcpk/results-4_rayyan_nwcpk_125/repaired_4_rayyan_nwcpk_125.csv
===============================================
测评性能开始：
差异文件已保存到:
results/raha_baran/nwcpk/results-4_rayyan_nwcpk_125/4_rayyan_nwcpk_125_clean_vs_dirty.csv
results/raha_baran/nwcpk/results-4_rayyan_nwcpk_125/4_rayyan_nwcpk_125_dirty_vs_cleaned.csv
results/raha_baran/nwcpk/results-4_rayyan_nwcpk_125/4_rayyan_nwcpk_125_clean_vs_cleaned.csv
修复错误数据文件已保存到: results/raha_baran/nwcpk/results-4_rayyan_nwcpk_125/4_rayyan_nwcpk_125_repair_errors.csv
未修复但是应该修复数据文件已保存到: results/raha_baran/nwcpk/results-4_rayyan_nwcpk_125/4_rayyan_nwcpk_125_unrepaired.csv
修复准确率: 0.26666666666666666, 修复召回率: 0.03571428571428571, F1值: 0.06299212596341992
========================================
EDR 结果已保存到: results/raha_baran/nwcpk/results-4_rayyan_nwcpk_125/4_rayyan_nwcpk_125_edr_evaluation.txt
错误减少率 (EDR): -0.03571428571428571
========================================
混合距离结果已保存到: results/raha_baran/nwcpk/results-4_rayyan_nwcpk_125/4_rayyan_nwcpk_125_hybrid_distance_evaluation.txt
混合距离 (Hybrid Distance): 0.007432747127064265
========================================
R-EDR 结果已保存到: results/raha_baran/nwcpk/results-4_rayyan_nwcpk_125/4_rayyan_nwcpk_125_record_based_edr_evaluation.txt
基于条目的错误减少率 (R-EDR): -0.047619047619047616
========================================
测试结果:
Accuracy: 0.26666666666666666
Recall: 0.03571428571428571
F1 Score: 0.06299212596341992
EDR: -0.03571428571428571
Hybrid Distance: 0.007432747127064265
R-EDR: -0.047619047619047616
time(s): 290.031476020813
speed: 29.0031476020813 seconds/100num
测评结束，详细测评日志见：results/raha_baran/nwcpk/results-4_rayyan_nwcpk_125/all_compute_4_rayyan_nwcpk_125.txt
