------------------------------------------------------------------------
---------------------Initialize the Dataset Object----------------------
------------------------------------------------------------------------
------------------------------------------------------------------------
--------------------Initialize Error Corrector Models-------------------
------------------------------------------------------------------------
The error corrector models are initialized.
------------------------------------------------------------------------
--------------Iterative Tuple Sampling, Labeling, and Learning----------
------------------------------------------------------------------------
The error corrector models are updated with new labeled tuple 778.
77066 pairs of (a data error, a potential correction) are featurized.
7% (10 / 151) of data errors are corrected.
------------------------------------------------------------------------
The error corrector models are updated with new labeled tuple 178.
77066 pairs of (a data error, a potential correction) are featurized.
7% (10 / 151) of data errors are corrected.
------------------------------------------------------------------------
The error corrector models are updated with new labeled tuple 741.
77066 pairs of (a data error, a potential correction) are featurized.
7% (10 / 151) of data errors are corrected.
------------------------------------------------------------------------
The error corrector models are updated with new labeled tuple 436.
77066 pairs of (a data error, a potential correction) are featurized.
7% (10 / 151) of data errors are corrected.
------------------------------------------------------------------------
The error corrector models are updated with new labeled tuple 848.
77241 pairs of (a data error, a potential correction) are featurized.
7% (11 / 151) of data errors are corrected.
------------------------------------------------------------------------
The error corrector models are updated with new labeled tuple 482.
77241 pairs of (a data error, a potential correction) are featurized.
7% (11 / 151) of data errors are corrected.
------------------------------------------------------------------------
The error corrector models are updated with new labeled tuple 489.
77241 pairs of (a data error, a potential correction) are featurized.
7% (11 / 151) of data errors are corrected.
------------------------------------------------------------------------
The error corrector models are updated with new labeled tuple 817.
77241 pairs of (a data error, a potential correction) are featurized.
11% (17 / 151) of data errors are corrected.
------------------------------------------------------------------------
The error corrector models are updated with new labeled tuple 472.
77241 pairs of (a data error, a potential correction) are featurized.
11% (17 / 151) of data errors are corrected.
------------------------------------------------------------------------
The error corrector models are updated with new labeled tuple 500.
77241 pairs of (a data error, a potential correction) are featurized.
17% (25 / 151) of data errors are corrected.
------------------------------------------------------------------------
The error corrector models are updated with new labeled tuple 757.
77241 pairs of (a data error, a potential correction) are featurized.
17% (25 / 151) of data errors are corrected.
------------------------------------------------------------------------
The error corrector models are updated with new labeled tuple 254.
77241 pairs of (a data error, a potential correction) are featurized.
21% (32 / 151) of data errors are corrected.
------------------------------------------------------------------------
The error corrector models are updated with new labeled tuple 21.
77241 pairs of (a data error, a potential correction) are featurized.
21% (32 / 151) of data errors are corrected.
------------------------------------------------------------------------
The error corrector models are updated with new labeled tuple 220.
77241 pairs of (a data error, a potential correction) are featurized.
21% (32 / 151) of data errors are corrected.
------------------------------------------------------------------------
The error corrector models are updated with new labeled tuple 621.
77241 pairs of (a data error, a potential correction) are featurized.
21% (32 / 151) of data errors are corrected.
------------------------------------------------------------------------
The error corrector models are updated with new labeled tuple 768.
77241 pairs of (a data error, a potential correction) are featurized.
21% (32 / 151) of data errors are corrected.
------------------------------------------------------------------------
The error corrector models are updated with new labeled tuple 152.
77241 pairs of (a data error, a potential correction) are featurized.
21% (32 / 151) of data errors are corrected.
------------------------------------------------------------------------
The error corrector models are updated with new labeled tuple 841.
77241 pairs of (a data error, a potential correction) are featurized.
21% (32 / 151) of data errors are corrected.
------------------------------------------------------------------------
The error corrector models are updated with new labeled tuple 794.
77241 pairs of (a data error, a potential correction) are featurized.
21% (32 / 151) of data errors are corrected.
------------------------------------------------------------------------
The error corrector models are updated with new labeled tuple 991.
77241 pairs of (a data error, a potential correction) are featurized.
21% (32 / 151) of data errors are corrected.
------------------------------------------------------------------------
Repaired data saved to results/raha_baran/nwcpk/results-4_rayyan_nwcpk_05/repaired_4_rayyan_nwcpk_05.csv
===============================================
测评性能开始：
差异文件已保存到:
results/raha_baran/nwcpk/results-4_rayyan_nwcpk_05/4_rayyan_nwcpk_05_clean_vs_dirty.csv
results/raha_baran/nwcpk/results-4_rayyan_nwcpk_05/4_rayyan_nwcpk_05_dirty_vs_cleaned.csv
results/raha_baran/nwcpk/results-4_rayyan_nwcpk_05/4_rayyan_nwcpk_05_clean_vs_cleaned.csv
修复错误数据文件已保存到: results/raha_baran/nwcpk/results-4_rayyan_nwcpk_05/4_rayyan_nwcpk_05_repair_errors.csv
未修复但是应该修复数据文件已保存到: results/raha_baran/nwcpk/results-4_rayyan_nwcpk_05/4_rayyan_nwcpk_05_unrepaired.csv
修复准确率: 0.15625, 修复召回率: 0.07246376811594203, F1值: 0.09900990094680914
========================================
EDR 结果已保存到: results/raha_baran/nwcpk/results-4_rayyan_nwcpk_05/4_rayyan_nwcpk_05_edr_evaluation.txt
错误减少率 (EDR): -0.18840579710144928
========================================
混合距离结果已保存到: results/raha_baran/nwcpk/results-4_rayyan_nwcpk_05/4_rayyan_nwcpk_05_hybrid_distance_evaluation.txt
混合距离 (Hybrid Distance): 0.004611169247006002
========================================
R-EDR 结果已保存到: results/raha_baran/nwcpk/results-4_rayyan_nwcpk_05/4_rayyan_nwcpk_05_record_based_edr_evaluation.txt
基于条目的错误减少率 (R-EDR): -0.208955223880597
========================================
测试结果:
Accuracy: 0.15625
Recall: 0.07246376811594203
F1 Score: 0.09900990094680914
EDR: -0.18840579710144928
Hybrid Distance: 0.004611169247006002
R-EDR: -0.208955223880597
time(s): 1240.519079208374
speed: 124.05190792083741 seconds/100num
测评结束，详细测评日志见：results/raha_baran/nwcpk/results-4_rayyan_nwcpk_05/all_compute_4_rayyan_nwcpk_05.txt
