------------------------------------------------------------------------
---------------------Initialize the Dataset Object----------------------
------------------------------------------------------------------------
------------------------------------------------------------------------
--------------------Initialize Error Corrector Models-------------------
------------------------------------------------------------------------
The error corrector models are initialized.
------------------------------------------------------------------------
--------------Iterative Tuple Sampling, Labeling, and Learning----------
------------------------------------------------------------------------
The error corrector models are updated with new labeled tuple 935.
72758 pairs of (a data error, a potential correction) are featurized.
10% (12 / 119) of data errors are corrected.
------------------------------------------------------------------------
The error corrector models are updated with new labeled tuple 536.
72758 pairs of (a data error, a potential correction) are featurized.
10% (12 / 119) of data errors are corrected.
------------------------------------------------------------------------
The error corrector models are updated with new labeled tuple 6.
72758 pairs of (a data error, a potential correction) are featurized.
29% (35 / 119) of data errors are corrected.
------------------------------------------------------------------------
The error corrector models are updated with new labeled tuple 152.
72758 pairs of (a data error, a potential correction) are featurized.
29% (35 / 119) of data errors are corrected.
------------------------------------------------------------------------
The error corrector models are updated with new labeled tuple 114.
72955 pairs of (a data error, a potential correction) are featurized.
29% (35 / 119) of data errors are corrected.
------------------------------------------------------------------------
The error corrector models are updated with new labeled tuple 915.
72955 pairs of (a data error, a potential correction) are featurized.
29% (35 / 119) of data errors are corrected.
------------------------------------------------------------------------
The error corrector models are updated with new labeled tuple 192.
72955 pairs of (a data error, a potential correction) are featurized.
29% (35 / 119) of data errors are corrected.
------------------------------------------------------------------------
The error corrector models are updated with new labeled tuple 33.
72955 pairs of (a data error, a potential correction) are featurized.
29% (35 / 119) of data errors are corrected.
------------------------------------------------------------------------
The error corrector models are updated with new labeled tuple 254.
73003 pairs of (a data error, a potential correction) are featurized.
31% (37 / 119) of data errors are corrected.
------------------------------------------------------------------------
The error corrector models are updated with new labeled tuple 991.
73003 pairs of (a data error, a potential correction) are featurized.
37% (44 / 119) of data errors are corrected.
------------------------------------------------------------------------
The error corrector models are updated with new labeled tuple 543.
73003 pairs of (a data error, a potential correction) are featurized.
37% (44 / 119) of data errors are corrected.
------------------------------------------------------------------------
The error corrector models are updated with new labeled tuple 621.
73003 pairs of (a data error, a potential correction) are featurized.
42% (50 / 119) of data errors are corrected.
------------------------------------------------------------------------
The error corrector models are updated with new labeled tuple 196.
73003 pairs of (a data error, a potential correction) are featurized.
43% (51 / 119) of data errors are corrected.
------------------------------------------------------------------------
The error corrector models are updated with new labeled tuple 772.
73049 pairs of (a data error, a potential correction) are featurized.
43% (51 / 119) of data errors are corrected.
------------------------------------------------------------------------
The error corrector models are updated with new labeled tuple 656.
73050 pairs of (a data error, a potential correction) are featurized.
44% (52 / 119) of data errors are corrected.
------------------------------------------------------------------------
The error corrector models are updated with new labeled tuple 428.
73050 pairs of (a data error, a potential correction) are featurized.
69% (82 / 119) of data errors are corrected.
------------------------------------------------------------------------
The error corrector models are updated with new labeled tuple 929.
73050 pairs of (a data error, a potential correction) are featurized.
70% (83 / 119) of data errors are corrected.
------------------------------------------------------------------------
The error corrector models are updated with new labeled tuple 339.
73050 pairs of (a data error, a potential correction) are featurized.
70% (83 / 119) of data errors are corrected.
------------------------------------------------------------------------
The error corrector models are updated with new labeled tuple 841.
73050 pairs of (a data error, a potential correction) are featurized.
70% (83 / 119) of data errors are corrected.
------------------------------------------------------------------------
The error corrector models are updated with new labeled tuple 519.
73050 pairs of (a data error, a potential correction) are featurized.
70% (83 / 119) of data errors are corrected.
------------------------------------------------------------------------
Repaired data saved to results/raha_baran/nwcpk/results-4_rayyan_nwcpk_2/repaired_4_rayyan_nwcpk_2.csv
===============================================
测评性能开始：
差异文件已保存到:
results/raha_baran/nwcpk/results-4_rayyan_nwcpk_2/4_rayyan_nwcpk_2_clean_vs_dirty.csv
results/raha_baran/nwcpk/results-4_rayyan_nwcpk_2/4_rayyan_nwcpk_2_dirty_vs_cleaned.csv
results/raha_baran/nwcpk/results-4_rayyan_nwcpk_2/4_rayyan_nwcpk_2_clean_vs_cleaned.csv
修复错误数据文件已保存到: results/raha_baran/nwcpk/results-4_rayyan_nwcpk_2/4_rayyan_nwcpk_2_repair_errors.csv
未修复但是应该修复数据文件已保存到: results/raha_baran/nwcpk/results-4_rayyan_nwcpk_2/4_rayyan_nwcpk_2_unrepaired.csv
修复准确率: 0.12195121951219512, 修复召回率: 0.062111801242236024, F1值: 0.08230452670425578
========================================
EDR 结果已保存到: results/raha_baran/nwcpk/results-4_rayyan_nwcpk_2/4_rayyan_nwcpk_2_edr_evaluation.txt
错误减少率 (EDR): -0.2857142857142857
========================================
混合距离结果已保存到: results/raha_baran/nwcpk/results-4_rayyan_nwcpk_2/4_rayyan_nwcpk_2_hybrid_distance_evaluation.txt
混合距离 (Hybrid Distance): 0.01233315755514626
========================================
R-EDR 结果已保存到: results/raha_baran/nwcpk/results-4_rayyan_nwcpk_2/4_rayyan_nwcpk_2_record_based_edr_evaluation.txt
基于条目的错误减少率 (R-EDR): -0.31690140845070425
========================================
测试结果:
Accuracy: 0.12195121951219512
Recall: 0.062111801242236024
F1 Score: 0.08230452670425578
EDR: -0.2857142857142857
Hybrid Distance: 0.01233315755514626
R-EDR: -0.31690140845070425
time(s): 347.6963138580322
speed: 34.76963138580322 seconds/100num
测评结束，详细测评日志见：results/raha_baran/nwcpk/results-4_rayyan_nwcpk_2/all_compute_4_rayyan_nwcpk_2.txt
