------------------------------------------------------------------------
---------------------Initialize the Dataset Object----------------------
------------------------------------------------------------------------
------------------------------------------------------------------------
--------------------Initialize Error Corrector Models-------------------
------------------------------------------------------------------------
The error corrector models are initialized.
------------------------------------------------------------------------
--------------Iterative Tuple Sampling, Labeling, and Learning----------
------------------------------------------------------------------------
The error corrector models are updated with new labeled tuple 333.
110143 pairs of (a data error, a potential correction) are featurized.
19% (35 / 183) of data errors are corrected.
------------------------------------------------------------------------
The error corrector models are updated with new labeled tuple 624.
110143 pairs of (a data error, a potential correction) are featurized.
19% (35 / 183) of data errors are corrected.
------------------------------------------------------------------------
The error corrector models are updated with new labeled tuple 23.
110143 pairs of (a data error, a potential correction) are featurized.
19% (35 / 183) of data errors are corrected.
------------------------------------------------------------------------
The error corrector models are updated with new labeled tuple 621.
110143 pairs of (a data error, a potential correction) are featurized.
19% (35 / 183) of data errors are corrected.
------------------------------------------------------------------------
The error corrector models are updated with new labeled tuple 532.
110143 pairs of (a data error, a potential correction) are featurized.
19% (35 / 183) of data errors are corrected.
------------------------------------------------------------------------
The error corrector models are updated with new labeled tuple 887.
110143 pairs of (a data error, a potential correction) are featurized.
19% (35 / 183) of data errors are corrected.
------------------------------------------------------------------------
The error corrector models are updated with new labeled tuple 978.
110143 pairs of (a data error, a potential correction) are featurized.
19% (35 / 183) of data errors are corrected.
------------------------------------------------------------------------
The error corrector models are updated with new labeled tuple 104.
110143 pairs of (a data error, a potential correction) are featurized.
19% (35 / 183) of data errors are corrected.
------------------------------------------------------------------------
The error corrector models are updated with new labeled tuple 4.
110348 pairs of (a data error, a potential correction) are featurized.
19% (35 / 183) of data errors are corrected.
------------------------------------------------------------------------
The error corrector models are updated with new labeled tuple 668.
110348 pairs of (a data error, a potential correction) are featurized.
19% (35 / 183) of data errors are corrected.
------------------------------------------------------------------------
The error corrector models are updated with new labeled tuple 563.
110348 pairs of (a data error, a potential correction) are featurized.
19% (35 / 183) of data errors are corrected.
------------------------------------------------------------------------
The error corrector models are updated with new labeled tuple 671.
110348 pairs of (a data error, a potential correction) are featurized.
19% (35 / 183) of data errors are corrected.
------------------------------------------------------------------------
The error corrector models are updated with new labeled tuple 247.
110348 pairs of (a data error, a potential correction) are featurized.
19% (35 / 183) of data errors are corrected.
------------------------------------------------------------------------
The error corrector models are updated with new labeled tuple 15.
110452 pairs of (a data error, a potential correction) are featurized.
19% (35 / 183) of data errors are corrected.
------------------------------------------------------------------------
The error corrector models are updated with new labeled tuple 152.
110452 pairs of (a data error, a potential correction) are featurized.
27% (50 / 183) of data errors are corrected.
------------------------------------------------------------------------
The error corrector models are updated with new labeled tuple 500.
110452 pairs of (a data error, a potential correction) are featurized.
27% (50 / 183) of data errors are corrected.
------------------------------------------------------------------------
The error corrector models are updated with new labeled tuple 769.
110558 pairs of (a data error, a potential correction) are featurized.
28% (51 / 183) of data errors are corrected.
------------------------------------------------------------------------
The error corrector models are updated with new labeled tuple 907.
110558 pairs of (a data error, a potential correction) are featurized.
28% (51 / 183) of data errors are corrected.
------------------------------------------------------------------------
The error corrector models are updated with new labeled tuple 254.
110558 pairs of (a data error, a potential correction) are featurized.
28% (51 / 183) of data errors are corrected.
------------------------------------------------------------------------
The error corrector models are updated with new labeled tuple 866.
110662 pairs of (a data error, a potential correction) are featurized.
28% (51 / 183) of data errors are corrected.
------------------------------------------------------------------------
Repaired data saved to results/raha_baran/nwcpk/results-4_rayyan_nwcpk_175/repaired_4_rayyan_nwcpk_175.csv
===============================================
测评性能开始：
差异文件已保存到:
results/raha_baran/nwcpk/results-4_rayyan_nwcpk_175/4_rayyan_nwcpk_175_clean_vs_dirty.csv
results/raha_baran/nwcpk/results-4_rayyan_nwcpk_175/4_rayyan_nwcpk_175_dirty_vs_cleaned.csv
results/raha_baran/nwcpk/results-4_rayyan_nwcpk_175/4_rayyan_nwcpk_175_clean_vs_cleaned.csv
修复错误数据文件已保存到: results/raha_baran/nwcpk/results-4_rayyan_nwcpk_175/4_rayyan_nwcpk_175_repair_errors.csv
未修复但是应该修复数据文件已保存到: results/raha_baran/nwcpk/results-4_rayyan_nwcpk_175/4_rayyan_nwcpk_175_unrepaired.csv
修复准确率: 0.2549019607843137, 修复召回率: 0.09090909090909091, F1值: 0.13402061851794556
========================================
EDR 结果已保存到: results/raha_baran/nwcpk/results-4_rayyan_nwcpk_175/4_rayyan_nwcpk_175_edr_evaluation.txt
错误减少率 (EDR): -0.11188811188811189
========================================
混合距离结果已保存到: results/raha_baran/nwcpk/results-4_rayyan_nwcpk_175/4_rayyan_nwcpk_175_hybrid_distance_evaluation.txt
混合距离 (Hybrid Distance): 0.008264830355335826
========================================
R-EDR 结果已保存到: results/raha_baran/nwcpk/results-4_rayyan_nwcpk_175/4_rayyan_nwcpk_175_record_based_edr_evaluation.txt
基于条目的错误减少率 (R-EDR): -0.11940298507462686
========================================
测试结果:
Accuracy: 0.2549019607843137
Recall: 0.09090909090909091
F1 Score: 0.13402061851794556
EDR: -0.11188811188811189
Hybrid Distance: 0.008264830355335826
R-EDR: -0.11940298507462686
time(s): 334.34237909317017
speed: 33.43423790931702 seconds/100num
测评结束，详细测评日志见：results/raha_baran/nwcpk/results-4_rayyan_nwcpk_175/all_compute_4_rayyan_nwcpk_175.txt
