Running Horizon with dirty file: Data/1_hospitals/dirty_index.csv
[['MeasureCode', 'MeasureName'], ['Condition'], ['Stateavg'], ['HospitalName', 'ProviderNumber'], ['HospitalOwner'], ['City'], ['CountyName'], ['Address1'], ['ZipCode'], ['EmergencyService'], ['PhoneNumber'], ['State']]
{0: {1, 2}, 1: set(), 2: set(), 3: {4, 5, 7, 8, 10, 11}, 4: set(), 5: {6}, 6: set(), 7: set(), 8: {9}, 9: set(), 10: set(), 11: set()}
[0, 3, 1, 2, 4, 5, 7, 8, 10, 11, 6, 9]
{'MeasureCode': 0, 'MeasureName': 0, 'Condition': 1, 'Stateavg': 2, 'HospitalName': 3, 'ProviderNumber': 3, 'HospitalOwner': 4, 'City': 5, 'CountyName': 6, 'Address1': 7, 'ZipCode': 8, 'EmergencyService': 9, 'PhoneNumber': 10, 'State': 11}
0 0
0 0
0 1
0 2
3 3
3 3
3 4
3 5
3 7
3 8
3 10
3 11
5 6
8 9
===============================================
Results saved to results/horizon/1_hospital_ori/1_hospital_ori_repaired.csv
Horizon finished in 5.964486360549927 seconds.
测评性能开始：
没有指定错误比例，仅进行原数据集的空值替换，不添加错误
已将注入错误的文件保存到: results/horizon/1_hospital_ori/1_hospital_ori_repaired.csv
差异文件已保存到:
results/horizon/1_hospital_ori/1_hospital_ori_clean_vs_dirty.csv
results/horizon/1_hospital_ori/1_hospital_ori_dirty_vs_cleaned.csv
results/horizon/1_hospital_ori/1_hospital_ori_clean_vs_cleaned.csv
修复错误数据文件已保存到: results/horizon/1_hospital_ori/1_hospital_ori_repair_errors.csv
未修复但是应该修复数据文件已保存到: results/horizon/1_hospital_ori/1_hospital_ori_unrepaired.csv
修复准确率: 0.5166163141993958, 修复召回率: 0.6719056974459725, F1值: 0.5841161400020919
========================================
EDR 结果已保存到: results/horizon/1_hospital_ori/1_hospital_ori_edr_evaluation.txt
错误减少率 (EDR): 0.05697445972495088
========================================
混合距离结果已保存到: results/horizon/1_hospital_ori/1_hospital_ori_hybrid_distance_evaluation.txt
混合距离 (Hybrid Distance): 0.09735308536402491
========================================
R-EDR 结果已保存到: results/horizon/1_hospital_ori/1_hospital_ori_record_based_edr_evaluation.txt
基于条目的错误减少率 (R-EDR): 0.02702702702702703
========================================
测评结束，详细测评日志见：results/horizon/1_hospital_ori
测试结果:
Accuracy: 0.5166163141993958
Recall: 0.6719056974459725
F1 Score: 0.5841161400020919
EDR: 0.05697445972495088
Hybrid Distance: 0.09735308536402491
R-EDR: 0.02702702702702703
time(s): 5.964486360549927
speed: 0.5964486360549927 seconds/100num
测评结束，详细测评日志见：results/horizon/1_hospital_ori
