------------------------------------------------------------------------
---------------------Initialize the Dataset Object----------------------
------------------------------------------------------------------------
------------------------------------------------------------------------
--------------------Initialize Error Corrector Models-------------------
------------------------------------------------------------------------
The error corrector models are initialized.
------------------------------------------------------------------------
--------------Iterative Tuple Sampling, Labeling, and Learning----------
------------------------------------------------------------------------
The error corrector models are updated with new labeled tuple 243.
523957 pairs of (a data error, a potential correction) are featurized.
13% (183 / 1419) of data errors are corrected.
------------------------------------------------------------------------
The error corrector models are updated with new labeled tuple 197.
526381 pairs of (a data error, a potential correction) are featurized.
21% (292 / 1419) of data errors are corrected.
------------------------------------------------------------------------
The error corrector models are updated with new labeled tuple 825.
527774 pairs of (a data error, a potential correction) are featurized.
21% (292 / 1419) of data errors are corrected.
------------------------------------------------------------------------
The error corrector models are updated with new labeled tuple 985.
527774 pairs of (a data error, a potential correction) are featurized.
21% (292 / 1419) of data errors are corrected.
------------------------------------------------------------------------
The error corrector models are updated with new labeled tuple 543.
528976 pairs of (a data error, a potential correction) are featurized.
21% (292 / 1419) of data errors are corrected.
------------------------------------------------------------------------
The error corrector models are updated with new labeled tuple 293.
529327 pairs of (a data error, a potential correction) are featurized.
22% (310 / 1419) of data errors are corrected.
------------------------------------------------------------------------
The error corrector models are updated with new labeled tuple 360.
529327 pairs of (a data error, a potential correction) are featurized.
22% (310 / 1419) of data errors are corrected.
------------------------------------------------------------------------
The error corrector models are updated with new labeled tuple 814.
530025 pairs of (a data error, a potential correction) are featurized.
22% (310 / 1419) of data errors are corrected.
------------------------------------------------------------------------
The error corrector models are updated with new labeled tuple 927.
530101 pairs of (a data error, a potential correction) are featurized.
34% (477 / 1419) of data errors are corrected.
------------------------------------------------------------------------
The error corrector models are updated with new labeled tuple 339.
530126 pairs of (a data error, a potential correction) are featurized.
41% (588 / 1419) of data errors are corrected.
------------------------------------------------------------------------
The error corrector models are updated with new labeled tuple 621.
531870 pairs of (a data error, a potential correction) are featurized.
48% (686 / 1419) of data errors are corrected.
------------------------------------------------------------------------
The error corrector models are updated with new labeled tuple 28.
532568 pairs of (a data error, a potential correction) are featurized.
48% (686 / 1419) of data errors are corrected.
------------------------------------------------------------------------
The error corrector models are updated with new labeled tuple 152.
532568 pairs of (a data error, a potential correction) are featurized.
57% (804 / 1419) of data errors are corrected.
------------------------------------------------------------------------
The error corrector models are updated with new labeled tuple 887.
532568 pairs of (a data error, a potential correction) are featurized.
57% (804 / 1419) of data errors are corrected.
------------------------------------------------------------------------
The error corrector models are updated with new labeled tuple 805.
532568 pairs of (a data error, a potential correction) are featurized.
57% (804 / 1419) of data errors are corrected.
------------------------------------------------------------------------
The error corrector models are updated with new labeled tuple 841.
534620 pairs of (a data error, a potential correction) are featurized.
59% (843 / 1419) of data errors are corrected.
------------------------------------------------------------------------
The error corrector models are updated with new labeled tuple 254.
534620 pairs of (a data error, a potential correction) are featurized.
59% (843 / 1419) of data errors are corrected.
------------------------------------------------------------------------
The error corrector models are updated with new labeled tuple 615.
536376 pairs of (a data error, a potential correction) are featurized.
60% (845 / 1419) of data errors are corrected.
------------------------------------------------------------------------
The error corrector models are updated with new labeled tuple 371.
537769 pairs of (a data error, a potential correction) are featurized.
60% (845 / 1419) of data errors are corrected.
------------------------------------------------------------------------
The error corrector models are updated with new labeled tuple 500.
538824 pairs of (a data error, a potential correction) are featurized.
60% (845 / 1419) of data errors are corrected.
------------------------------------------------------------------------
Repaired data saved to results/raha_baran//results-4_rayyan_ori/repaired_4_rayyan_ori.csv
===============================================
测评性能开始：
差异文件已保存到:
results/raha_baran//results-4_rayyan_ori/4_rayyan_ori_clean_vs_dirty.csv
results/raha_baran//results-4_rayyan_ori/4_rayyan_ori_dirty_vs_cleaned.csv
results/raha_baran//results-4_rayyan_ori/4_rayyan_ori_clean_vs_cleaned.csv
修复准确率: 0.25741399762752076, 修复召回率: 0.21852970795568982, F1值: 0.23638344221612895
========================================
EDR 结果已保存到: results/raha_baran//results-4_rayyan_ori/4_rayyan_ori_edr_evaluation.txt
错误减少率 (EDR): -0.23967774420946628
========================================
混合距离结果已保存到: results/raha_baran//results-4_rayyan_ori/4_rayyan_ori_hybrid_distance_evaluation.txt
混合距离 (Hybrid Distance): 0.053628215233389086
========================================
R-EDR 结果已保存到: results/raha_baran//results-4_rayyan_ori/4_rayyan_ori_record_based_edr_evaluation.txt
基于条目的错误减少率 (R-EDR): 0.061224489795918366
========================================
测试结果:
Accuracy: 0.25741399762752076
Recall: 0.21852970795568982
F1 Score: 0.23638344221612895
EDR: -0.23967774420946628
Hybrid Distance: 0.053628215233389086
R-EDR: 0.061224489795918366
time(s): 296.1245415210724
speed: 29.61245415210724 seconds/100num
测评结束，详细测评日志见：results/raha_baran//results-4_rayyan_ori/all_compute_4_rayyan_ori.txt
