------------------------------------------------------------------------
---------------------Initialize the Dataset Object----------------------
------------------------------------------------------------------------
------------------------------------------------------------------------
--------------------Initialize Error Corrector Models-------------------
------------------------------------------------------------------------
The error corrector models are initialized.
------------------------------------------------------------------------
--------------Iterative Tuple Sampling, Labeling, and Learning----------
------------------------------------------------------------------------
The error corrector models are updated with new labeled tuple 6115.
21984 pairs of (a data error, a potential correction) are featurized.
100% (1440 / 1440) of data errors are corrected.
------------------------------------------------------------------------
The error corrector models are updated with new labeled tuple 10217.
21984 pairs of (a data error, a potential correction) are featurized.
100% (1440 / 1440) of data errors are corrected.
------------------------------------------------------------------------
The error corrector models are updated with new labeled tuple 748.
21984 pairs of (a data error, a potential correction) are featurized.
100% (1440 / 1440) of data errors are corrected.
------------------------------------------------------------------------
The error corrector models are updated with new labeled tuple 4783.
21984 pairs of (a data error, a potential correction) are featurized.
100% (1440 / 1440) of data errors are corrected.
------------------------------------------------------------------------
The error corrector models are updated with new labeled tuple 5449.
21984 pairs of (a data error, a potential correction) are featurized.
100% (1440 / 1440) of data errors are corrected.
------------------------------------------------------------------------
The error corrector models are updated with new labeled tuple 3499.
21984 pairs of (a data error, a potential correction) are featurized.
100% (1440 / 1440) of data errors are corrected.
------------------------------------------------------------------------
The error corrector models are updated with new labeled tuple 1850.
21984 pairs of (a data error, a potential correction) are featurized.
100% (1440 / 1440) of data errors are corrected.
------------------------------------------------------------------------
The error corrector models are updated with new labeled tuple 4898.
21984 pairs of (a data error, a potential correction) are featurized.
100% (1440 / 1440) of data errors are corrected.
------------------------------------------------------------------------
The error corrector models are updated with new labeled tuple 8586.
21984 pairs of (a data error, a potential correction) are featurized.
100% (1440 / 1440) of data errors are corrected.
------------------------------------------------------------------------
The error corrector models are updated with new labeled tuple 10341.
21984 pairs of (a data error, a potential correction) are featurized.
100% (1440 / 1440) of data errors are corrected.
------------------------------------------------------------------------
The error corrector models are updated with new labeled tuple 1619.
21984 pairs of (a data error, a potential correction) are featurized.
100% (1440 / 1440) of data errors are corrected.
------------------------------------------------------------------------
The error corrector models are updated with new labeled tuple 4693.
21984 pairs of (a data error, a potential correction) are featurized.
100% (1440 / 1440) of data errors are corrected.
------------------------------------------------------------------------
The error corrector models are updated with new labeled tuple 4710.
21984 pairs of (a data error, a potential correction) are featurized.
100% (1440 / 1440) of data errors are corrected.
------------------------------------------------------------------------
The error corrector models are updated with new labeled tuple 5278.
22896 pairs of (a data error, a potential correction) are featurized.
100% (1440 / 1440) of data errors are corrected.
------------------------------------------------------------------------
The error corrector models are updated with new labeled tuple 8264.
22896 pairs of (a data error, a potential correction) are featurized.
100% (1440 / 1440) of data errors are corrected.
------------------------------------------------------------------------
The error corrector models are updated with new labeled tuple 4212.
22896 pairs of (a data error, a potential correction) are featurized.
100% (1440 / 1440) of data errors are corrected.
------------------------------------------------------------------------
The error corrector models are updated with new labeled tuple 956.
22896 pairs of (a data error, a potential correction) are featurized.
100% (1440 / 1440) of data errors are corrected.
------------------------------------------------------------------------
The error corrector models are updated with new labeled tuple 1776.
22896 pairs of (a data error, a potential correction) are featurized.
100% (1440 / 1440) of data errors are corrected.
------------------------------------------------------------------------
The error corrector models are updated with new labeled tuple 9680.
22896 pairs of (a data error, a potential correction) are featurized.
100% (1440 / 1440) of data errors are corrected.
------------------------------------------------------------------------
The error corrector models are updated with new labeled tuple 8173.
22896 pairs of (a data error, a potential correction) are featurized.
100% (1440 / 1440) of data errors are corrected.
------------------------------------------------------------------------
Repaired data saved to results/raha_baran/nwcpk/results-6_soccer_10k_ori/repaired_6_soccer_10k_ori.csv
===============================================
测评性能开始：
差异文件已保存到:
results/raha_baran/nwcpk/results-6_soccer_10k_ori/6_soccer_10k_ori_clean_vs_dirty.csv
results/raha_baran/nwcpk/results-6_soccer_10k_ori/6_soccer_10k_ori_dirty_vs_cleaned.csv
results/raha_baran/nwcpk/results-6_soccer_10k_ori/6_soccer_10k_ori_clean_vs_cleaned.csv
修复错误数据文件已保存到: results/raha_baran/nwcpk/results-6_soccer_10k_ori/6_soccer_10k_ori_repair_errors.csv
未修复但是应该修复数据文件已保存到: results/raha_baran/nwcpk/results-6_soccer_10k_ori/6_soccer_10k_ori_unrepaired.csv
修复准确率: 1.0, 修复召回率: 0.9498680738786279, F1值: 0.9742895804642414
========================================
EDR 结果已保存到: results/raha_baran/nwcpk/results-6_soccer_10k_ori/6_soccer_10k_ori_edr_evaluation.txt
错误减少率 (EDR): 0.9498680738786279
========================================
混合距离结果已保存到: results/raha_baran/nwcpk/results-6_soccer_10k_ori/6_soccer_10k_ori_hybrid_distance_evaluation.txt
混合距离 (Hybrid Distance): 0.003404928404928403
========================================
R-EDR 结果已保存到: results/raha_baran/nwcpk/results-6_soccer_10k_ori/6_soccer_10k_ori_record_based_edr_evaluation.txt
基于条目的错误减少率 (R-EDR): 0.9498680738786279
========================================
测试结果:
Accuracy: 1.0
Recall: 0.9498680738786279
F1 Score: 0.9742895804642414
EDR: 0.9498680738786279
Hybrid Distance: 0.003404928404928403
R-EDR: 0.9498680738786279
time(s): 2768.381408214569
speed: 26.09219046385079 seconds/100num
测评结束，详细测评日志见：results/raha_baran/nwcpk/results-6_soccer_10k_ori/all_compute_6_soccer_10k_ori.txt