没有指定错误比例，仅进行原数据集的空值替换，不添加错误
已将注入错误的文件保存到: Data/3_beers/clean_index.csv
没有指定错误比例，仅进行原数据集的空值替换，不添加错误
已将注入错误的文件保存到: Data/3_beers/dirty_index.csv
Running holistic with dirty file: Data/3_beers/dirty_index.csv
  0%|          | 0/5 [00:00<?, ?it/s] 20%|██        | 1/5 [00:05<00:23,  5.99s/it] 40%|████      | 2/5 [00:12<00:18,  6.16s/it] 60%|██████    | 3/5 [00:19<00:13,  6.56s/it] 80%|████████  | 4/5 [00:24<00:05,  5.99s/it]100%|██████████| 5/5 [00:30<00:00,  6.06s/it]100%|██████████| 5/5 [00:30<00:00,  6.12s/it]
Finish Blocking and Iterating
Detecting Errors
  0%|                                                               | 0/4 [00:00<?, ?it/s] 25%|█████████████▌                                        | 1/4 [03:12<09:36, 192.31s/it] 50%|███████████████████████████                           | 2/4 [06:21<06:21, 190.50s/it] 75%|████████████████████████████████████████▌             | 3/4 [09:34<03:11, 191.68s/it]100%|██████████████████████████████████████████████████████| 4/4 [12:44<00:00, 190.95s/it]100%|██████████████████████████████████████████████████████| 4/4 [12:44<00:00, 191.11s/it]
Finish Detectings
Finish Repairing
Detecting Errors
  0%|                                                               | 0/4 [00:00<?, ?it/s] 25%|█████████████▌                                        | 1/4 [03:12<09:37, 192.39s/it] 50%|███████████████████████████                           | 2/4 [06:28<06:28, 194.39s/it] 75%|████████████████████████████████████████▌             | 3/4 [09:41<03:14, 194.04s/it]100%|██████████████████████████████████████████████████████| 4/4 [12:53<00:00, 193.08s/it]100%|██████████████████████████████████████████████████████| 4/4 [12:53<00:00, 193.35s/it]
===============================================
Results saved to results/holistic/Repaired_res/beers_dirty/repaired_beers_dirty1.csv
holistic finished in 1571.8114144802094 seconds.
测评性能开始：
没有指定错误比例，仅进行原数据集的空值替换，不添加错误
已将注入错误的文件保存到: results/holistic/Repaired_res/beers_dirty/repaired_beers_dirty1.csv
差异文件已保存到:
results/holistic/Repaired_res/beers_dirty/beers_dirty1_clean_vs_dirty.csv
results/holistic/Repaired_res/beers_dirty/beers_dirty1_dirty_vs_cleaned.csv
results/holistic/Repaired_res/beers_dirty/beers_dirty1_clean_vs_cleaned.csv
修复准确率: 0.4512820512820513, 修复召回率: 0.052412150089338895, F1值: 0.09391675558434266
========================================
EDR 结果已保存到: results/holistic/Repaired_res/beers_dirty/beers_dirty1_edr_evaluation.txt
错误减少率 (EDR): -0.011316259678379988
========================================
混合距离结果已保存到: results/holistic/Repaired_res/beers_dirty/beers_dirty1_hybrid_distance_evaluation.txt
混合距离 (Hybrid Distance): 0.08230666697690657
========================================
R-EDR 结果已保存到: results/holistic/Repaired_res/beers_dirty/beers_dirty1_record_based_edr_evaluation.txt
基于条目的错误减少率 (R-EDR): 0.0
========================================
测试结果:
Accuracy: 0.4512820512820513
Recall: 0.052412150089338895
F1 Score: 0.09391675558434266
EDR: -0.011316259678379988
Hybrid Distance: 0.08230666697690657
R-EDR: 0.0
time(s): 1571.8114144802094
测评结束，详细测评日志见：results/holistic/Repaired_res/beers_dirty
