------------------------------------------------------------------------
---------------------Initialize the Dataset Object----------------------
------------------------------------------------------------------------
------------------------------------------------------------------------
--------------------Initialize Error Corrector Models-------------------
------------------------------------------------------------------------
The error corrector models are initialized.
------------------------------------------------------------------------
--------------Iterative Tuple Sampling, Labeling, and Learning----------
------------------------------------------------------------------------
The error corrector models are updated with new labeled tuple 271.
17762 pairs of (a data error, a potential correction) are featurized.
87% (243 / 279) of data errors are corrected.
------------------------------------------------------------------------
The error corrector models are updated with new labeled tuple 56.
17763 pairs of (a data error, a potential correction) are featurized.
88% (245 / 279) of data errors are corrected.
------------------------------------------------------------------------
The error corrector models are updated with new labeled tuple 450.
17763 pairs of (a data error, a potential correction) are featurized.
88% (245 / 279) of data errors are corrected.
------------------------------------------------------------------------
The error corrector models are updated with new labeled tuple 930.
17763 pairs of (a data error, a potential correction) are featurized.
88% (246 / 279) of data errors are corrected.
------------------------------------------------------------------------
The error corrector models are updated with new labeled tuple 442.
17763 pairs of (a data error, a potential correction) are featurized.
88% (246 / 279) of data errors are corrected.
------------------------------------------------------------------------
The error corrector models are updated with new labeled tuple 636.
17763 pairs of (a data error, a potential correction) are featurized.
88% (246 / 279) of data errors are corrected.
------------------------------------------------------------------------
The error corrector models are updated with new labeled tuple 989.
17763 pairs of (a data error, a potential correction) are featurized.
88% (246 / 279) of data errors are corrected.
------------------------------------------------------------------------
The error corrector models are updated with new labeled tuple 136.
17780 pairs of (a data error, a potential correction) are featurized.
88% (246 / 279) of data errors are corrected.
------------------------------------------------------------------------
The error corrector models are updated with new labeled tuple 353.
17780 pairs of (a data error, a potential correction) are featurized.
89% (248 / 279) of data errors are corrected.
------------------------------------------------------------------------
The error corrector models are updated with new labeled tuple 338.
17780 pairs of (a data error, a potential correction) are featurized.
89% (249 / 279) of data errors are corrected.
------------------------------------------------------------------------
The error corrector models are updated with new labeled tuple 889.
17798 pairs of (a data error, a potential correction) are featurized.
89% (249 / 279) of data errors are corrected.
------------------------------------------------------------------------
The error corrector models are updated with new labeled tuple 389.
17810 pairs of (a data error, a potential correction) are featurized.
89% (249 / 279) of data errors are corrected.
------------------------------------------------------------------------
The error corrector models are updated with new labeled tuple 413.
17834 pairs of (a data error, a potential correction) are featurized.
89% (249 / 279) of data errors are corrected.
------------------------------------------------------------------------
The error corrector models are updated with new labeled tuple 264.
17838 pairs of (a data error, a potential correction) are featurized.
89% (249 / 279) of data errors are corrected.
------------------------------------------------------------------------
The error corrector models are updated with new labeled tuple 1.
17838 pairs of (a data error, a potential correction) are featurized.
89% (249 / 279) of data errors are corrected.
------------------------------------------------------------------------
The error corrector models are updated with new labeled tuple 775.
17838 pairs of (a data error, a potential correction) are featurized.
89% (249 / 279) of data errors are corrected.
------------------------------------------------------------------------
The error corrector models are updated with new labeled tuple 835.
17838 pairs of (a data error, a potential correction) are featurized.
89% (249 / 279) of data errors are corrected.
------------------------------------------------------------------------
The error corrector models are updated with new labeled tuple 652.
17838 pairs of (a data error, a potential correction) are featurized.
89% (249 / 279) of data errors are corrected.
------------------------------------------------------------------------
The error corrector models are updated with new labeled tuple 785.
17851 pairs of (a data error, a potential correction) are featurized.
89% (249 / 279) of data errors are corrected.
------------------------------------------------------------------------
The error corrector models are updated with new labeled tuple 758.
17852 pairs of (a data error, a potential correction) are featurized.
89% (249 / 279) of data errors are corrected.
------------------------------------------------------------------------
Repaired data saved to ../result/baran/results-hospital_3/repaired_hospital_3.csv
===============================================
测评性能开始：
差异文件已保存到:
../result/baran/results-hospital_3/hospital_3_clean_vs_dirty.csv
../result/baran/results-hospital_3/hospital_3_dirty_vs_cleaned.csv
../result/baran/results-hospital_3/hospital_3_clean_vs_cleaned.csv
修复准确率: 0.9554655870445344, 修复召回率: 0.4636542239685658, F1值: 0.6243386242946296
========================================
EDR 结果已保存到: ../result/baran/results-hospital_3/hospital_3_edr_evaluation.txt
错误减少率 (EDR): 0.4636542239685658
========================================
混合距离结果已保存到: ../result/baran/results-hospital_3/hospital_3_hybrid_distance_evaluation.txt
混合距离 (Hybrid Distance): 0.118707059238196
========================================
R-EDR 结果已保存到: ../result/baran/results-hospital_3/hospital_3_record_based_edr_evaluation.txt
基于条目的错误减少率 (R-EDR): 0.40294840294840295
========================================
测试结果:
Accuracy: 0.9554655870445344
Recall: 0.4636542239685658
F1 Score: 0.6243386242946296
EDR: 0.4636542239685658
Hybrid Distance: 0.118707059238196
R-EDR: 0.40294840294840295
测评结束，详细测评日志见：../result/baran/results-hospital_3/all_compute_hospital_3.txt
