没有指定错误比例，仅进行原数据集的空值替换，不添加错误
已将注入错误的文件保存到: Data/5_tax/subset_tax_10k/subset_tax_10k_clean_index.csv
没有指定错误比例，仅进行原数据集的空值替换，不添加错误
已将注入错误的文件保存到: Data/5_tax/subset_tax_10k/noise_with_correct_primary_key/dirty_mixed_0.75/dirty_tax_mix_0.75.csv
Running bigdansing with dirty file: Data/5_tax/subset_tax_10k/noise_with_correct_primary_key/dirty_mixed_0.75/dirty_tax_mix_0.75.csv
Start Blocking

  0%|                                                               | 0/8 [00:00<?, ?it/s]
 38%|████████████████████▎                                 | 3/8 [12:16<20:27, 245.59s/it]
 50%|███████████████████████████                           | 4/8 [24:19<26:37, 399.40s/it]
 62%|█████████████████████████████████▊                    | 5/8 [36:21<25:04, 501.36s/it]
 88%|███████████████████████████████████████████████▎      | 7/8 [36:22<04:23, 263.79s/it]
100%|██████████████████████████████████████████████████████| 8/8 [36:22<00:00, 272.78s/it]
Finish Blocking and Iterating
Detecting Errors

  0%|                                                               | 0/8 [00:00<?, ?it/s]
 12%|██████▉                                                | 1/8 [00:00<00:04,  1.58it/s]
 25%|█████████████▊                                         | 2/8 [00:01<00:03,  1.63it/s]
 38%|████████████████████▋                                  | 3/8 [00:01<00:02,  1.74it/s]
 50%|███████████████████████████▌                           | 4/8 [00:02<00:02,  1.79it/s]
 62%|██████████████████████████████████▍                    | 5/8 [00:02<00:01,  1.82it/s]
 75%|█████████████████████████████████████████▎             | 6/8 [00:03<00:01,  1.73it/s]
 88%|████████████████████████████████████████████████▏      | 7/8 [01:45<00:33, 33.78s/it]
100%|███████████████████████████████████████████████████████| 8/8 [01:45<00:00, 23.11s/it]
100%|███████████████████████████████████████████████████████| 8/8 [01:45<00:00, 13.23s/it]
Finish Detectings
Initial cells to repair: 18687
Processing loop - sizebefore: 18687, sizeafter: 0
Current MVC size: 1768
Finished one iteration of repairing.
Detecting Errors

  0%|                                                               | 0/8 [00:00<?, ?it/s]
 12%|██████▉                                                | 1/8 [00:00<00:04,  1.65it/s]
 25%|█████████████▊                                         | 2/8 [00:01<00:03,  1.66it/s]
 38%|████████████████████▋                                  | 3/8 [00:01<00:02,  1.75it/s]
 50%|███████████████████████████▌                           | 4/8 [00:02<00:02,  1.79it/s]
 62%|██████████████████████████████████▍                    | 5/8 [00:02<00:01,  1.76it/s]
 75%|█████████████████████████████████████████▎             | 6/8 [00:03<00:01,  1.65it/s]
 88%|████████████████████████████████████████████████▏      | 7/8 [01:45<00:33, 33.84s/it]
100%|███████████████████████████████████████████████████████| 8/8 [01:46<00:00, 23.15s/it]
100%|███████████████████████████████████████████████████████| 8/8 [01:46<00:00, 13.26s/it]
===============================================
Results saved to results/bigdansing/nwcpk/Repaired_res/5_tax_nwcpk_07/repaired_5_tax_nwcpk_075.csv
BigDansing finished in 3621.9728026390076 seconds.
测评性能开始：
没有指定错误比例，仅进行原数据集的空值替换，不添加错误
已将注入错误的文件保存到: results/bigdansing/nwcpk/Repaired_res/5_tax_nwcpk_07/repaired_5_tax_nwcpk_075.csv
差异文件已保存到:
results/bigdansing/nwcpk/Repaired_res/5_tax_nwcpk_07/5_tax_nwcpk_075_clean_vs_dirty.csv
results/bigdansing/nwcpk/Repaired_res/5_tax_nwcpk_07/5_tax_nwcpk_075_dirty_vs_cleaned.csv
results/bigdansing/nwcpk/Repaired_res/5_tax_nwcpk_07/5_tax_nwcpk_075_clean_vs_cleaned.csv
修复错误数据文件已保存到: results/bigdansing/nwcpk/Repaired_res/5_tax_nwcpk_07/5_tax_nwcpk_075_repair_errors.csv
未修复但是应该修复数据文件已保存到: results/bigdansing/nwcpk/Repaired_res/5_tax_nwcpk_07/5_tax_nwcpk_075_unrepaired.csv
修复准确率: 0.2955832389580974, 修复召回率: 0.3470744680851064, F1值: 0.31926605499619254
========================================
EDR 结果已保存到: results/bigdansing/nwcpk/Repaired_res/5_tax_nwcpk_07/5_tax_nwcpk_075_edr_evaluation.txt
错误减少率 (EDR): -0.44813829787234044
========================================
混合距离结果已保存到: results/bigdansing/nwcpk/Repaired_res/5_tax_nwcpk_07/5_tax_nwcpk_075_hybrid_distance_evaluation.txt
混合距离 (Hybrid Distance): 0.1270507722961849
========================================
R-EDR 结果已保存到: results/bigdansing/nwcpk/Repaired_res/5_tax_nwcpk_07/5_tax_nwcpk_075_record_based_edr_evaluation.txt
基于条目的错误减少率 (R-EDR): -0.19607843137254902
========================================
测试结果:
Accuracy: 0.2955832389580974
Recall: 0.3470744680851064
F1 Score: 0.31926605499619254
EDR: -0.44813829787234044
Hybrid Distance: 0.1270507722961849
R-EDR: -0.19607843137254902
time(s): 3621.9728026390076
speed: 36.21972802639007 seconds/100num
测评结束，详细测评日志见：results/bigdansing/nwcpk/Repaired_res/5_tax_nwcpk_07
