没有指定错误比例，仅进行原数据集的空值替换，不添加错误
已将注入错误的文件保存到: Data/5_tax/subset_tax_5k/subset_tax_5k_clean_index.csv
没有指定错误比例，仅进行原数据集的空值替换，不添加错误
已将注入错误的文件保存到: Data/5_tax/subset_tax_5k/noise_with_correct_primary_key/dirty_mixed_0.25/dirty_tax_mix_0.25.csv
Running bigdansing with dirty file: Data/5_tax/subset_tax_5k/noise_with_correct_primary_key/dirty_mixed_0.25/dirty_tax_mix_0.25.csv

  0%|                                                               | 0/8 [00:00<?, ?it/s]
 25%|█████████████▊                                         | 2/8 [00:00<00:00, 19.37it/s]
 38%|█████████████████▋                             | 3/8 [9:52:13<14:48:20, 10660.17s/it]
 50%|████████████████████████                        | 4/8 [10:16:36<8:46:44, 7901.02s/it]
 62%|██████████████████████████████                  | 5/8 [10:22:29<4:41:49, 5636.41s/it]
 88%|██████████████████████████████████████████      | 7/8 [10:22:29<1:05:45, 3945.56s/it]
100%|██████████████████████████████████████████████████| 8/8 [10:22:29<00:00, 4668.72s/it]

  0%|                                                               | 0/8 [00:00<?, ?it/s]
 12%|██████▉                                                | 1/8 [00:01<00:08,  1.23s/it]
 25%|█████████████▊                                         | 2/8 [00:02<00:07,  1.23s/it]
 38%|████████████████████▋                                  | 3/8 [00:03<00:05,  1.20s/it]
 50%|███████████████████████████▌                           | 4/8 [00:04<00:04,  1.17s/it]
 62%|██████████████████████████████████▍                    | 5/8 [00:05<00:03,  1.14s/it]
 75%|█████████████████████████████████████████▎             | 6/8 [00:06<00:01,  1.08it/s]
 88%|████████████████████████████████████████████████▏      | 7/8 [03:27<01:01, 61.14s/it]
100%|███████████████████████████████████████████████████████| 8/8 [03:28<00:00, 43.00s/it]

  0%|                                                               | 0/8 [00:00<?, ?it/s]
 12%|██████▉                                                | 1/8 [00:01<00:10,  1.45s/it]
 25%|█████████████▊                                         | 2/8 [00:03<00:08,  1.48s/it]
 38%|████████████████████▋                                  | 3/8 [00:04<00:07,  1.44s/it]
 50%|███████████████████████████▌                           | 4/8 [00:05<00:05,  1.40s/it]
 62%|██████████████████████████████████▍                    | 5/8 [00:07<00:04,  1.40s/it]
 75%|█████████████████████████████████████████▎             | 6/8 [00:07<00:02,  1.12s/it]
 88%|████████████████████████████████████████████████▏      | 7/8 [03:46<01:06, 66.34s/it]
100%|███████████████████████████████████████████████████████| 8/8 [03:47<00:00, 46.75s/it]
===============================================
Results saved to results/bigdansing/nwcpk/Repaired_res/5_tax_nwcpk_02/repaired_5_tax_nwcpk_025.csv
BigDansing finished in 38143.61084508896 seconds.
测评性能开始：
没有指定错误比例，仅进行原数据集的空值替换，不添加错误
已将注入错误的文件保存到: results/bigdansing/nwcpk/Repaired_res/5_tax_nwcpk_02/repaired_5_tax_nwcpk_025.csv
差异文件已保存到:
results/bigdansing/nwcpk/Repaired_res/5_tax_nwcpk_02/5_tax_nwcpk_025_clean_vs_dirty.csv
results/bigdansing/nwcpk/Repaired_res/5_tax_nwcpk_02/5_tax_nwcpk_025_dirty_vs_cleaned.csv
results/bigdansing/nwcpk/Repaired_res/5_tax_nwcpk_02/5_tax_nwcpk_025_clean_vs_cleaned.csv
修复错误数据文件已保存到: results/bigdansing/nwcpk/Repaired_res/5_tax_nwcpk_02/5_tax_nwcpk_025_repair_errors.csv
未修复但是应该修复数据文件已保存到: results/bigdansing/nwcpk/Repaired_res/5_tax_nwcpk_02/5_tax_nwcpk_025_unrepaired.csv
修复准确率: 0.24423963133640553, 修复召回率: 0.3509933774834437, F1值: 0.2880434782124779
========================================
EDR 结果已保存到: results/bigdansing/nwcpk/Repaired_res/5_tax_nwcpk_02/5_tax_nwcpk_025_edr_evaluation.txt
错误减少率 (EDR): -0.7317880794701986
========================================
混合距离结果已保存到: results/bigdansing/nwcpk/Repaired_res/5_tax_nwcpk_02/5_tax_nwcpk_025_hybrid_distance_evaluation.txt
混合距离 (Hybrid Distance): 0.10625593635335928
========================================
R-EDR 结果已保存到: results/bigdansing/nwcpk/Repaired_res/5_tax_nwcpk_02/5_tax_nwcpk_025_record_based_edr_evaluation.txt
基于条目的错误减少率 (R-EDR): -0.31186440677966104
========================================
测试结果:
Accuracy: 0.24423963133640553
Recall: 0.3509933774834437
F1 Score: 0.2880434782124779
EDR: -0.7317880794701986
Hybrid Distance: 0.10625593635335928
R-EDR: -0.31186440677966104
time(s): 38143.61084508896
speed: 762.8722169017792 seconds/100num
测评结束，详细测评日志见：results/bigdansing/nwcpk/Repaired_res/5_tax_nwcpk_02
